mode: set
MikeAustin71/pathfileopsgo/pathfileops/v2/fileopenmodeenum.go:65.55,65.82 1 1
MikeAustin71/pathfileopsgo/pathfileops/v2/fileopenmodeenum.go:68.57,68.93 1 1
MikeAustin71/pathfileopsgo/pathfileops/v2/fileopenmodeenum.go:71.57,71.93 1 1
MikeAustin71/pathfileopsgo/pathfileops/v2/fileopenmodeenum.go:74.60,74.94 1 1
MikeAustin71/pathfileopsgo/pathfileops/v2/fileopenmodeenum.go:77.55,77.89 1 1
MikeAustin71/pathfileopsgo/pathfileops/v2/fileopenmodeenum.go:80.59,80.94 1 1
MikeAustin71/pathfileopsgo/pathfileops/v2/fileopenmodeenum.go:89.47,95.10 3 1
MikeAustin71/pathfileopsgo/pathfileops/v2/fileopenmodeenum.go:102.3,102.13 1 1
MikeAustin71/pathfileopsgo/pathfileops/v2/fileopenmodeenum.go:95.10,100.4 2 1
MikeAustin71/pathfileopsgo/pathfileops/v2/fileopenmodeenum.go:163.45,173.43 5 1
MikeAustin71/pathfileopsgo/pathfileops/v2/fileopenmodeenum.go:178.3,178.22 1 1
MikeAustin71/pathfileopsgo/pathfileops/v2/fileopenmodeenum.go:184.3,187.20 3 1
MikeAustin71/pathfileopsgo/pathfileops/v2/fileopenmodeenum.go:223.3,223.21 1 1
MikeAustin71/pathfileopsgo/pathfileops/v2/fileopenmodeenum.go:173.43,176.4 2 1
MikeAustin71/pathfileopsgo/pathfileops/v2/fileopenmodeenum.go:178.22,182.4 1 1
MikeAustin71/pathfileopsgo/pathfileops/v2/fileopenmodeenum.go:187.20,189.48 1 1
MikeAustin71/pathfileopsgo/pathfileops/v2/fileopenmodeenum.go:193.5,195.12 2 1
MikeAustin71/pathfileopsgo/pathfileops/v2/fileopenmodeenum.go:201.5,201.31 1 1
MikeAustin71/pathfileopsgo/pathfileops/v2/fileopenmodeenum.go:189.48,191.6 1 1
MikeAustin71/pathfileopsgo/pathfileops/v2/fileopenmodeenum.go:195.12,199.6 1 1
MikeAustin71/pathfileopsgo/pathfileops/v2/fileopenmodeenum.go:203.9,207.48 2 1
MikeAustin71/pathfileopsgo/pathfileops/v2/fileopenmodeenum.go:211.5,213.12 2 1
MikeAustin71/pathfileopsgo/pathfileops/v2/fileopenmodeenum.go:219.5,220.24 1 1
MikeAustin71/pathfileopsgo/pathfileops/v2/fileopenmodeenum.go:207.48,209.6 1 1
MikeAustin71/pathfileopsgo/pathfileops/v2/fileopenmodeenum.go:213.12,217.6 1 1
MikeAustin71/pathfileopsgo/pathfileops/v2/fileopenmodeenum.go:248.47,254.10 3 1
MikeAustin71/pathfileopsgo/pathfileops/v2/fileopenmodeenum.go:258.3,258.13 1 1
MikeAustin71/pathfileopsgo/pathfileops/v2/fileopenmodeenum.go:254.10,256.4 1 1
MikeAustin71/pathfileopsgo/pathfileops/v2/fileopenmodeenum.go:269.43,271.2 1 1
MikeAustin71/pathfileopsgo/pathfileops/v2/fileopenmodeenum.go:294.70,302.46 1 1
MikeAustin71/pathfileopsgo/pathfileops/v2/fileopenmodeenum.go:306.3,317.38 8 1
MikeAustin71/pathfileopsgo/pathfileops/v2/fileopenmodeenum.go:302.46,304.4 1 1
MikeAustin71/pathfileopsgo/pathfileops/v2/fileopenmodeenum.go:317.38,325.34 2 1
MikeAustin71/pathfileopsgo/pathfileops/v2/fileopenmodeenum.go:329.5,333.60 5 1
MikeAustin71/pathfileopsgo/pathfileops/v2/fileopenmodeenum.go:325.34,326.15 1 1
MikeAustin71/pathfileopsgo/pathfileops/v2/fileoperations.go:21.40,23.26 1 1
MikeAustin71/pathfileopsgo/pathfileops/v2/fileoperations.go:27.3,35.17 6 1
MikeAustin71/pathfileopsgo/pathfileops/v2/fileoperations.go:23.26,25.4 1 1
MikeAustin71/pathfileopsgo/pathfileops/v2/fileoperations.go:45.49,47.40 1 1
MikeAustin71/pathfileopsgo/pathfileops/v2/fileoperations.go:51.3,51.50 1 1
MikeAustin71/pathfileopsgo/pathfileops/v2/fileoperations.go:55.3,55.44 1 1
MikeAustin71/pathfileopsgo/pathfileops/v2/fileoperations.go:59.3,59.14 1 1
MikeAustin71/pathfileopsgo/pathfileops/v2/fileoperations.go:47.40,49.4 1 1
MikeAustin71/pathfileopsgo/pathfileops/v2/fileoperations.go:51.50,53.4 1 1
MikeAustin71/pathfileopsgo/pathfileops/v2/fileoperations.go:55.44,57.4 1 1
MikeAustin71/pathfileopsgo/pathfileops/v2/fileoperations.go:73.64,75.55 1 1
MikeAustin71/pathfileopsgo/pathfileops/v2/fileoperations.go:79.3,79.65 1 1
MikeAustin71/pathfileopsgo/pathfileops/v2/fileoperations.go:83.3,83.14 1 1
MikeAustin71/pathfileopsgo/pathfileops/v2/fileoperations.go:75.55,77.4 1 1
MikeAustin71/pathfileopsgo/pathfileops/v2/fileoperations.go:79.65,81.4 1 1
MikeAustin71/pathfileopsgo/pathfileops/v2/fileoperations.go:89.43,91.2 1 1
MikeAustin71/pathfileopsgo/pathfileops/v2/fileoperations.go:178.75,187.27 5 1
MikeAustin71/pathfileopsgo/pathfileops/v2/fileoperations.go:241.3,241.17 1 1
MikeAustin71/pathfileopsgo/pathfileops/v2/fileoperations.go:245.3,245.13 1 1
MikeAustin71/pathfileopsgo/pathfileops/v2/fileoperations.go:189.26,190.83 1 1
MikeAustin71/pathfileopsgo/pathfileops/v2/fileoperations.go:192.52,193.48 1 1
MikeAustin71/pathfileopsgo/pathfileops/v2/fileoperations.go:195.53,196.49 1 1
MikeAustin71/pathfileopsgo/pathfileops/v2/fileoperations.go:198.43,199.39 1 1
MikeAustin71/pathfileopsgo/pathfileops/v2/fileoperations.go:201.38,202.34 1 1
MikeAustin71/pathfileopsgo/pathfileops/v2/fileoperations.go:204.53,205.49 1 1
MikeAustin71/pathfileopsgo/pathfileops/v2/fileoperations.go:207.59,208.45 1 1
MikeAustin71/pathfileopsgo/pathfileops/v2/fileoperations.go:210.59,211.45 1 1
MikeAustin71/pathfileopsgo/pathfileops/v2/fileoperations.go:213.55,214.41 1 1
MikeAustin71/pathfileopsgo/pathfileops/v2/fileoperations.go:216.49,217.35 1 1
MikeAustin71/pathfileopsgo/pathfileops/v2/fileoperations.go:219.37,220.36 1 1
MikeAustin71/pathfileopsgo/pathfileops/v2/fileoperations.go:222.44,223.43 1 1
MikeAustin71/pathfileopsgo/pathfileops/v2/fileoperations.go:225.38,226.31 1 1
MikeAustin71/pathfileopsgo/pathfileops/v2/fileoperations.go:228.42,229.37 1 1
MikeAustin71/pathfileopsgo/pathfileops/v2/fileoperations.go:231.49,232.44 1 1
MikeAustin71/pathfileopsgo/pathfileops/v2/fileoperations.go:234.43,235.32 1 1
MikeAustin71/pathfileopsgo/pathfileops/v2/fileoperations.go:237.11,238.72 1 1
MikeAustin71/pathfileopsgo/pathfileops/v2/fileoperations.go:241.17,243.4 1 1
MikeAustin71/pathfileopsgo/pathfileops/v2/fileoperations.go:250.42,252.2 1 1
MikeAustin71/pathfileopsgo/pathfileops/v2/fileoperations.go:256.47,258.2 1 1
MikeAustin71/pathfileopsgo/pathfileops/v2/fileoperations.go:266.41,272.17 3 1
MikeAustin71/pathfileopsgo/pathfileops/v2/fileoperations.go:277.3,279.17 2 1
MikeAustin71/pathfileopsgo/pathfileops/v2/fileoperations.go:284.3,290.22 5 1
MikeAustin71/pathfileopsgo/pathfileops/v2/fileoperations.go:272.17,275.4 1 1
MikeAustin71/pathfileopsgo/pathfileops/v2/fileoperations.go:279.17,282.4 1 1
MikeAustin71/pathfileopsgo/pathfileops/v2/fileoperations.go:304.51,314.17 5 1
MikeAustin71/pathfileopsgo/pathfileops/v2/fileoperations.go:318.3,320.17 2 1
MikeAustin71/pathfileopsgo/pathfileops/v2/fileoperations.go:325.3,325.39 1 1
MikeAustin71/pathfileopsgo/pathfileops/v2/fileoperations.go:329.3,331.17 2 1
MikeAustin71/pathfileopsgo/pathfileops/v2/fileoperations.go:335.3,337.17 2 1
MikeAustin71/pathfileopsgo/pathfileops/v2/fileoperations.go:342.3,344.22 2 1
MikeAustin71/pathfileopsgo/pathfileops/v2/fileoperations.go:314.17,316.4 1 1
MikeAustin71/pathfileopsgo/pathfileops/v2/fileoperations.go:320.17,323.4 1 1
MikeAustin71/pathfileopsgo/pathfileops/v2/fileoperations.go:325.39,327.4 1 1
MikeAustin71/pathfileopsgo/pathfileops/v2/fileoperations.go:331.17,333.4 1 1
MikeAustin71/pathfileopsgo/pathfileops/v2/fileoperations.go:337.17,340.4 1 1
MikeAustin71/pathfileopsgo/pathfileops/v2/fileoperations.go:358.54,366.29 4 1
MikeAustin71/pathfileopsgo/pathfileops/v2/fileoperations.go:370.3,370.37 1 1
MikeAustin71/pathfileopsgo/pathfileops/v2/fileoperations.go:374.3,374.42 1 1
MikeAustin71/pathfileopsgo/pathfileops/v2/fileoperations.go:378.3,380.17 2 1
MikeAustin71/pathfileopsgo/pathfileops/v2/fileoperations.go:385.3,387.17 2 1
MikeAustin71/pathfileopsgo/pathfileops/v2/fileoperations.go:392.3,394.22 2 1
MikeAustin71/pathfileopsgo/pathfileops/v2/fileoperations.go:366.29,368.4 1 1
MikeAustin71/pathfileopsgo/pathfileops/v2/fileoperations.go:370.37,372.4 1 1
MikeAustin71/pathfileopsgo/pathfileops/v2/fileoperations.go:374.42,376.4 1 1
MikeAustin71/pathfileopsgo/pathfileops/v2/fileoperations.go:380.17,383.4 1 1
MikeAustin71/pathfileopsgo/pathfileops/v2/fileoperations.go:387.17,390.4 1 1
MikeAustin71/pathfileopsgo/pathfileops/v2/fileoperations.go:405.55,415.17 5 1
MikeAustin71/pathfileopsgo/pathfileops/v2/fileoperations.go:420.3,422.17 2 1
MikeAustin71/pathfileopsgo/pathfileops/v2/fileoperations.go:427.3,429.22 2 1
MikeAustin71/pathfileopsgo/pathfileops/v2/fileoperations.go:415.17,418.4 1 1
MikeAustin71/pathfileopsgo/pathfileops/v2/fileoperations.go:422.17,425.4 1 1
MikeAustin71/pathfileopsgo/pathfileops/v2/fileoperations.go:435.70,439.17 2 1
MikeAustin71/pathfileopsgo/pathfileops/v2/fileoperations.go:444.3,446.13 2 1
MikeAustin71/pathfileopsgo/pathfileops/v2/fileoperations.go:439.17,442.4 1 1
MikeAustin71/pathfileopsgo/pathfileops/v2/fileoperations.go:451.52,457.17 3 1
MikeAustin71/pathfileopsgo/pathfileops/v2/fileoperations.go:461.3,461.13 1 1
MikeAustin71/pathfileopsgo/pathfileops/v2/fileoperations.go:457.17,459.4 1 0
MikeAustin71/pathfileopsgo/pathfileops/v2/fileoperations.go:466.47,472.17 3 1
MikeAustin71/pathfileopsgo/pathfileops/v2/fileoperations.go:476.3,476.13 1 1
MikeAustin71/pathfileopsgo/pathfileops/v2/fileoperations.go:472.17,474.4 1 0
MikeAustin71/pathfileopsgo/pathfileops/v2/fileoperations.go:482.62,490.17 4 1
MikeAustin71/pathfileopsgo/pathfileops/v2/fileoperations.go:494.3,496.17 2 1
MikeAustin71/pathfileopsgo/pathfileops/v2/fileoperations.go:500.3,500.34 1 1
MikeAustin71/pathfileopsgo/pathfileops/v2/fileoperations.go:504.3,504.13 1 1
MikeAustin71/pathfileopsgo/pathfileops/v2/fileoperations.go:490.17,492.4 1 0
MikeAustin71/pathfileopsgo/pathfileops/v2/fileoperations.go:496.17,498.4 1 0
MikeAustin71/pathfileopsgo/pathfileops/v2/fileoperations.go:500.34,502.4 1 0
MikeAustin71/pathfileopsgo/pathfileops/v2/fileoperations.go:507.58,513.17 3 1
MikeAustin71/pathfileopsgo/pathfileops/v2/fileoperations.go:517.3,517.13 1 1
MikeAustin71/pathfileopsgo/pathfileops/v2/fileoperations.go:513.17,515.4 1 0
MikeAustin71/pathfileopsgo/pathfileops/v2/fileoperations.go:520.58,526.17 3 1
MikeAustin71/pathfileopsgo/pathfileops/v2/fileoperations.go:530.3,530.13 1 1
MikeAustin71/pathfileopsgo/pathfileops/v2/fileoperations.go:526.17,528.4 1 0
MikeAustin71/pathfileopsgo/pathfileops/v2/fileoperations.go:536.48,542.17 3 1
MikeAustin71/pathfileopsgo/pathfileops/v2/fileoperations.go:546.3,546.13 1 1
MikeAustin71/pathfileopsgo/pathfileops/v2/fileoperations.go:542.17,544.4 1 0
MikeAustin71/pathfileopsgo/pathfileops/v2/fileoperations.go:549.54,555.17 3 1
MikeAustin71/pathfileopsgo/pathfileops/v2/fileoperations.go:559.3,559.13 1 1
MikeAustin71/pathfileopsgo/pathfileops/v2/fileoperations.go:555.17,557.4 1 0
MikeAustin71/pathfileopsgo/pathfileops/v2/fileoperations.go:565.49,571.17 3 1
MikeAustin71/pathfileopsgo/pathfileops/v2/fileoperations.go:575.3,575.13 1 1
MikeAustin71/pathfileopsgo/pathfileops/v2/fileoperations.go:571.17,573.4 1 0
MikeAustin71/pathfileopsgo/pathfileops/v2/fileoperations.go:582.56,588.17 3 1
MikeAustin71/pathfileopsgo/pathfileops/v2/fileoperations.go:592.3,594.17 2 1
MikeAustin71/pathfileopsgo/pathfileops/v2/fileoperations.go:598.3,598.13 1 1
MikeAustin71/pathfileopsgo/pathfileops/v2/fileoperations.go:588.17,590.4 1 0
MikeAustin71/pathfileopsgo/pathfileops/v2/fileoperations.go:594.17,596.4 1 0
MikeAustin71/pathfileopsgo/pathfileops/v2/fileoperations.go:604.44,610.17 3 1
MikeAustin71/pathfileopsgo/pathfileops/v2/fileoperations.go:614.3,616.17 2 1
MikeAustin71/pathfileopsgo/pathfileops/v2/fileoperations.go:620.3,620.13 1 1
MikeAustin71/pathfileopsgo/pathfileops/v2/fileoperations.go:610.17,612.4 1 0
MikeAustin71/pathfileopsgo/pathfileops/v2/fileoperations.go:616.17,618.4 1 0
MikeAustin71/pathfileopsgo/pathfileops/v2/fileoperations.go:627.50,633.17 3 1
MikeAustin71/pathfileopsgo/pathfileops/v2/fileoperations.go:637.3,637.13 1 1
MikeAustin71/pathfileopsgo/pathfileops/v2/fileoperations.go:633.17,635.4 1 0
MikeAustin71/pathfileopsgo/pathfileops/v2/fileoperations.go:644.57,650.17 3 1
MikeAustin71/pathfileopsgo/pathfileops/v2/fileoperations.go:654.3,656.17 2 1
MikeAustin71/pathfileopsgo/pathfileops/v2/fileoperations.go:660.3,660.13 1 1
MikeAustin71/pathfileopsgo/pathfileops/v2/fileoperations.go:650.17,652.4 1 0
MikeAustin71/pathfileopsgo/pathfileops/v2/fileoperations.go:656.17,658.4 1 0
MikeAustin71/pathfileopsgo/pathfileops/v2/fileoperations.go:666.45,672.17 3 1
MikeAustin71/pathfileopsgo/pathfileops/v2/fileoperations.go:676.3,678.17 2 1
MikeAustin71/pathfileopsgo/pathfileops/v2/fileoperations.go:682.3,682.13 1 1
MikeAustin71/pathfileopsgo/pathfileops/v2/fileoperations.go:672.17,674.4 1 0
MikeAustin71/pathfileopsgo/pathfileops/v2/fileoperations.go:678.17,680.4 1 0
MikeAustin71/pathfileopsgo/pathfileops/v2/fileoperations.go:689.61,695.17 3 1
MikeAustin71/pathfileopsgo/pathfileops/v2/fileoperations.go:700.3,700.13 1 1
MikeAustin71/pathfileopsgo/pathfileops/v2/fileoperations.go:695.17,698.4 1 0
MikeAustin71/pathfileopsgo/pathfileops/v2/fileoperations.go:710.62,716.17 3 1
MikeAustin71/pathfileopsgo/pathfileops/v2/fileoperations.go:720.3,720.13 1 1
MikeAustin71/pathfileopsgo/pathfileops/v2/fileoperations.go:716.17,718.4 1 0
MikeAustin71/pathfileopsgo/pathfileops/v2/fileopscollection.go:18.70,22.29 2 1
MikeAustin71/pathfileopsgo/pathfileops/v2/fileopscollection.go:26.3,26.30 1 1
MikeAustin71/pathfileopsgo/pathfileops/v2/fileopscollection.go:32.3,34.13 2 1
MikeAustin71/pathfileopsgo/pathfileops/v2/fileopscollection.go:22.29,24.4 1 1
MikeAustin71/pathfileopsgo/pathfileops/v2/fileopscollection.go:26.30,30.4 1 1
MikeAustin71/pathfileopsgo/pathfileops/v2/fileopscollection.go:42.37,46.29 2 1
MikeAustin71/pathfileopsgo/pathfileops/v2/fileopscollection.go:50.3,52.17 2 1
MikeAustin71/pathfileopsgo/pathfileops/v2/fileopscollection.go:58.3,60.13 2 1
MikeAustin71/pathfileopsgo/pathfileops/v2/fileopscollection.go:46.29,48.4 1 1
MikeAustin71/pathfileopsgo/pathfileops/v2/fileopscollection.go:52.17,56.4 1 1
MikeAustin71/pathfileopsgo/pathfileops/v2/fileopscollection.go:71.40,75.29 2 1
MikeAustin71/pathfileopsgo/pathfileops/v2/fileopscollection.go:79.3,85.17 2 1
MikeAustin71/pathfileopsgo/pathfileops/v2/fileopscollection.go:91.3,93.13 2 1
MikeAustin71/pathfileopsgo/pathfileops/v2/fileopscollection.go:75.29,77.4 1 1
MikeAustin71/pathfileopsgo/pathfileops/v2/fileopscollection.go:85.17,89.4 1 1
MikeAustin71/pathfileopsgo/pathfileops/v2/fileopscollection.go:104.43,108.29 2 1
MikeAustin71/pathfileopsgo/pathfileops/v2/fileopscollection.go:112.3,119.17 2 1
MikeAustin71/pathfileopsgo/pathfileops/v2/fileopscollection.go:125.3,127.13 2 1
MikeAustin71/pathfileopsgo/pathfileops/v2/fileopscollection.go:108.29,110.4 1 1
MikeAustin71/pathfileopsgo/pathfileops/v2/fileopscollection.go:119.17,123.4 1 1
MikeAustin71/pathfileopsgo/pathfileops/v2/fileopscollection.go:137.44,141.29 2 1
MikeAustin71/pathfileopsgo/pathfileops/v2/fileopscollection.go:145.3,149.17 2 1
MikeAustin71/pathfileopsgo/pathfileops/v2/fileopscollection.go:156.3,158.13 2 1
MikeAustin71/pathfileopsgo/pathfileops/v2/fileopscollection.go:141.29,143.4 1 1
MikeAustin71/pathfileopsgo/pathfileops/v2/fileopscollection.go:149.17,154.4 1 1
MikeAustin71/pathfileopsgo/pathfileops/v2/fileopscollection.go:164.72,168.29 2 1
MikeAustin71/pathfileopsgo/pathfileops/v2/fileopscollection.go:172.3,178.20 4 1
MikeAustin71/pathfileopsgo/pathfileops/v2/fileopscollection.go:184.3,184.33 1 1
MikeAustin71/pathfileopsgo/pathfileops/v2/fileopscollection.go:197.3,197.23 1 1
MikeAustin71/pathfileopsgo/pathfileops/v2/fileopscollection.go:168.29,170.4 1 1
MikeAustin71/pathfileopsgo/pathfileops/v2/fileopscollection.go:178.20,182.4 1 1
MikeAustin71/pathfileopsgo/pathfileops/v2/fileopscollection.go:184.33,188.19 2 1
MikeAustin71/pathfileopsgo/pathfileops/v2/fileopscollection.go:188.19,194.6 1 0
MikeAustin71/pathfileopsgo/pathfileops/v2/fileopscollection.go:208.64,212.14 2 1
MikeAustin71/pathfileopsgo/pathfileops/v2/fileopscollection.go:218.3,218.29 1 1
MikeAustin71/pathfileopsgo/pathfileops/v2/fileopscollection.go:222.3,224.20 2 1
MikeAustin71/pathfileopsgo/pathfileops/v2/fileopscollection.go:229.3,229.22 1 1
MikeAustin71/pathfileopsgo/pathfileops/v2/fileopscollection.go:236.3,236.20 1 1
MikeAustin71/pathfileopsgo/pathfileops/v2/fileopscollection.go:251.3,251.13 1 1
MikeAustin71/pathfileopsgo/pathfileops/v2/fileopscollection.go:212.14,216.4 1 1
MikeAustin71/pathfileopsgo/pathfileops/v2/fileopscollection.go:218.29,220.4 1 1
MikeAustin71/pathfileopsgo/pathfileops/v2/fileopscollection.go:224.20,227.4 1 1
MikeAustin71/pathfileopsgo/pathfileops/v2/fileopscollection.go:229.22,234.4 1 1
MikeAustin71/pathfileopsgo/pathfileops/v2/fileopscollection.go:236.20,238.4 1 1
MikeAustin71/pathfileopsgo/pathfileops/v2/fileopscollection.go:238.9,238.22 1 1
MikeAustin71/pathfileopsgo/pathfileops/v2/fileopscollection.go:238.22,241.4 1 1
MikeAustin71/pathfileopsgo/pathfileops/v2/fileopscollection.go:241.9,241.31 1 1
MikeAustin71/pathfileopsgo/pathfileops/v2/fileopscollection.go:241.31,244.4 1 1
MikeAustin71/pathfileopsgo/pathfileops/v2/fileopscollection.go:244.9,249.4 1 1
MikeAustin71/pathfileopsgo/pathfileops/v2/fileopscollection.go:258.75,260.22 1 1
MikeAustin71/pathfileopsgo/pathfileops/v2/fileopscollection.go:264.3,264.29 1 1
MikeAustin71/pathfileopsgo/pathfileops/v2/fileopscollection.go:268.3,268.30 1 1
MikeAustin71/pathfileopsgo/pathfileops/v2/fileopscollection.go:272.3,272.52 1 1
MikeAustin71/pathfileopsgo/pathfileops/v2/fileopscollection.go:276.3,276.43 1 1
MikeAustin71/pathfileopsgo/pathfileops/v2/fileopscollection.go:292.3,292.14 1 1
MikeAustin71/pathfileopsgo/pathfileops/v2/fileopscollection.go:260.22,262.4 1 1
MikeAustin71/pathfileopsgo/pathfileops/v2/fileopscollection.go:264.29,266.4 1 1
MikeAustin71/pathfileopsgo/pathfileops/v2/fileopscollection.go:268.30,270.4 1 1
MikeAustin71/pathfileopsgo/pathfileops/v2/fileopscollection.go:272.52,274.4 1 1
MikeAustin71/pathfileopsgo/pathfileops/v2/fileopscollection.go:276.43,278.70 1 1
MikeAustin71/pathfileopsgo/pathfileops/v2/fileopscollection.go:282.5,282.80 1 1
MikeAustin71/pathfileopsgo/pathfileops/v2/fileopscollection.go:286.5,286.84 1 1
MikeAustin71/pathfileopsgo/pathfileops/v2/fileopscollection.go:278.70,280.6 1 1
MikeAustin71/pathfileopsgo/pathfileops/v2/fileopscollection.go:282.80,284.6 1 1
MikeAustin71/pathfileopsgo/pathfileops/v2/fileopscollection.go:286.84,288.6 1 1
MikeAustin71/pathfileopsgo/pathfileops/v2/fileopscollection.go:304.35,308.29 2 1
MikeAustin71/pathfileopsgo/pathfileops/v2/fileopscollection.go:312.3,314.20 2 1
MikeAustin71/pathfileopsgo/pathfileops/v2/fileopscollection.go:319.3,323.17 3 1
MikeAustin71/pathfileopsgo/pathfileops/v2/fileopscollection.go:328.3,330.33 2 1
MikeAustin71/pathfileopsgo/pathfileops/v2/fileopscollection.go:348.3,348.16 1 1
MikeAustin71/pathfileopsgo/pathfileops/v2/fileopscollection.go:352.3,352.13 1 1
MikeAustin71/pathfileopsgo/pathfileops/v2/fileopscollection.go:308.29,310.4 1 1
MikeAustin71/pathfileopsgo/pathfileops/v2/fileopscollection.go:314.20,317.4 1 1
MikeAustin71/pathfileopsgo/pathfileops/v2/fileopscollection.go:323.17,326.4 1 0
MikeAustin71/pathfileopsgo/pathfileops/v2/fileopscollection.go:330.33,334.19 2 1
MikeAustin71/pathfileopsgo/pathfileops/v2/fileopscollection.go:334.19,340.22 3 0
MikeAustin71/pathfileopsgo/pathfileops/v2/fileopscollection.go:340.22,343.8 1 0
MikeAustin71/pathfileopsgo/pathfileops/v2/fileopscollection.go:348.16,350.4 1 0
MikeAustin71/pathfileopsgo/pathfileops/v2/fileopscollection.go:360.80,366.29 3 1
MikeAustin71/pathfileopsgo/pathfileops/v2/fileopscollection.go:370.3,372.20 2 1
MikeAustin71/pathfileopsgo/pathfileops/v2/fileopscollection.go:378.3,378.33 1 1
MikeAustin71/pathfileopsgo/pathfileops/v2/fileopscollection.go:388.3,388.36 1 1
MikeAustin71/pathfileopsgo/pathfileops/v2/fileopscollection.go:366.29,368.4 1 1
MikeAustin71/pathfileopsgo/pathfileops/v2/fileopscollection.go:372.20,376.4 1 1
MikeAustin71/pathfileopsgo/pathfileops/v2/fileopscollection.go:378.33,386.4 1 1
MikeAustin71/pathfileopsgo/pathfileops/v2/fileopscollection.go:395.57,397.29 1 1
MikeAustin71/pathfileopsgo/pathfileops/v2/fileopscollection.go:401.3,401.30 1 1
MikeAustin71/pathfileopsgo/pathfileops/v2/fileopscollection.go:397.29,399.4 1 1
MikeAustin71/pathfileopsgo/pathfileops/v2/fileopscollection.go:413.87,417.29 2 1
MikeAustin71/pathfileopsgo/pathfileops/v2/fileopscollection.go:421.3,421.16 1 1
MikeAustin71/pathfileopsgo/pathfileops/v2/fileopscollection.go:427.3,429.24 2 1
MikeAustin71/pathfileopsgo/pathfileops/v2/fileopscollection.go:434.3,436.17 2 1
MikeAustin71/pathfileopsgo/pathfileops/v2/fileopscollection.go:442.3,448.13 5 1
MikeAustin71/pathfileopsgo/pathfileops/v2/fileopscollection.go:417.29,419.4 1 1
MikeAustin71/pathfileopsgo/pathfileops/v2/fileopscollection.go:421.16,425.4 1 1
MikeAustin71/pathfileopsgo/pathfileops/v2/fileopscollection.go:429.24,432.4 2 1
MikeAustin71/pathfileopsgo/pathfileops/v2/fileopscollection.go:436.17,440.4 3 1
MikeAustin71/pathfileopsgo/pathfileops/v2/fileopscollection.go:453.58,455.29 1 1
MikeAustin71/pathfileopsgo/pathfileops/v2/fileopscollection.go:459.3,463.23 3 1
MikeAustin71/pathfileopsgo/pathfileops/v2/fileopscollection.go:455.29,457.4 1 1
MikeAustin71/pathfileopsgo/pathfileops/v2/fileopscollection.go:487.53,491.21 2 1
MikeAustin71/pathfileopsgo/pathfileops/v2/fileopscollection.go:497.3,497.27 1 1
MikeAustin71/pathfileopsgo/pathfileops/v2/fileopscollection.go:503.3,503.27 1 1
MikeAustin71/pathfileopsgo/pathfileops/v2/fileopscollection.go:509.3,509.29 1 1
MikeAustin71/pathfileopsgo/pathfileops/v2/fileopscollection.go:513.3,513.30 1 1
MikeAustin71/pathfileopsgo/pathfileops/v2/fileopscollection.go:517.3,517.33 1 1
MikeAustin71/pathfileopsgo/pathfileops/v2/fileopscollection.go:523.3,535.33 7 1
MikeAustin71/pathfileopsgo/pathfileops/v2/fileopscollection.go:582.3,582.28 1 1
MikeAustin71/pathfileopsgo/pathfileops/v2/fileopscollection.go:491.21,495.4 1 0
MikeAustin71/pathfileopsgo/pathfileops/v2/fileopscollection.go:497.27,501.4 1 1
MikeAustin71/pathfileopsgo/pathfileops/v2/fileopscollection.go:503.27,507.4 1 1
MikeAustin71/pathfileopsgo/pathfileops/v2/fileopscollection.go:509.29,511.4 1 1
MikeAustin71/pathfileopsgo/pathfileops/v2/fileopscollection.go:513.30,515.4 1 1
MikeAustin71/pathfileopsgo/pathfileops/v2/fileopscollection.go:517.33,521.4 1 1
MikeAustin71/pathfileopsgo/pathfileops/v2/fileopscollection.go:535.33,539.19 2 1
MikeAustin71/pathfileopsgo/pathfileops/v2/fileopscollection.go:546.5,550.16 3 1
MikeAustin71/pathfileopsgo/pathfileops/v2/fileopscollection.go:559.5,563.19 3 1
MikeAustin71/pathfileopsgo/pathfileops/v2/fileopscollection.go:570.5,572.19 2 1
MikeAustin71/pathfileopsgo/pathfileops/v2/fileopscollection.go:539.19,544.6 1 0
MikeAustin71/pathfileopsgo/pathfileops/v2/fileopscollection.go:550.16,556.6 1 0
MikeAustin71/pathfileopsgo/pathfileops/v2/fileopscollection.go:563.19,568.6 1 0
MikeAustin71/pathfileopsgo/pathfileops/v2/fileopscollection.go:572.19,579.6 1 0
MikeAustin71/pathfileopsgo/pathfileops/v2/fileopscollection.go:596.80,600.29 2 1
MikeAustin71/pathfileopsgo/pathfileops/v2/fileopscollection.go:604.3,606.20 2 1
MikeAustin71/pathfileopsgo/pathfileops/v2/fileopscollection.go:612.3,612.14 1 1
MikeAustin71/pathfileopsgo/pathfileops/v2/fileopscollection.go:618.3,618.22 1 1
MikeAustin71/pathfileopsgo/pathfileops/v2/fileopscollection.go:628.3,628.45 1 1
MikeAustin71/pathfileopsgo/pathfileops/v2/fileopscollection.go:600.29,602.4 1 1
MikeAustin71/pathfileopsgo/pathfileops/v2/fileopscollection.go:606.20,610.4 1 1
MikeAustin71/pathfileopsgo/pathfileops/v2/fileopscollection.go:612.14,616.4 1 1
MikeAustin71/pathfileopsgo/pathfileops/v2/fileopscollection.go:618.22,626.4 1 1
MikeAustin71/pathfileopsgo/pathfileops/v2/fileopscollection.go:642.71,646.29 2 1
MikeAustin71/pathfileopsgo/pathfileops/v2/fileopscollection.go:650.3,650.32 1 1
MikeAustin71/pathfileopsgo/pathfileops/v2/fileopscollection.go:656.3,656.43 1 1
MikeAustin71/pathfileopsgo/pathfileops/v2/fileopscollection.go:646.29,648.4 1 1
MikeAustin71/pathfileopsgo/pathfileops/v2/fileopscollection.go:650.32,654.4 1 1
MikeAustin71/pathfileopsgo/pathfileops/v2/fileopscollection.go:671.70,675.29 2 1
MikeAustin71/pathfileopsgo/pathfileops/v2/fileopscollection.go:679.3,680.20 2 1
MikeAustin71/pathfileopsgo/pathfileops/v2/fileopscollection.go:686.3,686.52 1 1
MikeAustin71/pathfileopsgo/pathfileops/v2/fileopscollection.go:675.29,677.4 1 1
MikeAustin71/pathfileopsgo/pathfileops/v2/fileopscollection.go:680.20,684.4 1 1
MikeAustin71/pathfileopsgo/pathfileops/v2/fileopscollection.go:699.79,703.29 2 1
MikeAustin71/pathfileopsgo/pathfileops/v2/fileopscollection.go:707.3,707.14 1 1
MikeAustin71/pathfileopsgo/pathfileops/v2/fileopscollection.go:714.3,716.20 2 1
MikeAustin71/pathfileopsgo/pathfileops/v2/fileopscollection.go:722.3,722.22 1 1
MikeAustin71/pathfileopsgo/pathfileops/v2/fileopscollection.go:730.3,730.15 1 1
MikeAustin71/pathfileopsgo/pathfileops/v2/fileopscollection.go:734.3,734.24 1 1
MikeAustin71/pathfileopsgo/pathfileops/v2/fileopscollection.go:738.3,743.22 3 1
MikeAustin71/pathfileopsgo/pathfileops/v2/fileopscollection.go:703.29,705.4 1 1
MikeAustin71/pathfileopsgo/pathfileops/v2/fileopscollection.go:707.14,712.4 1 1
MikeAustin71/pathfileopsgo/pathfileops/v2/fileopscollection.go:716.20,720.4 1 1
MikeAustin71/pathfileopsgo/pathfileops/v2/fileopscollection.go:722.22,728.4 1 1
MikeAustin71/pathfileopsgo/pathfileops/v2/fileopscollection.go:730.15,732.4 1 1
MikeAustin71/pathfileopsgo/pathfileops/v2/fileopscollection.go:734.24,736.4 1 1
MikeAustin71/pathfileopsgo/pathfileops/v2/fileopscollection.go:756.70,760.29 2 1
MikeAustin71/pathfileopsgo/pathfileops/v2/fileopscollection.go:764.3,764.32 1 1
MikeAustin71/pathfileopsgo/pathfileops/v2/fileopscollection.go:770.3,774.22 3 1
MikeAustin71/pathfileopsgo/pathfileops/v2/fileopscollection.go:760.29,762.4 1 1
MikeAustin71/pathfileopsgo/pathfileops/v2/fileopscollection.go:764.32,768.4 1 1
MikeAustin71/pathfileopsgo/pathfileops/v2/fileopscollection.go:787.69,791.29 2 1
MikeAustin71/pathfileopsgo/pathfileops/v2/fileopscollection.go:795.3,797.20 2 1
MikeAustin71/pathfileopsgo/pathfileops/v2/fileopscollection.go:803.3,807.22 3 1
MikeAustin71/pathfileopsgo/pathfileops/v2/fileopscollection.go:791.29,793.4 1 1
MikeAustin71/pathfileopsgo/pathfileops/v2/fileopscollection.go:797.20,801.4 1 1
MikeAustin71/pathfileopsgo/pathfileops/v2/osfilepermissionenum.go:134.77,136.24 1 1
MikeAustin71/pathfileopsgo/pathfileops/v2/osfilepermissionenum.go:140.3,140.15 1 1
MikeAustin71/pathfileopsgo/pathfileops/v2/osfilepermissionenum.go:136.24,138.4 1 1
MikeAustin71/pathfileopsgo/pathfileops/v2/osfilepermissionenum.go:164.76,170.10 3 1
MikeAustin71/pathfileopsgo/pathfileops/v2/osfilepermissionenum.go:178.3,178.21 1 1
MikeAustin71/pathfileopsgo/pathfileops/v2/osfilepermissionenum.go:170.10,176.4 1 1
MikeAustin71/pathfileopsgo/pathfileops/v2/osfilepermissionenum.go:185.52,191.17 3 1
MikeAustin71/pathfileopsgo/pathfileops/v2/osfilepermissionenum.go:197.3,197.26 1 1
MikeAustin71/pathfileopsgo/pathfileops/v2/osfilepermissionenum.go:191.17,195.4 2 1
MikeAustin71/pathfileopsgo/pathfileops/v2/osfilepermissionenum.go:206.52,210.10 2 1
MikeAustin71/pathfileopsgo/pathfileops/v2/osfilepermissionenum.go:217.3,217.47 1 1
MikeAustin71/pathfileopsgo/pathfileops/v2/osfilepermissionenum.go:210.10,215.4 2 1
MikeAustin71/pathfileopsgo/pathfileops/v2/osfilepermissionenum.go:229.52,233.10 2 1
MikeAustin71/pathfileopsgo/pathfileops/v2/osfilepermissionenum.go:239.3,239.13 1 1
MikeAustin71/pathfileopsgo/pathfileops/v2/osfilepermissionenum.go:233.10,237.4 2 1
MikeAustin71/pathfileopsgo/pathfileops/v2/osfilepermissionenum.go:248.59,248.84 1 1
MikeAustin71/pathfileopsgo/pathfileops/v2/osfilepermissionenum.go:251.58,251.79 1 1
MikeAustin71/pathfileopsgo/pathfileops/v2/osfilepermissionenum.go:254.61,254.85 1 1
MikeAustin71/pathfileopsgo/pathfileops/v2/osfilepermissionenum.go:257.64,257.91 1 1
MikeAustin71/pathfileopsgo/pathfileops/v2/osfilepermissionenum.go:260.64,260.91 1 1
MikeAustin71/pathfileopsgo/pathfileops/v2/osfilepermissionenum.go:263.62,263.87 1 1
MikeAustin71/pathfileopsgo/pathfileops/v2/osfilepermissionenum.go:266.61,266.85 1 1
MikeAustin71/pathfileopsgo/pathfileops/v2/osfilepermissionenum.go:269.64,269.91 1 1
MikeAustin71/pathfileopsgo/pathfileops/v2/osfilepermissionenum.go:272.61,272.85 1 1
MikeAustin71/pathfileopsgo/pathfileops/v2/osfilepermissionenum.go:282.61,282.85 1 1
MikeAustin71/pathfileopsgo/pathfileops/v2/osfilepermissionenum.go:296.61,296.85 1 1
MikeAustin71/pathfileopsgo/pathfileops/v2/osfilepermissionenum.go:301.65,301.93 1 1
MikeAustin71/pathfileopsgo/pathfileops/v2/osfilepermissionenum.go:309.61,309.85 1 1
MikeAustin71/pathfileopsgo/pathfileops/v2/osfilepermissionenum.go:313.64,313.91 1 1
MikeAustin71/pathfileopsgo/pathfileops/v2/osfilepermissionenum.go:374.53,382.23 4 1
MikeAustin71/pathfileopsgo/pathfileops/v2/osfilepermissionenum.go:388.3,388.43 1 1
MikeAustin71/pathfileopsgo/pathfileops/v2/osfilepermissionenum.go:393.3,395.22 2 1
MikeAustin71/pathfileopsgo/pathfileops/v2/osfilepermissionenum.go:401.3,404.20 3 1
MikeAustin71/pathfileopsgo/pathfileops/v2/osfilepermissionenum.go:442.3,442.21 1 1
MikeAustin71/pathfileopsgo/pathfileops/v2/osfilepermissionenum.go:382.23,386.4 1 0
MikeAustin71/pathfileopsgo/pathfileops/v2/osfilepermissionenum.go:388.43,391.4 2 1
MikeAustin71/pathfileopsgo/pathfileops/v2/osfilepermissionenum.go:395.22,399.4 1 1
MikeAustin71/pathfileopsgo/pathfileops/v2/osfilepermissionenum.go:404.20,406.48 1 1
MikeAustin71/pathfileopsgo/pathfileops/v2/osfilepermissionenum.go:410.5,412.12 2 1
MikeAustin71/pathfileopsgo/pathfileops/v2/osfilepermissionenum.go:419.5,419.44 1 1
MikeAustin71/pathfileopsgo/pathfileops/v2/osfilepermissionenum.go:406.48,408.6 1 1
MikeAustin71/pathfileopsgo/pathfileops/v2/osfilepermissionenum.go:412.12,417.6 1 1
MikeAustin71/pathfileopsgo/pathfileops/v2/osfilepermissionenum.go:421.9,425.48 2 1
MikeAustin71/pathfileopsgo/pathfileops/v2/osfilepermissionenum.go:429.5,431.12 2 1
MikeAustin71/pathfileopsgo/pathfileops/v2/osfilepermissionenum.go:438.5,438.44 1 1
MikeAustin71/pathfileopsgo/pathfileops/v2/osfilepermissionenum.go:425.48,427.6 1 1
MikeAustin71/pathfileopsgo/pathfileops/v2/osfilepermissionenum.go:431.12,436.6 1 1
MikeAustin71/pathfileopsgo/pathfileops/v2/osfilepermissionenum.go:468.52,472.10 2 1
MikeAustin71/pathfileopsgo/pathfileops/v2/osfilepermissionenum.go:476.3,476.15 1 1
MikeAustin71/pathfileopsgo/pathfileops/v2/osfilepermissionenum.go:472.10,474.4 1 1
MikeAustin71/pathfileopsgo/pathfileops/v2/osfilepermissionenum.go:485.56,488.2 1 1
MikeAustin71/pathfileopsgo/pathfileops/v2/filemanagerhelper.go:26.23,33.24 4 1
MikeAustin71/pathfileopsgo/pathfileops/v2/filemanagerhelper.go:39.3,39.30 1 1
MikeAustin71/pathfileopsgo/pathfileops/v2/filemanagerhelper.go:43.3,43.21 1 1
MikeAustin71/pathfileopsgo/pathfileops/v2/filemanagerhelper.go:49.3,55.20 3 1
MikeAustin71/pathfileopsgo/pathfileops/v2/filemanagerhelper.go:64.3,64.20 1 1
MikeAustin71/pathfileopsgo/pathfileops/v2/filemanagerhelper.go:73.3,73.29 1 1
MikeAustin71/pathfileopsgo/pathfileops/v2/filemanagerhelper.go:81.3,85.18 3 1
MikeAustin71/pathfileopsgo/pathfileops/v2/filemanagerhelper.go:91.3,91.56 1 1
MikeAustin71/pathfileopsgo/pathfileops/v2/filemanagerhelper.go:108.3,120.26 3 1
MikeAustin71/pathfileopsgo/pathfileops/v2/filemanagerhelper.go:128.3,128.25 1 1
MikeAustin71/pathfileopsgo/pathfileops/v2/filemanagerhelper.go:140.3,148.18 6 1
MikeAustin71/pathfileopsgo/pathfileops/v2/filemanagerhelper.go:184.3,188.20 3 1
MikeAustin71/pathfileopsgo/pathfileops/v2/filemanagerhelper.go:192.3,192.41 1 1
MikeAustin71/pathfileopsgo/pathfileops/v2/filemanagerhelper.go:33.24,35.4 1 1
MikeAustin71/pathfileopsgo/pathfileops/v2/filemanagerhelper.go:35.9,37.4 1 1
MikeAustin71/pathfileopsgo/pathfileops/v2/filemanagerhelper.go:39.30,41.4 1 0
MikeAustin71/pathfileopsgo/pathfileops/v2/filemanagerhelper.go:43.21,47.4 2 0
MikeAustin71/pathfileopsgo/pathfileops/v2/filemanagerhelper.go:55.20,62.4 3 1
MikeAustin71/pathfileopsgo/pathfileops/v2/filemanagerhelper.go:64.20,71.4 3 0
MikeAustin71/pathfileopsgo/pathfileops/v2/filemanagerhelper.go:73.29,79.4 2 1
MikeAustin71/pathfileopsgo/pathfileops/v2/filemanagerhelper.go:85.18,89.4 2 0
MikeAustin71/pathfileopsgo/pathfileops/v2/filemanagerhelper.go:91.56,95.4 1 0
MikeAustin71/pathfileopsgo/pathfileops/v2/filemanagerhelper.go:95.9,95.62 1 1
MikeAustin71/pathfileopsgo/pathfileops/v2/filemanagerhelper.go:95.62,99.20 2 0
MikeAustin71/pathfileopsgo/pathfileops/v2/filemanagerhelper.go:99.20,105.6 2 0
MikeAustin71/pathfileopsgo/pathfileops/v2/filemanagerhelper.go:120.26,126.4 5 0
MikeAustin71/pathfileopsgo/pathfileops/v2/filemanagerhelper.go:128.25,137.4 8 1
MikeAustin71/pathfileopsgo/pathfileops/v2/filemanagerhelper.go:148.18,158.4 2 0
MikeAustin71/pathfileopsgo/pathfileops/v2/filemanagerhelper.go:158.9,162.20 2 1
MikeAustin71/pathfileopsgo/pathfileops/v2/filemanagerhelper.go:162.20,169.6 2 0
MikeAustin71/pathfileopsgo/pathfileops/v2/filemanagerhelper.go:169.11,173.22 2 1
MikeAustin71/pathfileopsgo/pathfileops/v2/filemanagerhelper.go:173.22,179.8 2 0
MikeAustin71/pathfileopsgo/pathfileops/v2/filemanagerhelper.go:188.20,190.4 1 0
MikeAustin71/pathfileopsgo/pathfileops/v2/filemanagerhelper.go:202.40,206.24 2 1
MikeAustin71/pathfileopsgo/pathfileops/v2/filemanagerhelper.go:212.3,212.18 1 1
MikeAustin71/pathfileopsgo/pathfileops/v2/filemanagerhelper.go:217.3,229.18 5 1
MikeAustin71/pathfileopsgo/pathfileops/v2/filemanagerhelper.go:254.3,254.21 1 1
MikeAustin71/pathfileopsgo/pathfileops/v2/filemanagerhelper.go:278.3,278.59 1 1
MikeAustin71/pathfileopsgo/pathfileops/v2/filemanagerhelper.go:206.24,208.4 1 0
MikeAustin71/pathfileopsgo/pathfileops/v2/filemanagerhelper.go:208.9,210.4 1 1
MikeAustin71/pathfileopsgo/pathfileops/v2/filemanagerhelper.go:212.18,215.4 1 0
MikeAustin71/pathfileopsgo/pathfileops/v2/filemanagerhelper.go:229.18,235.28 3 1
MikeAustin71/pathfileopsgo/pathfileops/v2/filemanagerhelper.go:239.5,239.20 1 1
MikeAustin71/pathfileopsgo/pathfileops/v2/filemanagerhelper.go:243.5,251.44 8 1
MikeAustin71/pathfileopsgo/pathfileops/v2/filemanagerhelper.go:235.28,237.6 1 0
MikeAustin71/pathfileopsgo/pathfileops/v2/filemanagerhelper.go:239.20,241.6 1 0
MikeAustin71/pathfileopsgo/pathfileops/v2/filemanagerhelper.go:254.21,258.28 2 1
MikeAustin71/pathfileopsgo/pathfileops/v2/filemanagerhelper.go:262.5,262.20 1 1
MikeAustin71/pathfileopsgo/pathfileops/v2/filemanagerhelper.go:266.5,274.44 8 1
MikeAustin71/pathfileopsgo/pathfileops/v2/filemanagerhelper.go:258.28,260.6 1 0
MikeAustin71/pathfileopsgo/pathfileops/v2/filemanagerhelper.go:262.20,264.6 1 0
MikeAustin71/pathfileopsgo/pathfileops/v2/filemanagerhelper.go:287.70,291.17 2 1
MikeAustin71/pathfileopsgo/pathfileops/v2/filemanagerhelper.go:295.3,297.30 2 1
MikeAustin71/pathfileopsgo/pathfileops/v2/filemanagerhelper.go:306.3,306.34 1 1
MikeAustin71/pathfileopsgo/pathfileops/v2/filemanagerhelper.go:291.17,293.4 1 1
MikeAustin71/pathfileopsgo/pathfileops/v2/filemanagerhelper.go:297.30,299.25 1 1
MikeAustin71/pathfileopsgo/pathfileops/v2/filemanagerhelper.go:299.25,301.6 1 1
MikeAustin71/pathfileopsgo/pathfileops/v2/filemanagerhelper.go:301.11,303.6 1 0
MikeAustin71/pathfileopsgo/pathfileops/v2/filemanagerhelper.go:322.31,326.24 2 1
MikeAustin71/pathfileopsgo/pathfileops/v2/filemanagerhelper.go:333.3,333.21 1 1
MikeAustin71/pathfileopsgo/pathfileops/v2/filemanagerhelper.go:339.3,339.22 1 1
MikeAustin71/pathfileopsgo/pathfileops/v2/filemanagerhelper.go:345.3,355.17 4 1
MikeAustin71/pathfileopsgo/pathfileops/v2/filemanagerhelper.go:359.3,359.25 1 1
MikeAustin71/pathfileopsgo/pathfileops/v2/filemanagerhelper.go:366.3,368.17 2 1
MikeAustin71/pathfileopsgo/pathfileops/v2/filemanagerhelper.go:372.3,372.49 1 1
MikeAustin71/pathfileopsgo/pathfileops/v2/filemanagerhelper.go:379.3,379.44 1 1
MikeAustin71/pathfileopsgo/pathfileops/v2/filemanagerhelper.go:386.3,393.17 2 1
MikeAustin71/pathfileopsgo/pathfileops/v2/filemanagerhelper.go:397.3,397.51 1 1
MikeAustin71/pathfileopsgo/pathfileops/v2/filemanagerhelper.go:422.3,424.17 2 1
MikeAustin71/pathfileopsgo/pathfileops/v2/filemanagerhelper.go:428.3,428.30 1 1
MikeAustin71/pathfileopsgo/pathfileops/v2/filemanagerhelper.go:487.3,487.13 1 1
MikeAustin71/pathfileopsgo/pathfileops/v2/filemanagerhelper.go:326.24,329.4 1 0
MikeAustin71/pathfileopsgo/pathfileops/v2/filemanagerhelper.go:329.9,331.4 1 1
MikeAustin71/pathfileopsgo/pathfileops/v2/filemanagerhelper.go:333.21,337.4 1 0
MikeAustin71/pathfileopsgo/pathfileops/v2/filemanagerhelper.go:339.22,343.4 1 1
MikeAustin71/pathfileopsgo/pathfileops/v2/filemanagerhelper.go:355.17,357.4 1 1
MikeAustin71/pathfileopsgo/pathfileops/v2/filemanagerhelper.go:359.25,364.4 1 1
MikeAustin71/pathfileopsgo/pathfileops/v2/filemanagerhelper.go:368.17,370.4 1 0
MikeAustin71/pathfileopsgo/pathfileops/v2/filemanagerhelper.go:372.49,377.4 1 0
MikeAustin71/pathfileopsgo/pathfileops/v2/filemanagerhelper.go:379.44,384.4 1 0
MikeAustin71/pathfileopsgo/pathfileops/v2/filemanagerhelper.go:393.17,395.4 1 1
MikeAustin71/pathfileopsgo/pathfileops/v2/filemanagerhelper.go:397.51,402.58 1 1
MikeAustin71/pathfileopsgo/pathfileops/v2/filemanagerhelper.go:402.58,409.6 1 1
MikeAustin71/pathfileopsgo/pathfileops/v2/filemanagerhelper.go:411.9,412.52 1 1
MikeAustin71/pathfileopsgo/pathfileops/v2/filemanagerhelper.go:412.52,420.4 1 0
MikeAustin71/pathfileopsgo/pathfileops/v2/filemanagerhelper.go:424.17,426.4 1 0
MikeAustin71/pathfileopsgo/pathfileops/v2/filemanagerhelper.go:428.30,430.47 1 1
MikeAustin71/pathfileopsgo/pathfileops/v2/filemanagerhelper.go:437.5,437.52 1 1
MikeAustin71/pathfileopsgo/pathfileops/v2/filemanagerhelper.go:446.5,446.31 1 1
MikeAustin71/pathfileopsgo/pathfileops/v2/filemanagerhelper.go:430.47,435.6 1 0
MikeAustin71/pathfileopsgo/pathfileops/v2/filemanagerhelper.go:437.52,444.6 1 0
MikeAustin71/pathfileopsgo/pathfileops/v2/filemanagerhelper.go:446.31,450.21 2 0
MikeAustin71/pathfileopsgo/pathfileops/v2/filemanagerhelper.go:450.21,452.8 1 0
MikeAustin71/pathfileopsgo/pathfileops/v2/filemanagerhelper.go:455.9,459.19 2 1
MikeAustin71/pathfileopsgo/pathfileops/v2/filemanagerhelper.go:466.5,466.57 1 1
MikeAustin71/pathfileopsgo/pathfileops/v2/filemanagerhelper.go:459.19,464.6 1 0
MikeAustin71/pathfileopsgo/pathfileops/v2/filemanagerhelper.go:466.57,470.21 2 1
MikeAustin71/pathfileopsgo/pathfileops/v2/filemanagerhelper.go:470.21,476.8 1 0
MikeAustin71/pathfileopsgo/pathfileops/v2/filemanagerhelper.go:478.11,478.65 1 1
MikeAustin71/pathfileopsgo/pathfileops/v2/filemanagerhelper.go:478.65,484.6 1 0
MikeAustin71/pathfileopsgo/pathfileops/v2/filemanagerhelper.go:492.25,496.24 2 1
MikeAustin71/pathfileopsgo/pathfileops/v2/filemanagerhelper.go:502.3,502.18 1 1
MikeAustin71/pathfileopsgo/pathfileops/v2/filemanagerhelper.go:507.3,514.17 2 1
MikeAustin71/pathfileopsgo/pathfileops/v2/filemanagerhelper.go:518.3,520.17 2 1
MikeAustin71/pathfileopsgo/pathfileops/v2/filemanagerhelper.go:525.3,525.13 1 1
MikeAustin71/pathfileopsgo/pathfileops/v2/filemanagerhelper.go:496.24,498.4 1 0
MikeAustin71/pathfileopsgo/pathfileops/v2/filemanagerhelper.go:498.9,500.4 1 1
MikeAustin71/pathfileopsgo/pathfileops/v2/filemanagerhelper.go:502.18,505.4 1 0
MikeAustin71/pathfileopsgo/pathfileops/v2/filemanagerhelper.go:514.17,516.4 1 1
MikeAustin71/pathfileopsgo/pathfileops/v2/filemanagerhelper.go:520.17,523.4 1 0
MikeAustin71/pathfileopsgo/pathfileops/v2/filemanagerhelper.go:537.25,541.24 2 1
MikeAustin71/pathfileopsgo/pathfileops/v2/filemanagerhelper.go:547.3,547.18 1 1
MikeAustin71/pathfileopsgo/pathfileops/v2/filemanagerhelper.go:552.3,554.17 2 1
MikeAustin71/pathfileopsgo/pathfileops/v2/filemanagerhelper.go:558.3,560.17 2 1
MikeAustin71/pathfileopsgo/pathfileops/v2/filemanagerhelper.go:566.3,575.17 3 1
MikeAustin71/pathfileopsgo/pathfileops/v2/filemanagerhelper.go:579.3,582.17 2 1
MikeAustin71/pathfileopsgo/pathfileops/v2/filemanagerhelper.go:589.3,589.52 1 1
MikeAustin71/pathfileopsgo/pathfileops/v2/filemanagerhelper.go:607.3,609.17 2 1
MikeAustin71/pathfileopsgo/pathfileops/v2/filemanagerhelper.go:613.3,613.76 1 1
MikeAustin71/pathfileopsgo/pathfileops/v2/filemanagerhelper.go:541.24,543.4 1 0
MikeAustin71/pathfileopsgo/pathfileops/v2/filemanagerhelper.go:543.9,545.4 1 1
MikeAustin71/pathfileopsgo/pathfileops/v2/filemanagerhelper.go:547.18,550.4 1 0
MikeAustin71/pathfileopsgo/pathfileops/v2/filemanagerhelper.go:554.17,556.4 1 0
MikeAustin71/pathfileopsgo/pathfileops/v2/filemanagerhelper.go:560.17,564.4 1 0
MikeAustin71/pathfileopsgo/pathfileops/v2/filemanagerhelper.go:575.17,577.4 1 1
MikeAustin71/pathfileopsgo/pathfileops/v2/filemanagerhelper.go:582.17,587.4 1 0
MikeAustin71/pathfileopsgo/pathfileops/v2/filemanagerhelper.go:589.52,593.19 2 1
MikeAustin71/pathfileopsgo/pathfileops/v2/filemanagerhelper.go:593.19,598.6 1 0
MikeAustin71/pathfileopsgo/pathfileops/v2/filemanagerhelper.go:600.9,600.60 1 1
MikeAustin71/pathfileopsgo/pathfileops/v2/filemanagerhelper.go:600.60,605.4 1 1
MikeAustin71/pathfileopsgo/pathfileops/v2/filemanagerhelper.go:609.17,611.4 1 0
MikeAustin71/pathfileopsgo/pathfileops/v2/filemanagerhelper.go:620.40,624.24 2 1
MikeAustin71/pathfileopsgo/pathfileops/v2/filemanagerhelper.go:630.3,630.18 1 1
MikeAustin71/pathfileopsgo/pathfileops/v2/filemanagerhelper.go:635.3,642.17 2 1
MikeAustin71/pathfileopsgo/pathfileops/v2/filemanagerhelper.go:647.3,647.29 1 1
MikeAustin71/pathfileopsgo/pathfileops/v2/filemanagerhelper.go:652.3,654.17 2 1
MikeAustin71/pathfileopsgo/pathfileops/v2/filemanagerhelper.go:658.3,660.17 2 1
MikeAustin71/pathfileopsgo/pathfileops/v2/filemanagerhelper.go:664.3,671.17 2 1
MikeAustin71/pathfileopsgo/pathfileops/v2/filemanagerhelper.go:677.3,677.28 1 1
MikeAustin71/pathfileopsgo/pathfileops/v2/filemanagerhelper.go:685.3,685.13 1 1
MikeAustin71/pathfileopsgo/pathfileops/v2/filemanagerhelper.go:624.24,626.4 1 0
MikeAustin71/pathfileopsgo/pathfileops/v2/filemanagerhelper.go:626.9,628.4 1 1
MikeAustin71/pathfileopsgo/pathfileops/v2/filemanagerhelper.go:630.18,633.4 1 0
MikeAustin71/pathfileopsgo/pathfileops/v2/filemanagerhelper.go:642.17,645.4 2 1
MikeAustin71/pathfileopsgo/pathfileops/v2/filemanagerhelper.go:647.29,650.4 2 1
MikeAustin71/pathfileopsgo/pathfileops/v2/filemanagerhelper.go:654.17,656.4 1 0
MikeAustin71/pathfileopsgo/pathfileops/v2/filemanagerhelper.go:660.17,662.4 1 0
MikeAustin71/pathfileopsgo/pathfileops/v2/filemanagerhelper.go:671.17,675.4 1 0
MikeAustin71/pathfileopsgo/pathfileops/v2/filemanagerhelper.go:677.28,683.4 1 0
MikeAustin71/pathfileopsgo/pathfileops/v2/filemanagerhelper.go:693.25,697.24 2 1
MikeAustin71/pathfileopsgo/pathfileops/v2/filemanagerhelper.go:703.3,703.18 1 1
MikeAustin71/pathfileopsgo/pathfileops/v2/filemanagerhelper.go:708.3,731.13 23 1
MikeAustin71/pathfileopsgo/pathfileops/v2/filemanagerhelper.go:697.24,699.4 1 0
MikeAustin71/pathfileopsgo/pathfileops/v2/filemanagerhelper.go:699.9,701.4 1 1
MikeAustin71/pathfileopsgo/pathfileops/v2/filemanagerhelper.go:703.18,706.4 1 0
MikeAustin71/pathfileopsgo/pathfileops/v2/filemanagerhelper.go:739.40,743.24 2 1
MikeAustin71/pathfileopsgo/pathfileops/v2/filemanagerhelper.go:749.3,749.18 1 1
MikeAustin71/pathfileopsgo/pathfileops/v2/filemanagerhelper.go:754.3,759.31 3 1
MikeAustin71/pathfileopsgo/pathfileops/v2/filemanagerhelper.go:775.3,777.34 1 1
MikeAustin71/pathfileopsgo/pathfileops/v2/filemanagerhelper.go:789.3,789.42 1 1
MikeAustin71/pathfileopsgo/pathfileops/v2/filemanagerhelper.go:743.24,745.4 1 0
MikeAustin71/pathfileopsgo/pathfileops/v2/filemanagerhelper.go:745.9,747.4 1 1
MikeAustin71/pathfileopsgo/pathfileops/v2/filemanagerhelper.go:749.18,752.4 1 0
MikeAustin71/pathfileopsgo/pathfileops/v2/filemanagerhelper.go:759.31,763.20 2 1
MikeAustin71/pathfileopsgo/pathfileops/v2/filemanagerhelper.go:763.20,772.6 2 0
MikeAustin71/pathfileopsgo/pathfileops/v2/filemanagerhelper.go:777.34,781.20 2 1
MikeAustin71/pathfileopsgo/pathfileops/v2/filemanagerhelper.go:781.20,786.6 2 0
MikeAustin71/pathfileopsgo/pathfileops/v2/filemanagerhelper.go:822.31,826.24 2 1
MikeAustin71/pathfileopsgo/pathfileops/v2/filemanagerhelper.go:833.3,833.21 1 1
MikeAustin71/pathfileopsgo/pathfileops/v2/filemanagerhelper.go:839.3,839.22 1 1
MikeAustin71/pathfileopsgo/pathfileops/v2/filemanagerhelper.go:845.3,845.29 1 1
MikeAustin71/pathfileopsgo/pathfileops/v2/filemanagerhelper.go:850.3,850.32 1 1
MikeAustin71/pathfileopsgo/pathfileops/v2/filemanagerhelper.go:855.3,860.17 3 1
MikeAustin71/pathfileopsgo/pathfileops/v2/filemanagerhelper.go:867.3,869.17 2 1
MikeAustin71/pathfileopsgo/pathfileops/v2/filemanagerhelper.go:880.3,882.17 2 1
MikeAustin71/pathfileopsgo/pathfileops/v2/filemanagerhelper.go:895.3,899.17 3 1
MikeAustin71/pathfileopsgo/pathfileops/v2/filemanagerhelper.go:908.3,910.17 2 1
MikeAustin71/pathfileopsgo/pathfileops/v2/filemanagerhelper.go:918.3,922.17 3 1
MikeAustin71/pathfileopsgo/pathfileops/v2/filemanagerhelper.go:930.3,932.20 2 1
MikeAustin71/pathfileopsgo/pathfileops/v2/filemanagerhelper.go:936.3,943.17 2 1
MikeAustin71/pathfileopsgo/pathfileops/v2/filemanagerhelper.go:950.3,950.31 1 1
MikeAustin71/pathfileopsgo/pathfileops/v2/filemanagerhelper.go:957.3,959.33 2 1
MikeAustin71/pathfileopsgo/pathfileops/v2/filemanagerhelper.go:971.3,971.52 1 1
MikeAustin71/pathfileopsgo/pathfileops/v2/filemanagerhelper.go:983.3,983.13 1 1
MikeAustin71/pathfileopsgo/pathfileops/v2/filemanagerhelper.go:826.24,829.4 1 0
MikeAustin71/pathfileopsgo/pathfileops/v2/filemanagerhelper.go:829.9,831.4 1 1
MikeAustin71/pathfileopsgo/pathfileops/v2/filemanagerhelper.go:833.21,837.4 1 0
MikeAustin71/pathfileopsgo/pathfileops/v2/filemanagerhelper.go:839.22,843.4 1 0
MikeAustin71/pathfileopsgo/pathfileops/v2/filemanagerhelper.go:845.29,848.4 1 1
MikeAustin71/pathfileopsgo/pathfileops/v2/filemanagerhelper.go:850.32,853.4 1 1
MikeAustin71/pathfileopsgo/pathfileops/v2/filemanagerhelper.go:860.17,865.4 1 0
MikeAustin71/pathfileopsgo/pathfileops/v2/filemanagerhelper.go:869.17,878.4 2 0
MikeAustin71/pathfileopsgo/pathfileops/v2/filemanagerhelper.go:882.17,893.4 3 0
MikeAustin71/pathfileopsgo/pathfileops/v2/filemanagerhelper.go:899.17,906.4 1 0
MikeAustin71/pathfileopsgo/pathfileops/v2/filemanagerhelper.go:910.17,916.4 1 0
MikeAustin71/pathfileopsgo/pathfileops/v2/filemanagerhelper.go:922.17,928.4 1 0
MikeAustin71/pathfileopsgo/pathfileops/v2/filemanagerhelper.go:932.20,934.4 1 0
MikeAustin71/pathfileopsgo/pathfileops/v2/filemanagerhelper.go:943.17,948.4 1 0
MikeAustin71/pathfileopsgo/pathfileops/v2/filemanagerhelper.go:950.31,955.4 1 0
MikeAustin71/pathfileopsgo/pathfileops/v2/filemanagerhelper.go:959.33,969.4 2 0
MikeAustin71/pathfileopsgo/pathfileops/v2/filemanagerhelper.go:971.52,981.4 2 0
MikeAustin71/pathfileopsgo/pathfileops/v2/filemanagerhelper.go:1010.31,1014.24 2 1
MikeAustin71/pathfileopsgo/pathfileops/v2/filemanagerhelper.go:1021.3,1021.21 1 1
MikeAustin71/pathfileopsgo/pathfileops/v2/filemanagerhelper.go:1027.3,1027.22 1 1
MikeAustin71/pathfileopsgo/pathfileops/v2/filemanagerhelper.go:1033.3,1038.17 3 1
MikeAustin71/pathfileopsgo/pathfileops/v2/filemanagerhelper.go:1045.3,1047.17 2 1
MikeAustin71/pathfileopsgo/pathfileops/v2/filemanagerhelper.go:1058.3,1060.26 2 1
MikeAustin71/pathfileopsgo/pathfileops/v2/filemanagerhelper.go:1064.3,1066.17 2 1
MikeAustin71/pathfileopsgo/pathfileops/v2/filemanagerhelper.go:1080.3,1084.17 3 1
MikeAustin71/pathfileopsgo/pathfileops/v2/filemanagerhelper.go:1093.3,1097.17 3 1
MikeAustin71/pathfileopsgo/pathfileops/v2/filemanagerhelper.go:1105.3,1109.17 3 1
MikeAustin71/pathfileopsgo/pathfileops/v2/filemanagerhelper.go:1117.3,1119.20 2 1
MikeAustin71/pathfileopsgo/pathfileops/v2/filemanagerhelper.go:1123.3,1130.17 2 1
MikeAustin71/pathfileopsgo/pathfileops/v2/filemanagerhelper.go:1137.3,1137.31 1 1
MikeAustin71/pathfileopsgo/pathfileops/v2/filemanagerhelper.go:1144.3,1146.33 2 1
MikeAustin71/pathfileopsgo/pathfileops/v2/filemanagerhelper.go:1158.3,1158.52 1 1
MikeAustin71/pathfileopsgo/pathfileops/v2/filemanagerhelper.go:1170.3,1170.13 1 1
MikeAustin71/pathfileopsgo/pathfileops/v2/filemanagerhelper.go:1014.24,1017.4 1 0
MikeAustin71/pathfileopsgo/pathfileops/v2/filemanagerhelper.go:1017.9,1019.4 1 1
MikeAustin71/pathfileopsgo/pathfileops/v2/filemanagerhelper.go:1021.21,1025.4 1 0
MikeAustin71/pathfileopsgo/pathfileops/v2/filemanagerhelper.go:1027.22,1031.4 1 0
MikeAustin71/pathfileopsgo/pathfileops/v2/filemanagerhelper.go:1038.17,1043.4 1 0
MikeAustin71/pathfileopsgo/pathfileops/v2/filemanagerhelper.go:1047.17,1056.4 2 0
MikeAustin71/pathfileopsgo/pathfileops/v2/filemanagerhelper.go:1060.26,1062.4 1 1
MikeAustin71/pathfileopsgo/pathfileops/v2/filemanagerhelper.go:1066.17,1078.4 4 0
MikeAustin71/pathfileopsgo/pathfileops/v2/filemanagerhelper.go:1084.17,1091.4 1 0
MikeAustin71/pathfileopsgo/pathfileops/v2/filemanagerhelper.go:1097.17,1103.4 1 0
MikeAustin71/pathfileopsgo/pathfileops/v2/filemanagerhelper.go:1109.17,1115.4 1 0
MikeAustin71/pathfileopsgo/pathfileops/v2/filemanagerhelper.go:1119.20,1121.4 1 0
MikeAustin71/pathfileopsgo/pathfileops/v2/filemanagerhelper.go:1130.17,1135.4 1 0
MikeAustin71/pathfileopsgo/pathfileops/v2/filemanagerhelper.go:1137.31,1142.4 1 0
MikeAustin71/pathfileopsgo/pathfileops/v2/filemanagerhelper.go:1146.33,1156.4 2 0
MikeAustin71/pathfileopsgo/pathfileops/v2/filemanagerhelper.go:1158.52,1168.4 2 0
MikeAustin71/pathfileopsgo/pathfileops/v2/filemanagerhelper.go:1201.31,1204.24 2 1
MikeAustin71/pathfileopsgo/pathfileops/v2/filemanagerhelper.go:1211.3,1211.21 1 1
MikeAustin71/pathfileopsgo/pathfileops/v2/filemanagerhelper.go:1217.3,1217.22 1 1
MikeAustin71/pathfileopsgo/pathfileops/v2/filemanagerhelper.go:1223.3,1227.17 2 1
MikeAustin71/pathfileopsgo/pathfileops/v2/filemanagerhelper.go:1240.3,1247.17 2 1
MikeAustin71/pathfileopsgo/pathfileops/v2/filemanagerhelper.go:1254.3,1254.32 1 1
MikeAustin71/pathfileopsgo/pathfileops/v2/filemanagerhelper.go:1261.3,1261.13 1 1
MikeAustin71/pathfileopsgo/pathfileops/v2/filemanagerhelper.go:1204.24,1207.4 1 0
MikeAustin71/pathfileopsgo/pathfileops/v2/filemanagerhelper.go:1207.9,1209.4 1 1
MikeAustin71/pathfileopsgo/pathfileops/v2/filemanagerhelper.go:1211.21,1215.4 1 0
MikeAustin71/pathfileopsgo/pathfileops/v2/filemanagerhelper.go:1217.22,1221.4 1 0
MikeAustin71/pathfileopsgo/pathfileops/v2/filemanagerhelper.go:1227.17,1238.4 1 0
MikeAustin71/pathfileopsgo/pathfileops/v2/filemanagerhelper.go:1247.17,1252.4 1 0
MikeAustin71/pathfileopsgo/pathfileops/v2/filemanagerhelper.go:1254.32,1259.4 1 0
MikeAustin71/pathfileopsgo/pathfileops/v2/filemanagerhelper.go:1277.27,1281.24 2 1
MikeAustin71/pathfileopsgo/pathfileops/v2/filemanagerhelper.go:1288.3,1288.18 1 1
MikeAustin71/pathfileopsgo/pathfileops/v2/filemanagerhelper.go:1294.3,1297.26 3 1
MikeAustin71/pathfileopsgo/pathfileops/v2/filemanagerhelper.go:1311.3,1313.18 2 1
MikeAustin71/pathfileopsgo/pathfileops/v2/filemanagerhelper.go:1317.3,1317.26 1 1
MikeAustin71/pathfileopsgo/pathfileops/v2/filemanagerhelper.go:1329.3,1337.42 8 1
MikeAustin71/pathfileopsgo/pathfileops/v2/filemanagerhelper.go:1281.24,1284.4 1 0
MikeAustin71/pathfileopsgo/pathfileops/v2/filemanagerhelper.go:1284.9,1286.4 1 1
MikeAustin71/pathfileopsgo/pathfileops/v2/filemanagerhelper.go:1288.18,1292.4 1 0
MikeAustin71/pathfileopsgo/pathfileops/v2/filemanagerhelper.go:1297.26,1308.4 7 1
MikeAustin71/pathfileopsgo/pathfileops/v2/filemanagerhelper.go:1313.18,1315.4 1 0
MikeAustin71/pathfileopsgo/pathfileops/v2/filemanagerhelper.go:1317.26,1321.20 2 1
MikeAustin71/pathfileopsgo/pathfileops/v2/filemanagerhelper.go:1321.20,1326.6 2 0
MikeAustin71/pathfileopsgo/pathfileops/v2/filemanagerhelper.go:1349.33,1353.24 2 1
MikeAustin71/pathfileopsgo/pathfileops/v2/filemanagerhelper.go:1360.3,1360.24 1 1
MikeAustin71/pathfileopsgo/pathfileops/v2/filemanagerhelper.go:1365.3,1367.26 2 1
MikeAustin71/pathfileopsgo/pathfileops/v2/filemanagerhelper.go:1389.3,1389.13 1 0
MikeAustin71/pathfileopsgo/pathfileops/v2/filemanagerhelper.go:1353.24,1356.4 1 0
MikeAustin71/pathfileopsgo/pathfileops/v2/filemanagerhelper.go:1356.9,1358.4 1 1
MikeAustin71/pathfileopsgo/pathfileops/v2/filemanagerhelper.go:1360.24,1363.4 1 0
MikeAustin71/pathfileopsgo/pathfileops/v2/filemanagerhelper.go:1367.26,1371.20 2 1
MikeAustin71/pathfileopsgo/pathfileops/v2/filemanagerhelper.go:1386.5,1386.38 1 0
MikeAustin71/pathfileopsgo/pathfileops/v2/filemanagerhelper.go:1371.20,1381.6 1 0
MikeAustin71/pathfileopsgo/pathfileops/v2/filemanagerhelper.go:1381.11,1384.6 1 1
MikeAustin71/pathfileopsgo/pathfileops/v2/filemanagerhelper.go:1408.41,1416.24 5 1
MikeAustin71/pathfileopsgo/pathfileops/v2/filemanagerhelper.go:1422.3,1422.34 1 1
MikeAustin71/pathfileopsgo/pathfileops/v2/filemanagerhelper.go:1426.3,1426.35 1 1
MikeAustin71/pathfileopsgo/pathfileops/v2/filemanagerhelper.go:1430.3,1437.18 4 1
MikeAustin71/pathfileopsgo/pathfileops/v2/filemanagerhelper.go:1445.3,1452.26 4 1
MikeAustin71/pathfileopsgo/pathfileops/v2/filemanagerhelper.go:1510.3,1510.43 1 0
MikeAustin71/pathfileopsgo/pathfileops/v2/filemanagerhelper.go:1416.24,1418.4 1 0
MikeAustin71/pathfileopsgo/pathfileops/v2/filemanagerhelper.go:1418.9,1420.4 1 1
MikeAustin71/pathfileopsgo/pathfileops/v2/filemanagerhelper.go:1422.34,1424.4 1 0
MikeAustin71/pathfileopsgo/pathfileops/v2/filemanagerhelper.go:1426.35,1428.4 1 0
MikeAustin71/pathfileopsgo/pathfileops/v2/filemanagerhelper.go:1437.18,1443.4 2 0
MikeAustin71/pathfileopsgo/pathfileops/v2/filemanagerhelper.go:1452.26,1460.20 5 1
MikeAustin71/pathfileopsgo/pathfileops/v2/filemanagerhelper.go:1507.5,1507.38 1 0
MikeAustin71/pathfileopsgo/pathfileops/v2/filemanagerhelper.go:1460.20,1462.30 1 1
MikeAustin71/pathfileopsgo/pathfileops/v2/filemanagerhelper.go:1472.7,1476.32 3 0
MikeAustin71/pathfileopsgo/pathfileops/v2/filemanagerhelper.go:1462.30,1468.8 4 1
MikeAustin71/pathfileopsgo/pathfileops/v2/filemanagerhelper.go:1478.11,1484.22 3 1
MikeAustin71/pathfileopsgo/pathfileops/v2/filemanagerhelper.go:1504.7,1504.47 1 1
MikeAustin71/pathfileopsgo/pathfileops/v2/filemanagerhelper.go:1484.22,1490.8 1 0
MikeAustin71/pathfileopsgo/pathfileops/v2/filemanagerhelper.go:1490.13,1496.24 2 1
MikeAustin71/pathfileopsgo/pathfileops/v2/filemanagerhelper.go:1496.24,1501.10 2 0
MikeAustin71/pathfileopsgo/pathfileops/v2/filemanagerhelper.go:1522.25,1526.24 2 1
MikeAustin71/pathfileopsgo/pathfileops/v2/filemanagerhelper.go:1533.3,1533.18 1 1
MikeAustin71/pathfileopsgo/pathfileops/v2/filemanagerhelper.go:1538.3,1540.17 2 1
MikeAustin71/pathfileopsgo/pathfileops/v2/filemanagerhelper.go:1546.3,1549.17 2 1
MikeAustin71/pathfileopsgo/pathfileops/v2/filemanagerhelper.go:1555.3,1559.18 3 1
MikeAustin71/pathfileopsgo/pathfileops/v2/filemanagerhelper.go:1564.3,1570.17 2 1
MikeAustin71/pathfileopsgo/pathfileops/v2/filemanagerhelper.go:1586.3,1586.26 1 1
MikeAustin71/pathfileopsgo/pathfileops/v2/filemanagerhelper.go:1593.3,1595.45 2 1
MikeAustin71/pathfileopsgo/pathfileops/v2/filemanagerhelper.go:1614.3,1614.45 1 1
MikeAustin71/pathfileopsgo/pathfileops/v2/filemanagerhelper.go:1625.3,1625.44 1 1
MikeAustin71/pathfileopsgo/pathfileops/v2/filemanagerhelper.go:1636.3,1636.13 1 1
MikeAustin71/pathfileopsgo/pathfileops/v2/filemanagerhelper.go:1526.24,1529.4 1 0
MikeAustin71/pathfileopsgo/pathfileops/v2/filemanagerhelper.go:1529.9,1531.4 1 1
MikeAustin71/pathfileopsgo/pathfileops/v2/filemanagerhelper.go:1533.18,1536.4 1 0
MikeAustin71/pathfileopsgo/pathfileops/v2/filemanagerhelper.go:1540.17,1544.4 1 0
MikeAustin71/pathfileopsgo/pathfileops/v2/filemanagerhelper.go:1549.17,1553.4 2 0
MikeAustin71/pathfileopsgo/pathfileops/v2/filemanagerhelper.go:1559.18,1562.4 1 0
MikeAustin71/pathfileopsgo/pathfileops/v2/filemanagerhelper.go:1570.17,1584.4 8 0
MikeAustin71/pathfileopsgo/pathfileops/v2/filemanagerhelper.go:1586.26,1591.4 1 0
MikeAustin71/pathfileopsgo/pathfileops/v2/filemanagerhelper.go:1595.45,1597.34 1 1
MikeAustin71/pathfileopsgo/pathfileops/v2/filemanagerhelper.go:1605.5,1605.31 1 1
MikeAustin71/pathfileopsgo/pathfileops/v2/filemanagerhelper.go:1597.34,1598.37 1 1
MikeAustin71/pathfileopsgo/pathfileops/v2/filemanagerhelper.go:1598.37,1600.8 1 0
MikeAustin71/pathfileopsgo/pathfileops/v2/filemanagerhelper.go:1600.13,1602.8 1 1
MikeAustin71/pathfileopsgo/pathfileops/v2/filemanagerhelper.go:1605.31,1606.34 1 1
MikeAustin71/pathfileopsgo/pathfileops/v2/filemanagerhelper.go:1606.34,1608.8 1 1
MikeAustin71/pathfileopsgo/pathfileops/v2/filemanagerhelper.go:1608.13,1610.8 1 1
MikeAustin71/pathfileopsgo/pathfileops/v2/filemanagerhelper.go:1614.45,1616.34 1 1
MikeAustin71/pathfileopsgo/pathfileops/v2/filemanagerhelper.go:1616.34,1617.37 1 1
MikeAustin71/pathfileopsgo/pathfileops/v2/filemanagerhelper.go:1617.37,1619.8 1 0
MikeAustin71/pathfileopsgo/pathfileops/v2/filemanagerhelper.go:1619.13,1621.8 1 1
MikeAustin71/pathfileopsgo/pathfileops/v2/filemanagerhelper.go:1625.44,1627.31 1 1
MikeAustin71/pathfileopsgo/pathfileops/v2/filemanagerhelper.go:1627.31,1628.34 1 1
MikeAustin71/pathfileopsgo/pathfileops/v2/filemanagerhelper.go:1628.34,1630.8 1 0
MikeAustin71/pathfileopsgo/pathfileops/v2/filemanagerhelper.go:1630.13,1632.8 1 1
MikeAustin71/pathfileopsgo/pathfileops/v2/filemanagerhelper.go:1650.25,1654.24 2 1
MikeAustin71/pathfileopsgo/pathfileops/v2/filemanagerhelper.go:1661.3,1661.18 1 1
MikeAustin71/pathfileopsgo/pathfileops/v2/filemanagerhelper.go:1666.3,1666.24 1 1
MikeAustin71/pathfileopsgo/pathfileops/v2/filemanagerhelper.go:1671.3,1681.17 4 1
MikeAustin71/pathfileopsgo/pathfileops/v2/filemanagerhelper.go:1685.3,1687.17 2 1
MikeAustin71/pathfileopsgo/pathfileops/v2/filemanagerhelper.go:1691.3,1691.31 1 1
MikeAustin71/pathfileopsgo/pathfileops/v2/filemanagerhelper.go:1698.3,1698.41 1 1
MikeAustin71/pathfileopsgo/pathfileops/v2/filemanagerhelper.go:1705.3,1705.46 1 1
MikeAustin71/pathfileopsgo/pathfileops/v2/filemanagerhelper.go:1712.3,1719.17 2 1
MikeAustin71/pathfileopsgo/pathfileops/v2/filemanagerhelper.go:1723.3,1725.17 2 1
MikeAustin71/pathfileopsgo/pathfileops/v2/filemanagerhelper.go:1729.3,1729.31 1 1
MikeAustin71/pathfileopsgo/pathfileops/v2/filemanagerhelper.go:1754.3,1756.17 2 1
MikeAustin71/pathfileopsgo/pathfileops/v2/filemanagerhelper.go:1760.3,1762.17 2 1
MikeAustin71/pathfileopsgo/pathfileops/v2/filemanagerhelper.go:1767.3,1769.17 2 1
MikeAustin71/pathfileopsgo/pathfileops/v2/filemanagerhelper.go:1780.3,1782.17 2 1
MikeAustin71/pathfileopsgo/pathfileops/v2/filemanagerhelper.go:1793.3,1797.17 3 1
MikeAustin71/pathfileopsgo/pathfileops/v2/filemanagerhelper.go:1811.3,1815.17 3 1
MikeAustin71/pathfileopsgo/pathfileops/v2/filemanagerhelper.go:1823.3,1825.17 2 1
MikeAustin71/pathfileopsgo/pathfileops/v2/filemanagerhelper.go:1829.3,1831.17 2 1
MikeAustin71/pathfileopsgo/pathfileops/v2/filemanagerhelper.go:1835.3,1835.33 1 1
MikeAustin71/pathfileopsgo/pathfileops/v2/filemanagerhelper.go:1848.3,1848.20 1 1
MikeAustin71/pathfileopsgo/pathfileops/v2/filemanagerhelper.go:1852.3,1854.17 2 1
MikeAustin71/pathfileopsgo/pathfileops/v2/filemanagerhelper.go:1858.3,1865.17 2 1
MikeAustin71/pathfileopsgo/pathfileops/v2/filemanagerhelper.go:1869.3,1871.30 2 1
MikeAustin71/pathfileopsgo/pathfileops/v2/filemanagerhelper.go:1879.3,1886.17 2 1
MikeAustin71/pathfileopsgo/pathfileops/v2/filemanagerhelper.go:1891.3,1891.31 1 1
MikeAustin71/pathfileopsgo/pathfileops/v2/filemanagerhelper.go:1899.3,1899.42 1 1
MikeAustin71/pathfileopsgo/pathfileops/v2/filemanagerhelper.go:1654.24,1657.4 1 0
MikeAustin71/pathfileopsgo/pathfileops/v2/filemanagerhelper.go:1657.9,1659.4 1 1
MikeAustin71/pathfileopsgo/pathfileops/v2/filemanagerhelper.go:1661.18,1664.4 1 0
MikeAustin71/pathfileopsgo/pathfileops/v2/filemanagerhelper.go:1666.24,1669.4 1 0
MikeAustin71/pathfileopsgo/pathfileops/v2/filemanagerhelper.go:1681.17,1683.4 1 1
MikeAustin71/pathfileopsgo/pathfileops/v2/filemanagerhelper.go:1687.17,1689.4 1 0
MikeAustin71/pathfileopsgo/pathfileops/v2/filemanagerhelper.go:1691.31,1696.4 1 1
MikeAustin71/pathfileopsgo/pathfileops/v2/filemanagerhelper.go:1698.41,1703.4 1 0
MikeAustin71/pathfileopsgo/pathfileops/v2/filemanagerhelper.go:1705.46,1710.4 1 0
MikeAustin71/pathfileopsgo/pathfileops/v2/filemanagerhelper.go:1719.17,1721.4 1 0
MikeAustin71/pathfileopsgo/pathfileops/v2/filemanagerhelper.go:1725.17,1727.4 1 0
MikeAustin71/pathfileopsgo/pathfileops/v2/filemanagerhelper.go:1729.31,1733.19 2 1
MikeAustin71/pathfileopsgo/pathfileops/v2/filemanagerhelper.go:1733.19,1741.6 1 0
MikeAustin71/pathfileopsgo/pathfileops/v2/filemanagerhelper.go:1743.9,1747.19 2 0
MikeAustin71/pathfileopsgo/pathfileops/v2/filemanagerhelper.go:1747.19,1749.6 1 0
MikeAustin71/pathfileopsgo/pathfileops/v2/filemanagerhelper.go:1756.17,1758.4 1 0
MikeAustin71/pathfileopsgo/pathfileops/v2/filemanagerhelper.go:1762.17,1764.4 1 0
MikeAustin71/pathfileopsgo/pathfileops/v2/filemanagerhelper.go:1769.17,1775.4 1 0
MikeAustin71/pathfileopsgo/pathfileops/v2/filemanagerhelper.go:1782.17,1791.4 2 0
MikeAustin71/pathfileopsgo/pathfileops/v2/filemanagerhelper.go:1797.17,1809.4 3 0
MikeAustin71/pathfileopsgo/pathfileops/v2/filemanagerhelper.go:1815.17,1821.4 1 0
MikeAustin71/pathfileopsgo/pathfileops/v2/filemanagerhelper.go:1825.17,1827.4 1 0
MikeAustin71/pathfileopsgo/pathfileops/v2/filemanagerhelper.go:1831.17,1833.4 1 0
MikeAustin71/pathfileopsgo/pathfileops/v2/filemanagerhelper.go:1835.33,1846.4 2 0
MikeAustin71/pathfileopsgo/pathfileops/v2/filemanagerhelper.go:1848.20,1850.4 1 0
MikeAustin71/pathfileopsgo/pathfileops/v2/filemanagerhelper.go:1854.17,1856.4 1 0
MikeAustin71/pathfileopsgo/pathfileops/v2/filemanagerhelper.go:1865.17,1867.4 1 0
MikeAustin71/pathfileopsgo/pathfileops/v2/filemanagerhelper.go:1871.30,1877.4 2 0
MikeAustin71/pathfileopsgo/pathfileops/v2/filemanagerhelper.go:1886.17,1889.4 2 0
MikeAustin71/pathfileopsgo/pathfileops/v2/filemanagerhelper.go:1891.31,1897.4 2 0
MikeAustin71/pathfileopsgo/pathfileops/v2/filemanagerhelper.go:1922.25,1928.24 4 1
MikeAustin71/pathfileopsgo/pathfileops/v2/filemanagerhelper.go:1935.3,1935.18 1 1
MikeAustin71/pathfileopsgo/pathfileops/v2/filemanagerhelper.go:1940.3,1942.17 2 1
MikeAustin71/pathfileopsgo/pathfileops/v2/filemanagerhelper.go:1948.3,1955.17 2 1
MikeAustin71/pathfileopsgo/pathfileops/v2/filemanagerhelper.go:1959.3,1962.17 2 1
MikeAustin71/pathfileopsgo/pathfileops/v2/filemanagerhelper.go:1969.3,1969.52 1 1
MikeAustin71/pathfileopsgo/pathfileops/v2/filemanagerhelper.go:1987.3,1987.43 1 1
MikeAustin71/pathfileopsgo/pathfileops/v2/filemanagerhelper.go:2010.3,2012.17 2 1
MikeAustin71/pathfileopsgo/pathfileops/v2/filemanagerhelper.go:2017.3,2020.13 1 1
MikeAustin71/pathfileopsgo/pathfileops/v2/filemanagerhelper.go:1928.24,1931.4 1 0
MikeAustin71/pathfileopsgo/pathfileops/v2/filemanagerhelper.go:1931.9,1933.4 1 1
MikeAustin71/pathfileopsgo/pathfileops/v2/filemanagerhelper.go:1935.18,1938.4 1 0
MikeAustin71/pathfileopsgo/pathfileops/v2/filemanagerhelper.go:1942.17,1946.4 1 1
MikeAustin71/pathfileopsgo/pathfileops/v2/filemanagerhelper.go:1955.17,1957.4 1 1
MikeAustin71/pathfileopsgo/pathfileops/v2/filemanagerhelper.go:1962.17,1967.4 1 0
MikeAustin71/pathfileopsgo/pathfileops/v2/filemanagerhelper.go:1969.52,1973.19 2 0
MikeAustin71/pathfileopsgo/pathfileops/v2/filemanagerhelper.go:1973.19,1978.6 1 0
MikeAustin71/pathfileopsgo/pathfileops/v2/filemanagerhelper.go:1980.9,1980.60 1 1
MikeAustin71/pathfileopsgo/pathfileops/v2/filemanagerhelper.go:1980.60,1985.4 1 0
MikeAustin71/pathfileopsgo/pathfileops/v2/filemanagerhelper.go:1987.43,1993.4 1 1
MikeAustin71/pathfileopsgo/pathfileops/v2/filemanagerhelper.go:1993.9,1993.49 1 1
MikeAustin71/pathfileopsgo/pathfileops/v2/filemanagerhelper.go:1993.49,1997.19 2 1
MikeAustin71/pathfileopsgo/pathfileops/v2/filemanagerhelper.go:2001.5,2003.19 2 1
MikeAustin71/pathfileopsgo/pathfileops/v2/filemanagerhelper.go:1997.19,1999.6 1 0
MikeAustin71/pathfileopsgo/pathfileops/v2/filemanagerhelper.go:2003.19,2005.6 1 0
MikeAustin71/pathfileopsgo/pathfileops/v2/filemanagerhelper.go:2012.17,2014.4 1 0
MikeAustin71/pathfileopsgo/pathfileops/v2/filemanagerhelper.go:2031.25,2037.24 4 1
MikeAustin71/pathfileopsgo/pathfileops/v2/filemanagerhelper.go:2044.3,2044.18 1 1
MikeAustin71/pathfileopsgo/pathfileops/v2/filemanagerhelper.go:2049.3,2051.17 2 1
MikeAustin71/pathfileopsgo/pathfileops/v2/filemanagerhelper.go:2057.3,2059.17 2 1
MikeAustin71/pathfileopsgo/pathfileops/v2/filemanagerhelper.go:2065.3,2066.46 1 1
MikeAustin71/pathfileopsgo/pathfileops/v2/filemanagerhelper.go:2075.3,2082.17 2 1
MikeAustin71/pathfileopsgo/pathfileops/v2/filemanagerhelper.go:2086.3,2089.17 2 1
MikeAustin71/pathfileopsgo/pathfileops/v2/filemanagerhelper.go:2096.3,2096.46 1 1
MikeAustin71/pathfileopsgo/pathfileops/v2/filemanagerhelper.go:2114.3,2114.25 1 1
MikeAustin71/pathfileopsgo/pathfileops/v2/filemanagerhelper.go:2141.3,2145.18 3 1
MikeAustin71/pathfileopsgo/pathfileops/v2/filemanagerhelper.go:2153.3,2156.17 1 1
MikeAustin71/pathfileopsgo/pathfileops/v2/filemanagerhelper.go:2173.3,2173.29 1 1
MikeAustin71/pathfileopsgo/pathfileops/v2/filemanagerhelper.go:2179.3,2179.13 1 1
MikeAustin71/pathfileopsgo/pathfileops/v2/filemanagerhelper.go:2037.24,2040.4 1 0
MikeAustin71/pathfileopsgo/pathfileops/v2/filemanagerhelper.go:2040.9,2042.4 1 1
MikeAustin71/pathfileopsgo/pathfileops/v2/filemanagerhelper.go:2044.18,2047.4 1 0
MikeAustin71/pathfileopsgo/pathfileops/v2/filemanagerhelper.go:2051.17,2055.4 1 0
MikeAustin71/pathfileopsgo/pathfileops/v2/filemanagerhelper.go:2059.17,2063.4 1 0
MikeAustin71/pathfileopsgo/pathfileops/v2/filemanagerhelper.go:2066.46,2073.4 1 0
MikeAustin71/pathfileopsgo/pathfileops/v2/filemanagerhelper.go:2082.17,2084.4 1 1
MikeAustin71/pathfileopsgo/pathfileops/v2/filemanagerhelper.go:2089.17,2094.4 1 0
MikeAustin71/pathfileopsgo/pathfileops/v2/filemanagerhelper.go:2096.46,2100.19 2 0
MikeAustin71/pathfileopsgo/pathfileops/v2/filemanagerhelper.go:2100.19,2105.6 1 0
MikeAustin71/pathfileopsgo/pathfileops/v2/filemanagerhelper.go:2107.9,2107.54 1 1
MikeAustin71/pathfileopsgo/pathfileops/v2/filemanagerhelper.go:2107.54,2112.4 1 0
MikeAustin71/pathfileopsgo/pathfileops/v2/filemanagerhelper.go:2114.25,2118.19 2 0
MikeAustin71/pathfileopsgo/pathfileops/v2/filemanagerhelper.go:2122.5,2124.19 2 0
MikeAustin71/pathfileopsgo/pathfileops/v2/filemanagerhelper.go:2128.5,2130.19 2 0
MikeAustin71/pathfileopsgo/pathfileops/v2/filemanagerhelper.go:2134.5,2136.19 2 0
MikeAustin71/pathfileopsgo/pathfileops/v2/filemanagerhelper.go:2118.19,2120.6 1 0
MikeAustin71/pathfileopsgo/pathfileops/v2/filemanagerhelper.go:2124.19,2126.6 1 0
MikeAustin71/pathfileopsgo/pathfileops/v2/filemanagerhelper.go:2130.19,2132.6 1 0
MikeAustin71/pathfileopsgo/pathfileops/v2/filemanagerhelper.go:2136.19,2138.6 1 0
MikeAustin71/pathfileopsgo/pathfileops/v2/filemanagerhelper.go:2145.18,2147.45 1 1
MikeAustin71/pathfileopsgo/pathfileops/v2/filemanagerhelper.go:2147.45,2150.6 1 1
MikeAustin71/pathfileopsgo/pathfileops/v2/filemanagerhelper.go:2156.17,2160.19 2 1
MikeAustin71/pathfileopsgo/pathfileops/v2/filemanagerhelper.go:2166.5,2168.19 2 1
MikeAustin71/pathfileopsgo/pathfileops/v2/filemanagerhelper.go:2160.19,2162.6 1 0
MikeAustin71/pathfileopsgo/pathfileops/v2/filemanagerhelper.go:2168.19,2170.6 1 0
MikeAustin71/pathfileopsgo/pathfileops/v2/filemanagerhelper.go:2173.29,2177.4 2 0
MikeAustin71/pathfileopsgo/pathfileops/v2/filemanagerhelper.go:2190.45,2194.24 2 1
MikeAustin71/pathfileopsgo/pathfileops/v2/filemanagerhelper.go:2201.3,2204.18 3 1
MikeAustin71/pathfileopsgo/pathfileops/v2/filemanagerhelper.go:2210.3,2212.18 2 1
MikeAustin71/pathfileopsgo/pathfileops/v2/filemanagerhelper.go:2220.3,2224.20 3 1
MikeAustin71/pathfileopsgo/pathfileops/v2/filemanagerhelper.go:2230.3,2230.20 1 1
MikeAustin71/pathfileopsgo/pathfileops/v2/filemanagerhelper.go:2236.3,2241.18 2 1
MikeAustin71/pathfileopsgo/pathfileops/v2/filemanagerhelper.go:2249.3,2249.22 1 1
MikeAustin71/pathfileopsgo/pathfileops/v2/filemanagerhelper.go:2256.3,2258.17 2 1
MikeAustin71/pathfileopsgo/pathfileops/v2/filemanagerhelper.go:2262.3,2266.18 3 1
MikeAustin71/pathfileopsgo/pathfileops/v2/filemanagerhelper.go:2276.3,2276.19 1 1
MikeAustin71/pathfileopsgo/pathfileops/v2/filemanagerhelper.go:2286.3,2291.18 4 1
MikeAustin71/pathfileopsgo/pathfileops/v2/filemanagerhelper.go:2303.3,2303.18 1 1
MikeAustin71/pathfileopsgo/pathfileops/v2/filemanagerhelper.go:2308.3,2308.31 1 1
MikeAustin71/pathfileopsgo/pathfileops/v2/filemanagerhelper.go:2313.3,2314.17 2 1
MikeAustin71/pathfileopsgo/pathfileops/v2/filemanagerhelper.go:2326.3,2328.17 2 1
MikeAustin71/pathfileopsgo/pathfileops/v2/filemanagerhelper.go:2338.3,2350.47 3 1
MikeAustin71/pathfileopsgo/pathfileops/v2/filemanagerhelper.go:2372.3,2377.22 4 1
MikeAustin71/pathfileopsgo/pathfileops/v2/filemanagerhelper.go:2194.24,2197.4 1 0
MikeAustin71/pathfileopsgo/pathfileops/v2/filemanagerhelper.go:2197.9,2199.4 1 1
MikeAustin71/pathfileopsgo/pathfileops/v2/filemanagerhelper.go:2204.18,2208.4 2 0
MikeAustin71/pathfileopsgo/pathfileops/v2/filemanagerhelper.go:2212.18,2218.4 2 1
MikeAustin71/pathfileopsgo/pathfileops/v2/filemanagerhelper.go:2224.20,2228.4 2 1
MikeAustin71/pathfileopsgo/pathfileops/v2/filemanagerhelper.go:2230.20,2234.4 2 1
MikeAustin71/pathfileopsgo/pathfileops/v2/filemanagerhelper.go:2241.18,2247.4 2 1
MikeAustin71/pathfileopsgo/pathfileops/v2/filemanagerhelper.go:2249.22,2254.4 2 0
MikeAustin71/pathfileopsgo/pathfileops/v2/filemanagerhelper.go:2258.17,2260.4 1 0
MikeAustin71/pathfileopsgo/pathfileops/v2/filemanagerhelper.go:2266.18,2274.4 4 0
MikeAustin71/pathfileopsgo/pathfileops/v2/filemanagerhelper.go:2276.19,2284.4 4 0
MikeAustin71/pathfileopsgo/pathfileops/v2/filemanagerhelper.go:2291.18,2301.4 4 0
MikeAustin71/pathfileopsgo/pathfileops/v2/filemanagerhelper.go:2303.18,2306.4 2 1
MikeAustin71/pathfileopsgo/pathfileops/v2/filemanagerhelper.go:2308.31,2311.4 2 1
MikeAustin71/pathfileopsgo/pathfileops/v2/filemanagerhelper.go:2314.17,2317.4 1 0
MikeAustin71/pathfileopsgo/pathfileops/v2/filemanagerhelper.go:2317.9,2317.65 1 1
MikeAustin71/pathfileopsgo/pathfileops/v2/filemanagerhelper.go:2317.65,2320.4 1 0
MikeAustin71/pathfileopsgo/pathfileops/v2/filemanagerhelper.go:2320.9,2324.4 1 1
MikeAustin71/pathfileopsgo/pathfileops/v2/filemanagerhelper.go:2328.17,2331.4 1 0
MikeAustin71/pathfileopsgo/pathfileops/v2/filemanagerhelper.go:2331.9,2331.57 1 1
MikeAustin71/pathfileopsgo/pathfileops/v2/filemanagerhelper.go:2331.57,2334.4 1 1
MikeAustin71/pathfileopsgo/pathfileops/v2/filemanagerhelper.go:2334.9,2336.4 1 1
MikeAustin71/pathfileopsgo/pathfileops/v2/filemanagerhelper.go:2350.47,2356.20 4 1
MikeAustin71/pathfileopsgo/pathfileops/v2/filemanagerhelper.go:2356.20,2365.6 4 0
MikeAustin71/pathfileopsgo/pathfileops/v2/filemanagerhelper.go:2367.9,2370.4 2 1
MikeAustin71/pathfileopsgo/pathfileops/v2/filemanagerhelper.go:2386.45,2390.24 2 1
MikeAustin71/pathfileopsgo/pathfileops/v2/filemanagerhelper.go:2397.3,2400.18 3 1
MikeAustin71/pathfileopsgo/pathfileops/v2/filemanagerhelper.go:2406.3,2412.20 4 1
MikeAustin71/pathfileopsgo/pathfileops/v2/filemanagerhelper.go:2418.3,2418.20 1 1
MikeAustin71/pathfileopsgo/pathfileops/v2/filemanagerhelper.go:2424.3,2428.18 3 1
MikeAustin71/pathfileopsgo/pathfileops/v2/filemanagerhelper.go:2436.3,2436.22 1 1
MikeAustin71/pathfileopsgo/pathfileops/v2/filemanagerhelper.go:2445.3,2451.18 4 1
MikeAustin71/pathfileopsgo/pathfileops/v2/filemanagerhelper.go:2468.3,2471.22 2 1
MikeAustin71/pathfileopsgo/pathfileops/v2/filemanagerhelper.go:2390.24,2393.4 1 0
MikeAustin71/pathfileopsgo/pathfileops/v2/filemanagerhelper.go:2393.9,2395.4 1 1
MikeAustin71/pathfileopsgo/pathfileops/v2/filemanagerhelper.go:2400.18,2404.4 2 0
MikeAustin71/pathfileopsgo/pathfileops/v2/filemanagerhelper.go:2412.20,2416.4 2 1
MikeAustin71/pathfileopsgo/pathfileops/v2/filemanagerhelper.go:2418.20,2422.4 2 1
MikeAustin71/pathfileopsgo/pathfileops/v2/filemanagerhelper.go:2428.18,2434.4 2 1
MikeAustin71/pathfileopsgo/pathfileops/v2/filemanagerhelper.go:2436.22,2443.4 2 0
MikeAustin71/pathfileopsgo/pathfileops/v2/filemanagerhelper.go:2451.18,2454.4 1 1
MikeAustin71/pathfileopsgo/pathfileops/v2/filemanagerhelper.go:2454.9,2458.20 2 1
MikeAustin71/pathfileopsgo/pathfileops/v2/filemanagerhelper.go:2458.20,2465.6 2 0
MikeAustin71/pathfileopsgo/pathfileops/v2/filemanagerhelper.go:2482.25,2488.24 4 1
MikeAustin71/pathfileopsgo/pathfileops/v2/filemanagerhelper.go:2495.3,2495.18 1 1
MikeAustin71/pathfileopsgo/pathfileops/v2/filemanagerhelper.go:2500.3,2502.17 2 1
MikeAustin71/pathfileopsgo/pathfileops/v2/filemanagerhelper.go:2508.3,2510.17 2 1
MikeAustin71/pathfileopsgo/pathfileops/v2/filemanagerhelper.go:2516.3,2517.47 1 1
MikeAustin71/pathfileopsgo/pathfileops/v2/filemanagerhelper.go:2526.3,2533.17 2 1
MikeAustin71/pathfileopsgo/pathfileops/v2/filemanagerhelper.go:2537.3,2540.17 2 1
MikeAustin71/pathfileopsgo/pathfileops/v2/filemanagerhelper.go:2547.3,2547.46 1 1
MikeAustin71/pathfileopsgo/pathfileops/v2/filemanagerhelper.go:2565.3,2565.25 1 1
MikeAustin71/pathfileopsgo/pathfileops/v2/filemanagerhelper.go:2592.3,2596.18 3 1
MikeAustin71/pathfileopsgo/pathfileops/v2/filemanagerhelper.go:2604.3,2607.17 1 1
MikeAustin71/pathfileopsgo/pathfileops/v2/filemanagerhelper.go:2624.3,2624.32 1 1
MikeAustin71/pathfileopsgo/pathfileops/v2/filemanagerhelper.go:2630.3,2630.13 1 1
MikeAustin71/pathfileopsgo/pathfileops/v2/filemanagerhelper.go:2488.24,2491.4 1 0
MikeAustin71/pathfileopsgo/pathfileops/v2/filemanagerhelper.go:2491.9,2493.4 1 1
MikeAustin71/pathfileopsgo/pathfileops/v2/filemanagerhelper.go:2495.18,2498.4 1 0
MikeAustin71/pathfileopsgo/pathfileops/v2/filemanagerhelper.go:2502.17,2506.4 1 0
MikeAustin71/pathfileopsgo/pathfileops/v2/filemanagerhelper.go:2510.17,2514.4 1 0
MikeAustin71/pathfileopsgo/pathfileops/v2/filemanagerhelper.go:2517.47,2524.4 1 0
MikeAustin71/pathfileopsgo/pathfileops/v2/filemanagerhelper.go:2533.17,2535.4 1 1
MikeAustin71/pathfileopsgo/pathfileops/v2/filemanagerhelper.go:2540.17,2545.4 1 0
MikeAustin71/pathfileopsgo/pathfileops/v2/filemanagerhelper.go:2547.46,2551.19 2 0
MikeAustin71/pathfileopsgo/pathfileops/v2/filemanagerhelper.go:2551.19,2556.6 1 0
MikeAustin71/pathfileopsgo/pathfileops/v2/filemanagerhelper.go:2558.9,2558.54 1 1
MikeAustin71/pathfileopsgo/pathfileops/v2/filemanagerhelper.go:2558.54,2563.4 1 0
MikeAustin71/pathfileopsgo/pathfileops/v2/filemanagerhelper.go:2565.25,2569.19 2 1
MikeAustin71/pathfileopsgo/pathfileops/v2/filemanagerhelper.go:2573.5,2575.19 2 1
MikeAustin71/pathfileopsgo/pathfileops/v2/filemanagerhelper.go:2579.5,2581.19 2 1
MikeAustin71/pathfileopsgo/pathfileops/v2/filemanagerhelper.go:2585.5,2587.19 2 1
MikeAustin71/pathfileopsgo/pathfileops/v2/filemanagerhelper.go:2569.19,2571.6 1 0
MikeAustin71/pathfileopsgo/pathfileops/v2/filemanagerhelper.go:2575.19,2577.6 1 0
MikeAustin71/pathfileopsgo/pathfileops/v2/filemanagerhelper.go:2581.19,2583.6 1 0
MikeAustin71/pathfileopsgo/pathfileops/v2/filemanagerhelper.go:2587.19,2589.6 1 0
MikeAustin71/pathfileopsgo/pathfileops/v2/filemanagerhelper.go:2596.18,2598.46 1 1
MikeAustin71/pathfileopsgo/pathfileops/v2/filemanagerhelper.go:2598.46,2601.6 1 1
MikeAustin71/pathfileopsgo/pathfileops/v2/filemanagerhelper.go:2607.17,2611.19 2 1
MikeAustin71/pathfileopsgo/pathfileops/v2/filemanagerhelper.go:2617.5,2619.19 2 1
MikeAustin71/pathfileopsgo/pathfileops/v2/filemanagerhelper.go:2611.19,2613.6 1 0
MikeAustin71/pathfileopsgo/pathfileops/v2/filemanagerhelper.go:2619.19,2621.6 1 0
MikeAustin71/pathfileopsgo/pathfileops/v2/filemanagerhelper.go:2624.32,2628.4 2 0
MikeAustin71/pathfileopsgo/pathfileops/v2/preprocesspathcodesenum.go:30.68,32.2 1 1
MikeAustin71/pathfileopsgo/pathfileops/v2/preprocesspathcodesenum.go:36.77,38.2 1 1
MikeAustin71/pathfileopsgo/pathfileops/v2/preprocesspathcodesenum.go:41.76,43.2 1 1
MikeAustin71/pathfileopsgo/pathfileops/v2/preprocesspathcodesenum.go:68.58,72.10 2 1
MikeAustin71/pathfileopsgo/pathfileops/v2/preprocesspathcodesenum.go:76.3,76.15 1 1
MikeAustin71/pathfileopsgo/pathfileops/v2/preprocesspathcodesenum.go:72.10,74.4 1 1
MikeAustin71/pathfileopsgo/pathfileops/v2/preprocesspathcodesenum.go:82.69,85.2 1 1
MikeAustin71/pathfileopsgo/pathfileops/v2/preprocesspathcodesenum.go:90.51,96.43 3 1
MikeAustin71/pathfileopsgo/pathfileops/v2/preprocesspathcodesenum.go:101.3,101.22 1 1
MikeAustin71/pathfileopsgo/pathfileops/v2/preprocesspathcodesenum.go:108.3,112.20 3 1
MikeAustin71/pathfileopsgo/pathfileops/v2/preprocesspathcodesenum.go:134.3,134.33 1 1
MikeAustin71/pathfileopsgo/pathfileops/v2/preprocesspathcodesenum.go:96.43,99.4 2 1
MikeAustin71/pathfileopsgo/pathfileops/v2/preprocesspathcodesenum.go:101.22,106.4 1 0
MikeAustin71/pathfileopsgo/pathfileops/v2/preprocesspathcodesenum.go:112.20,116.12 2 1
MikeAustin71/pathfileopsgo/pathfileops/v2/preprocesspathcodesenum.go:116.12,119.6 1 0
MikeAustin71/pathfileopsgo/pathfileops/v2/preprocesspathcodesenum.go:121.9,127.12 3 1
MikeAustin71/pathfileopsgo/pathfileops/v2/preprocesspathcodesenum.go:127.12,130.6 1 1
MikeAustin71/pathfileopsgo/pathfileops/v2/fileoperationcodeenum.go:82.55,82.86 1 1
MikeAustin71/pathfileopsgo/pathfileops/v2/fileoperationcodeenum.go:90.82,92.2 1 1
MikeAustin71/pathfileopsgo/pathfileops/v2/fileoperationcodeenum.go:101.81,103.2 1 1
MikeAustin71/pathfileopsgo/pathfileops/v2/fileoperationcodeenum.go:110.72,110.103 1 1
MikeAustin71/pathfileopsgo/pathfileops/v2/fileoperationcodeenum.go:117.67,117.98 1 1
MikeAustin71/pathfileopsgo/pathfileops/v2/fileoperationcodeenum.go:125.82,127.2 1 1
MikeAustin71/pathfileopsgo/pathfileops/v2/fileoperationcodeenum.go:142.88,144.2 1 1
MikeAustin71/pathfileopsgo/pathfileops/v2/fileoperationcodeenum.go:160.88,162.2 1 1
MikeAustin71/pathfileopsgo/pathfileops/v2/fileoperationcodeenum.go:173.84,175.2 1 1
MikeAustin71/pathfileopsgo/pathfileops/v2/fileoperationcodeenum.go:186.78,188.2 1 1
MikeAustin71/pathfileopsgo/pathfileops/v2/fileoperationcodeenum.go:196.66,196.98 1 1
MikeAustin71/pathfileopsgo/pathfileops/v2/fileoperationcodeenum.go:203.73,203.105 1 1
MikeAustin71/pathfileopsgo/pathfileops/v2/fileoperationcodeenum.go:210.67,210.99 1 1
MikeAustin71/pathfileopsgo/pathfileops/v2/fileoperationcodeenum.go:217.71,219.2 1 1
MikeAustin71/pathfileopsgo/pathfileops/v2/fileoperationcodeenum.go:226.78,228.2 1 1
MikeAustin71/pathfileopsgo/pathfileops/v2/fileoperationcodeenum.go:235.72,237.2 1 1
MikeAustin71/pathfileopsgo/pathfileops/v2/fileoperationcodeenum.go:246.46,252.10 3 1
MikeAustin71/pathfileopsgo/pathfileops/v2/fileoperationcodeenum.go:257.3,257.13 1 1
MikeAustin71/pathfileopsgo/pathfileops/v2/fileoperationcodeenum.go:252.10,255.4 2 1
MikeAustin71/pathfileopsgo/pathfileops/v2/fileoperationcodeenum.go:313.50,320.27 4 1
MikeAustin71/pathfileopsgo/pathfileops/v2/fileoperationcodeenum.go:326.3,329.20 3 1
MikeAustin71/pathfileopsgo/pathfileops/v2/fileoperationcodeenum.go:355.3,355.21 1 1
MikeAustin71/pathfileopsgo/pathfileops/v2/fileoperationcodeenum.go:320.27,324.4 1 1
MikeAustin71/pathfileopsgo/pathfileops/v2/fileoperationcodeenum.go:329.20,333.12 2 1
MikeAustin71/pathfileopsgo/pathfileops/v2/fileoperationcodeenum.go:339.5,339.36 1 1
MikeAustin71/pathfileopsgo/pathfileops/v2/fileoperationcodeenum.go:333.12,337.6 1 1
MikeAustin71/pathfileopsgo/pathfileops/v2/fileoperationcodeenum.go:341.9,345.12 2 1
MikeAustin71/pathfileopsgo/pathfileops/v2/fileoperationcodeenum.go:351.5,352.29 1 1
MikeAustin71/pathfileopsgo/pathfileops/v2/fileoperationcodeenum.go:345.12,349.6 1 1
MikeAustin71/pathfileopsgo/pathfileops/v2/fileoperationcodeenum.go:380.46,386.10 3 1
MikeAustin71/pathfileopsgo/pathfileops/v2/fileoperationcodeenum.go:390.3,390.13 1 1
MikeAustin71/pathfileopsgo/pathfileops/v2/fileoperationcodeenum.go:386.10,388.4 1 1
MikeAustin71/pathfileopsgo/pathfileops/v2/fileoperationcodeenum.go:401.42,403.2 1 1
MikeAustin71/pathfileopsgo/pathfileops/v2/fileoperationcodeenum.go:424.69,432.52 1 1
MikeAustin71/pathfileopsgo/pathfileops/v2/fileoperationcodeenum.go:436.3,447.38 8 1
MikeAustin71/pathfileopsgo/pathfileops/v2/fileoperationcodeenum.go:432.52,434.4 1 1
MikeAustin71/pathfileopsgo/pathfileops/v2/fileoperationcodeenum.go:447.38,455.34 2 1
MikeAustin71/pathfileopsgo/pathfileops/v2/fileoperationcodeenum.go:459.5,463.65 5 1
MikeAustin71/pathfileopsgo/pathfileops/v2/fileoperationcodeenum.go:455.34,456.15 1 1
MikeAustin71/pathfileopsgo/pathfileops/v2/dirtreeoperation.go:17.42,21.2 3 1
MikeAustin71/pathfileopsgo/pathfileops/v2/filemanager.go:93.76,110.17 6 1
MikeAustin71/pathfileopsgo/pathfileops/v2/filemanager.go:114.3,114.25 1 1
MikeAustin71/pathfileopsgo/pathfileops/v2/filemanager.go:121.3,123.17 2 1
[...]
MikeAustin71/pathfileopsgo/pathfileops/v2/filepermissionconfig.go:1121.14,1122.15 1 1
MikeAustin71/pathfileopsgo/pathfileops/v2/filepermissionconfig.go:1123.14,1124.15 1 1
MikeAustin71/pathfileopsgo/pathfileops/v2/filepermissionconfig.go:1125.14,1126.15 1 1
MikeAustin71/pathfileopsgo/pathfileops/v2/filepermissionconfig.go:1127.11,1129.47 1 1
MikeAustin71/pathfileopsgo/pathfileops/v2/pathvaliditystatuscodesenum.go:64.74,66.2 1 1
MikeAustin71/pathfileopsgo/pathfileops/v2/pathvaliditystatuscodesenum.go:75.74,77.2 1 1
MikeAustin71/pathfileopsgo/pathfileops/v2/pathvaliditystatuscodesenum.go:85.72,87.2 1 1
MikeAustin71/pathfileopsgo/pathfileops/v2/pathvaliditystatuscodesenum.go:144.75,154.23 5 1
MikeAustin71/pathfileopsgo/pathfileops/v2/pathvaliditystatuscodesenum.go:160.3,160.43 1 1
MikeAustin71/pathfileopsgo/pathfileops/v2/pathvaliditystatuscodesenum.go:165.3,165.22 1 1
MikeAustin71/pathfileopsgo/pathfileops/v2/pathvaliditystatuscodesenum.go:172.3,174.20 2 1
MikeAustin71/pathfileopsgo/pathfileops/v2/pathvaliditystatuscodesenum.go:187.3,187.10 1 1
MikeAustin71/pathfileopsgo/pathfileops/v2/pathvaliditystatuscodesenum.go:195.3,195.21 1 1
MikeAustin71/pathfileopsgo/pathfileops/v2/pathvaliditystatuscodesenum.go:154.23,158.4 1 1
MikeAustin71/pathfileopsgo/pathfileops/v2/pathvaliditystatuscodesenum.go:160.43,163.4 2 1
MikeAustin71/pathfileopsgo/pathfileops/v2/pathvaliditystatuscodesenum.go:165.22,170.4 1 1
MikeAustin71/pathfileopsgo/pathfileops/v2/pathvaliditystatuscodesenum.go:174.20,178.4 1 1
MikeAustin71/pathfileopsgo/pathfileops/v2/pathvaliditystatuscodesenum.go:178.9,185.4 2 1
MikeAustin71/pathfileopsgo/pathfileops/v2/pathvaliditystatuscodesenum.go:187.10,193.4 2 1
MikeAustin71/pathfileopsgo/pathfileops/v2/pathvaliditystatuscodesenum.go:207.63,211.10 2 1
MikeAustin71/pathfileopsgo/pathfileops/v2/pathvaliditystatuscodesenum.go:218.3,218.13 1 1
MikeAustin71/pathfileopsgo/pathfileops/v2/pathvaliditystatuscodesenum.go:211.10,216.4 2 1
MikeAustin71/pathfileopsgo/pathfileops/v2/pathvaliditystatuscodesenum.go:244.57,248.10 2 1
MikeAustin71/pathfileopsgo/pathfileops/v2/pathvaliditystatuscodesenum.go:252.3,252.15 1 1
MikeAustin71/pathfileopsgo/pathfileops/v2/pathvaliditystatuscodesenum.go:248.10,250.4 1 1
MikeAustin71/pathfileopsgo/pathfileops/v2/pathvaliditystatuscodesenum.go:261.78,263.2 1 1
MikeAustin71/pathfileopsgo/pathfileops/v2/directorytreeinfo.go:31.58,39.18 4 1
MikeAustin71/pathfileopsgo/pathfileops/v2/directorytreeinfo.go:44.3,46.18 2 1
MikeAustin71/pathfileopsgo/pathfileops/v2/directorytreeinfo.go:51.3,53.18 2 1
MikeAustin71/pathfileopsgo/pathfileops/v2/directorytreeinfo.go:60.3,60.41 1 1
MikeAustin71/pathfileopsgo/pathfileops/v2/directorytreeinfo.go:66.3,69.29 2 1
MikeAustin71/pathfileopsgo/pathfileops/v2/directorytreeinfo.go:90.3,90.41 1 1
MikeAustin71/pathfileopsgo/pathfileops/v2/directorytreeinfo.go:94.3,96.29 2 1
MikeAustin71/pathfileopsgo/pathfileops/v2/directorytreeinfo.go:134.3,134.25 1 1
MikeAustin71/pathfileopsgo/pathfileops/v2/directorytreeinfo.go:39.18,42.4 1 1
MikeAustin71/pathfileopsgo/pathfileops/v2/directorytreeinfo.go:46.18,49.4 1 1
MikeAustin71/pathfileopsgo/pathfileops/v2/directorytreeinfo.go:53.18,58.4 1 0
MikeAustin71/pathfileopsgo/pathfileops/v2/directorytreeinfo.go:60.41,64.4 1 0
MikeAustin71/pathfileopsgo/pathfileops/v2/directorytreeinfo.go:69.29,73.20 2 1
MikeAustin71/pathfileopsgo/pathfileops/v2/directorytreeinfo.go:80.5,82.20 2 1
MikeAustin71/pathfileopsgo/pathfileops/v2/directorytreeinfo.go:87.5,87.46 1 1
MikeAustin71/pathfileopsgo/pathfileops/v2/directorytreeinfo.go:73.20,78.6 1 0
MikeAustin71/pathfileopsgo/pathfileops/v2/directorytreeinfo.go:82.20,85.6 1 0
MikeAustin71/pathfileopsgo/pathfileops/v2/directorytreeinfo.go:90.41,92.4 1 0
MikeAustin71/pathfileopsgo/pathfileops/v2/directorytreeinfo.go:96.29,100.20 2 1
MikeAustin71/pathfileopsgo/pathfileops/v2/directorytreeinfo.go:107.5,110.20 2 1
MikeAustin71/pathfileopsgo/pathfileops/v2/directorytreeinfo.go:119.5,121.20 2 1
MikeAustin71/pathfileopsgo/pathfileops/v2/directorytreeinfo.go:131.5,131.49 1 1
MikeAustin71/pathfileopsgo/pathfileops/v2/directorytreeinfo.go:100.20,105.6 1 0
MikeAustin71/pathfileopsgo/pathfileops/v2/directorytreeinfo.go:110.20,117.6 1 0
MikeAustin71/pathfileopsgo/pathfileops/v2/directorytreeinfo.go:121.20,129.6 1 0
MikeAustin71/pathfileopsgo/pathfileops/v2/fileaccesscontrol.go:22.78,27.17 3 1
MikeAustin71/pathfileopsgo/pathfileops/v2/fileaccesscontrol.go:33.3,35.17 2 1
MikeAustin71/pathfileopsgo/pathfileops/v2/fileaccesscontrol.go:43.3,47.17 2 1
MikeAustin71/pathfileopsgo/pathfileops/v2/fileaccesscontrol.go:56.3,64.18 5 1
MikeAustin71/pathfileopsgo/pathfileops/v2/fileaccesscontrol.go:27.17,32.4 1 0
MikeAustin71/pathfileopsgo/pathfileops/v2/fileaccesscontrol.go:35.17,41.4 1 0
MikeAustin71/pathfileopsgo/pathfileops/v2/fileaccesscontrol.go:47.17,54.4 1 0
MikeAustin71/pathfileopsgo/pathfileops/v2/fileaccesscontrol.go:71.64,77.17 3 1
MikeAustin71/pathfileopsgo/pathfileops/v2/fileaccesscontrol.go:83.3,85.17 2 1
MikeAustin71/pathfileopsgo/pathfileops/v2/fileaccesscontrol.go:91.3,99.18 5 1
MikeAustin71/pathfileopsgo/pathfileops/v2/fileaccesscontrol.go:77.17,81.4 1 1
MikeAustin71/pathfileopsgo/pathfileops/v2/fileaccesscontrol.go:85.17,89.4 1 1
MikeAustin71/pathfileopsgo/pathfileops/v2/fileaccesscontrol.go:104.82,111.17 3 1
MikeAustin71/pathfileopsgo/pathfileops/v2/fileaccesscontrol.go:115.3,117.17 2 1
MikeAustin71/pathfileopsgo/pathfileops/v2/fileaccesscontrol.go:121.3,123.17 2 1
MikeAustin71/pathfileopsgo/pathfileops/v2/fileaccesscontrol.go:127.3,127.28 1 1
MikeAustin71/pathfileopsgo/pathfileops/v2/fileaccesscontrol.go:111.17,113.4 1 0
MikeAustin71/pathfileopsgo/pathfileops/v2/fileaccesscontrol.go:117.17,119.4 1 0
MikeAustin71/pathfileopsgo/pathfileops/v2/fileaccesscontrol.go:123.17,125.4 1 0
MikeAustin71/pathfileopsgo/pathfileops/v2/fileaccesscontrol.go:133.96,143.17 3 1
MikeAustin71/pathfileopsgo/pathfileops/v2/fileaccesscontrol.go:147.3,149.17 2 1
MikeAustin71/pathfileopsgo/pathfileops/v2/fileaccesscontrol.go:153.3,155.17 2 1
MikeAustin71/pathfileopsgo/pathfileops/v2/fileaccesscontrol.go:159.3,159.28 1 1
MikeAustin71/pathfileopsgo/pathfileops/v2/fileaccesscontrol.go:143.17,145.4 1 0
MikeAustin71/pathfileopsgo/pathfileops/v2/fileaccesscontrol.go:149.17,151.4 1 0
MikeAustin71/pathfileopsgo/pathfileops/v2/fileaccesscontrol.go:155.17,157.4 1 0
MikeAustin71/pathfileopsgo/pathfileops/v2/fileaccesscontrol.go:165.81,171.17 3 1
MikeAustin71/pathfileopsgo/pathfileops/v2/fileaccesscontrol.go:175.3,177.17 2 1
MikeAustin71/pathfileopsgo/pathfileops/v2/fileaccesscontrol.go:181.3,183.17 2 1
MikeAustin71/pathfileopsgo/pathfileops/v2/fileaccesscontrol.go:187.3,187.28 1 1
MikeAustin71/pathfileopsgo/pathfileops/v2/fileaccesscontrol.go:171.17,173.4 1 0
MikeAustin71/pathfileopsgo/pathfileops/v2/fileaccesscontrol.go:177.17,179.4 1 0
MikeAustin71/pathfileopsgo/pathfileops/v2/fileaccesscontrol.go:183.17,185.4 1 0
MikeAustin71/pathfileopsgo/pathfileops/v2/fileaccesscontrol.go:193.82,200.17 3 1
MikeAustin71/pathfileopsgo/pathfileops/v2/fileaccesscontrol.go:204.3,206.17 2 1
MikeAustin71/pathfileopsgo/pathfileops/v2/fileaccesscontrol.go:210.3,212.17 2 1
MikeAustin71/pathfileopsgo/pathfileops/v2/fileaccesscontrol.go:216.3,216.29 1 1
MikeAustin71/pathfileopsgo/pathfileops/v2/fileaccesscontrol.go:200.17,202.4 1 0
MikeAustin71/pathfileopsgo/pathfileops/v2/fileaccesscontrol.go:206.17,208.4 1 0
MikeAustin71/pathfileopsgo/pathfileops/v2/fileaccesscontrol.go:212.17,214.4 1 0
MikeAustin71/pathfileopsgo/pathfileops/v2/fileaccesscontrol.go:222.88,228.17 3 1
MikeAustin71/pathfileopsgo/pathfileops/v2/fileaccesscontrol.go:232.3,234.17 2 1
MikeAustin71/pathfileopsgo/pathfileops/v2/fileaccesscontrol.go:238.3,240.17 2 1
MikeAustin71/pathfileopsgo/pathfileops/v2/fileaccesscontrol.go:244.3,244.28 1 1
MikeAustin71/pathfileopsgo/pathfileops/v2/fileaccesscontrol.go:228.17,230.4 1 0
MikeAustin71/pathfileopsgo/pathfileops/v2/fileaccesscontrol.go:234.17,236.4 1 0
MikeAustin71/pathfileopsgo/pathfileops/v2/fileaccesscontrol.go:240.17,242.4 1 0
MikeAustin71/pathfileopsgo/pathfileops/v2/fileaccesscontrol.go:253.90,260.17 3 1
MikeAustin71/pathfileopsgo/pathfileops/v2/fileaccesscontrol.go:264.3,266.17 2 1
MikeAustin71/pathfileopsgo/pathfileops/v2/fileaccesscontrol.go:270.3,272.17 2 1
MikeAustin71/pathfileopsgo/pathfileops/v2/fileaccesscontrol.go:276.3,276.28 1 1
MikeAustin71/pathfileopsgo/pathfileops/v2/fileaccesscontrol.go:260.17,262.4 1 0
MikeAustin71/pathfileopsgo/pathfileops/v2/fileaccesscontrol.go:266.17,268.4 1 0
MikeAustin71/pathfileopsgo/pathfileops/v2/fileaccesscontrol.go:272.17,274.4 1 0
MikeAustin71/pathfileopsgo/pathfileops/v2/fileaccesscontrol.go:285.66,293.2 3 1
MikeAustin71/pathfileopsgo/pathfileops/v2/fileaccesscontrol.go:297.63,306.2 5 1
MikeAustin71/pathfileopsgo/pathfileops/v2/fileaccesscontrol.go:311.43,315.2 3 1
MikeAustin71/pathfileopsgo/pathfileops/v2/fileaccesscontrol.go:320.70,322.49 1 1
MikeAustin71/pathfileopsgo/pathfileops/v2/fileaccesscontrol.go:326.3,326.55 1 1
MikeAustin71/pathfileopsgo/pathfileops/v2/fileaccesscontrol.go:330.3,330.51 1 1
MikeAustin71/pathfileopsgo/pathfileops/v2/fileaccesscontrol.go:334.3,334.14 1 1
MikeAustin71/pathfileopsgo/pathfileops/v2/fileaccesscontrol.go:322.49,324.4 1 1
MikeAustin71/pathfileopsgo/pathfileops/v2/fileaccesscontrol.go:326.55,328.4 1 1
MikeAustin71/pathfileopsgo/pathfileops/v2/fileaccesscontrol.go:330.51,332.4 1 1
MikeAustin71/pathfileopsgo/pathfileops/v2/fileaccesscontrol.go:341.75,347.17 3 1
MikeAustin71/pathfileopsgo/pathfileops/v2/fileaccesscontrol.go:351.3,353.17 2 1
MikeAustin71/pathfileopsgo/pathfileops/v2/fileaccesscontrol.go:357.3,357.28 1 1
MikeAustin71/pathfileopsgo/pathfileops/v2/fileaccesscontrol.go:347.17,349.4 1 1
MikeAustin71/pathfileopsgo/pathfileops/v2/fileaccesscontrol.go:353.17,355.4 1 0
MikeAustin71/pathfileopsgo/pathfileops/v2/fileaccesscontrol.go:362.85,368.17 3 1
MikeAustin71/pathfileopsgo/pathfileops/v2/fileaccesscontrol.go:372.3,374.17 2 1
MikeAustin71/pathfileopsgo/pathfileops/v2/fileaccesscontrol.go:378.3,378.29 1 1
MikeAustin71/pathfileopsgo/pathfileops/v2/fileaccesscontrol.go:368.17,370.4 1 1
MikeAustin71/pathfileopsgo/pathfileops/v2/fileaccesscontrol.go:374.17,376.4 1 0
MikeAustin71/pathfileopsgo/pathfileops/v2/fileaccesscontrol.go:389.75,395.17 3 1
MikeAustin71/pathfileopsgo/pathfileops/v2/fileaccesscontrol.go:399.3,399.62 1 1
MikeAustin71/pathfileopsgo/pathfileops/v2/fileaccesscontrol.go:395.17,397.4 1 1
MikeAustin71/pathfileopsgo/pathfileops/v2/fileaccesscontrol.go:405.93,411.17 3 1
MikeAustin71/pathfileopsgo/pathfileops/v2/fileaccesscontrol.go:415.3,417.17 2 1
MikeAustin71/pathfileopsgo/pathfileops/v2/fileaccesscontrol.go:421.3,423.17 2 1
MikeAustin71/pathfileopsgo/pathfileops/v2/fileaccesscontrol.go:427.3,427.43 1 1
MikeAustin71/pathfileopsgo/pathfileops/v2/fileaccesscontrol.go:411.17,413.4 1 1
MikeAustin71/pathfileopsgo/pathfileops/v2/fileaccesscontrol.go:417.17,419.4 1 0
MikeAustin71/pathfileopsgo/pathfileops/v2/fileaccesscontrol.go:423.17,425.4 1 0
MikeAustin71/pathfileopsgo/pathfileops/v2/fileaccesscontrol.go:432.79,437.17 3 1
MikeAustin71/pathfileopsgo/pathfileops/v2/fileaccesscontrol.go:441.3,441.46 1 1
MikeAustin71/pathfileopsgo/pathfileops/v2/fileaccesscontrol.go:437.17,439.4 1 1
MikeAustin71/pathfileopsgo/pathfileops/v2/fileaccesscontrol.go:447.75,453.17 3 1
MikeAustin71/pathfileopsgo/pathfileops/v2/fileaccesscontrol.go:457.3,457.54 1 1
MikeAustin71/pathfileopsgo/pathfileops/v2/fileaccesscontrol.go:453.17,455.4 1 1
MikeAustin71/pathfileopsgo/pathfileops/v2/fileaccesscontrol.go:462.91,468.17 3 1
MikeAustin71/pathfileopsgo/pathfileops/v2/fileaccesscontrol.go:472.3,472.44 1 1
MikeAustin71/pathfileopsgo/pathfileops/v2/fileaccesscontrol.go:468.17,470.4 1 1
MikeAustin71/pathfileopsgo/pathfileops/v2/fileaccesscontrol.go:485.79,491.17 3 1
MikeAustin71/pathfileopsgo/pathfileops/v2/fileaccesscontrol.go:495.3,495.26 1 1
MikeAustin71/pathfileopsgo/pathfileops/v2/fileaccesscontrol.go:491.17,493.4 1 0
MikeAustin71/pathfileopsgo/pathfileops/v2/fileaccesscontrol.go:501.51,505.29 2 1
MikeAustin71/pathfileopsgo/pathfileops/v2/fileaccesscontrol.go:510.3,515.17 4 1
MikeAustin71/pathfileopsgo/pathfileops/v2/fileaccesscontrol.go:519.3,521.17 2 1
MikeAustin71/pathfileopsgo/pathfileops/v2/fileaccesscontrol.go:525.3,525.19 1 1
MikeAustin71/pathfileopsgo/pathfileops/v2/fileaccesscontrol.go:529.3,529.13 1 1
MikeAustin71/pathfileopsgo/pathfileops/v2/fileaccesscontrol.go:505.29,508.4 1 1
MikeAustin71/pathfileopsgo/pathfileops/v2/fileaccesscontrol.go:515.17,517.4 1 1
MikeAustin71/pathfileopsgo/pathfileops/v2/fileaccesscontrol.go:521.17,523.4 1 1
MikeAustin71/pathfileopsgo/pathfileops/v2/fileaccesscontrol.go:525.19,527.4 1 1
MikeAustin71/pathfileopsgo/pathfileops/v2/fileaccesscontrol.go:535.88,541.17 3 1
MikeAustin71/pathfileopsgo/pathfileops/v2/fileaccesscontrol.go:545.3,549.17 3 1
MikeAustin71/pathfileopsgo/pathfileops/v2/fileaccesscontrol.go:555.3,555.13 1 1
MikeAustin71/pathfileopsgo/pathfileops/v2/fileaccesscontrol.go:541.17,543.4 1 1
MikeAustin71/pathfileopsgo/pathfileops/v2/fileaccesscontrol.go:549.17,553.4 1 1
MikeAustin71/pathfileopsgo/pathfileops/v2/fileaccesscontrol.go:562.47,568.17 3 1
MikeAustin71/pathfileopsgo/pathfileops/v2/fileaccesscontrol.go:573.3,577.17 3 1
MikeAustin71/pathfileopsgo/pathfileops/v2/fileaccesscontrol.go:581.3,581.13 1 1
MikeAustin71/pathfileopsgo/pathfileops/v2/fileaccesscontrol.go:568.17,571.4 1 1
MikeAustin71/pathfileopsgo/pathfileops/v2/fileaccesscontrol.go:577.17,579.4 1 1
MikeAustin71/pathfileopsgo/pathfileops/v2/pathexiststatusocdesenum.go:65.70,67.2 1 1
MikeAustin71/pathfileopsgo/pathfileops/v2/pathexiststatusocdesenum.go:73.75,75.2 1 1
MikeAustin71/pathfileopsgo/pathfileops/v2/pathexiststatusocdesenum.go:81.69,83.2 1 1
MikeAustin71/pathfileopsgo/pathfileops/v2/pathexiststatusocdesenum.go:90.95,92.30 1 1
MikeAustin71/pathfileopsgo/pathfileops/v2/pathexiststatusocdesenum.go:96.3,96.15 1 1
MikeAustin71/pathfileopsgo/pathfileops/v2/pathexiststatusocdesenum.go:92.30,94.4 1 1
MikeAustin71/pathfileopsgo/pathfileops/v2/pathexiststatusocdesenum.go:108.61,112.10 2 1
MikeAustin71/pathfileopsgo/pathfileops/v2/pathexiststatusocdesenum.go:119.3,119.13 1 1
MikeAustin71/pathfileopsgo/pathfileops/v2/pathexiststatusocdesenum.go:112.10,117.4 2 1
MikeAustin71/pathfileopsgo/pathfileops/v2/pathexiststatusocdesenum.go:177.73,187.23 5 1
MikeAustin71/pathfileopsgo/pathfileops/v2/pathexiststatusocdesenum.go:194.3,194.43 1 1
MikeAustin71/pathfileopsgo/pathfileops/v2/pathexiststatusocdesenum.go:199.3,199.22 1 1
MikeAustin71/pathfileopsgo/pathfileops/v2/pathexiststatusocdesenum.go:206.3,208.20 2 1
MikeAustin71/pathfileopsgo/pathfileops/v2/pathexiststatusocdesenum.go:221.3,221.10 1 1
MikeAustin71/pathfileopsgo/pathfileops/v2/pathexiststatusocdesenum.go:229.3,229.21 1 1
MikeAustin71/pathfileopsgo/pathfileops/v2/pathexiststatusocdesenum.go:187.23,192.4 1 0
MikeAustin71/pathfileopsgo/pathfileops/v2/pathexiststatusocdesenum.go:194.43,197.4 2 0
MikeAustin71/pathfileopsgo/pathfileops/v2/pathexiststatusocdesenum.go:199.22,204.4 1 0
MikeAustin71/pathfileopsgo/pathfileops/v2/pathexiststatusocdesenum.go:208.20,212.4 1 1
MikeAustin71/pathfileopsgo/pathfileops/v2/pathexiststatusocdesenum.go:212.9,219.4 2 1
MikeAustin71/pathfileopsgo/pathfileops/v2/pathexiststatusocdesenum.go:221.10,227.4 2 1
MikeAustin71/pathfileopsgo/pathfileops/v2/pathexiststatusocdesenum.go:254.55,258.10 2 1
MikeAustin71/pathfileopsgo/pathfileops/v2/pathexiststatusocdesenum.go:262.3,262.15 1 1
MikeAustin71/pathfileopsgo/pathfileops/v2/pathexiststatusocdesenum.go:258.10,260.4 1 1
MikeAustin71/pathfileopsgo/pathfileops/v2/pathexiststatusocdesenum.go:271.68,273.2 1 1
MikeAustin71/pathfileopsgo/pathfileops/v2/dirmanagerstats.go:10.57,12.2 1 0
MikeAustin71/pathfileopsgo/pathfileops/v2/dirmanagerstats.go:14.56,16.2 1 1
MikeAustin71/pathfileopsgo/pathfileops/v2/dirmanagerstats.go:18.58,20.2 1 1
MikeAustin71/pathfileopsgo/pathfileops/v2/dirmanagerstats.go:22.56,24.2 1 1
MikeAustin71/pathfileopsgo/pathfileops/v2/fileinfoplus.go:42.39,45.2 1 1
MikeAustin71/pathfileopsgo/pathfileops/v2/fileinfoplus.go:48.38,50.2 1 1
MikeAustin71/pathfileopsgo/pathfileops/v2/fileinfoplus.go:88.44,90.2 1 1
MikeAustin71/pathfileopsgo/pathfileops/v2/fileinfoplus.go:93.45,95.2 1 1
MikeAustin71/pathfileopsgo/pathfileops/v2/fileinfoplus.go:102.38,104.2 1 1
MikeAustin71/pathfileopsgo/pathfileops/v2/fileinfoplus.go:107.43,109.2 1 1
MikeAustin71/pathfileopsgo/pathfileops/v2/fileinfoplus.go:114.46,115.25 1 1
MikeAustin71/pathfileopsgo/pathfileops/v2/fileinfoplus.go:119.3,121.13 2 1
MikeAustin71/pathfileopsgo/pathfileops/v2/fileinfoplus.go:115.25,117.4 1 0
MikeAustin71/pathfileopsgo/pathfileops/v2/fileinfoplus.go:129.49,144.2 12 1
MikeAustin71/pathfileopsgo/pathfileops/v2/fileinfoplus.go:151.43,153.2 1 1
MikeAustin71/pathfileopsgo/pathfileops/v2/fileinfoplus.go:160.57,166.33 1 1
MikeAustin71/pathfileopsgo/pathfileops/v2/fileinfoplus.go:171.3,171.38 1 1
MikeAustin71/pathfileopsgo/pathfileops/v2/fileinfoplus.go:175.3,175.44 1 1
MikeAustin71/pathfileopsgo/pathfileops/v2/fileinfoplus.go:179.3,179.44 1 1
MikeAustin71/pathfileopsgo/pathfileops/v2/fileinfoplus.go:183.3,183.44 1 1
MikeAustin71/pathfileopsgo/pathfileops/v2/fileinfoplus.go:187.3,190.30 3 1
MikeAustin71/pathfileopsgo/pathfileops/v2/fileinfoplus.go:195.3,195.14 1 1
MikeAustin71/pathfileopsgo/pathfileops/v2/fileinfoplus.go:166.33,169.4 1 1
MikeAustin71/pathfileopsgo/pathfileops/v2/fileinfoplus.go:171.38,173.4 1 1
MikeAustin71/pathfileopsgo/pathfileops/v2/fileinfoplus.go:175.44,177.4 1 1
MikeAustin71/pathfileopsgo/pathfileops/v2/fileinfoplus.go:179.44,181.4 1 0
MikeAustin71/pathfileopsgo/pathfileops/v2/fileinfoplus.go:183.44,185.4 1 0
MikeAustin71/pathfileopsgo/pathfileops/v2/fileinfoplus.go:190.30,193.4 1 0
MikeAustin71/pathfileopsgo/pathfileops/v2/fileinfoplus.go:204.34,220.2 11 0
MikeAustin71/pathfileopsgo/pathfileops/v2/fileinfoplus.go:229.60,231.2 1 1
MikeAustin71/pathfileopsgo/pathfileops/v2/fileinfoplus.go:245.55,247.2 1 1
MikeAustin71/pathfileopsgo/pathfileops/v2/fileinfoplus.go:262.60,264.2 1 1
MikeAustin71/pathfileopsgo/pathfileops/v2/fileinfoplus.go:282.43,288.17 3 1
MikeAustin71/pathfileopsgo/pathfileops/v2/fileinfoplus.go:294.3,294.18 1 1
MikeAustin71/pathfileopsgo/pathfileops/v2/fileinfoplus.go:299.3,305.22 4 1
MikeAustin71/pathfileopsgo/pathfileops/v2/fileinfoplus.go:288.17,292.4 1 1
MikeAustin71/pathfileopsgo/pathfileops/v2/fileinfoplus.go:294.18,297.4 1 0
MikeAustin71/pathfileopsgo/pathfileops/v2/fileinfoplus.go:322.72,324.18 1 1
MikeAustin71/pathfileopsgo/pathfileops/v2/fileinfoplus.go:328.3,338.17 10 1
MikeAustin71/pathfileopsgo/pathfileops/v2/fileinfoplus.go:324.18,326.4 1 0
MikeAustin71/pathfileopsgo/pathfileops/v2/fileinfoplus.go:356.43,366.18 4 1
MikeAustin71/pathfileopsgo/pathfileops/v2/fileinfoplus.go:372.3,372.18 1 1
MikeAustin71/pathfileopsgo/pathfileops/v2/fileinfoplus.go:377.3,383.22 4 1
MikeAustin71/pathfileopsgo/pathfileops/v2/fileinfoplus.go:366.18,370.4 1 0
MikeAustin71/pathfileopsgo/pathfileops/v2/fileinfoplus.go:372.18,375.4 1 0
MikeAustin71/pathfileopsgo/pathfileops/v2/fileinfoplus.go:388.65,397.18 4 1
MikeAustin71/pathfileopsgo/pathfileops/v2/fileinfoplus.go:402.3,408.13 4 1
MikeAustin71/pathfileopsgo/pathfileops/v2/fileinfoplus.go:397.18,400.4 1 1
MikeAustin71/pathfileopsgo/pathfileops/v2/fileinfoplus.go:412.47,414.2 1 1
MikeAustin71/pathfileopsgo/pathfileops/v2/fileinfoplus.go:417.50,419.2 1 1
MikeAustin71/pathfileopsgo/pathfileops/v2/fileinfoplus.go:422.56,424.2 1 1
MikeAustin71/pathfileopsgo/pathfileops/v2/fileinfoplus.go:427.60,429.2 1 1
MikeAustin71/pathfileopsgo/pathfileops/v2/fileinfoplus.go:432.47,434.2 1 1
MikeAustin71/pathfileopsgo/pathfileops/v2/fileinfoplus.go:437.64,439.2 1 1
MikeAustin71/pathfileopsgo/pathfileops/v2/fileinfoplus.go:444.68,445.21 1 1
MikeAustin71/pathfileopsgo/pathfileops/v2/fileinfoplus.go:451.3,453.9 3 1
MikeAustin71/pathfileopsgo/pathfileops/v2/fileinfoplus.go:445.21,449.4 3 1
