mode: set
MikeAustin71/pathfileopsgo/pathfileops/fileselectcriterionmodeenum.go:29.68,29.105 1 1
MikeAustin71/pathfileopsgo/pathfileops/fileselectcriterionmodeenum.go:35.73,37.2 1 1
MikeAustin71/pathfileopsgo/pathfileops/fileselectcriterionmodeenum.go:43.72,45.2 1 1
MikeAustin71/pathfileopsgo/pathfileops/fileselectcriterionmodeenum.go:54.53,60.10 3 0
MikeAustin71/pathfileopsgo/pathfileops/fileselectcriterionmodeenum.go:65.3,65.13 1 0
MikeAustin71/pathfileopsgo/pathfileops/fileselectcriterionmodeenum.go:60.10,63.4 2 0
MikeAustin71/pathfileopsgo/pathfileops/fileselectcriterionmodeenum.go:118.56,125.27 4 1
MikeAustin71/pathfileopsgo/pathfileops/fileselectcriterionmodeenum.go:131.3,134.20 3 1
MikeAustin71/pathfileopsgo/pathfileops/fileselectcriterionmodeenum.go:160.3,160.21 1 1
MikeAustin71/pathfileopsgo/pathfileops/fileselectcriterionmodeenum.go:125.27,129.4 1 0
MikeAustin71/pathfileopsgo/pathfileops/fileselectcriterionmodeenum.go:134.20,138.12 2 1
MikeAustin71/pathfileopsgo/pathfileops/fileselectcriterionmodeenum.go:144.5,144.42 1 1
MikeAustin71/pathfileopsgo/pathfileops/fileselectcriterionmodeenum.go:138.12,142.6 1 1
MikeAustin71/pathfileopsgo/pathfileops/fileselectcriterionmodeenum.go:146.9,150.12 2 1
MikeAustin71/pathfileopsgo/pathfileops/fileselectcriterionmodeenum.go:156.5,157.35 1 1
MikeAustin71/pathfileopsgo/pathfileops/fileselectcriterionmodeenum.go:150.12,154.6 1 1
MikeAustin71/pathfileopsgo/pathfileops/fileselectcriterionmodeenum.go:183.53,189.10 3 1
MikeAustin71/pathfileopsgo/pathfileops/fileselectcriterionmodeenum.go:193.3,193.13 1 1
MikeAustin71/pathfileopsgo/pathfileops/fileselectcriterionmodeenum.go:189.10,191.4 1 0
MikeAustin71/pathfileopsgo/pathfileops/fileselectcriterionmodeenum.go:201.49,203.2 1 1
MikeAustin71/pathfileopsgo/pathfileops/fileselectcriterionmodeenum.go:224.76,232.57 1 1
MikeAustin71/pathfileopsgo/pathfileops/fileselectcriterionmodeenum.go:236.3,247.38 8 1
MikeAustin71/pathfileopsgo/pathfileops/fileselectcriterionmodeenum.go:232.57,234.4 1 1
MikeAustin71/pathfileopsgo/pathfileops/fileselectcriterionmodeenum.go:247.38,255.22 2 1
MikeAustin71/pathfileopsgo/pathfileops/fileselectcriterionmodeenum.go:259.5,263.71 5 1
MikeAustin71/pathfileopsgo/pathfileops/fileselectcriterionmodeenum.go:255.22,256.15 1 1
MikeAustin71/pathfileopsgo/pathfileops/fileaccesscontrol.go:24.63,30.16 3 1
MikeAustin71/pathfileopsgo/pathfileops/fileaccesscontrol.go:36.2,38.16 2 1
MikeAustin71/pathfileopsgo/pathfileops/fileaccesscontrol.go:44.2,52.17 5 1
MikeAustin71/pathfileopsgo/pathfileops/fileaccesscontrol.go:30.16,34.3 1 1
MikeAustin71/pathfileopsgo/pathfileops/fileaccesscontrol.go:38.16,42.3 1 1
MikeAustin71/pathfileopsgo/pathfileops/fileaccesscontrol.go:61.66,69.2 3 1
MikeAustin71/pathfileopsgo/pathfileops/fileaccesscontrol.go:73.63,82.2 5 1
MikeAustin71/pathfileopsgo/pathfileops/fileaccesscontrol.go:87.43,91.2 3 1
MikeAustin71/pathfileopsgo/pathfileops/fileaccesscontrol.go:96.70,98.48 1 1
MikeAustin71/pathfileopsgo/pathfileops/fileaccesscontrol.go:102.2,102.54 1 1
MikeAustin71/pathfileopsgo/pathfileops/fileaccesscontrol.go:106.2,106.50 1 1
MikeAustin71/pathfileopsgo/pathfileops/fileaccesscontrol.go:110.2,110.13 1 1
MikeAustin71/pathfileopsgo/pathfileops/fileaccesscontrol.go:98.48,100.3 1 1
MikeAustin71/pathfileopsgo/pathfileops/fileaccesscontrol.go:102.54,104.3 1 1
MikeAustin71/pathfileopsgo/pathfileops/fileaccesscontrol.go:106.50,108.3 1 1
MikeAustin71/pathfileopsgo/pathfileops/fileaccesscontrol.go:117.75,123.16 3 1
MikeAustin71/pathfileopsgo/pathfileops/fileaccesscontrol.go:127.2,129.16 2 1
MikeAustin71/pathfileopsgo/pathfileops/fileaccesscontrol.go:133.2,133.27 1 1
MikeAustin71/pathfileopsgo/pathfileops/fileaccesscontrol.go:123.16,125.3 1 1
MikeAustin71/pathfileopsgo/pathfileops/fileaccesscontrol.go:129.16,131.3 1 0
MikeAustin71/pathfileopsgo/pathfileops/fileaccesscontrol.go:138.85,144.16 3 1
MikeAustin71/pathfileopsgo/pathfileops/fileaccesscontrol.go:148.2,150.16 2 1
MikeAustin71/pathfileopsgo/pathfileops/fileaccesscontrol.go:154.2,154.28 1 1
MikeAustin71/pathfileopsgo/pathfileops/fileaccesscontrol.go:144.16,146.3 1 1
MikeAustin71/pathfileopsgo/pathfileops/fileaccesscontrol.go:150.16,152.3 1 0
MikeAustin71/pathfileopsgo/pathfileops/fileaccesscontrol.go:159.75,165.16 3 1
MikeAustin71/pathfileopsgo/pathfileops/fileaccesscontrol.go:169.2,169.61 1 1
MikeAustin71/pathfileopsgo/pathfileops/fileaccesscontrol.go:165.16,167.3 1 1
MikeAustin71/pathfileopsgo/pathfileops/fileaccesscontrol.go:175.93,181.16 3 1
MikeAustin71/pathfileopsgo/pathfileops/fileaccesscontrol.go:185.2,187.16 2 1
MikeAustin71/pathfileopsgo/pathfileops/fileaccesscontrol.go:191.2,193.16 2 1
MikeAustin71/pathfileopsgo/pathfileops/fileaccesscontrol.go:197.2,197.42 1 1
MikeAustin71/pathfileopsgo/pathfileops/fileaccesscontrol.go:181.16,183.3 1 1
MikeAustin71/pathfileopsgo/pathfileops/fileaccesscontrol.go:187.16,189.3 1 0
MikeAustin71/pathfileopsgo/pathfileops/fileaccesscontrol.go:193.16,195.3 1 0
MikeAustin71/pathfileopsgo/pathfileops/fileaccesscontrol.go:202.79,207.16 3 1
MikeAustin71/pathfileopsgo/pathfileops/fileaccesscontrol.go:211.2,211.45 1 1
MikeAustin71/pathfileopsgo/pathfileops/fileaccesscontrol.go:207.16,209.3 1 1
MikeAustin71/pathfileopsgo/pathfileops/fileaccesscontrol.go:216.91,222.16 3 1
MikeAustin71/pathfileopsgo/pathfileops/fileaccesscontrol.go:226.2,226.43 1 1
MikeAustin71/pathfileopsgo/pathfileops/fileaccesscontrol.go:222.16,224.3 1 1
MikeAustin71/pathfileopsgo/pathfileops/fileaccesscontrol.go:233.51,237.28 2 1
MikeAustin71/pathfileopsgo/pathfileops/fileaccesscontrol.go:242.2,247.16 4 1
MikeAustin71/pathfileopsgo/pathfileops/fileaccesscontrol.go:251.2,253.16 2 1
MikeAustin71/pathfileopsgo/pathfileops/fileaccesscontrol.go:257.2,257.18 1 1
MikeAustin71/pathfileopsgo/pathfileops/fileaccesscontrol.go:261.2,261.12 1 1
MikeAustin71/pathfileopsgo/pathfileops/fileaccesscontrol.go:237.28,240.3 1 1
MikeAustin71/pathfileopsgo/pathfileops/fileaccesscontrol.go:247.16,249.3 1 1
MikeAustin71/pathfileopsgo/pathfileops/fileaccesscontrol.go:253.16,255.3 1 1
MikeAustin71/pathfileopsgo/pathfileops/fileaccesscontrol.go:257.18,259.3 1 1
MikeAustin71/pathfileopsgo/pathfileops/fileaccesscontrol.go:267.88,273.16 3 1
MikeAustin71/pathfileopsgo/pathfileops/fileaccesscontrol.go:277.2,281.16 3 1
MikeAustin71/pathfileopsgo/pathfileops/fileaccesscontrol.go:287.2,287.12 1 1
MikeAustin71/pathfileopsgo/pathfileops/fileaccesscontrol.go:273.16,275.3 1 1
MikeAustin71/pathfileopsgo/pathfileops/fileaccesscontrol.go:281.16,285.3 1 1
MikeAustin71/pathfileopsgo/pathfileops/fileaccesscontrol.go:294.46,300.16 3 1
MikeAustin71/pathfileopsgo/pathfileops/fileaccesscontrol.go:305.2,309.16 3 1
MikeAustin71/pathfileopsgo/pathfileops/fileaccesscontrol.go:313.2,313.12 1 1
MikeAustin71/pathfileopsgo/pathfileops/fileaccesscontrol.go:300.16,303.3 1 1
MikeAustin71/pathfileopsgo/pathfileops/fileaccesscontrol.go:309.16,311.3 1 1
MikeAustin71/pathfileopsgo/pathfileops/filehelper.go:41.85,46.15 3 1
MikeAustin71/pathfileopsgo/pathfileops/filehelper.go:50.2,50.94 1 1
MikeAustin71/pathfileopsgo/pathfileops/filehelper.go:54.2,56.24 2 1
MikeAustin71/pathfileopsgo/pathfileops/filehelper.go:46.15,48.3 1 0
MikeAustin71/pathfileopsgo/pathfileops/filehelper.go:50.94,52.3 1 0
MikeAustin71/pathfileopsgo/pathfileops/filehelper.go:61.58,64.2 1 1
MikeAustin71/pathfileopsgo/pathfileops/filehelper.go:69.61,73.16 2 1
MikeAustin71/pathfileopsgo/pathfileops/filehelper.go:77.2,77.12 1 1
MikeAustin71/pathfileopsgo/pathfileops/filehelper.go:73.16,75.3 1 0
MikeAustin71/pathfileopsgo/pathfileops/filehelper.go:88.95,95.26 5 1
MikeAustin71/pathfileopsgo/pathfileops/filehelper.go:100.2,102.26 2 1
MikeAustin71/pathfileopsgo/pathfileops/filehelper.go:107.2,111.27 3 1
MikeAustin71/pathfileopsgo/pathfileops/filehelper.go:116.2,116.46 1 1
MikeAustin71/pathfileopsgo/pathfileops/filehelper.go:121.2,123.32 2 1
MikeAustin71/pathfileopsgo/pathfileops/filehelper.go:132.2,134.17 2 1
MikeAustin71/pathfileopsgo/pathfileops/filehelper.go:185.2,187.17 2 1
MikeAustin71/pathfileopsgo/pathfileops/filehelper.go:192.2,192.45 1 1
MikeAustin71/pathfileopsgo/pathfileops/filehelper.go:204.2,206.39 2 1
MikeAustin71/pathfileopsgo/pathfileops/filehelper.go:211.2,213.17 2 1
MikeAustin71/pathfileopsgo/pathfileops/filehelper.go:218.2,220.21 2 1
MikeAustin71/pathfileopsgo/pathfileops/filehelper.go:227.2,229.17 2 1
MikeAustin71/pathfileopsgo/pathfileops/filehelper.go:234.2,237.51 2 1
MikeAustin71/pathfileopsgo/pathfileops/filehelper.go:251.2,251.67 1 1
MikeAustin71/pathfileopsgo/pathfileops/filehelper.go:265.2,268.8 4 1
MikeAustin71/pathfileopsgo/pathfileops/filehelper.go:95.26,98.3 2 0
MikeAustin71/pathfileopsgo/pathfileops/filehelper.go:102.26,105.3 2 0
MikeAustin71/pathfileopsgo/pathfileops/filehelper.go:111.27,114.3 2 0
MikeAustin71/pathfileopsgo/pathfileops/filehelper.go:116.46,119.3 2 1
MikeAustin71/pathfileopsgo/pathfileops/filehelper.go:123.32,128.3 4 1
MikeAustin71/pathfileopsgo/pathfileops/filehelper.go:134.17,137.20 1 1
MikeAustin71/pathfileopsgo/pathfileops/filehelper.go:137.20,139.63 1 1
MikeAustin71/pathfileopsgo/pathfileops/filehelper.go:145.4,145.25 1 1
MikeAustin71/pathfileopsgo/pathfileops/filehelper.go:151.4,152.10 2 1
MikeAustin71/pathfileopsgo/pathfileops/filehelper.go:139.63,141.5 1 1
MikeAustin71/pathfileopsgo/pathfileops/filehelper.go:141.10,143.5 1 1
MikeAustin71/pathfileopsgo/pathfileops/filehelper.go:145.25,147.5 1 0
MikeAustin71/pathfileopsgo/pathfileops/filehelper.go:147.10,149.5 1 1
MikeAustin71/pathfileopsgo/pathfileops/filehelper.go:154.9,160.28 3 1
MikeAustin71/pathfileopsgo/pathfileops/filehelper.go:167.4,167.63 1 1
MikeAustin71/pathfileopsgo/pathfileops/filehelper.go:174.4,174.25 1 1
MikeAustin71/pathfileopsgo/pathfileops/filehelper.go:180.4,181.10 2 1
MikeAustin71/pathfileopsgo/pathfileops/filehelper.go:160.28,165.5 4 1
MikeAustin71/pathfileopsgo/pathfileops/filehelper.go:167.63,169.5 1 1
MikeAustin71/pathfileopsgo/pathfileops/filehelper.go:169.10,172.5 1 0
MikeAustin71/pathfileopsgo/pathfileops/filehelper.go:174.25,176.5 1 0
MikeAustin71/pathfileopsgo/pathfileops/filehelper.go:176.10,178.5 1 1
MikeAustin71/pathfileopsgo/pathfileops/filehelper.go:187.17,190.3 2 0
MikeAustin71/pathfileopsgo/pathfileops/filehelper.go:192.45,193.62 1 0
MikeAustin71/pathfileopsgo/pathfileops/filehelper.go:199.3,201.9 3 0
MikeAustin71/pathfileopsgo/pathfileops/filehelper.go:193.62,195.4 1 0
MikeAustin71/pathfileopsgo/pathfileops/filehelper.go:195.9,197.4 1 0
MikeAustin71/pathfileopsgo/pathfileops/filehelper.go:206.39,209.3 2 1
MikeAustin71/pathfileopsgo/pathfileops/filehelper.go:213.17,216.3 2 0
MikeAustin71/pathfileopsgo/pathfileops/filehelper.go:220.21,225.3 4 0
MikeAustin71/pathfileopsgo/pathfileops/filehelper.go:229.17,232.3 2 0
MikeAustin71/pathfileopsgo/pathfileops/filehelper.go:237.51,239.24 2 1
MikeAustin71/pathfileopsgo/pathfileops/filehelper.go:245.3,246.9 2 1
MikeAustin71/pathfileopsgo/pathfileops/filehelper.go:239.24,241.4 1 0
MikeAustin71/pathfileopsgo/pathfileops/filehelper.go:241.9,243.4 1 1
MikeAustin71/pathfileopsgo/pathfileops/filehelper.go:251.67,255.24 2 1
MikeAustin71/pathfileopsgo/pathfileops/filehelper.go:261.3,262.9 2 1
MikeAustin71/pathfileopsgo/pathfileops/filehelper.go:255.24,257.4 1 1
MikeAustin71/pathfileopsgo/pathfileops/filehelper.go:257.9,259.4 1 1
MikeAustin71/pathfileopsgo/pathfileops/filehelper.go:278.111,285.30 5 1
MikeAustin71/pathfileopsgo/pathfileops/filehelper.go:290.2,292.50 2 1
MikeAustin71/pathfileopsgo/pathfileops/filehelper.go:299.2,301.17 2 1
MikeAustin71/pathfileopsgo/pathfileops/filehelper.go:322.2,324.45 2 1
MikeAustin71/pathfileopsgo/pathfileops/filehelper.go:331.2,333.39 2 1
MikeAustin71/pathfileopsgo/pathfileops/filehelper.go:338.2,340.16 2 1
MikeAustin71/pathfileopsgo/pathfileops/filehelper.go:345.2,347.21 2 1
MikeAustin71/pathfileopsgo/pathfileops/filehelper.go:354.2,354.43 1 1
MikeAustin71/pathfileopsgo/pathfileops/filehelper.go:362.2,366.22 3 1
MikeAustin71/pathfileopsgo/pathfileops/filehelper.go:372.2,373.8 2 1
MikeAustin71/pathfileopsgo/pathfileops/filehelper.go:285.30,288.3 2 0
MikeAustin71/pathfileopsgo/pathfileops/filehelper.go:292.50,295.3 2 0
MikeAustin71/pathfileopsgo/pathfileops/filehelper.go:301.17,304.20 1 1
MikeAustin71/pathfileopsgo/pathfileops/filehelper.go:304.20,311.4 4 1
MikeAustin71/pathfileopsgo/pathfileops/filehelper.go:311.9,319.4 4 1
MikeAustin71/pathfileopsgo/pathfileops/filehelper.go:324.45,327.3 2 0
MikeAustin71/pathfileopsgo/pathfileops/filehelper.go:333.39,336.3 2 0
MikeAustin71/pathfileopsgo/pathfileops/filehelper.go:340.16,343.3 2 0
MikeAustin71/pathfileopsgo/pathfileops/filehelper.go:347.21,352.3 4 1
MikeAustin71/pathfileopsgo/pathfileops/filehelper.go:354.43,360.3 4 0
MikeAustin71/pathfileopsgo/pathfileops/filehelper.go:366.22,368.3 1 0
MikeAustin71/pathfileopsgo/pathfileops/filehelper.go:368.8,370.3 1 1
MikeAustin71/pathfileopsgo/pathfileops/filehelper.go:394.58,397.2 1 1
MikeAustin71/pathfileopsgo/pathfileops/filehelper.go:426.60,432.18 4 1
MikeAustin71/pathfileopsgo/pathfileops/filehelper.go:439.2,439.14 1 1
MikeAustin71/pathfileopsgo/pathfileops/filehelper.go:432.18,437.3 4 1
MikeAustin71/pathfileopsgo/pathfileops/filehelper.go:468.60,473.18 4 1
MikeAustin71/pathfileopsgo/pathfileops/filehelper.go:479.2,479.16 1 1
MikeAustin71/pathfileopsgo/pathfileops/filehelper.go:473.18,478.3 4 1
MikeAustin71/pathfileopsgo/pathfileops/filehelper.go:505.70,511.16 3 1
MikeAustin71/pathfileopsgo/pathfileops/filehelper.go:518.2,520.17 2 0
MikeAustin71/pathfileopsgo/pathfileops/filehelper.go:525.2,527.12 2 0
MikeAustin71/pathfileopsgo/pathfileops/filehelper.go:511.16,513.3 1 1
MikeAustin71/pathfileopsgo/pathfileops/filehelper.go:520.17,523.3 2 0
MikeAustin71/pathfileopsgo/pathfileops/filehelper.go:549.70,555.16 3 1
MikeAustin71/pathfileopsgo/pathfileops/filehelper.go:560.2,562.17 2 0
MikeAustin71/pathfileopsgo/pathfileops/filehelper.go:567.2,569.12 2 0
MikeAustin71/pathfileopsgo/pathfileops/filehelper.go:555.16,557.3 1 1
MikeAustin71/pathfileopsgo/pathfileops/filehelper.go:562.17,565.3 2 0
MikeAustin71/pathfileopsgo/pathfileops/filehelper.go:587.66,591.19 2 1
MikeAustin71/pathfileopsgo/pathfileops/filehelper.go:595.2,595.19 1 1
MikeAustin71/pathfileopsgo/pathfileops/filehelper.go:600.2,600.28 1 1
MikeAustin71/pathfileopsgo/pathfileops/filehelper.go:605.2,607.17 2 1
MikeAustin71/pathfileopsgo/pathfileops/filehelper.go:612.2,612.29 1 1
MikeAustin71/pathfileopsgo/pathfileops/filehelper.go:619.2,621.17 2 1
MikeAustin71/pathfileopsgo/pathfileops/filehelper.go:646.2,648.17 2 1
MikeAustin71/pathfileopsgo/pathfileops/filehelper.go:653.2,655.8 2 1
MikeAustin71/pathfileopsgo/pathfileops/filehelper.go:591.19,593.3 1 0
MikeAustin71/pathfileopsgo/pathfileops/filehelper.go:595.19,598.3 2 0
MikeAustin71/pathfileopsgo/pathfileops/filehelper.go:600.28,603.3 2 0
MikeAustin71/pathfileopsgo/pathfileops/filehelper.go:607.17,610.3 2 0
MikeAustin71/pathfileopsgo/pathfileops/filehelper.go:612.29,617.3 2 0
MikeAustin71/pathfileopsgo/pathfileops/filehelper.go:621.17,623.27 1 1
MikeAustin71/pathfileopsgo/pathfileops/filehelper.go:623.27,627.4 2 0
MikeAustin71/pathfileopsgo/pathfileops/filehelper.go:629.8,631.32 1 0
MikeAustin71/pathfileopsgo/pathfileops/filehelper.go:639.3,639.28 1 0
MikeAustin71/pathfileopsgo/pathfileops/filehelper.go:631.32,634.4 2 0
MikeAustin71/pathfileopsgo/pathfileops/filehelper.go:639.28,642.4 2 0
MikeAustin71/pathfileopsgo/pathfileops/filehelper.go:648.17,651.3 2 0
MikeAustin71/pathfileopsgo/pathfileops/filehelper.go:672.64,676.19 3 1
MikeAustin71/pathfileopsgo/pathfileops/filehelper.go:682.2,682.19 1 1
MikeAustin71/pathfileopsgo/pathfileops/filehelper.go:688.2,688.28 1 1
MikeAustin71/pathfileopsgo/pathfileops/filehelper.go:694.2,696.17 2 1
MikeAustin71/pathfileopsgo/pathfileops/filehelper.go:710.2,710.29 1 1
MikeAustin71/pathfileopsgo/pathfileops/filehelper.go:717.2,719.17 2 1
MikeAustin71/pathfileopsgo/pathfileops/filehelper.go:751.2,753.17 2 1
MikeAustin71/pathfileopsgo/pathfileops/filehelper.go:760.2,762.17 2 1
MikeAustin71/pathfileopsgo/pathfileops/filehelper.go:773.2,773.45 1 1
MikeAustin71/pathfileopsgo/pathfileops/filehelper.go:784.2,786.17 2 1
MikeAustin71/pathfileopsgo/pathfileops/filehelper.go:795.2,797.17 2 1
MikeAustin71/pathfileopsgo/pathfileops/filehelper.go:807.2,809.17 2 1
MikeAustin71/pathfileopsgo/pathfileops/filehelper.go:818.2,820.12 2 1
MikeAustin71/pathfileopsgo/pathfileops/filehelper.go:676.19,680.3 2 0
MikeAustin71/pathfileopsgo/pathfileops/filehelper.go:682.19,686.3 2 0
MikeAustin71/pathfileopsgo/pathfileops/filehelper.go:688.28,692.3 2 0
MikeAustin71/pathfileopsgo/pathfileops/filehelper.go:696.17,697.26 1 0
MikeAustin71/pathfileopsgo/pathfileops/filehelper.go:705.3,707.13 2 0
MikeAustin71/pathfileopsgo/pathfileops/filehelper.go:697.26,703.4 2 0
MikeAustin71/pathfileopsgo/pathfileops/filehelper.go:710.29,715.3 2 0
MikeAustin71/pathfileopsgo/pathfileops/filehelper.go:719.17,721.27 1 1
MikeAustin71/pathfileopsgo/pathfileops/filehelper.go:721.27,725.4 2 0
MikeAustin71/pathfileopsgo/pathfileops/filehelper.go:729.8,731.30 1 0
MikeAustin71/pathfileopsgo/pathfileops/filehelper.go:736.3,736.28 1 0
MikeAustin71/pathfileopsgo/pathfileops/filehelper.go:731.30,734.4 2 0
MikeAustin71/pathfileopsgo/pathfileops/filehelper.go:736.28,741.4 2 0
MikeAustin71/pathfileopsgo/pathfileops/filehelper.go:753.17,758.3 2 0
MikeAustin71/pathfileopsgo/pathfileops/filehelper.go:762.17,771.3 3 0
MikeAustin71/pathfileopsgo/pathfileops/filehelper.go:773.45,781.3 4 0
MikeAustin71/pathfileopsgo/pathfileops/filehelper.go:786.17,793.3 4 0
MikeAustin71/pathfileopsgo/pathfileops/filehelper.go:797.17,805.3 3 0
MikeAustin71/pathfileopsgo/pathfileops/filehelper.go:809.17,816.3 2 0
MikeAustin71/pathfileopsgo/pathfileops/filehelper.go:825.72,827.2 1 1
MikeAustin71/pathfileopsgo/pathfileops/filehelper.go:1016.143,1023.34 4 0
MikeAustin71/pathfileopsgo/pathfileops/filehelper.go:1027.2,1032.16 4 0
MikeAustin71/pathfileopsgo/pathfileops/filehelper.go:1036.2,1036.29 1 0
MikeAustin71/pathfileopsgo/pathfileops/filehelper.go:1023.34,1025.3 1 0
MikeAustin71/pathfileopsgo/pathfileops/filehelper.go:1032.16,1034.3 1 0
MikeAustin71/pathfileopsgo/pathfileops/filehelper.go:1042.59,1045.24 2 1
MikeAustin71/pathfileopsgo/pathfileops/filehelper.go:1049.2,1049.33 1 1
MikeAustin71/pathfileopsgo/pathfileops/filehelper.go:1054.2,1056.16 2 1
MikeAustin71/pathfileopsgo/pathfileops/filehelper.go:1060.2,1060.12 1 1
MikeAustin71/pathfileopsgo/pathfileops/filehelper.go:1045.24,1047.3 1 0
MikeAustin71/pathfileopsgo/pathfileops/filehelper.go:1049.33,1052.3 1 0
MikeAustin71/pathfileopsgo/pathfileops/filehelper.go:1056.16,1058.3 1 0
MikeAustin71/pathfileopsgo/pathfileops/filehelper.go:1068.61,1071.23 2 1
MikeAustin71/pathfileopsgo/pathfileops/filehelper.go:1077.2,1079.16 2 1
MikeAustin71/pathfileopsgo/pathfileops/filehelper.go:1083.2,1083.12 1 1
MikeAustin71/pathfileopsgo/pathfileops/filehelper.go:1071.23,1073.3 1 0
MikeAustin71/pathfileopsgo/pathfileops/filehelper.go:1079.16,1081.3 1 0
MikeAustin71/pathfileopsgo/pathfileops/filehelper.go:1089.62,1094.2 2 1
MikeAustin71/pathfileopsgo/pathfileops/filehelper.go:1100.113,1104.60 2 1
MikeAustin71/pathfileopsgo/pathfileops/filehelper.go:1108.2,1110.35 2 1
MikeAustin71/pathfileopsgo/pathfileops/filehelper.go:1104.60,1106.3 1 1
MikeAustin71/pathfileopsgo/pathfileops/filehelper.go:1114.74,1118.16 2 0
MikeAustin71/pathfileopsgo/pathfileops/filehelper.go:1122.2,1122.100 1 0
MikeAustin71/pathfileopsgo/pathfileops/filehelper.go:1126.2,1126.14 1 0
MikeAustin71/pathfileopsgo/pathfileops/filehelper.go:1118.16,1120.3 1 0
MikeAustin71/pathfileopsgo/pathfileops/filehelper.go:1122.100,1124.3 1 0
MikeAustin71/pathfileopsgo/pathfileops/filehelper.go:1148.92,1154.38 3 1
MikeAustin71/pathfileopsgo/pathfileops/filehelper.go:1159.2,1159.16 1 1
MikeAustin71/pathfileopsgo/pathfileops/filehelper.go:1166.2,1166.20 1 1
MikeAustin71/pathfileopsgo/pathfileops/filehelper.go:1174.2,1178.16 3 1
MikeAustin71/pathfileopsgo/pathfileops/filehelper.go:1185.2,1185.21 1 1
MikeAustin71/pathfileopsgo/pathfileops/filehelper.go:1154.38,1157.3 1 0
MikeAustin71/pathfileopsgo/pathfileops/filehelper.go:1159.16,1164.3 1 0
MikeAustin71/pathfileopsgo/pathfileops/filehelper.go:1166.20,1170.3 1 0
MikeAustin71/pathfileopsgo/pathfileops/filehelper.go:1178.16,1183.3 1 0
MikeAustin71/pathfileopsgo/pathfileops/filehelper.go:1215.133,1223.17 5 1
MikeAustin71/pathfileopsgo/pathfileops/filehelper.go:1229.2,1231.17 2 1
MikeAustin71/pathfileopsgo/pathfileops/filehelper.go:1237.2,1239.17 2 1
MikeAustin71/pathfileopsgo/pathfileops/filehelper.go:1245.2,1247.17 2 1
MikeAustin71/pathfileopsgo/pathfileops/filehelper.go:1254.2,1254.89 1 1
MikeAustin71/pathfileopsgo/pathfileops/filehelper.go:1262.2,1262.77 1 1
MikeAustin71/pathfileopsgo/pathfileops/filehelper.go:1298.2,1298.36 1 1
MikeAustin71/pathfileopsgo/pathfileops/filehelper.go:1304.2,1304.48 1 1
MikeAustin71/pathfileopsgo/pathfileops/filehelper.go:1310.2,1310.48 1 1
MikeAustin71/pathfileopsgo/pathfileops/filehelper.go:1316.2,1316.50 1 1
MikeAustin71/pathfileopsgo/pathfileops/filehelper.go:1322.2,1324.8 3 1
MikeAustin71/pathfileopsgo/pathfileops/filehelper.go:1223.17,1227.3 3 0
MikeAustin71/pathfileopsgo/pathfileops/filehelper.go:1231.17,1235.3 3 0
MikeAustin71/pathfileopsgo/pathfileops/filehelper.go:1239.17,1243.3 3 0
MikeAustin71/pathfileopsgo/pathfileops/filehelper.go:1247.17,1251.3 3 0
MikeAustin71/pathfileopsgo/pathfileops/filehelper.go:1254.89,1258.3 3 1
MikeAustin71/pathfileopsgo/pathfileops/filehelper.go:1262.77,1264.38 1 1
MikeAustin71/pathfileopsgo/pathfileops/filehelper.go:1270.3,1270.50 1 1
MikeAustin71/pathfileopsgo/pathfileops/filehelper.go:1276.3,1276.50 1 1
MikeAustin71/pathfileopsgo/pathfileops/filehelper.go:1282.3,1282.52 1 1
MikeAustin71/pathfileopsgo/pathfileops/filehelper.go:1288.3,1290.9 3 1
MikeAustin71/pathfileopsgo/pathfileops/filehelper.go:1264.38,1268.4 3 1
MikeAustin71/pathfileopsgo/pathfileops/filehelper.go:1270.50,1274.4 3 1
MikeAustin71/pathfileopsgo/pathfileops/filehelper.go:1276.50,1280.4 3 1
MikeAustin71/pathfileopsgo/pathfileops/filehelper.go:1282.52,1286.4 3 0
MikeAustin71/pathfileopsgo/pathfileops/filehelper.go:1298.36,1302.3 3 1
MikeAustin71/pathfileopsgo/pathfileops/filehelper.go:1304.48,1308.3 3 0
MikeAustin71/pathfileopsgo/pathfileops/filehelper.go:1310.48,1314.3 3 1
MikeAustin71/pathfileopsgo/pathfileops/filehelper.go:1316.50,1320.3 3 0
MikeAustin71/pathfileopsgo/pathfileops/filehelper.go:1498.132,1506.34 4 0
MikeAustin71/pathfileopsgo/pathfileops/filehelper.go:1510.2,1517.16 4 0
MikeAustin71/pathfileopsgo/pathfileops/filehelper.go:1522.2,1522.27 1 0
MikeAustin71/pathfileopsgo/pathfileops/filehelper.go:1506.34,1508.3 1 0
MikeAustin71/pathfileopsgo/pathfileops/filehelper.go:1517.16,1520.3 1 0
MikeAustin71/pathfileopsgo/pathfileops/filehelper.go:1528.78,1531.24 2 1
MikeAustin71/pathfileopsgo/pathfileops/filehelper.go:1535.2,1537.28 2 1
MikeAustin71/pathfileopsgo/pathfileops/filehelper.go:1541.2,1543.16 2 1
MikeAustin71/pathfileopsgo/pathfileops/filehelper.go:1547.2,1547.21 1 1
MikeAustin71/pathfileopsgo/pathfileops/filehelper.go:1531.24,1533.3 1 0
MikeAustin71/pathfileopsgo/pathfileops/filehelper.go:1537.28,1539.3 1 0
MikeAustin71/pathfileopsgo/pathfileops/filehelper.go:1543.16,1545.3 1 0
MikeAustin71/pathfileopsgo/pathfileops/filehelper.go:1553.54,1558.16 3 1
MikeAustin71/pathfileopsgo/pathfileops/filehelper.go:1562.2,1562.33 1 1
MikeAustin71/pathfileopsgo/pathfileops/filehelper.go:1558.16,1560.3 1 0
MikeAustin71/pathfileopsgo/pathfileops/filehelper.go:1571.54,1573.2 1 1
MikeAustin71/pathfileopsgo/pathfileops/filehelper.go:1577.85,1582.19 3 1
MikeAustin71/pathfileopsgo/pathfileops/filehelper.go:1586.2,1588.32 2 1
MikeAustin71/pathfileopsgo/pathfileops/filehelper.go:1599.2,1599.21 1 1
MikeAustin71/pathfileopsgo/pathfileops/filehelper.go:1582.19,1584.3 1 0
MikeAustin71/pathfileopsgo/pathfileops/filehelper.go:1588.32,1592.19 2 1
MikeAustin71/pathfileopsgo/pathfileops/filehelper.go:1592.19,1595.4 1 1
MikeAustin71/pathfileopsgo/pathfileops/filehelper.go:1606.66,1611.2 2 0
MikeAustin71/pathfileopsgo/pathfileops/filehelper.go:1621.101,1630.31 6 1
MikeAustin71/pathfileopsgo/pathfileops/filehelper.go:1635.2,1639.33 3 1
MikeAustin71/pathfileopsgo/pathfileops/filehelper.go:1644.2,1646.17 2 1
MikeAustin71/pathfileopsgo/pathfileops/filehelper.go:1653.2,1657.21 2 1
MikeAustin71/pathfileopsgo/pathfileops/filehelper.go:1665.2,1667.17 2 1
MikeAustin71/pathfileopsgo/pathfileops/filehelper.go:1676.2,1676.53 1 1
MikeAustin71/pathfileopsgo/pathfileops/filehelper.go:1683.2,1685.17 2 1
MikeAustin71/pathfileopsgo/pathfileops/filehelper.go:1692.2,1694.23 2 1
MikeAustin71/pathfileopsgo/pathfileops/filehelper.go:1702.2,1703.43 1 1
MikeAustin71/pathfileopsgo/pathfileops/filehelper.go:1712.2,1715.8 4 1
MikeAustin71/pathfileopsgo/pathfileops/filehelper.go:1630.31,1633.3 2 1
MikeAustin71/pathfileopsgo/pathfileops/filehelper.go:1639.33,1642.3 2 0
MikeAustin71/pathfileopsgo/pathfileops/filehelper.go:1646.17,1651.3 4 0
MikeAustin71/pathfileopsgo/pathfileops/filehelper.go:1657.21,1663.3 4 1
MikeAustin71/pathfileopsgo/pathfileops/filehelper.go:1667.17,1672.3 4 0
MikeAustin71/pathfileopsgo/pathfileops/filehelper.go:1676.53,1681.3 4 0
MikeAustin71/pathfileopsgo/pathfileops/filehelper.go:1685.17,1690.3 4 0
MikeAustin71/pathfileopsgo/pathfileops/filehelper.go:1694.23,1699.3 4 1
MikeAustin71/pathfileopsgo/pathfileops/filehelper.go:1703.43,1710.3 4 1
MikeAustin71/pathfileopsgo/pathfileops/filehelper.go:1732.84,1736.2 1 1
MikeAustin71/pathfileopsgo/pathfileops/filehelper.go:1745.51,1751.24 4 1
MikeAustin71/pathfileopsgo/pathfileops/filehelper.go:1756.2,1758.22 2 1
MikeAustin71/pathfileopsgo/pathfileops/filehelper.go:1762.2,1764.16 2 1
MikeAustin71/pathfileopsgo/pathfileops/filehelper.go:1771.2,1771.61 1 1
MikeAustin71/pathfileopsgo/pathfileops/filehelper.go:1751.24,1754.3 1 0
MikeAustin71/pathfileopsgo/pathfileops/filehelper.go:1758.22,1760.3 1 0
MikeAustin71/pathfileopsgo/pathfileops/filehelper.go:1764.16,1769.3 1 0
MikeAustin71/pathfileopsgo/pathfileops/filehelper.go:1812.108,1819.31 5 1
MikeAustin71/pathfileopsgo/pathfileops/filehelper.go:1825.2,1827.27 2 1
MikeAustin71/pathfileopsgo/pathfileops/filehelper.go:1833.2,1837.19 3 1
MikeAustin71/pathfileopsgo/pathfileops/filehelper.go:1841.2,1843.31 2 1
MikeAustin71/pathfileopsgo/pathfileops/filehelper.go:1849.2,1851.17 2 1
MikeAustin71/pathfileopsgo/pathfileops/filehelper.go:1860.2,1860.45 1 1
MikeAustin71/pathfileopsgo/pathfileops/filehelper.go:1866.2,1868.17 2 1
MikeAustin71/pathfileopsgo/pathfileops/filehelper.go:1875.2,1877.17 2 1
MikeAustin71/pathfileopsgo/pathfileops/filehelper.go:1885.2,1888.20 3 1
MikeAustin71/pathfileopsgo/pathfileops/filehelper.go:1915.2,1915.18 1 1
MikeAustin71/pathfileopsgo/pathfileops/filehelper.go:1944.2,1946.24 2 1
MikeAustin71/pathfileopsgo/pathfileops/filehelper.go:1952.2,1954.8 2 1
MikeAustin71/pathfileopsgo/pathfileops/filehelper.go:1819.31,1823.3 2 1
MikeAustin71/pathfileopsgo/pathfileops/filehelper.go:1827.27,1831.3 2 0
MikeAustin71/pathfileopsgo/pathfileops/filehelper.go:1837.19,1839.3 1 1
MikeAustin71/pathfileopsgo/pathfileops/filehelper.go:1843.31,1847.3 2 0
MikeAustin71/pathfileopsgo/pathfileops/filehelper.go:1851.17,1856.3 2 0
MikeAustin71/pathfileopsgo/pathfileops/filehelper.go:1860.45,1864.3 3 0
MikeAustin71/pathfileopsgo/pathfileops/filehelper.go:1868.17,1873.3 2 0
MikeAustin71/pathfileopsgo/pathfileops/filehelper.go:1877.17,1883.3 2 0
MikeAustin71/pathfileopsgo/pathfileops/filehelper.go:1888.20,1893.56 1 1
MikeAustin71/pathfileopsgo/pathfileops/filehelper.go:1903.3,1903.25 1 1
MikeAustin71/pathfileopsgo/pathfileops/filehelper.go:1909.3,1910.9 2 1
MikeAustin71/pathfileopsgo/pathfileops/filehelper.go:1893.56,1895.4 1 1
MikeAustin71/pathfileopsgo/pathfileops/filehelper.go:1895.9,1895.51 1 1
MikeAustin71/pathfileopsgo/pathfileops/filehelper.go:1895.51,1899.4 1 1
MikeAustin71/pathfileopsgo/pathfileops/filehelper.go:1899.9,1901.4 1 0
MikeAustin71/pathfileopsgo/pathfileops/filehelper.go:1903.25,1905.4 1 1
MikeAustin71/pathfileopsgo/pathfileops/filehelper.go:1905.9,1907.4 1 1
MikeAustin71/pathfileopsgo/pathfileops/filehelper.go:1915.18,1920.41 2 1
MikeAustin71/pathfileopsgo/pathfileops/filehelper.go:1930.3,1930.25 1 1
MikeAustin71/pathfileopsgo/pathfileops/filehelper.go:1936.3,1937.9 2 1
MikeAustin71/pathfileopsgo/pathfileops/filehelper.go:1920.41,1926.4 3 1
MikeAustin71/pathfileopsgo/pathfileops/filehelper.go:1926.9,1926.48 1 1
MikeAustin71/pathfileopsgo/pathfileops/filehelper.go:1926.48,1928.4 1 1
MikeAustin71/pathfileopsgo/pathfileops/filehelper.go:1930.25,1932.4 1 0
MikeAustin71/pathfileopsgo/pathfileops/filehelper.go:1932.9,1934.4 1 1
MikeAustin71/pathfileopsgo/pathfileops/filehelper.go:1946.24,1948.3 1 0
MikeAustin71/pathfileopsgo/pathfileops/filehelper.go:1948.8,1950.3 1 1
MikeAustin71/pathfileopsgo/pathfileops/filehelper.go:1966.66,1974.31 5 1
MikeAustin71/pathfileopsgo/pathfileops/filehelper.go:1979.2,1981.27 2 1
MikeAustin71/pathfileopsgo/pathfileops/filehelper.go:1987.2,1989.35 2 1
MikeAustin71/pathfileopsgo/pathfileops/filehelper.go:1995.2,1997.17 2 1
MikeAustin71/pathfileopsgo/pathfileops/filehelper.go:2004.2,2004.24 1 1
MikeAustin71/pathfileopsgo/pathfileops/filehelper.go:2011.2,2013.17 2 1
MikeAustin71/pathfileopsgo/pathfileops/filehelper.go:2020.2,2023.18 2 1
MikeAustin71/pathfileopsgo/pathfileops/filehelper.go:2036.2,2038.17 2 1
MikeAustin71/pathfileopsgo/pathfileops/filehelper.go:2044.2,2045.8 2 1
MikeAustin71/pathfileopsgo/pathfileops/filehelper.go:1974.31,1977.3 2 0
MikeAustin71/pathfileopsgo/pathfileops/filehelper.go:1981.27,1985.3 2 0
MikeAustin71/pathfileopsgo/pathfileops/filehelper.go:1989.35,1993.3 2 0
MikeAustin71/pathfileopsgo/pathfileops/filehelper.go:1997.17,2002.3 2 0
MikeAustin71/pathfileopsgo/pathfileops/filehelper.go:2004.24,2009.3 4 1
MikeAustin71/pathfileopsgo/pathfileops/filehelper.go:2013.17,2018.3 2 0
MikeAustin71/pathfileopsgo/pathfileops/filehelper.go:2023.18,2026.18 2 1
MikeAustin71/pathfileopsgo/pathfileops/filehelper.go:2031.3,2032.9 2 1
MikeAustin71/pathfileopsgo/pathfileops/filehelper.go:2026.18,2028.4 1 0
MikeAustin71/pathfileopsgo/pathfileops/filehelper.go:2028.9,2030.4 1 1
MikeAustin71/pathfileopsgo/pathfileops/filehelper.go:2038.17,2040.3 1 0
MikeAustin71/pathfileopsgo/pathfileops/filehelper.go:2040.8,2042.3 1 1
MikeAustin71/pathfileopsgo/pathfileops/filehelper.go:2062.116,2069.19 5 1
MikeAustin71/pathfileopsgo/pathfileops/filehelper.go:2074.2,2078.19 3 1
MikeAustin71/pathfileopsgo/pathfileops/filehelper.go:2085.2,2090.18 4 1
MikeAustin71/pathfileopsgo/pathfileops/filehelper.go:2094.2,2135.39 4 1
MikeAustin71/pathfileopsgo/pathfileops/filehelper.go:2157.2,2159.8 2 1
MikeAustin71/pathfileopsgo/pathfileops/filehelper.go:2069.19,2072.3 2 0
MikeAustin71/pathfileopsgo/pathfileops/filehelper.go:2078.19,2081.3 2 0
MikeAustin71/pathfileopsgo/pathfileops/filehelper.go:2090.18,2092.3 1 1
MikeAustin71/pathfileopsgo/pathfileops/filehelper.go:2135.39,2139.44 3 1
MikeAustin71/pathfileopsgo/pathfileops/filehelper.go:2146.3,2146.27 1 1
MikeAustin71/pathfileopsgo/pathfileops/filehelper.go:2139.44,2140.38 1 1
MikeAustin71/pathfileopsgo/pathfileops/filehelper.go:2140.38,2142.5 1 1
MikeAustin71/pathfileopsgo/pathfileops/filehelper.go:2146.27,2148.22 1 1
MikeAustin71/pathfileopsgo/pathfileops/filehelper.go:2152.4,2152.15 1 1
MikeAustin71/pathfileopsgo/pathfileops/filehelper.go:2148.22,2150.5 1 1
MikeAustin71/pathfileopsgo/pathfileops/filehelper.go:2172.74,2175.24 2 0
MikeAustin71/pathfileopsgo/pathfileops/filehelper.go:2179.2,2185.21 4 0
MikeAustin71/pathfileopsgo/pathfileops/filehelper.go:2189.2,2189.37 1 0
MikeAustin71/pathfileopsgo/pathfileops/filehelper.go:2175.24,2177.3 1 0
MikeAustin71/pathfileopsgo/pathfileops/filehelper.go:2185.21,2187.3 1 0
MikeAustin71/pathfileopsgo/pathfileops/filehelper.go:2195.128,2203.27 6 1
MikeAustin71/pathfileopsgo/pathfileops/filehelper.go:2208.2,2210.34 2 1
MikeAustin71/pathfileopsgo/pathfileops/filehelper.go:2215.2,2217.17 2 1
MikeAustin71/pathfileopsgo/pathfileops/filehelper.go:2222.2,2222.13 1 1
MikeAustin71/pathfileopsgo/pathfileops/filehelper.go:2228.2,2230.32 2 1
MikeAustin71/pathfileopsgo/pathfileops/filehelper.go:2245.2,2247.17 2 1
MikeAustin71/pathfileopsgo/pathfileops/filehelper.go:2252.2,2252.13 1 1
MikeAustin71/pathfileopsgo/pathfileops/filehelper.go:2258.2,2258.40 1 1
MikeAustin71/pathfileopsgo/pathfileops/filehelper.go:2264.2,2266.8 2 1
MikeAustin71/pathfileopsgo/pathfileops/filehelper.go:2203.27,2206.3 2 0
MikeAustin71/pathfileopsgo/pathfileops/filehelper.go:2210.34,2213.3 2 0
MikeAustin71/pathfileopsgo/pathfileops/filehelper.go:2217.17,2220.3 2 0
MikeAustin71/pathfileopsgo/pathfileops/filehelper.go:2222.13,2224.3 1 1
MikeAustin71/pathfileopsgo/pathfileops/filehelper.go:2224.8,2226.3 1 1
MikeAustin71/pathfileopsgo/pathfileops/filehelper.go:2230.32,2233.41 2 1
MikeAustin71/pathfileopsgo/pathfileops/filehelper.go:2239.3,2241.9 2 1
MikeAustin71/pathfileopsgo/pathfileops/filehelper.go:2233.41,2235.4 1 0
MikeAustin71/pathfileopsgo/pathfileops/filehelper.go:2235.9,2237.4 1 1
MikeAustin71/pathfileopsgo/pathfileops/filehelper.go:2247.17,2250.3 2 0
MikeAustin71/pathfileopsgo/pathfileops/filehelper.go:2252.13,2254.3 1 0
MikeAustin71/pathfileopsgo/pathfileops/filehelper.go:2254.8,2256.3 1 1
MikeAustin71/pathfileopsgo/pathfileops/filehelper.go:2258.40,2260.3 1 0
MikeAustin71/pathfileopsgo/pathfileops/filehelper.go:2260.8,2262.3 1 1
MikeAustin71/pathfileopsgo/pathfileops/filehelper.go:2316.112,2322.31 5 1
MikeAustin71/pathfileopsgo/pathfileops/filehelper.go:2327.2,2329.17 2 1
MikeAustin71/pathfileopsgo/pathfileops/filehelper.go:2334.2,2334.16 1 1
MikeAustin71/pathfileopsgo/pathfileops/filehelper.go:2341.2,2343.23 2 1
MikeAustin71/pathfileopsgo/pathfileops/filehelper.go:2348.2,2350.17 2 1
MikeAustin71/pathfileopsgo/pathfileops/filehelper.go:2355.2,2359.17 3 1
MikeAustin71/pathfileopsgo/pathfileops/filehelper.go:2363.2,2365.17 2 1
MikeAustin71/pathfileopsgo/pathfileops/filehelper.go:2370.2,2376.28 4 1
MikeAustin71/pathfileopsgo/pathfileops/filehelper.go:2431.2,2431.28 1 1
MikeAustin71/pathfileopsgo/pathfileops/filehelper.go:2438.2,2440.23 2 1
MikeAustin71/pathfileopsgo/pathfileops/filehelper.go:2446.2,2448.8 2 1
MikeAustin71/pathfileopsgo/pathfileops/filehelper.go:2322.31,2325.3 2 1
MikeAustin71/pathfileopsgo/pathfileops/filehelper.go:2329.17,2332.3 2 0
MikeAustin71/pathfileopsgo/pathfileops/filehelper.go:2334.16,2339.3 4 1
MikeAustin71/pathfileopsgo/pathfileops/filehelper.go:2343.23,2346.3 2 0
MikeAustin71/pathfileopsgo/pathfileops/filehelper.go:2350.17,2353.3 2 0
MikeAustin71/pathfileopsgo/pathfileops/filehelper.go:2359.17,2361.3 1 0
MikeAustin71/pathfileopsgo/pathfileops/filehelper.go:2365.17,2368.3 2 0
MikeAustin71/pathfileopsgo/pathfileops/filehelper.go:2376.28,2380.3 1 1
MikeAustin71/pathfileopsgo/pathfileops/filehelper.go:2380.8,2380.49 1 1
MikeAustin71/pathfileopsgo/pathfileops/filehelper.go:2380.49,2385.3 2 0
MikeAustin71/pathfileopsgo/pathfileops/filehelper.go:2385.8,2385.54 1 1
MikeAustin71/pathfileopsgo/pathfileops/filehelper.go:2385.54,2389.18 2 1
MikeAustin71/pathfileopsgo/pathfileops/filehelper.go:2394.3,2394.20 1 1
MikeAustin71/pathfileopsgo/pathfileops/filehelper.go:2399.3,2399.29 1 1
MikeAustin71/pathfileopsgo/pathfileops/filehelper.go:2389.18,2392.4 2 0
MikeAustin71/pathfileopsgo/pathfileops/filehelper.go:2394.20,2397.4 2 0
MikeAustin71/pathfileopsgo/pathfileops/filehelper.go:2401.8,2401.28 1 1
MikeAustin71/pathfileopsgo/pathfileops/filehelper.go:2401.28,2408.3 4 0
MikeAustin71/pathfileopsgo/pathfileops/filehelper.go:2408.8,2408.26 1 1
MikeAustin71/pathfileopsgo/pathfileops/filehelper.go:2408.26,2411.48 1 1
MikeAustin71/pathfileopsgo/pathfileops/filehelper.go:2411.48,2414.4 1 0
MikeAustin71/pathfileopsgo/pathfileops/filehelper.go:2414.9,2416.4 1 1
MikeAustin71/pathfileopsgo/pathfileops/filehelper.go:2418.8,2418.58 1 1
MikeAustin71/pathfileopsgo/pathfileops/filehelper.go:2418.58,2422.3 1 1
MikeAustin71/pathfileopsgo/pathfileops/filehelper.go:2422.8,2422.58 1 1
MikeAustin71/pathfileopsgo/pathfileops/filehelper.go:2422.58,2426.3 1 1
MikeAustin71/pathfileopsgo/pathfileops/filehelper.go:2426.8,2429.3 2 0
MikeAustin71/pathfileopsgo/pathfileops/filehelper.go:2431.28,2434.3 2 0
MikeAustin71/pathfileopsgo/pathfileops/filehelper.go:2440.23,2442.3 1 0
MikeAustin71/pathfileopsgo/pathfileops/filehelper.go:2442.8,2444.3 1 1
MikeAustin71/pathfileopsgo/pathfileops/filehelper.go:2455.86,2460.19 3 1
MikeAustin71/pathfileopsgo/pathfileops/filehelper.go:2464.2,2466.32 2 1
MikeAustin71/pathfileopsgo/pathfileops/filehelper.go:2479.2,2479.23 1 1
MikeAustin71/pathfileopsgo/pathfileops/filehelper.go:2460.19,2462.3 1 0
MikeAustin71/pathfileopsgo/pathfileops/filehelper.go:2466.32,2472.17 2 1
MikeAustin71/pathfileopsgo/pathfileops/filehelper.go:2472.17,2475.4 1 1
MikeAustin71/pathfileopsgo/pathfileops/filehelper.go:2484.59,2487.2 1 1
MikeAustin71/pathfileopsgo/pathfileops/filehelper.go:2491.93,2500.19 5 0
MikeAustin71/pathfileopsgo/pathfileops/filehelper.go:2505.2,2505.32 1 0
MikeAustin71/pathfileopsgo/pathfileops/filehelper.go:2515.2,2517.8 3 0
MikeAustin71/pathfileopsgo/pathfileops/filehelper.go:2500.19,2503.3 2 0
MikeAustin71/pathfileopsgo/pathfileops/filehelper.go:2505.32,2507.30 1 0
MikeAustin71/pathfileopsgo/pathfileops/filehelper.go:2507.30,2511.4 3 0
MikeAustin71/pathfileopsgo/pathfileops/filehelper.go:2524.58,2526.2 1 1
MikeAustin71/pathfileopsgo/pathfileops/filehelper.go:2566.137,2570.27 2 0
MikeAustin71/pathfileopsgo/pathfileops/filehelper.go:2578.2,2581.23 3 0
MikeAustin71/pathfileopsgo/pathfileops/filehelper.go:2591.2,2593.17 2 0
MikeAustin71/pathfileopsgo/pathfileops/filehelper.go:2612.2,2612.46 1 0
MikeAustin71/pathfileopsgo/pathfileops/filehelper.go:2620.2,2622.17 2 0
MikeAustin71/pathfileopsgo/pathfileops/filehelper.go:2629.2,2629.45 1 0
MikeAustin71/pathfileopsgo/pathfileops/filehelper.go:2638.2,2640.32 2 0
MikeAustin71/pathfileopsgo/pathfileops/filehelper.go:2648.2,2650.17 2 0
MikeAustin71/pathfileopsgo/pathfileops/filehelper.go:2657.2,2659.17 2 0
MikeAustin71/pathfileopsgo/pathfileops/filehelper.go:2666.2,2670.22 3 0
MikeAustin71/pathfileopsgo/pathfileops/filehelper.go:2681.2,2681.20 1 0
MikeAustin71/pathfileopsgo/pathfileops/filehelper.go:2703.2,2704.42 1 0
MikeAustin71/pathfileopsgo/pathfileops/filehelper.go:2712.2,2712.48 1 0
MikeAustin71/pathfileopsgo/pathfileops/filehelper.go:2722.2,2725.8 4 0
MikeAustin71/pathfileopsgo/pathfileops/filehelper.go:2570.27,2576.3 5 0
MikeAustin71/pathfileopsgo/pathfileops/filehelper.go:2581.23,2587.3 5 0
MikeAustin71/pathfileopsgo/pathfileops/filehelper.go:2593.17,2595.21 1 0
MikeAustin71/pathfileopsgo/pathfileops/filehelper.go:2595.21,2601.4 4 0
MikeAustin71/pathfileopsgo/pathfileops/filehelper.go:2601.9,2606.4 4 0
MikeAustin71/pathfileopsgo/pathfileops/filehelper.go:2612.46,2618.3 4 0
MikeAustin71/pathfileopsgo/pathfileops/filehelper.go:2622.17,2627.3 4 0
MikeAustin71/pathfileopsgo/pathfileops/filehelper.go:2629.45,2636.3 4 0
MikeAustin71/pathfileopsgo/pathfileops/filehelper.go:2640.32,2646.3 4 0
MikeAustin71/pathfileopsgo/pathfileops/filehelper.go:2650.17,2655.3 4 0
MikeAustin71/pathfileopsgo/pathfileops/filehelper.go:2659.17,2664.3 4 0
MikeAustin71/pathfileopsgo/pathfileops/filehelper.go:2670.22,2677.3 4 0
MikeAustin71/pathfileopsgo/pathfileops/filehelper.go:2681.20,2683.45 1 0
MikeAustin71/pathfileopsgo/pathfileops/filehelper.go:2693.3,2696.9 4 0
MikeAustin71/pathfileopsgo/pathfileops/filehelper.go:2683.45,2691.4 4 0
MikeAustin71/pathfileopsgo/pathfileops/filehelper.go:2704.42,2709.3 4 0
MikeAustin71/pathfileopsgo/pathfileops/filehelper.go:2712.48,2718.3 4 0
MikeAustin71/pathfileopsgo/pathfileops/filehelper.go:2775.88,2783.19 4 0
MikeAustin71/pathfileopsgo/pathfileops/filehelper.go:2791.2,2794.23 3 0
MikeAustin71/pathfileopsgo/pathfileops/filehelper.go:2804.2,2806.16 2 0
MikeAustin71/pathfileopsgo/pathfileops/filehelper.go:2825.2,2825.42 1 0
MikeAustin71/pathfileopsgo/pathfileops/filehelper.go:2833.2,2835.28 2 0
MikeAustin71/pathfileopsgo/pathfileops/filehelper.go:2842.2,2844.17 2 0
MikeAustin71/pathfileopsgo/pathfileops/filehelper.go:2851.2,2851.22 1 0
MikeAustin71/pathfileopsgo/pathfileops/filehelper.go:2858.2,2860.17 2 0
MikeAustin71/pathfileopsgo/pathfileops/filehelper.go:2867.2,2869.17 2 0
MikeAustin71/pathfileopsgo/pathfileops/filehelper.go:2876.2,2878.17 2 0
MikeAustin71/pathfileopsgo/pathfileops/filehelper.go:2885.2,2885.57 1 0
MikeAustin71/pathfileopsgo/pathfileops/filehelper.go:2899.2,2903.42 3 0
MikeAustin71/pathfileopsgo/pathfileops/filehelper.go:2914.2,2914.41 1 0
MikeAustin71/pathfileopsgo/pathfileops/filehelper.go:2925.2,2925.40 1 0
MikeAustin71/pathfileopsgo/pathfileops/filehelper.go:2935.2,2935.39 1 0
MikeAustin71/pathfileopsgo/pathfileops/filehelper.go:2956.2,2956.39 1 0
MikeAustin71/pathfileopsgo/pathfileops/filehelper.go:2973.2,2973.48 1 0
MikeAustin71/pathfileopsgo/pathfileops/filehelper.go:2985.2,2986.51 1 0
MikeAustin71/pathfileopsgo/pathfileops/filehelper.go:2998.2,2998.53 1 0
MikeAustin71/pathfileopsgo/pathfileops/filehelper.go:3007.2,3009.49 1 0
MikeAustin71/pathfileopsgo/pathfileops/filehelper.go:3021.2,3022.46 1 0
MikeAustin71/pathfileopsgo/pathfileops/filehelper.go:3037.2,3040.8 4 0
MikeAustin71/pathfileopsgo/pathfileops/filehelper.go:2783.19,2789.3 5 0
MikeAustin71/pathfileopsgo/pathfileops/filehelper.go:2794.23,2800.3 5 0
MikeAustin71/pathfileopsgo/pathfileops/filehelper.go:2806.16,2808.20 1 0
MikeAustin71/pathfileopsgo/pathfileops/filehelper.go:2808.20,2814.4 4 0
MikeAustin71/pathfileopsgo/pathfileops/filehelper.go:2814.9,2819.4 4 0
MikeAustin71/pathfileopsgo/pathfileops/filehelper.go:2825.42,2831.3 4 0
MikeAustin71/pathfileopsgo/pathfileops/filehelper.go:2835.28,2840.3 4 0
MikeAustin71/pathfileopsgo/pathfileops/filehelper.go:2844.17,2849.3 4 0
MikeAustin71/pathfileopsgo/pathfileops/filehelper.go:2851.22,2856.3 4 0
MikeAustin71/pathfileopsgo/pathfileops/filehelper.go:2860.17,2865.3 4 0
MikeAustin71/pathfileopsgo/pathfileops/filehelper.go:2869.17,2874.3 4 0
MikeAustin71/pathfileopsgo/pathfileops/filehelper.go:2878.17,2883.3 4 0
MikeAustin71/pathfileopsgo/pathfileops/filehelper.go:2885.57,2891.3 4 0
MikeAustin71/pathfileopsgo/pathfileops/filehelper.go:2903.42,2905.21 1 0
MikeAustin71/pathfileopsgo/pathfileops/filehelper.go:2905.21,2910.4 4 0
MikeAustin71/pathfileopsgo/pathfileops/filehelper.go:2914.41,2916.21 1 0
MikeAustin71/pathfileopsgo/pathfileops/filehelper.go:2916.21,2921.4 4 0
MikeAustin71/pathfileopsgo/pathfileops/filehelper.go:2925.40,2932.3 4 0
MikeAustin71/pathfileopsgo/pathfileops/filehelper.go:2935.39,2938.48 1 0
MikeAustin71/pathfileopsgo/pathfileops/filehelper.go:2946.3,2946.48 1 0
MikeAustin71/pathfileopsgo/pathfileops/filehelper.go:2938.48,2943.4 4 0
MikeAustin71/pathfileopsgo/pathfileops/filehelper.go:2946.48,2951.4 4 0
MikeAustin71/pathfileopsgo/pathfileops/filehelper.go:2956.39,2963.3 4 0
MikeAustin71/pathfileopsgo/pathfileops/filehelper.go:2973.48,2982.3 4 0
MikeAustin71/pathfileopsgo/pathfileops/filehelper.go:2986.51,2994.3 4 0
MikeAustin71/pathfileopsgo/pathfileops/filehelper.go:2998.53,3004.3 4 0
MikeAustin71/pathfileopsgo/pathfileops/filehelper.go:3009.49,3015.3 4 0
MikeAustin71/pathfileopsgo/pathfileops/filehelper.go:3022.46,3029.3 4 0
MikeAustin71/pathfileopsgo/pathfileops/filehelper.go:3047.77,3052.2 3 1
MikeAustin71/pathfileopsgo/pathfileops/filehelper.go:3055.61,3059.2 1 1
MikeAustin71/pathfileopsgo/pathfileops/filehelper.go:3064.71,3068.23 2 1
MikeAustin71/pathfileopsgo/pathfileops/filehelper.go:3072.2,3074.27 2 1
MikeAustin71/pathfileopsgo/pathfileops/filehelper.go:3079.2,3081.16 2 1
MikeAustin71/pathfileopsgo/pathfileops/filehelper.go:3085.2,3085.15 1 1
MikeAustin71/pathfileopsgo/pathfileops/filehelper.go:3068.23,3070.3 1 0
MikeAustin71/pathfileopsgo/pathfileops/filehelper.go:3074.27,3077.3 1 0
MikeAustin71/pathfileopsgo/pathfileops/filehelper.go:3081.16,3083.3 1 0
MikeAustin71/pathfileopsgo/pathfileops/filehelper.go:3094.55,3097.2 2 1
MikeAustin71/pathfileopsgo/pathfileops/filehelper.go:3103.60,3107.16 3 0
MikeAustin71/pathfileopsgo/pathfileops/filehelper.go:3111.2,3111.18 1 0
MikeAustin71/pathfileopsgo/pathfileops/filehelper.go:3107.16,3109.3 1 0
MikeAustin71/pathfileopsgo/pathfileops/filehelper.go:3131.77,3135.19 3 1
MikeAustin71/pathfileopsgo/pathfileops/filehelper.go:3140.2,3140.19 1 1
MikeAustin71/pathfileopsgo/pathfileops/filehelper.go:3145.2,3145.28 1 1
MikeAustin71/pathfileopsgo/pathfileops/filehelper.go:3150.2,3152.17 2 1
MikeAustin71/pathfileopsgo/pathfileops/filehelper.go:3169.2,3173.17 3 1
MikeAustin71/pathfileopsgo/pathfileops/filehelper.go:3180.2,3182.24 2 1
MikeAustin71/pathfileopsgo/pathfileops/filehelper.go:3135.19,3138.3 2 0
MikeAustin71/pathfileopsgo/pathfileops/filehelper.go:3140.19,3143.3 2 0
MikeAustin71/pathfileopsgo/pathfileops/filehelper.go:3145.28,3148.3 2 0
MikeAustin71/pathfileopsgo/pathfileops/filehelper.go:3152.17,3156.18 2 0
MikeAustin71/pathfileopsgo/pathfileops/filehelper.go:3162.3,3166.25 3 0
MikeAustin71/pathfileopsgo/pathfileops/filehelper.go:3156.18,3160.4 1 0
MikeAustin71/pathfileopsgo/pathfileops/filehelper.go:3173.17,3178.3 2 0
MikeAustin71/pathfileopsgo/pathfileops/filehelper.go:3190.76,3192.2 1 1
MikeAustin71/pathfileopsgo/pathfileops/filehelper.go:3196.84,3199.19 2 1
MikeAustin71/pathfileopsgo/pathfileops/filehelper.go:3203.2,3207.19 2 1
MikeAustin71/pathfileopsgo/pathfileops/filehelper.go:3216.2,3216.16 1 1
MikeAustin71/pathfileopsgo/pathfileops/filehelper.go:3199.19,3201.3 1 1
MikeAustin71/pathfileopsgo/pathfileops/filehelper.go:3207.19,3209.19 1 1
MikeAustin71/pathfileopsgo/pathfileops/filehelper.go:3213.3,3213.33 1 1
MikeAustin71/pathfileopsgo/pathfileops/filehelper.go:3209.19,3211.4 1 0
MikeAustin71/pathfileopsgo/pathfileops/filehelper.go:3220.82,3222.2 1 0
MikeAustin71/pathfileopsgo/pathfileops/filehelper.go:3235.152,3237.46 1 1
MikeAustin71/pathfileopsgo/pathfileops/filehelper.go:3244.2,3244.56 1 1
MikeAustin71/pathfileopsgo/pathfileops/filehelper.go:3252.2,3255.8 4 0
MikeAustin71/pathfileopsgo/pathfileops/filehelper.go:3237.46,3242.3 4 1
MikeAustin71/pathfileopsgo/pathfileops/filehelper.go:3244.56,3250.3 4 1
MikeAustin71/pathfileopsgo/pathfileops/filehelper.go:3269.162,3275.48 4 1
MikeAustin71/pathfileopsgo/pathfileops/filehelper.go:3282.2,3282.62 1 1
MikeAustin71/pathfileopsgo/pathfileops/filehelper.go:3290.2,3294.8 4 1
MikeAustin71/pathfileopsgo/pathfileops/filehelper.go:3275.48,3280.3 4 1
MikeAustin71/pathfileopsgo/pathfileops/filehelper.go:3282.62,3288.3 4 1
MikeAustin71/pathfileopsgo/pathfileops/filehelper.go:3308.162,3310.48 1 1
MikeAustin71/pathfileopsgo/pathfileops/filehelper.go:3317.2,3317.61 1 1
MikeAustin71/pathfileopsgo/pathfileops/filehelper.go:3324.2,3327.8 4 1
MikeAustin71/pathfileopsgo/pathfileops/filehelper.go:3310.48,3315.3 4 1
MikeAustin71/pathfileopsgo/pathfileops/filehelper.go:3317.61,3322.3 4 1
MikeAustin71/pathfileopsgo/pathfileops/filehelper.go:3344.153,3354.19 6 1
MikeAustin71/pathfileopsgo/pathfileops/filehelper.go:3361.2,3363.29 2 1
MikeAustin71/pathfileopsgo/pathfileops/filehelper.go:3382.2,3385.8 4 1
MikeAustin71/pathfileopsgo/pathfileops/filehelper.go:3354.19,3359.3 4 1
MikeAustin71/pathfileopsgo/pathfileops/filehelper.go:3363.29,3367.18 2 1
MikeAustin71/pathfileopsgo/pathfileops/filehelper.go:3374.3,3374.14 1 1
MikeAustin71/pathfileopsgo/pathfileops/filehelper.go:3367.18,3372.4 4 0
MikeAustin71/pathfileopsgo/pathfileops/filehelper.go:3374.14,3379.4 4 1
MikeAustin71/pathfileopsgo/pathfileops/filehelper.go:3392.64,3396.16 2 0
MikeAustin71/pathfileopsgo/pathfileops/filehelper.go:3403.2,3403.12 1 0
MikeAustin71/pathfileopsgo/pathfileops/filehelper.go:3396.16,3401.3 2 0
MikeAustin71/pathfileopsgo/pathfileops/filehelper.go:3419.37,3429.13 4 1
MikeAustin71/pathfileopsgo/pathfileops/filehelper.go:3437.2,3437.14 1 1
MikeAustin71/pathfileopsgo/pathfileops/filehelper.go:3445.2,3445.51 1 1
MikeAustin71/pathfileopsgo/pathfileops/filehelper.go:3429.13,3435.3 1 1
MikeAustin71/pathfileopsgo/pathfileops/filehelper.go:3437.14,3443.3 1 0
MikeAustin71/pathfileopsgo/pathfileops/filehelper.go:3450.71,3454.2 1 0
MikeAustin71/pathfileopsgo/pathfileops/filehelper.go:3458.75,3462.2 1 0
MikeAustin71/pathfileopsgo/pathfileops/filehelper.go:3548.131,3549.67 1 1
MikeAustin71/pathfileopsgo/pathfileops/filehelper.go:3549.67,3553.18 2 1
MikeAustin71/pathfileopsgo/pathfileops/filehelper.go:3558.3,3558.19 1 1
MikeAustin71/pathfileopsgo/pathfileops/filehelper.go:3581.3,3585.17 3 1
MikeAustin71/pathfileopsgo/pathfileops/filehelper.go:3592.3,3592.18 1 1
MikeAustin71/pathfileopsgo/pathfileops/filehelper.go:3619.3,3619.13 1 1
MikeAustin71/pathfileopsgo/pathfileops/filehelper.go:3553.18,3556.4 2 0
MikeAustin71/pathfileopsgo/pathfileops/filehelper.go:3558.19,3562.18 2 1
MikeAustin71/pathfileopsgo/pathfileops/filehelper.go:3575.4,3578.14 3 1
MikeAustin71/pathfileopsgo/pathfileops/filehelper.go:3562.18,3567.29 3 0
MikeAustin71/pathfileopsgo/pathfileops/filehelper.go:3572.5,3572.15 1 0
MikeAustin71/pathfileopsgo/pathfileops/filehelper.go:3567.29,3570.6 2 0
MikeAustin71/pathfileopsgo/pathfileops/filehelper.go:3585.17,3590.4 3 0
MikeAustin71/pathfileopsgo/pathfileops/filehelper.go:3592.18,3596.18 2 1
MikeAustin71/pathfileopsgo/pathfileops/filehelper.go:3605.4,3607.18 2 1
MikeAustin71/pathfileopsgo/pathfileops/filehelper.go:3596.18,3603.5 3 0
MikeAustin71/pathfileopsgo/pathfileops/filehelper.go:3607.18,3615.5 3 0
MikeAustin71/pathfileopsgo/pathfileops/filehelper.go:3626.123,3627.67 1 1
MikeAustin71/pathfileopsgo/pathfileops/filehelper.go:3627.67,3631.18 2 1
MikeAustin71/pathfileopsgo/pathfileops/filehelper.go:3638.3,3638.19 1 1
MikeAustin71/pathfileopsgo/pathfileops/filehelper.go:3656.3,3662.17 3 1
MikeAustin71/pathfileopsgo/pathfileops/filehelper.go:3669.3,3669.18 1 1
MikeAustin71/pathfileopsgo/pathfileops/filehelper.go:3696.3,3696.13 1 1
MikeAustin71/pathfileopsgo/pathfileops/filehelper.go:3631.18,3636.4 3 0
MikeAustin71/pathfileopsgo/pathfileops/filehelper.go:3638.19,3640.18 2 1
MikeAustin71/pathfileopsgo/pathfileops/filehelper.go:3652.4,3653.14 2 1
MikeAustin71/pathfileopsgo/pathfileops/filehelper.go:3640.18,3642.29 1 0
MikeAustin71/pathfileopsgo/pathfileops/filehelper.go:3646.5,3649.15 3 0
MikeAustin71/pathfileopsgo/pathfileops/filehelper.go:3642.29,3644.6 1 0
MikeAustin71/pathfileopsgo/pathfileops/filehelper.go:3662.17,3667.4 3 0
MikeAustin71/pathfileopsgo/pathfileops/filehelper.go:3669.18,3673.19 2 1
MikeAustin71/pathfileopsgo/pathfileops/filehelper.go:3683.4,3685.18 2 1
MikeAustin71/pathfileopsgo/pathfileops/filehelper.go:3673.19,3681.5 3 0
MikeAustin71/pathfileopsgo/pathfileops/filehelper.go:3685.18,3693.5 3 0
MikeAustin71/pathfileopsgo/pathfileops/fileopscollection.go:18.64,20.29 1 0
MikeAustin71/pathfileopsgo/pathfileops/fileopscollection.go:24.3,24.62 1 0
MikeAustin71/pathfileopsgo/pathfileops/fileopscollection.go:20.29,22.4 1 0
MikeAustin71/pathfileopsgo/pathfileops/fileopscollection.go:33.37,37.29 2 1
MikeAustin71/pathfileopsgo/pathfileops/fileopscollection.go:41.3,43.17 2 1
MikeAustin71/pathfileopsgo/pathfileops/fileopscollection.go:49.3,51.13 2 1
MikeAustin71/pathfileopsgo/pathfileops/fileopscollection.go:37.29,39.4 1 0
MikeAustin71/pathfileopsgo/pathfileops/fileopscollection.go:43.17,47.4 1 0
MikeAustin71/pathfileopsgo/pathfileops/fileopscollection.go:62.40,66.29 2 1
MikeAustin71/pathfileopsgo/pathfileops/fileopscollection.go:70.3,76.17 2 1
MikeAustin71/pathfileopsgo/pathfileops/fileopscollection.go:82.3,84.13 2 1
MikeAustin71/pathfileopsgo/pathfileops/fileopscollection.go:66.29,68.4 1 0
MikeAustin71/pathfileopsgo/pathfileops/fileopscollection.go:76.17,80.4 1 0
MikeAustin71/pathfileopsgo/pathfileops/fileopscollection.go:95.43,99.29 2 1
MikeAustin71/pathfileopsgo/pathfileops/fileopscollection.go:103.3,110.17 2 1
MikeAustin71/pathfileopsgo/pathfileops/fileopscollection.go:116.3,118.13 2 1
MikeAustin71/pathfileopsgo/pathfileops/fileopscollection.go:99.29,101.4 1 0
MikeAustin71/pathfileopsgo/pathfileops/fileopscollection.go:110.17,114.4 1 0
MikeAustin71/pathfileopsgo/pathfileops/fileopscollection.go:128.44,132.29 2 1
MikeAustin71/pathfileopsgo/pathfileops/fileopscollection.go:136.3,140.17 2 1
MikeAustin71/pathfileopsgo/pathfileops/fileopscollection.go:147.3,149.13 2 1
MikeAustin71/pathfileopsgo/pathfileops/fileopscollection.go:132.29,134.4 1 0
MikeAustin71/pathfileopsgo/pathfileops/fileopscollection.go:140.17,145.4 1 0
MikeAustin71/pathfileopsgo/pathfileops/fileopscollection.go:155.72,159.29 2 0
MikeAustin71/pathfileopsgo/pathfileops/fileopscollection.go:163.3,169.20 4 0
MikeAustin71/pathfileopsgo/pathfileops/fileopscollection.go:175.3,175.33 1 0
MikeAustin71/pathfileopsgo/pathfileops/fileopscollection.go:179.3,179.23 1 0
MikeAustin71/pathfileopsgo/pathfileops/fileopscollection.go:159.29,161.4 1 0
MikeAustin71/pathfileopsgo/pathfileops/fileopscollection.go:169.20,173.4 1 0
MikeAustin71/pathfileopsgo/pathfileops/fileopscollection.go:175.33,177.4 1 0
MikeAustin71/pathfileopsgo/pathfileops/fileopscollection.go:190.64,194.14 2 1
MikeAustin71/pathfileopsgo/pathfileops/fileopscollection.go:200.3,200.29 1 1
MikeAustin71/pathfileopsgo/pathfileops/fileopscollection.go:204.3,206.20 2 1
MikeAustin71/pathfileopsgo/pathfileops/fileopscollection.go:211.3,211.22 1 1
MikeAustin71/pathfileopsgo/pathfileops/fileopscollection.go:218.3,218.20 1 1
MikeAustin71/pathfileopsgo/pathfileops/fileopscollection.go:233.3,233.13 1 1
MikeAustin71/pathfileopsgo/pathfileops/fileopscollection.go:194.14,198.4 1 0
MikeAustin71/pathfileopsgo/pathfileops/fileopscollection.go:200.29,202.4 1 0
MikeAustin71/pathfileopsgo/pathfileops/fileopscollection.go:206.20,209.4 1 0
MikeAustin71/pathfileopsgo/pathfileops/fileopscollection.go:211.22,216.4 1 0
MikeAustin71/pathfileopsgo/pathfileops/fileopscollection.go:218.20,220.4 1 0
MikeAustin71/pathfileopsgo/pathfileops/fileopscollection.go:220.9,220.22 1 1
MikeAustin71/pathfileopsgo/pathfileops/fileopscollection.go:220.22,223.4 1 1
MikeAustin71/pathfileopsgo/pathfileops/fileopscollection.go:223.9,223.31 1 1
MikeAustin71/pathfileopsgo/pathfileops/fileopscollection.go:223.31,226.4 1 1
MikeAustin71/pathfileopsgo/pathfileops/fileopscollection.go:226.9,231.4 1 1
MikeAustin71/pathfileopsgo/pathfileops/fileopscollection.go:245.35,249.29 2 0
MikeAustin71/pathfileopsgo/pathfileops/fileopscollection.go:253.3,255.20 2 0
MikeAustin71/pathfileopsgo/pathfileops/fileopscollection.go:260.3,264.17 3 0
MikeAustin71/pathfileopsgo/pathfileops/fileopscollection.go:269.3,271.33 2 0
MikeAustin71/pathfileopsgo/pathfileops/fileopscollection.go:289.3,289.16 1 0
MikeAustin71/pathfileopsgo/pathfileops/fileopscollection.go:293.3,293.13 1 0
MikeAustin71/pathfileopsgo/pathfileops/fileopscollection.go:249.29,251.4 1 0
MikeAustin71/pathfileopsgo/pathfileops/fileopscollection.go:255.20,258.4 1 0
MikeAustin71/pathfileopsgo/pathfileops/fileopscollection.go:264.17,267.4 1 0
MikeAustin71/pathfileopsgo/pathfileops/fileopscollection.go:271.33,275.19 2 0
MikeAustin71/pathfileopsgo/pathfileops/fileopscollection.go:275.19,281.22 3 0
MikeAustin71/pathfileopsgo/pathfileops/fileopscollection.go:281.22,284.8 1 0
MikeAustin71/pathfileopsgo/pathfileops/fileopscollection.go:289.16,291.4 1 0
MikeAustin71/pathfileopsgo/pathfileops/fileopscollection.go:301.80,307.29 3 1
MikeAustin71/pathfileopsgo/pathfileops/fileopscollection.go:311.3,313.20 2 1
MikeAustin71/pathfileopsgo/pathfileops/fileopscollection.go:319.3,319.33 1 1
MikeAustin71/pathfileopsgo/pathfileops/fileopscollection.go:329.3,329.36 1 1
MikeAustin71/pathfileopsgo/pathfileops/fileopscollection.go:307.29,309.4 1 0
MikeAustin71/pathfileopsgo/pathfileops/fileopscollection.go:313.20,317.4 1 0
MikeAustin71/pathfileopsgo/pathfileops/fileopscollection.go:319.33,327.4 1 0
MikeAustin71/pathfileopsgo/pathfileops/fileopscollection.go:336.57,338.29 1 1
MikeAustin71/pathfileopsgo/pathfileops/fileopscollection.go:342.3,342.30 1 1
MikeAustin71/pathfileopsgo/pathfileops/fileopscollection.go:338.29,340.4 1 0
MikeAustin71/pathfileopsgo/pathfileops/fileopscollection.go:354.87,358.29 2 1
MikeAustin71/pathfileopsgo/pathfileops/fileopscollection.go:362.3,362.16 1 1
MikeAustin71/pathfileopsgo/pathfileops/fileopscollection.go:368.3,370.24 2 1
MikeAustin71/pathfileopsgo/pathfileops/fileopscollection.go:375.3,377.17 2 1
MikeAustin71/pathfileopsgo/pathfileops/fileopscollection.go:383.3,389.13 5 1
MikeAustin71/pathfileopsgo/pathfileops/fileopscollection.go:358.29,360.4 1 0
MikeAustin71/pathfileopsgo/pathfileops/fileopscollection.go:362.16,366.4 1 1
MikeAustin71/pathfileopsgo/pathfileops/fileopscollection.go:370.24,373.4 2 1
MikeAustin71/pathfileopsgo/pathfileops/fileopscollection.go:377.17,381.4 3 0
MikeAustin71/pathfileopsgo/pathfileops/fileopscollection.go:394.58,396.29 1 1
MikeAustin71/pathfileopsgo/pathfileops/fileopscollection.go:400.3,404.23 3 1
MikeAustin71/pathfileopsgo/pathfileops/fileopscollection.go:396.29,398.4 1 1
MikeAustin71/pathfileopsgo/pathfileops/fileopscollection.go:428.53,432.29 2 0
MikeAustin71/pathfileopsgo/pathfileops/fileopscollection.go:436.3,436.30 1 0
MikeAustin71/pathfileopsgo/pathfileops/fileopscollection.go:440.3,452.33 7 0
MikeAustin71/pathfileopsgo/pathfileops/fileopscollection.go:499.3,499.28 1 0
MikeAustin71/pathfileopsgo/pathfileops/fileopscollection.go:432.29,434.4 1 0
MikeAustin71/pathfileopsgo/pathfileops/fileopscollection.go:436.30,438.4 1 0
MikeAustin71/pathfileopsgo/pathfileops/fileopscollection.go:452.33,456.19 2 0
MikeAustin71/pathfileopsgo/pathfileops/fileopscollection.go:463.5,467.16 3 0
MikeAustin71/pathfileopsgo/pathfileops/fileopscollection.go:476.5,480.19 3 0
MikeAustin71/pathfileopsgo/pathfileops/fileopscollection.go:487.5,489.19 2 0
MikeAustin71/pathfileopsgo/pathfileops/fileopscollection.go:456.19,461.6 1 0
MikeAustin71/pathfileopsgo/pathfileops/fileopscollection.go:467.16,473.6 1 0
MikeAustin71/pathfileopsgo/pathfileops/fileopscollection.go:480.19,485.6 1 0
MikeAustin71/pathfileopsgo/pathfileops/fileopscollection.go:489.19,496.6 1 0
MikeAustin71/pathfileopsgo/pathfileops/fileopscollection.go:512.79,516.29 2 0
MikeAustin71/pathfileopsgo/pathfileops/fileopscollection.go:520.3,520.14 1 0
MikeAustin71/pathfileopsgo/pathfileops/fileopscollection.go:527.3,529.20 2 0
MikeAustin71/pathfileopsgo/pathfileops/fileopscollection.go:535.3,535.22 1 0
MikeAustin71/pathfileopsgo/pathfileops/fileopscollection.go:543.3,543.15 1 0
MikeAustin71/pathfileopsgo/pathfileops/fileopscollection.go:547.3,547.24 1 0
MikeAustin71/pathfileopsgo/pathfileops/fileopscollection.go:551.3,556.22 3 0
MikeAustin71/pathfileopsgo/pathfileops/fileopscollection.go:516.29,518.4 1 0
MikeAustin71/pathfileopsgo/pathfileops/fileopscollection.go:520.14,525.4 1 0
MikeAustin71/pathfileopsgo/pathfileops/fileopscollection.go:529.20,533.4 1 0
MikeAustin71/pathfileopsgo/pathfileops/fileopscollection.go:535.22,541.4 1 0
MikeAustin71/pathfileopsgo/pathfileops/fileopscollection.go:543.15,545.4 1 0
MikeAustin71/pathfileopsgo/pathfileops/fileopscollection.go:547.24,549.4 1 0
MikeAustin71/pathfileopsgo/pathfileops/fileopscollection.go:569.70,573.29 2 0
MikeAustin71/pathfileopsgo/pathfileops/fileopscollection.go:577.3,577.32 1 0
MikeAustin71/pathfileopsgo/pathfileops/fileopscollection.go:583.3,587.22 3 0
MikeAustin71/pathfileopsgo/pathfileops/fileopscollection.go:573.29,575.4 1 0
MikeAustin71/pathfileopsgo/pathfileops/fileopscollection.go:577.32,581.4 1 0
MikeAustin71/pathfileopsgo/pathfileops/fileopscollection.go:600.69,604.29 2 0
MikeAustin71/pathfileopsgo/pathfileops/fileopscollection.go:608.3,610.20 2 0
MikeAustin71/pathfileopsgo/pathfileops/fileopscollection.go:616.3,620.22 3 0
MikeAustin71/pathfileopsgo/pathfileops/fileopscollection.go:604.29,606.4 1 0
MikeAustin71/pathfileopsgo/pathfileops/fileopscollection.go:610.20,614.4 1 0
MikeAustin71/pathfileopsgo/pathfileops/fileopscollection.go:635.80,639.29 2 1
MikeAustin71/pathfileopsgo/pathfileops/fileopscollection.go:643.3,645.20 2 1
MikeAustin71/pathfileopsgo/pathfileops/fileopscollection.go:651.3,651.14 1 1
MikeAustin71/pathfileopsgo/pathfileops/fileopscollection.go:657.3,657.22 1 1
MikeAustin71/pathfileopsgo/pathfileops/fileopscollection.go:667.3,667.45 1 1
MikeAustin71/pathfileopsgo/pathfileops/fileopscollection.go:639.29,641.4 1 0
MikeAustin71/pathfileopsgo/pathfileops/fileopscollection.go:645.20,649.4 1 0
MikeAustin71/pathfileopsgo/pathfileops/fileopscollection.go:651.14,655.4 1 0
MikeAustin71/pathfileopsgo/pathfileops/fileopscollection.go:657.22,665.4 1 0
MikeAustin71/pathfileopsgo/pathfileops/fileopscollection.go:681.71,685.29 2 0
MikeAustin71/pathfileopsgo/pathfileops/fileopscollection.go:689.3,689.32 1 0
MikeAustin71/pathfileopsgo/pathfileops/fileopscollection.go:695.3,695.43 1 0
MikeAustin71/pathfileopsgo/pathfileops/fileopscollection.go:685.29,687.4 1 0
MikeAustin71/pathfileopsgo/pathfileops/fileopscollection.go:689.32,693.4 1 0
MikeAustin71/pathfileopsgo/pathfileops/fileopscollection.go:710.70,714.29 2 0
MikeAustin71/pathfileopsgo/pathfileops/fileopscollection.go:718.3,719.20 2 0
MikeAustin71/pathfileopsgo/pathfileops/fileopscollection.go:725.3,725.52 1 0
MikeAustin71/pathfileopsgo/pathfileops/fileopscollection.go:714.29,716.4 1 0
MikeAustin71/pathfileopsgo/pathfileops/fileopscollection.go:719.20,723.4 1 0
MikeAustin71/pathfileopsgo/pathfileops/filepermissionconfig.go:45.73,50.2 2 1
MikeAustin71/pathfileopsgo/pathfileops/filepermissionconfig.go:56.67,64.2 4 1
MikeAustin71/pathfileopsgo/pathfileops/filepermissionconfig.go:69.44,72.2 2 1
MikeAustin71/pathfileopsgo/pathfileops/filepermissionconfig.go:77.77,79.49 1 1
MikeAustin71/pathfileopsgo/pathfileops/filepermissionconfig.go:83.2,83.39 1 1
MikeAustin71/pathfileopsgo/pathfileops/filepermissionconfig.go:87.2,87.13 1 1
MikeAustin71/pathfileopsgo/pathfileops/filepermissionconfig.go:79.49,81.3 1 1
MikeAustin71/pathfileopsgo/pathfileops/filepermissionconfig.go:83.39,85.3 1 1
MikeAustin71/pathfileopsgo/pathfileops/filepermissionconfig.go:95.61,101.16 3 1
MikeAustin71/pathfileopsgo/pathfileops/filepermissionconfig.go:107.2,107.36 1 1
MikeAustin71/pathfileopsgo/pathfileops/filepermissionconfig.go:101.16,105.3 1 1
MikeAustin71/pathfileopsgo/pathfileops/filepermissionconfig.go:127.90,133.16 3 1
MikeAustin71/pathfileopsgo/pathfileops/filepermissionconfig.go:139.2,141.45 2 1
MikeAustin71/pathfileopsgo/pathfileops/filepermissionconfig.go:151.2,152.92 1 0
MikeAustin71/pathfileopsgo/pathfileops/filepermissionconfig.go:133.16,137.3 1 1
MikeAustin71/pathfileopsgo/pathfileops/filepermissionconfig.go:141.45,143.19 1 1
MikeAustin71/pathfileopsgo/pathfileops/filepermissionconfig.go:143.19,147.4 1 1
MikeAustin71/pathfileopsgo/pathfileops/filepermissionconfig.go:162.86,168.16 3 1
MikeAustin71/pathfileopsgo/pathfileops/filepermissionconfig.go:175.2,175.28 1 1
MikeAustin71/pathfileopsgo/pathfileops/filepermissionconfig.go:168.16,173.3 1 1
MikeAustin71/pathfileopsgo/pathfileops/filepermissionconfig.go:183.65,189.16 3 1
MikeAustin71/pathfileopsgo/pathfileops/filepermissionconfig.go:196.2,196.40 1 1
MikeAustin71/pathfileopsgo/pathfileops/filepermissionconfig.go:189.16,194.3 1 1
MikeAustin71/pathfileopsgo/pathfileops/filepermissionconfig.go:214.77,220.16 3 1
MikeAustin71/pathfileopsgo/pathfileops/filepermissionconfig.go:227.2,227.35 1 1
MikeAustin71/pathfileopsgo/pathfileops/filepermissionconfig.go:220.16,225.3 1 1
MikeAustin71/pathfileopsgo/pathfileops/filepermissionconfig.go:257.70,271.16 7 1
MikeAustin71/pathfileopsgo/pathfileops/filepermissionconfig.go:280.2,282.17 2 1
MikeAustin71/pathfileopsgo/pathfileops/filepermissionconfig.go:287.2,289.17 2 1
MikeAustin71/pathfileopsgo/pathfileops/filepermissionconfig.go:294.2,296.36 2 1
MikeAustin71/pathfileopsgo/pathfileops/filepermissionconfig.go:271.16,278.3 2 0
MikeAustin71/pathfileopsgo/pathfileops/filepermissionconfig.go:282.17,285.3 2 1
MikeAustin71/pathfileopsgo/pathfileops/filepermissionconfig.go:289.17,292.3 2 0
MikeAustin71/pathfileopsgo/pathfileops/filepermissionconfig.go:301.76,308.16 4 1
MikeAustin71/pathfileopsgo/pathfileops/filepermissionconfig.go:313.2,315.16 2 1
MikeAustin71/pathfileopsgo/pathfileops/filepermissionconfig.go:327.2,327.20 1 1
MikeAustin71/pathfileopsgo/pathfileops/filepermissionconfig.go:308.16,311.3 2 1
MikeAustin71/pathfileopsgo/pathfileops/filepermissionconfig.go:315.16,317.3 1 0
MikeAustin71/pathfileopsgo/pathfileops/filepermissionconfig.go:317.8,325.3 3 1
MikeAustin71/pathfileopsgo/pathfileops/filepermissionconfig.go:333.72,340.16 4 1
MikeAustin71/pathfileopsgo/pathfileops/filepermissionconfig.go:345.2,347.16 2 1
MikeAustin71/pathfileopsgo/pathfileops/filepermissionconfig.go:358.2,360.16 2 1
MikeAustin71/pathfileopsgo/pathfileops/filepermissionconfig.go:366.2,368.16 2 1
MikeAustin71/pathfileopsgo/pathfileops/filepermissionconfig.go:378.2,379.20 2 1
MikeAustin71/pathfileopsgo/pathfileops/filepermissionconfig.go:340.16,343.3 2 1
MikeAustin71/pathfileopsgo/pathfileops/filepermissionconfig.go:347.16,349.3 1 0
MikeAustin71/pathfileopsgo/pathfileops/filepermissionconfig.go:349.8,356.3 3 1
MikeAustin71/pathfileopsgo/pathfileops/filepermissionconfig.go:360.16,362.3 1 0
MikeAustin71/pathfileopsgo/pathfileops/filepermissionconfig.go:362.8,364.3 1 1
MikeAustin71/pathfileopsgo/pathfileops/filepermissionconfig.go:368.16,370.3 1 0
MikeAustin71/pathfileopsgo/pathfileops/filepermissionconfig.go:370.8,376.3 2 1
MikeAustin71/pathfileopsgo/pathfileops/filepermissionconfig.go:386.76,392.16 3 1
MikeAustin71/pathfileopsgo/pathfileops/filepermissionconfig.go:398.2,398.37 1 1
MikeAustin71/pathfileopsgo/pathfileops/filepermissionconfig.go:392.16,396.3 1 1
MikeAustin71/pathfileopsgo/pathfileops/filepermissionconfig.go:407.52,411.26 2 1
MikeAustin71/pathfileopsgo/pathfileops/filepermissionconfig.go:416.2,420.45 3 1
MikeAustin71/pathfileopsgo/pathfileops/filepermissionconfig.go:431.2,431.23 1 1
MikeAustin71/pathfileopsgo/pathfileops/filepermissionconfig.go:435.2,435.12 1 1
MikeAustin71/pathfileopsgo/pathfileops/filepermissionconfig.go:411.26,414.3 1 1
MikeAustin71/pathfileopsgo/pathfileops/filepermissionconfig.go:420.45,422.19 1 1
MikeAustin71/pathfileopsgo/pathfileops/filepermissionconfig.go:422.19,426.9 2 1
MikeAustin71/pathfileopsgo/pathfileops/filepermissionconfig.go:431.23,433.3 1 1
MikeAustin71/pathfileopsgo/pathfileops/filepermissionconfig.go:514.85,522.16 4 1
MikeAustin71/pathfileopsgo/pathfileops/filepermissionconfig.go:527.2,527.20 1 1
MikeAustin71/pathfileopsgo/pathfileops/filepermissionconfig.go:522.16,525.3 1 1
MikeAustin71/pathfileopsgo/pathfileops/filepermissionconfig.go:587.62,593.16 3 1
MikeAustin71/pathfileopsgo/pathfileops/filepermissionconfig.go:599.2,599.20 1 1
MikeAustin71/pathfileopsgo/pathfileops/filepermissionconfig.go:593.16,597.3 2 1
MikeAustin71/pathfileopsgo/pathfileops/filepermissionconfig.go:606.98,612.16 3 1
MikeAustin71/pathfileopsgo/pathfileops/filepermissionconfig.go:620.2,620.20 1 1
MikeAustin71/pathfileopsgo/pathfileops/filepermissionconfig.go:612.16,618.3 2 1
MikeAustin71/pathfileopsgo/pathfileops/filepermissionconfig.go:674.55,680.16 3 1
MikeAustin71/pathfileopsgo/pathfileops/filepermissionconfig.go:688.2,688.20 1 1
MikeAustin71/pathfileopsgo/pathfileops/filepermissionconfig.go:680.16,686.3 2 1
MikeAustin71/pathfileopsgo/pathfileops/filepermissionconfig.go:746.70,750.38 2 1
MikeAustin71/pathfileopsgo/pathfileops/filepermissionconfig.go:754.2,754.37 1 1
MikeAustin71/pathfileopsgo/pathfileops/filepermissionconfig.go:761.2,765.9 3 1
MikeAustin71/pathfileopsgo/pathfileops/filepermissionconfig.go:772.2,774.16 2 1
MikeAustin71/pathfileopsgo/pathfileops/filepermissionconfig.go:778.2,780.16 2 1
MikeAustin71/pathfileopsgo/pathfileops/filepermissionconfig.go:784.2,786.16 2 1
MikeAustin71/pathfileopsgo/pathfileops/filepermissionconfig.go:790.2,799.12 7 1
MikeAustin71/pathfileopsgo/pathfileops/filepermissionconfig.go:750.38,752.3 1 1
MikeAustin71/pathfileopsgo/pathfileops/filepermissionconfig.go:754.37,759.3 1 1
MikeAustin71/pathfileopsgo/pathfileops/filepermissionconfig.go:765.9,770.3 1 1
MikeAustin71/pathfileopsgo/pathfileops/filepermissionconfig.go:774.16,776.3 1 1
MikeAustin71/pathfileopsgo/pathfileops/filepermissionconfig.go:780.16,782.3 1 1
MikeAustin71/pathfileopsgo/pathfileops/filepermissionconfig.go:786.16,788.3 1 1
MikeAustin71/pathfileopsgo/pathfileops/filepermissionconfig.go:809.83,819.9 5 1
MikeAustin71/pathfileopsgo/pathfileops/filepermissionconfig.go:825.2,828.12 3 1
MikeAustin71/pathfileopsgo/pathfileops/filepermissionconfig.go:819.9,823.3 2 1
MikeAustin71/pathfileopsgo/pathfileops/filepermissionconfig.go:893.90,905.9 6 1
MikeAustin71/pathfileopsgo/pathfileops/filepermissionconfig.go:912.2,915.12 3 1
MikeAustin71/pathfileopsgo/pathfileops/filepermissionconfig.go:905.9,910.3 2 1
MikeAustin71/pathfileopsgo/pathfileops/filepermissionconfig.go:993.80,997.24 2 1
MikeAustin71/pathfileopsgo/pathfileops/filepermissionconfig.go:1003.2,1006.20 2 1
MikeAustin71/pathfileopsgo/pathfileops/filepermissionconfig.go:1012.2,1014.16 2 1
MikeAustin71/pathfileopsgo/pathfileops/filepermissionconfig.go:1018.2,1020.16 2 1
MikeAustin71/pathfileopsgo/pathfileops/filepermissionconfig.go:1024.2,1026.16 2 1
MikeAustin71/pathfileopsgo/pathfileops/filepermissionconfig.go:1030.2,1040.22 7 1
MikeAustin71/pathfileopsgo/pathfileops/filepermissionconfig.go:1045.2,1048.12 3 1
MikeAustin71/pathfileopsgo/pathfileops/filepermissionconfig.go:997.24,1001.3 1 1
MikeAustin71/pathfileopsgo/pathfileops/filepermissionconfig.go:1006.20,1010.3 1 1
MikeAustin71/pathfileopsgo/pathfileops/filepermissionconfig.go:1014.16,1016.3 1 1
MikeAustin71/pathfileopsgo/pathfileops/filepermissionconfig.go:1020.16,1022.3 1 1
MikeAustin71/pathfileopsgo/pathfileops/filepermissionconfig.go:1026.16,1028.3 1 1
MikeAustin71/pathfileopsgo/pathfileops/filepermissionconfig.go:1040.22,1043.3 2 1
MikeAustin71/pathfileopsgo/pathfileops/filepermissionconfig.go:1071.99,1077.24 4 1
MikeAustin71/pathfileopsgo/pathfileops/filepermissionconfig.go:1084.2,1086.17 2 1
MikeAustin71/pathfileopsgo/pathfileops/filepermissionconfig.go:1108.2,1108.20 1 1
MikeAustin71/pathfileopsgo/pathfileops/filepermissionconfig.go:1077.24,1082.3 1 0
MikeAustin71/pathfileopsgo/pathfileops/filepermissionconfig.go:1087.13,1088.13 1 1
MikeAustin71/pathfileopsgo/pathfileops/filepermissionconfig.go:1089.13,1090.13 1 1
MikeAustin71/pathfileopsgo/pathfileops/filepermissionconfig.go:1091.13,1092.13 1 1
MikeAustin71/pathfileopsgo/pathfileops/filepermissionconfig.go:1093.13,1094.13 1 1
MikeAustin71/pathfileopsgo/pathfileops/filepermissionconfig.go:1095.13,1096.13 1 1
MikeAustin71/pathfileopsgo/pathfileops/filepermissionconfig.go:1097.13,1098.13 1 1
MikeAustin71/pathfileopsgo/pathfileops/filepermissionconfig.go:1099.13,1100.13 1 1
MikeAustin71/pathfileopsgo/pathfileops/filepermissionconfig.go:1101.13,1102.13 1 1
MikeAustin71/pathfileopsgo/pathfileops/filepermissionconfig.go:1103.10,1105.44 1 1
MikeAustin71/pathfileopsgo/pathfileops/dirmanager.go:61.44,80.2 17 1
MikeAustin71/pathfileopsgo/pathfileops/dirmanager.go:84.38,107.2 19 1
MikeAustin71/pathfileopsgo/pathfileops/dirmanager.go:118.39,124.16 4 1
MikeAustin71/pathfileopsgo/pathfileops/dirmanager.go:128.2,128.32 1 1
MikeAustin71/pathfileopsgo/pathfileops/dirmanager.go:124.16,126.3 1 0
MikeAustin71/pathfileopsgo/pathfileops/dirmanager.go:128.32,132.17 2 1
MikeAustin71/pathfileopsgo/pathfileops/dirmanager.go:137.3,140.13 3 1
MikeAustin71/pathfileopsgo/pathfileops/dirmanager.go:132.17,135.4 1 0
MikeAustin71/pathfileopsgo/pathfileops/dirmanager.go:142.8,142.31 1 0
MikeAustin71/pathfileopsgo/pathfileops/dirmanager.go:142.31,148.17 3 0
MikeAustin71/pathfileopsgo/pathfileops/dirmanager.go:154.3,157.13 3 0
MikeAustin71/pathfileopsgo/pathfileops/dirmanager.go:148.17,152.4 1 0
MikeAustin71/pathfileopsgo/pathfileops/dirmanager.go:159.8,163.3 3 0
MikeAustin71/pathfileopsgo/pathfileops/dirmanager.go:191.78,197.16 3 0
MikeAustin71/pathfileopsgo/pathfileops/dirmanager.go:201.2,203.16 2 0
MikeAustin71/pathfileopsgo/pathfileops/dirmanager.go:210.2,212.16 2 0
MikeAustin71/pathfileopsgo/pathfileops/dirmanager.go:220.2,222.42 2 0
MikeAustin71/pathfileopsgo/pathfileops/dirmanager.go:262.2,264.16 2 0
MikeAustin71/pathfileopsgo/pathfileops/dirmanager.go:271.2,271.12 1 0
MikeAustin71/pathfileopsgo/pathfileops/dirmanager.go:197.16,199.3 1 0
MikeAustin71/pathfileopsgo/pathfileops/dirmanager.go:203.16,208.3 1 0
MikeAustin71/pathfileopsgo/pathfileops/dirmanager.go:212.16,218.3 2 0
MikeAustin71/pathfileopsgo/pathfileops/dirmanager.go:222.42,224.24 1 0
MikeAustin71/pathfileopsgo/pathfileops/dirmanager.go:224.24,225.12 1 0
MikeAustin71/pathfileopsgo/pathfileops/dirmanager.go:227.9,233.18 3 0
MikeAustin71/pathfileopsgo/pathfileops/dirmanager.go:243.4,243.16 1 0
MikeAustin71/pathfileopsgo/pathfileops/dirmanager.go:233.18,241.5 2 0
MikeAustin71/pathfileopsgo/pathfileops/dirmanager.go:243.16,244.13 1 0
MikeAustin71/pathfileopsgo/pathfileops/dirmanager.go:245.10,251.19 3 0
MikeAustin71/pathfileopsgo/pathfileops/dirmanager.go:251.19,257.6 2 0
MikeAustin71/pathfileopsgo/pathfileops/dirmanager.go:264.16,269.3 1 0
MikeAustin71/pathfileopsgo/pathfileops/dirmanager.go:282.49,288.16 3 0
MikeAustin71/pathfileopsgo/pathfileops/dirmanager.go:292.2,294.16 2 0
MikeAustin71/pathfileopsgo/pathfileops/dirmanager.go:301.2,305.16 3 0
MikeAustin71/pathfileopsgo/pathfileops/dirmanager.go:313.2,313.42 1 0
MikeAustin71/pathfileopsgo/pathfileops/dirmanager.go:334.2,336.12 2 0
MikeAustin71/pathfileopsgo/pathfileops/dirmanager.go:288.16,290.3 1 0
MikeAustin71/pathfileopsgo/pathfileops/dirmanager.go:294.16,299.3 1 0
MikeAustin71/pathfileopsgo/pathfileops/dirmanager.go:305.16,311.3 2 0
MikeAustin71/pathfileopsgo/pathfileops/dirmanager.go:313.42,315.24 1 0
MikeAustin71/pathfileopsgo/pathfileops/dirmanager.go:315.24,316.12 1 0
MikeAustin71/pathfileopsgo/pathfileops/dirmanager.go:318.9,323.18 3 0
MikeAustin71/pathfileopsgo/pathfileops/dirmanager.go:323.18,329.5 2 0
MikeAustin71/pathfileopsgo/pathfileops/dirmanager.go:501.86,508.16 4 1
MikeAustin71/pathfileopsgo/pathfileops/dirmanager.go:512.2,512.32 1 1
MikeAustin71/pathfileopsgo/pathfileops/dirmanager.go:527.2,533.16 4 1
MikeAustin71/pathfileopsgo/pathfileops/dirmanager.go:540.2,540.29 1 1
MikeAustin71/pathfileopsgo/pathfileops/dirmanager.go:508.16,510.3 1 0
MikeAustin71/pathfileopsgo/pathfileops/dirmanager.go:512.32,516.3 1 1
MikeAustin71/pathfileopsgo/pathfileops/dirmanager.go:516.8,516.39 1 0
MikeAustin71/pathfileopsgo/pathfileops/dirmanager.go:516.39,520.3 1 0
MikeAustin71/pathfileopsgo/pathfileops/dirmanager.go:520.8,525.3 1 0
MikeAustin71/pathfileopsgo/pathfileops/dirmanager.go:533.16,538.3 1 0
MikeAustin71/pathfileopsgo/pathfileops/dirmanager.go:547.86,554.2 3 1
MikeAustin71/pathfileopsgo/pathfileops/dirmanager.go:564.56,566.29 1 1
MikeAustin71/pathfileopsgo/pathfileops/dirmanager.go:571.2,573.16 2 1
MikeAustin71/pathfileopsgo/pathfileops/dirmanager.go:580.2,580.35 1 1
MikeAustin71/pathfileopsgo/pathfileops/dirmanager.go:566.29,569.3 2 0
MikeAustin71/pathfileopsgo/pathfileops/dirmanager.go:573.16,575.3 1 1
MikeAustin71/pathfileopsgo/pathfileops/dirmanager.go:575.8,578.3 2 1
MikeAustin71/pathfileopsgo/pathfileops/dirmanager.go:591.48,593.21 1 1
MikeAustin71/pathfileopsgo/pathfileops/dirmanager.go:598.2,600.16 2 1
MikeAustin71/pathfileopsgo/pathfileops/dirmanager.go:607.2,607.27 1 1
MikeAustin71/pathfileopsgo/pathfileops/dirmanager.go:593.21,596.3 2 0
MikeAustin71/pathfileopsgo/pathfileops/dirmanager.go:600.16,602.3 1 1
MikeAustin71/pathfileopsgo/pathfileops/dirmanager.go:602.8,605.3 2 1
MikeAustin71/pathfileopsgo/pathfileops/dirmanager.go:613.29,633.2 17 1
MikeAustin71/pathfileopsgo/pathfileops/dirmanager.go:637.47,654.53 1 1
MikeAustin71/pathfileopsgo/pathfileops/dirmanager.go:659.2,659.61 1 1
MikeAustin71/pathfileopsgo/pathfileops/dirmanager.go:663.2,663.13 1 1
MikeAustin71/pathfileopsgo/pathfileops/dirmanager.go:654.53,657.3 1 1
MikeAustin71/pathfileopsgo/pathfileops/dirmanager.go:659.61,661.3 1 0
MikeAustin71/pathfileopsgo/pathfileops/dirmanager.go:672.55,674.47 1 1
MikeAustin71/pathfileopsgo/pathfileops/dirmanager.go:678.2,681.31 3 1
MikeAustin71/pathfileopsgo/pathfileops/dirmanager.go:685.2,685.13 1 1
MikeAustin71/pathfileopsgo/pathfileops/dirmanager.go:674.47,676.3 1 0
MikeAustin71/pathfileopsgo/pathfileops/dirmanager.go:681.31,683.3 1 1
MikeAustin71/pathfileopsgo/pathfileops/dirmanager.go:696.52,698.47 1 1
MikeAustin71/pathfileopsgo/pathfileops/dirmanager.go:702.2,705.31 3 1
MikeAustin71/pathfileopsgo/pathfileops/dirmanager.go:709.2,712.31 3 1
MikeAustin71/pathfileopsgo/pathfileops/dirmanager.go:716.2,716.13 1 1
MikeAustin71/pathfileopsgo/pathfileops/dirmanager.go:698.47,700.3 1 0
MikeAustin71/pathfileopsgo/pathfileops/dirmanager.go:705.31,707.3 1 1
MikeAustin71/pathfileopsgo/pathfileops/dirmanager.go:712.31,714.3 1 0
MikeAustin71/pathfileopsgo/pathfileops/dirmanager.go:981.33,989.16 5 1
MikeAustin71/pathfileopsgo/pathfileops/dirmanager.go:995.2,997.16 2 1
MikeAustin71/pathfileopsgo/pathfileops/dirmanager.go:1008.2,1008.23 1 1
MikeAustin71/pathfileopsgo/pathfileops/dirmanager.go:1018.2,1025.16 6 1
MikeAustin71/pathfileopsgo/pathfileops/dirmanager.go:1031.2,1031.25 1 1
MikeAustin71/pathfileopsgo/pathfileops/dirmanager.go:989.16,993.3 3 0
MikeAustin71/pathfileopsgo/pathfileops/dirmanager.go:997.16,1006.3 3 0
MikeAustin71/pathfileopsgo/pathfileops/dirmanager.go:1008.23,1016.3 3 0
MikeAustin71/pathfileopsgo/pathfileops/dirmanager.go:1025.16,1029.3 2 0
MikeAustin71/pathfileopsgo/pathfileops/dirmanager.go:1290.33,1298.16 5 1
MikeAustin71/pathfileopsgo/pathfileops/dirmanager.go:1304.2,1306.16 2 1
MikeAustin71/pathfileopsgo/pathfileops/dirmanager.go:1317.2,1317.23 1 1
MikeAustin71/pathfileopsgo/pathfileops/dirmanager.go:1327.2,1329.16 2 1
MikeAustin71/pathfileopsgo/pathfileops/dirmanager.go:1339.2,1341.16 2 1
MikeAustin71/pathfileopsgo/pathfileops/dirmanager.go:1353.2,1355.42 2 1
MikeAustin71/pathfileopsgo/pathfileops/dirmanager.go:1431.2,1433.16 2 1
MikeAustin71/pathfileopsgo/pathfileops/dirmanager.go:1298.16,1302.3 3 0
MikeAustin71/pathfileopsgo/pathfileops/dirmanager.go:1306.16,1315.3 3 0
MikeAustin71/pathfileopsgo/pathfileops/dirmanager.go:1317.23,1325.3 3 0
MikeAustin71/pathfileopsgo/pathfileops/dirmanager.go:1329.16,1337.3 3 0
MikeAustin71/pathfileopsgo/pathfileops/dirmanager.go:1341.16,1351.3 4 0
MikeAustin71/pathfileopsgo/pathfileops/dirmanager.go:1355.42,1357.24 1 1
MikeAustin71/pathfileopsgo/pathfileops/dirmanager.go:1365.3,1367.17 2 1
MikeAustin71/pathfileopsgo/pathfileops/dirmanager.go:1380.3,1380.15 1 1
MikeAustin71/pathfileopsgo/pathfileops/dirmanager.go:1388.3,1396.17 3 1
MikeAustin71/pathfileopsgo/pathfileops/dirmanager.go:1409.3,1411.31 2 1
MikeAustin71/pathfileopsgo/pathfileops/dirmanager.go:1357.24,1358.12 1 1
MikeAustin71/pathfileopsgo/pathfileops/dirmanager.go:1367.17,1378.4 4 0
MikeAustin71/pathfileopsgo/pathfileops/dirmanager.go:1380.15,1382.12 1 0
MikeAustin71/pathfileopsgo/pathfileops/dirmanager.go:1396.17,1407.4 4 0
MikeAustin71/pathfileopsgo/pathfileops/dirmanager.go:1411.31,1415.18 2 1
MikeAustin71/pathfileopsgo/pathfileops/dirmanager.go:1415.18,1424.5 2 0
MikeAustin71/pathfileopsgo/pathfileops/dirmanager.go:1461.97,1467.16 3 0
MikeAustin71/pathfileopsgo/pathfileops/dirmanager.go:1471.2,1473.16 2 0
MikeAustin71/pathfileopsgo/pathfileops/dirmanager.go:1481.2,1483.16 2 0
MikeAustin71/pathfileopsgo/pathfileops/dirmanager.go:1492.2,1494.42 2 0
MikeAustin71/pathfileopsgo/pathfileops/dirmanager.go:1534.2,1536.16 2 0
MikeAustin71/pathfileopsgo/pathfileops/dirmanager.go:1544.2,1544.21 1 0
MikeAustin71/pathfileopsgo/pathfileops/dirmanager.go:1467.16,1469.3 1 0
MikeAustin71/pathfileopsgo/pathfileops/dirmanager.go:1473.16,1479.3 1 0
MikeAustin71/pathfileopsgo/pathfileops/dirmanager.go:1483.16,1490.3 2 0
MikeAustin71/pathfileopsgo/pathfileops/dirmanager.go:1494.42,1496.24 1 0
MikeAustin71/pathfileopsgo/pathfileops/dirmanager.go:1496.24,1497.12 1 0
MikeAustin71/pathfileopsgo/pathfileops/dirmanager.go:1499.9,1505.18 3 0
MikeAustin71/pathfileopsgo/pathfileops/dirmanager.go:1516.4,1516.16 1 0
MikeAustin71/pathfileopsgo/pathfileops/dirmanager.go:1505.18,1514.5 2 0
MikeAustin71/pathfileopsgo/pathfileops/dirmanager.go:1516.16,1517.13 1 0
MikeAustin71/pathfileopsgo/pathfileops/dirmanager.go:1518.10,1522.19 2 0
[...]
MikeAustin71/pathfileopsgo/pathfileops/filemanager.go:2339.2,2341.16 2 1
MikeAustin71/pathfileopsgo/pathfileops/filemanager.go:2345.2,2347.16 2 1
MikeAustin71/pathfileopsgo/pathfileops/filemanager.go:2351.2,2351.12 1 1
MikeAustin71/pathfileopsgo/pathfileops/filemanager.go:2307.16,2309.3 1 0
MikeAustin71/pathfileopsgo/pathfileops/filemanager.go:2311.25,2313.3 1 0
MikeAustin71/pathfileopsgo/pathfileops/filemanager.go:2317.16,2319.3 1 0
MikeAustin71/pathfileopsgo/pathfileops/filemanager.go:2321.20,2325.3 1 0
MikeAustin71/pathfileopsgo/pathfileops/filemanager.go:2329.16,2331.3 1 0
MikeAustin71/pathfileopsgo/pathfileops/filemanager.go:2335.16,2337.3 1 0
MikeAustin71/pathfileopsgo/pathfileops/filemanager.go:2341.16,2343.3 1 0
MikeAustin71/pathfileopsgo/pathfileops/filemanager.go:2347.16,2349.3 1 0
MikeAustin71/pathfileopsgo/pathfileops/filemanager.go:2364.52,2371.16 4 1
MikeAustin71/pathfileopsgo/pathfileops/filemanager.go:2375.2,2375.25 1 1
MikeAustin71/pathfileopsgo/pathfileops/filemanager.go:2379.2,2381.16 2 1
MikeAustin71/pathfileopsgo/pathfileops/filemanager.go:2385.2,2385.20 1 1
MikeAustin71/pathfileopsgo/pathfileops/filemanager.go:2401.2,2403.16 2 1
MikeAustin71/pathfileopsgo/pathfileops/filemanager.go:2407.2,2409.16 2 1
MikeAustin71/pathfileopsgo/pathfileops/filemanager.go:2413.2,2415.16 2 1
MikeAustin71/pathfileopsgo/pathfileops/filemanager.go:2419.2,2421.16 2 1
MikeAustin71/pathfileopsgo/pathfileops/filemanager.go:2425.2,2425.12 1 1
MikeAustin71/pathfileopsgo/pathfileops/filemanager.go:2371.16,2373.3 1 0
MikeAustin71/pathfileopsgo/pathfileops/filemanager.go:2375.25,2377.3 1 0
MikeAustin71/pathfileopsgo/pathfileops/filemanager.go:2381.16,2383.3 1 0
MikeAustin71/pathfileopsgo/pathfileops/filemanager.go:2385.20,2389.17 2 1
MikeAustin71/pathfileopsgo/pathfileops/filemanager.go:2393.3,2395.17 2 1
MikeAustin71/pathfileopsgo/pathfileops/filemanager.go:2389.17,2391.4 1 0
MikeAustin71/pathfileopsgo/pathfileops/filemanager.go:2395.17,2397.4 1 0
MikeAustin71/pathfileopsgo/pathfileops/filemanager.go:2403.16,2405.3 1 0
MikeAustin71/pathfileopsgo/pathfileops/filemanager.go:2409.16,2411.3 1 0
MikeAustin71/pathfileopsgo/pathfileops/filemanager.go:2415.16,2417.3 1 0
MikeAustin71/pathfileopsgo/pathfileops/filemanager.go:2421.16,2423.3 1 0
MikeAustin71/pathfileopsgo/pathfileops/filemanager.go:2433.52,2440.16 4 1
MikeAustin71/pathfileopsgo/pathfileops/filemanager.go:2445.2,2445.48 1 1
MikeAustin71/pathfileopsgo/pathfileops/filemanager.go:2472.2,2474.16 2 1
MikeAustin71/pathfileopsgo/pathfileops/filemanager.go:2482.2,2482.23 1 1
MikeAustin71/pathfileopsgo/pathfileops/filemanager.go:2440.16,2443.3 1 0
MikeAustin71/pathfileopsgo/pathfileops/filemanager.go:2445.48,2447.26 1 1
MikeAustin71/pathfileopsgo/pathfileops/filemanager.go:2460.3,2462.17 2 1
MikeAustin71/pathfileopsgo/pathfileops/filemanager.go:2469.3,2469.28 1 1
MikeAustin71/pathfileopsgo/pathfileops/filemanager.go:2447.26,2451.18 2 0
MikeAustin71/pathfileopsgo/pathfileops/filemanager.go:2451.18,2455.5 1 0
MikeAustin71/pathfileopsgo/pathfileops/filemanager.go:2462.17,2467.4 1 0
MikeAustin71/pathfileopsgo/pathfileops/filemanager.go:2474.16,2480.3 1 0
MikeAustin71/pathfileopsgo/pathfileops/filemanager.go:2495.66,2500.25 3 1
MikeAustin71/pathfileopsgo/pathfileops/filemanager.go:2505.2,2507.16 2 1
MikeAustin71/pathfileopsgo/pathfileops/filemanager.go:2512.2,2512.43 1 1
MikeAustin71/pathfileopsgo/pathfileops/filemanager.go:2518.2,2518.37 1 1
MikeAustin71/pathfileopsgo/pathfileops/filemanager.go:2524.2,2524.48 1 1
MikeAustin71/pathfileopsgo/pathfileops/filemanager.go:2551.2,2554.17 2 1
MikeAustin71/pathfileopsgo/pathfileops/filemanager.go:2558.2,2558.16 1 1
MikeAustin71/pathfileopsgo/pathfileops/filemanager.go:2564.2,2564.23 1 1
MikeAustin71/pathfileopsgo/pathfileops/filemanager.go:2500.25,2503.3 1 0
MikeAustin71/pathfileopsgo/pathfileops/filemanager.go:2507.16,2510.3 1 0
MikeAustin71/pathfileopsgo/pathfileops/filemanager.go:2512.43,2516.3 1 0
MikeAustin71/pathfileopsgo/pathfileops/filemanager.go:2518.37,2522.3 2 0
MikeAustin71/pathfileopsgo/pathfileops/filemanager.go:2524.48,2526.26 1 1
MikeAustin71/pathfileopsgo/pathfileops/filemanager.go:2539.3,2541.17 2 1
MikeAustin71/pathfileopsgo/pathfileops/filemanager.go:2548.3,2548.28 1 1
MikeAustin71/pathfileopsgo/pathfileops/filemanager.go:2526.26,2529.18 2 0
MikeAustin71/pathfileopsgo/pathfileops/filemanager.go:2529.18,2533.5 1 0
MikeAustin71/pathfileopsgo/pathfileops/filemanager.go:2541.17,2546.4 1 0
MikeAustin71/pathfileopsgo/pathfileops/filemanager.go:2554.17,2556.3 1 0
MikeAustin71/pathfileopsgo/pathfileops/filemanager.go:2558.16,2562.3 1 0
MikeAustin71/pathfileopsgo/pathfileops/filemanager.go:2571.44,2577.16 3 1
MikeAustin71/pathfileopsgo/pathfileops/filemanager.go:2581.2,2583.16 2 1
MikeAustin71/pathfileopsgo/pathfileops/filemanager.go:2589.2,2591.12 2 1
MikeAustin71/pathfileopsgo/pathfileops/filemanager.go:2577.16,2579.3 1 0
MikeAustin71/pathfileopsgo/pathfileops/filemanager.go:2583.16,2587.3 1 0
MikeAustin71/pathfileopsgo/pathfileops/filemanager.go:2599.48,2607.24 6 1
MikeAustin71/pathfileopsgo/pathfileops/filemanager.go:2620.2,2620.27 1 1
MikeAustin71/pathfileopsgo/pathfileops/filemanager.go:2626.2,2628.17 2 1
MikeAustin71/pathfileopsgo/pathfileops/filemanager.go:2634.2,2634.21 1 1
MikeAustin71/pathfileopsgo/pathfileops/filemanager.go:2641.2,2645.17 3 1
MikeAustin71/pathfileopsgo/pathfileops/filemanager.go:2654.2,2654.18 1 1
MikeAustin71/pathfileopsgo/pathfileops/filemanager.go:2664.2,2669.17 4 1
MikeAustin71/pathfileopsgo/pathfileops/filemanager.go:2678.2,2678.17 1 1
MikeAustin71/pathfileopsgo/pathfileops/filemanager.go:2683.2,2683.30 1 1
MikeAustin71/pathfileopsgo/pathfileops/filemanager.go:2688.2,2689.16 2 1
MikeAustin71/pathfileopsgo/pathfileops/filemanager.go:2701.2,2703.16 2 1
MikeAustin71/pathfileopsgo/pathfileops/filemanager.go:2714.2,2718.17 3 1
MikeAustin71/pathfileopsgo/pathfileops/filemanager.go:2726.2,2731.8 4 1
MikeAustin71/pathfileopsgo/pathfileops/filemanager.go:2607.24,2611.18 2 1
MikeAustin71/pathfileopsgo/pathfileops/filemanager.go:2611.18,2616.4 2 0
MikeAustin71/pathfileopsgo/pathfileops/filemanager.go:2620.27,2624.3 2 0
MikeAustin71/pathfileopsgo/pathfileops/filemanager.go:2628.17,2632.3 2 0
MikeAustin71/pathfileopsgo/pathfileops/filemanager.go:2634.21,2639.3 2 0
MikeAustin71/pathfileopsgo/pathfileops/filemanager.go:2645.17,2652.3 4 0
MikeAustin71/pathfileopsgo/pathfileops/filemanager.go:2654.18,2662.3 4 0
MikeAustin71/pathfileopsgo/pathfileops/filemanager.go:2669.17,2676.3 4 0
MikeAustin71/pathfileopsgo/pathfileops/filemanager.go:2678.17,2681.3 2 1
MikeAustin71/pathfileopsgo/pathfileops/filemanager.go:2683.30,2686.3 2 1
MikeAustin71/pathfileopsgo/pathfileops/filemanager.go:2689.16,2692.3 1 1
MikeAustin71/pathfileopsgo/pathfileops/filemanager.go:2692.8,2692.64 1 1
MikeAustin71/pathfileopsgo/pathfileops/filemanager.go:2692.64,2695.3 1 0
MikeAustin71/pathfileopsgo/pathfileops/filemanager.go:2695.8,2699.3 1 1
MikeAustin71/pathfileopsgo/pathfileops/filemanager.go:2703.16,2706.3 1 1
MikeAustin71/pathfileopsgo/pathfileops/filemanager.go:2706.8,2706.56 1 1
MikeAustin71/pathfileopsgo/pathfileops/filemanager.go:2706.56,2709.3 1 0
MikeAustin71/pathfileopsgo/pathfileops/filemanager.go:2709.8,2712.3 1 1
MikeAustin71/pathfileopsgo/pathfileops/filemanager.go:2718.17,2721.3 2 1
MikeAustin71/pathfileopsgo/pathfileops/filemanager.go:2721.8,2724.3 2 1
MikeAustin71/pathfileopsgo/pathfileops/filemanager.go:2739.52,2746.31 5 1
MikeAustin71/pathfileopsgo/pathfileops/filemanager.go:2752.2,2756.17 3 1
MikeAustin71/pathfileopsgo/pathfileops/filemanager.go:2763.2,2763.21 1 1
MikeAustin71/pathfileopsgo/pathfileops/filemanager.go:2769.2,2773.32 3 1
MikeAustin71/pathfileopsgo/pathfileops/filemanager.go:2788.2,2790.17 2 1
MikeAustin71/pathfileopsgo/pathfileops/filemanager.go:2797.2,2797.17 1 1
MikeAustin71/pathfileopsgo/pathfileops/filemanager.go:2805.2,2808.8 3 1
MikeAustin71/pathfileopsgo/pathfileops/filemanager.go:2746.31,2750.3 2 0
MikeAustin71/pathfileopsgo/pathfileops/filemanager.go:2756.17,2761.3 2 0
MikeAustin71/pathfileopsgo/pathfileops/filemanager.go:2763.21,2767.3 1 0
MikeAustin71/pathfileopsgo/pathfileops/filemanager.go:2773.32,2775.3 1 1
MikeAustin71/pathfileopsgo/pathfileops/filemanager.go:2775.8,2779.18 2 1
MikeAustin71/pathfileopsgo/pathfileops/filemanager.go:2779.18,2784.4 2 0
MikeAustin71/pathfileopsgo/pathfileops/filemanager.go:2790.17,2795.3 2 0
MikeAustin71/pathfileopsgo/pathfileops/filemanager.go:2797.17,2803.3 2 0
MikeAustin71/pathfileopsgo/pathfileops/filemanager.go:2813.58,2816.23 2 1
MikeAustin71/pathfileopsgo/pathfileops/filemanager.go:2820.2,2820.18 1 1
MikeAustin71/pathfileopsgo/pathfileops/filemanager.go:2824.2,2826.45 2 1
MikeAustin71/pathfileopsgo/pathfileops/filemanager.go:2832.2,2832.12 1 1
MikeAustin71/pathfileopsgo/pathfileops/filemanager.go:2816.23,2818.3 1 0
MikeAustin71/pathfileopsgo/pathfileops/filemanager.go:2820.18,2822.3 1 0
MikeAustin71/pathfileopsgo/pathfileops/filemanager.go:2826.45,2830.3 1 0
MikeAustin71/pathfileopsgo/pathfileops/filemanager.go:2838.66,2843.25 3 0
MikeAustin71/pathfileopsgo/pathfileops/filemanager.go:2849.2,2851.16 2 0
MikeAustin71/pathfileopsgo/pathfileops/filemanager.go:2858.2,2858.43 1 0
MikeAustin71/pathfileopsgo/pathfileops/filemanager.go:2864.2,2864.37 1 0
MikeAustin71/pathfileopsgo/pathfileops/filemanager.go:2869.2,2869.48 1 0
MikeAustin71/pathfileopsgo/pathfileops/filemanager.go:2894.2,2896.16 2 0
MikeAustin71/pathfileopsgo/pathfileops/filemanager.go:2903.2,2903.26 1 0
MikeAustin71/pathfileopsgo/pathfileops/filemanager.go:2843.25,2847.3 1 0
MikeAustin71/pathfileopsgo/pathfileops/filemanager.go:2851.16,2856.3 1 0
MikeAustin71/pathfileopsgo/pathfileops/filemanager.go:2858.43,2862.3 1 0
MikeAustin71/pathfileopsgo/pathfileops/filemanager.go:2864.37,2867.3 2 0
MikeAustin71/pathfileopsgo/pathfileops/filemanager.go:2869.48,2871.26 1 0
MikeAustin71/pathfileopsgo/pathfileops/filemanager.go:2882.3,2884.17 2 0
MikeAustin71/pathfileopsgo/pathfileops/filemanager.go:2891.3,2891.28 1 0
MikeAustin71/pathfileopsgo/pathfileops/filemanager.go:2871.26,2873.18 2 0
MikeAustin71/pathfileopsgo/pathfileops/filemanager.go:2873.18,2876.5 1 0
MikeAustin71/pathfileopsgo/pathfileops/filemanager.go:2884.17,2889.4 1 0
MikeAustin71/pathfileopsgo/pathfileops/filemanager.go:2896.16,2901.3 1 0
MikeAustin71/pathfileopsgo/pathfileops/filemanager.go:2909.62,2914.25 3 1
MikeAustin71/pathfileopsgo/pathfileops/filemanager.go:2918.2,2920.16 2 1
MikeAustin71/pathfileopsgo/pathfileops/filemanager.go:2927.2,2927.43 1 1
MikeAustin71/pathfileopsgo/pathfileops/filemanager.go:2933.2,2933.37 1 1
MikeAustin71/pathfileopsgo/pathfileops/filemanager.go:2938.2,2938.48 1 1
MikeAustin71/pathfileopsgo/pathfileops/filemanager.go:2962.2,2964.16 2 1
MikeAustin71/pathfileopsgo/pathfileops/filemanager.go:2972.2,2972.26 1 1
MikeAustin71/pathfileopsgo/pathfileops/filemanager.go:2914.25,2916.3 1 0
MikeAustin71/pathfileopsgo/pathfileops/filemanager.go:2920.16,2925.3 1 0
MikeAustin71/pathfileopsgo/pathfileops/filemanager.go:2927.43,2931.3 1 0
MikeAustin71/pathfileopsgo/pathfileops/filemanager.go:2933.37,2936.3 2 0
MikeAustin71/pathfileopsgo/pathfileops/filemanager.go:2938.48,2940.26 1 1
MikeAustin71/pathfileopsgo/pathfileops/filemanager.go:2952.3,2954.17 2 1
MikeAustin71/pathfileopsgo/pathfileops/filemanager.go:2959.3,2959.28 1 1
MikeAustin71/pathfileopsgo/pathfileops/filemanager.go:2940.26,2942.18 2 0
MikeAustin71/pathfileopsgo/pathfileops/filemanager.go:2942.18,2946.5 1 0
MikeAustin71/pathfileopsgo/pathfileops/filemanager.go:2954.17,2957.4 1 0
MikeAustin71/pathfileopsgo/pathfileops/filemanager.go:2964.16,2970.3 1 0
MikeAustin71/pathfileopsgo/pathfileops/fileopenconfig.go:23.66,25.35 1 1
MikeAustin71/pathfileopsgo/pathfileops/fileopenconfig.go:29.2,29.35 1 1
MikeAustin71/pathfileopsgo/pathfileops/fileopenconfig.go:33.2,38.32 4 1
MikeAustin71/pathfileopsgo/pathfileops/fileopenconfig.go:44.2,46.45 2 1
MikeAustin71/pathfileopsgo/pathfileops/fileopenconfig.go:25.35,27.3 1 1
MikeAustin71/pathfileopsgo/pathfileops/fileopenconfig.go:29.35,31.3 1 1
MikeAustin71/pathfileopsgo/pathfileops/fileopenconfig.go:38.32,42.3 3 1
MikeAustin71/pathfileopsgo/pathfileops/fileopenconfig.go:46.45,48.3 1 1
MikeAustin71/pathfileopsgo/pathfileops/fileopenconfig.go:54.58,56.35 1 1
MikeAustin71/pathfileopsgo/pathfileops/fileopenconfig.go:60.2,65.24 5 1
MikeAustin71/pathfileopsgo/pathfileops/fileopenconfig.go:70.2,72.37 2 1
MikeAustin71/pathfileopsgo/pathfileops/fileopenconfig.go:76.2,76.17 1 1
MikeAustin71/pathfileopsgo/pathfileops/fileopenconfig.go:56.35,58.3 1 1
MikeAustin71/pathfileopsgo/pathfileops/fileopenconfig.go:65.24,68.3 2 1
MikeAustin71/pathfileopsgo/pathfileops/fileopenconfig.go:72.37,74.3 1 1
MikeAustin71/pathfileopsgo/pathfileops/fileopenconfig.go:82.41,92.2 4 1
MikeAustin71/pathfileopsgo/pathfileops/fileopenconfig.go:97.70,99.35 1 1
MikeAustin71/pathfileopsgo/pathfileops/fileopenconfig.go:103.2,103.35 1 1
MikeAustin71/pathfileopsgo/pathfileops/fileopenconfig.go:107.2,107.54 1 1
MikeAustin71/pathfileopsgo/pathfileops/fileopenconfig.go:111.2,115.32 3 1
MikeAustin71/pathfileopsgo/pathfileops/fileopenconfig.go:119.2,119.52 1 1
MikeAustin71/pathfileopsgo/pathfileops/fileopenconfig.go:123.2,123.35 1 1
MikeAustin71/pathfileopsgo/pathfileops/fileopenconfig.go:137.2,137.13 1 1
MikeAustin71/pathfileopsgo/pathfileops/fileopenconfig.go:99.35,101.3 1 1
MikeAustin71/pathfileopsgo/pathfileops/fileopenconfig.go:103.35,105.3 1 1
MikeAustin71/pathfileopsgo/pathfileops/fileopenconfig.go:107.54,109.3 1 1
MikeAustin71/pathfileopsgo/pathfileops/fileopenconfig.go:115.32,117.3 1 1
MikeAustin71/pathfileopsgo/pathfileops/fileopenconfig.go:119.52,121.3 1 1
MikeAustin71/pathfileopsgo/pathfileops/fileopenconfig.go:123.35,126.36 2 1
MikeAustin71/pathfileopsgo/pathfileops/fileopenconfig.go:132.3,132.15 1 1
MikeAustin71/pathfileopsgo/pathfileops/fileopenconfig.go:126.36,127.62 1 1
MikeAustin71/pathfileopsgo/pathfileops/fileopenconfig.go:127.62,129.5 1 1
MikeAustin71/pathfileopsgo/pathfileops/fileopenconfig.go:132.15,134.4 1 1
MikeAustin71/pathfileopsgo/pathfileops/fileopenconfig.go:169.112,175.16 3 1
MikeAustin71/pathfileopsgo/pathfileops/fileopenconfig.go:179.2,185.26 4 1
MikeAustin71/pathfileopsgo/pathfileops/fileopenconfig.go:194.2,194.36 1 1
MikeAustin71/pathfileopsgo/pathfileops/fileopenconfig.go:208.2,210.31 2 1
MikeAustin71/pathfileopsgo/pathfileops/fileopenconfig.go:175.16,178.3 1 1
MikeAustin71/pathfileopsgo/pathfileops/fileopenconfig.go:185.26,192.3 3 1
MikeAustin71/pathfileopsgo/pathfileops/fileopenconfig.go:194.36,198.17 2 1
MikeAustin71/pathfileopsgo/pathfileops/fileopenconfig.go:204.3,204.82 1 1
MikeAustin71/pathfileopsgo/pathfileops/fileopenconfig.go:198.17,202.4 1 1
MikeAustin71/pathfileopsgo/pathfileops/fileopenconfig.go:217.73,221.29 2 1
MikeAustin71/pathfileopsgo/pathfileops/fileopenconfig.go:226.2,226.57 1 1
MikeAustin71/pathfileopsgo/pathfileops/fileopenconfig.go:231.2,233.16 2 1
MikeAustin71/pathfileopsgo/pathfileops/fileopenconfig.go:240.2,240.35 1 1
MikeAustin71/pathfileopsgo/pathfileops/fileopenconfig.go:244.2,246.27 2 1
MikeAustin71/pathfileopsgo/pathfileops/fileopenconfig.go:250.2,251.53 1 1
MikeAustin71/pathfileopsgo/pathfileops/fileopenconfig.go:257.2,259.40 2 1
MikeAustin71/pathfileopsgo/pathfileops/fileopenconfig.go:263.2,263.25 1 1
MikeAustin71/pathfileopsgo/pathfileops/fileopenconfig.go:221.29,224.3 1 1
MikeAustin71/pathfileopsgo/pathfileops/fileopenconfig.go:226.57,229.3 1 1
MikeAustin71/pathfileopsgo/pathfileops/fileopenconfig.go:233.16,238.3 1 1
MikeAustin71/pathfileopsgo/pathfileops/fileopenconfig.go:240.35,242.3 1 1
MikeAustin71/pathfileopsgo/pathfileops/fileopenconfig.go:246.27,248.3 1 1
MikeAustin71/pathfileopsgo/pathfileops/fileopenconfig.go:251.53,255.3 1 1
MikeAustin71/pathfileopsgo/pathfileops/fileopenconfig.go:259.40,261.3 1 1
MikeAustin71/pathfileopsgo/pathfileops/fileopenconfig.go:267.67,269.35 1 1
MikeAustin71/pathfileopsgo/pathfileops/fileopenconfig.go:273.2,273.38 1 1
MikeAustin71/pathfileopsgo/pathfileops/fileopenconfig.go:277.2,281.18 3 1
MikeAustin71/pathfileopsgo/pathfileops/fileopenconfig.go:269.35,271.3 1 1
MikeAustin71/pathfileopsgo/pathfileops/fileopenconfig.go:273.38,275.3 1 1
MikeAustin71/pathfileopsgo/pathfileops/fileopenconfig.go:285.64,287.35 1 1
MikeAustin71/pathfileopsgo/pathfileops/fileopenconfig.go:291.2,291.30 1 1
MikeAustin71/pathfileopsgo/pathfileops/fileopenconfig.go:287.35,289.3 1 1
MikeAustin71/pathfileopsgo/pathfileops/fileopenconfig.go:297.67,304.16 4 1
MikeAustin71/pathfileopsgo/pathfileops/fileopenconfig.go:312.2,313.36 1 1
MikeAustin71/pathfileopsgo/pathfileops/fileopenconfig.go:318.2,320.51 2 1
MikeAustin71/pathfileopsgo/pathfileops/fileopenconfig.go:338.2,338.20 1 1
MikeAustin71/pathfileopsgo/pathfileops/fileopenconfig.go:304.16,308.3 3 1
MikeAustin71/pathfileopsgo/pathfileops/fileopenconfig.go:308.8,310.3 1 0
MikeAustin71/pathfileopsgo/pathfileops/fileopenconfig.go:313.36,316.3 2 1
MikeAustin71/pathfileopsgo/pathfileops/fileopenconfig.go:320.51,322.12 1 1
MikeAustin71/pathfileopsgo/pathfileops/fileopenconfig.go:326.3,328.17 2 1
MikeAustin71/pathfileopsgo/pathfileops/fileopenconfig.go:322.12,324.4 1 1
MikeAustin71/pathfileopsgo/pathfileops/fileopenconfig.go:328.17,330.4 1 0
MikeAustin71/pathfileopsgo/pathfileops/fileopenconfig.go:330.9,334.4 3 1
MikeAustin71/pathfileopsgo/pathfileops/fileopenconfig.go:344.49,348.35 2 1
MikeAustin71/pathfileopsgo/pathfileops/fileopenconfig.go:352.2,352.29 1 1
MikeAustin71/pathfileopsgo/pathfileops/fileopenconfig.go:358.2,360.16 2 1
MikeAustin71/pathfileopsgo/pathfileops/fileopenconfig.go:365.2,368.24 2 1
MikeAustin71/pathfileopsgo/pathfileops/fileopenconfig.go:374.2,376.59 1 1
MikeAustin71/pathfileopsgo/pathfileops/fileopenconfig.go:382.2,383.24 1 1
MikeAustin71/pathfileopsgo/pathfileops/fileopenconfig.go:395.2,395.40 1 1
MikeAustin71/pathfileopsgo/pathfileops/fileopenconfig.go:407.2,407.12 1 1
MikeAustin71/pathfileopsgo/pathfileops/fileopenconfig.go:348.35,350.3 1 1
MikeAustin71/pathfileopsgo/pathfileops/fileopenconfig.go:352.29,356.3 1 1
MikeAustin71/pathfileopsgo/pathfileops/fileopenconfig.go:360.16,363.3 1 1
MikeAustin71/pathfileopsgo/pathfileops/fileopenconfig.go:368.24,372.3 1 1
MikeAustin71/pathfileopsgo/pathfileops/fileopenconfig.go:376.59,380.3 1 0
MikeAustin71/pathfileopsgo/pathfileops/fileopenconfig.go:383.24,385.41 1 1
MikeAustin71/pathfileopsgo/pathfileops/fileopenconfig.go:385.41,386.63 1 1
MikeAustin71/pathfileopsgo/pathfileops/fileopenconfig.go:386.63,390.5 1 1
MikeAustin71/pathfileopsgo/pathfileops/fileopenconfig.go:395.40,399.17 2 1
MikeAustin71/pathfileopsgo/pathfileops/fileopenconfig.go:399.17,403.4 1 1
MikeAustin71/pathfileopsgo/pathfileops/fileopenconfig.go:413.79,419.16 3 1
MikeAustin71/pathfileopsgo/pathfileops/fileopenconfig.go:424.2,424.35 1 1
MikeAustin71/pathfileopsgo/pathfileops/fileopenconfig.go:428.2,428.45 1 1
MikeAustin71/pathfileopsgo/pathfileops/fileopenconfig.go:433.2,437.12 3 1
MikeAustin71/pathfileopsgo/pathfileops/fileopenconfig.go:419.16,422.3 1 1
MikeAustin71/pathfileopsgo/pathfileops/fileopenconfig.go:424.35,426.3 1 1
MikeAustin71/pathfileopsgo/pathfileops/fileopenconfig.go:428.45,431.3 2 1
MikeAustin71/pathfileopsgo/pathfileops/fileopenconfig.go:446.84,450.35 2 1
MikeAustin71/pathfileopsgo/pathfileops/fileopenconfig.go:454.2,456.24 2 1
MikeAustin71/pathfileopsgo/pathfileops/fileopenconfig.go:462.2,465.41 3 1
MikeAustin71/pathfileopsgo/pathfileops/fileopenconfig.go:479.2,481.16 2 1
MikeAustin71/pathfileopsgo/pathfileops/fileopenconfig.go:485.2,485.12 1 1
MikeAustin71/pathfileopsgo/pathfileops/fileopenconfig.go:450.35,452.3 1 1
MikeAustin71/pathfileopsgo/pathfileops/fileopenconfig.go:456.24,460.3 3 1
MikeAustin71/pathfileopsgo/pathfileops/fileopenconfig.go:465.41,469.17 2 1
MikeAustin71/pathfileopsgo/pathfileops/fileopenconfig.go:476.3,476.69 1 1
MikeAustin71/pathfileopsgo/pathfileops/fileopenconfig.go:469.17,474.4 3 0
MikeAustin71/pathfileopsgo/pathfileops/fileopenconfig.go:481.16,483.3 1 1
