mode: set
MikeAustin71/pathfileopsgo/pathfileops/filehelper.go:41.85,46.15 3 1
MikeAustin71/pathfileopsgo/pathfileops/filehelper.go:50.2,50.94 1 1
MikeAustin71/pathfileopsgo/pathfileops/filehelper.go:54.2,56.24 2 1
MikeAustin71/pathfileopsgo/pathfileops/filehelper.go:46.15,48.3 1 0
MikeAustin71/pathfileopsgo/pathfileops/filehelper.go:50.94,52.3 1 0
MikeAustin71/pathfileopsgo/pathfileops/filehelper.go:61.58,64.2 1 1
MikeAustin71/pathfileopsgo/pathfileops/filehelper.go:69.61,73.16 2 1
MikeAustin71/pathfileopsgo/pathfileops/filehelper.go:77.2,77.12 1 1
MikeAustin71/pathfileopsgo/pathfileops/filehelper.go:73.16,75.3 1 0
MikeAustin71/pathfileopsgo/pathfileops/filehelper.go:88.95,95.26 5 1
MikeAustin71/pathfileopsgo/pathfileops/filehelper.go:100.2,102.26 2 1
MikeAustin71/pathfileopsgo/pathfileops/filehelper.go:107.2,111.27 3 1
MikeAustin71/pathfileopsgo/pathfileops/filehelper.go:116.2,116.46 1 1
MikeAustin71/pathfileopsgo/pathfileops/filehelper.go:121.2,123.32 2 1
MikeAustin71/pathfileopsgo/pathfileops/filehelper.go:132.2,134.17 2 1
MikeAustin71/pathfileopsgo/pathfileops/filehelper.go:185.2,187.17 2 1
MikeAustin71/pathfileopsgo/pathfileops/filehelper.go:192.2,192.45 1 1
MikeAustin71/pathfileopsgo/pathfileops/filehelper.go:204.2,206.39 2 1
MikeAustin71/pathfileopsgo/pathfileops/filehelper.go:211.2,213.17 2 1
MikeAustin71/pathfileopsgo/pathfileops/filehelper.go:218.2,220.21 2 1
MikeAustin71/pathfileopsgo/pathfileops/filehelper.go:227.2,229.17 2 1
MikeAustin71/pathfileopsgo/pathfileops/filehelper.go:234.2,237.51 2 1
MikeAustin71/pathfileopsgo/pathfileops/filehelper.go:251.2,251.67 1 1
MikeAustin71/pathfileopsgo/pathfileops/filehelper.go:265.2,268.8 4 1
MikeAustin71/pathfileopsgo/pathfileops/filehelper.go:95.26,98.3 2 0
MikeAustin71/pathfileopsgo/pathfileops/filehelper.go:102.26,105.3 2 0
MikeAustin71/pathfileopsgo/pathfileops/filehelper.go:111.27,114.3 2 0
MikeAustin71/pathfileopsgo/pathfileops/filehelper.go:116.46,119.3 2 1
MikeAustin71/pathfileopsgo/pathfileops/filehelper.go:123.32,128.3 4 1
MikeAustin71/pathfileopsgo/pathfileops/filehelper.go:134.17,137.20 1 1
MikeAustin71/pathfileopsgo/pathfileops/filehelper.go:137.20,139.63 1 1
MikeAustin71/pathfileopsgo/pathfileops/filehelper.go:145.4,145.25 1 1
MikeAustin71/pathfileopsgo/pathfileops/filehelper.go:151.4,152.10 2 1
MikeAustin71/pathfileopsgo/pathfileops/filehelper.go:139.63,141.5 1 1
MikeAustin71/pathfileopsgo/pathfileops/filehelper.go:141.10,143.5 1 1
MikeAustin71/pathfileopsgo/pathfileops/filehelper.go:145.25,147.5 1 0
MikeAustin71/pathfileopsgo/pathfileops/filehelper.go:147.10,149.5 1 1
MikeAustin71/pathfileopsgo/pathfileops/filehelper.go:154.9,160.28 3 1
MikeAustin71/pathfileopsgo/pathfileops/filehelper.go:167.4,167.63 1 1
MikeAustin71/pathfileopsgo/pathfileops/filehelper.go:174.4,174.25 1 1
MikeAustin71/pathfileopsgo/pathfileops/filehelper.go:180.4,181.10 2 1
MikeAustin71/pathfileopsgo/pathfileops/filehelper.go:160.28,165.5 4 1
MikeAustin71/pathfileopsgo/pathfileops/filehelper.go:167.63,169.5 1 1
MikeAustin71/pathfileopsgo/pathfileops/filehelper.go:169.10,172.5 1 0
MikeAustin71/pathfileopsgo/pathfileops/filehelper.go:174.25,176.5 1 0
MikeAustin71/pathfileopsgo/pathfileops/filehelper.go:176.10,178.5 1 1
MikeAustin71/pathfileopsgo/pathfileops/filehelper.go:187.17,190.3 2 0
MikeAustin71/pathfileopsgo/pathfileops/filehelper.go:192.45,193.62 1 0
MikeAustin71/pathfileopsgo/pathfileops/filehelper.go:199.3,201.9 3 0
MikeAustin71/pathfileopsgo/pathfileops/filehelper.go:193.62,195.4 1 0
MikeAustin71/pathfileopsgo/pathfileops/filehelper.go:195.9,197.4 1 0
MikeAustin71/pathfileopsgo/pathfileops/filehelper.go:206.39,209.3 2 1
MikeAustin71/pathfileopsgo/pathfileops/filehelper.go:213.17,216.3 2 0
MikeAustin71/pathfileopsgo/pathfileops/filehelper.go:220.21,225.3 4 0
MikeAustin71/pathfileopsgo/pathfileops/filehelper.go:229.17,232.3 2 0
MikeAustin71/pathfileopsgo/pathfileops/filehelper.go:237.51,239.24 2 1
MikeAustin71/pathfileopsgo/pathfileops/filehelper.go:245.3,246.9 2 1
MikeAustin71/pathfileopsgo/pathfileops/filehelper.go:239.24,241.4 1 0
MikeAustin71/pathfileopsgo/pathfileops/filehelper.go:241.9,243.4 1 1
MikeAustin71/pathfileopsgo/pathfileops/filehelper.go:251.67,255.24 2 1
MikeAustin71/pathfileopsgo/pathfileops/filehelper.go:261.3,262.9 2 1
MikeAustin71/pathfileopsgo/pathfileops/filehelper.go:255.24,257.4 1 1
MikeAustin71/pathfileopsgo/pathfileops/filehelper.go:257.9,259.4 1 1
MikeAustin71/pathfileopsgo/pathfileops/filehelper.go:278.111,285.30 5 1
MikeAustin71/pathfileopsgo/pathfileops/filehelper.go:290.2,292.50 2 1
MikeAustin71/pathfileopsgo/pathfileops/filehelper.go:299.2,301.17 2 1
MikeAustin71/pathfileopsgo/pathfileops/filehelper.go:322.2,324.45 2 1
MikeAustin71/pathfileopsgo/pathfileops/filehelper.go:331.2,333.39 2 1
MikeAustin71/pathfileopsgo/pathfileops/filehelper.go:338.2,340.16 2 1
MikeAustin71/pathfileopsgo/pathfileops/filehelper.go:345.2,347.21 2 1
MikeAustin71/pathfileopsgo/pathfileops/filehelper.go:354.2,354.43 1 1
MikeAustin71/pathfileopsgo/pathfileops/filehelper.go:362.2,366.22 3 1
MikeAustin71/pathfileopsgo/pathfileops/filehelper.go:372.2,373.8 2 1
MikeAustin71/pathfileopsgo/pathfileops/filehelper.go:285.30,288.3 2 0
MikeAustin71/pathfileopsgo/pathfileops/filehelper.go:292.50,295.3 2 0
MikeAustin71/pathfileopsgo/pathfileops/filehelper.go:301.17,304.20 1 1
MikeAustin71/pathfileopsgo/pathfileops/filehelper.go:304.20,311.4 4 1
MikeAustin71/pathfileopsgo/pathfileops/filehelper.go:311.9,319.4 4 1
MikeAustin71/pathfileopsgo/pathfileops/filehelper.go:324.45,327.3 2 0
MikeAustin71/pathfileopsgo/pathfileops/filehelper.go:333.39,336.3 2 0
MikeAustin71/pathfileopsgo/pathfileops/filehelper.go:340.16,343.3 2 0
MikeAustin71/pathfileopsgo/pathfileops/filehelper.go:347.21,352.3 4 1
MikeAustin71/pathfileopsgo/pathfileops/filehelper.go:354.43,360.3 4 0
MikeAustin71/pathfileopsgo/pathfileops/filehelper.go:366.22,368.3 1 0
MikeAustin71/pathfileopsgo/pathfileops/filehelper.go:368.8,370.3 1 1
MikeAustin71/pathfileopsgo/pathfileops/filehelper.go:394.58,397.2 1 1
MikeAustin71/pathfileopsgo/pathfileops/filehelper.go:426.60,432.18 4 1
MikeAustin71/pathfileopsgo/pathfileops/filehelper.go:439.2,439.14 1 1
MikeAustin71/pathfileopsgo/pathfileops/filehelper.go:432.18,437.3 4 1
MikeAustin71/pathfileopsgo/pathfileops/filehelper.go:468.60,473.18 4 1
MikeAustin71/pathfileopsgo/pathfileops/filehelper.go:479.2,479.16 1 1
MikeAustin71/pathfileopsgo/pathfileops/filehelper.go:473.18,478.3 4 1
MikeAustin71/pathfileopsgo/pathfileops/filehelper.go:505.70,511.16 3 1
MikeAustin71/pathfileopsgo/pathfileops/filehelper.go:518.2,520.17 2 0
MikeAustin71/pathfileopsgo/pathfileops/filehelper.go:525.2,527.12 2 0
MikeAustin71/pathfileopsgo/pathfileops/filehelper.go:511.16,513.3 1 1
MikeAustin71/pathfileopsgo/pathfileops/filehelper.go:520.17,523.3 2 0
MikeAustin71/pathfileopsgo/pathfileops/filehelper.go:549.70,555.16 3 1
MikeAustin71/pathfileopsgo/pathfileops/filehelper.go:560.2,562.17 2 0
MikeAustin71/pathfileopsgo/pathfileops/filehelper.go:567.2,569.12 2 0
MikeAustin71/pathfileopsgo/pathfileops/filehelper.go:555.16,557.3 1 1
MikeAustin71/pathfileopsgo/pathfileops/filehelper.go:562.17,565.3 2 0
MikeAustin71/pathfileopsgo/pathfileops/filehelper.go:587.66,591.19 2 1
MikeAustin71/pathfileopsgo/pathfileops/filehelper.go:595.2,595.19 1 1
MikeAustin71/pathfileopsgo/pathfileops/filehelper.go:600.2,600.28 1 1
MikeAustin71/pathfileopsgo/pathfileops/filehelper.go:605.2,607.17 2 1
MikeAustin71/pathfileopsgo/pathfileops/filehelper.go:612.2,612.29 1 1
MikeAustin71/pathfileopsgo/pathfileops/filehelper.go:619.2,621.17 2 1
MikeAustin71/pathfileopsgo/pathfileops/filehelper.go:646.2,648.17 2 1
MikeAustin71/pathfileopsgo/pathfileops/filehelper.go:653.2,655.8 2 1
MikeAustin71/pathfileopsgo/pathfileops/filehelper.go:591.19,593.3 1 0
MikeAustin71/pathfileopsgo/pathfileops/filehelper.go:595.19,598.3 2 0
MikeAustin71/pathfileopsgo/pathfileops/filehelper.go:600.28,603.3 2 0
MikeAustin71/pathfileopsgo/pathfileops/filehelper.go:607.17,610.3 2 0
MikeAustin71/pathfileopsgo/pathfileops/filehelper.go:612.29,617.3 2 0
MikeAustin71/pathfileopsgo/pathfileops/filehelper.go:621.17,623.27 1 1
MikeAustin71/pathfileopsgo/pathfileops/filehelper.go:623.27,627.4 2 0
MikeAustin71/pathfileopsgo/pathfileops/filehelper.go:629.8,631.32 1 0
MikeAustin71/pathfileopsgo/pathfileops/filehelper.go:639.3,639.28 1 0
MikeAustin71/pathfileopsgo/pathfileops/filehelper.go:631.32,634.4 2 0
MikeAustin71/pathfileopsgo/pathfileops/filehelper.go:639.28,642.4 2 0
MikeAustin71/pathfileopsgo/pathfileops/filehelper.go:648.17,651.3 2 0
MikeAustin71/pathfileopsgo/pathfileops/filehelper.go:672.64,676.19 3 1
MikeAustin71/pathfileopsgo/pathfileops/filehelper.go:682.2,682.19 1 1
MikeAustin71/pathfileopsgo/pathfileops/filehelper.go:688.2,688.28 1 1
MikeAustin71/pathfileopsgo/pathfileops/filehelper.go:694.2,696.17 2 1
MikeAustin71/pathfileopsgo/pathfileops/filehelper.go:710.2,710.29 1 1
MikeAustin71/pathfileopsgo/pathfileops/filehelper.go:717.2,719.17 2 1
MikeAustin71/pathfileopsgo/pathfileops/filehelper.go:751.2,753.17 2 1
MikeAustin71/pathfileopsgo/pathfileops/filehelper.go:760.2,762.17 2 1
MikeAustin71/pathfileopsgo/pathfileops/filehelper.go:773.2,773.45 1 1
MikeAustin71/pathfileopsgo/pathfileops/filehelper.go:784.2,786.17 2 1
MikeAustin71/pathfileopsgo/pathfileops/filehelper.go:795.2,797.17 2 1
MikeAustin71/pathfileopsgo/pathfileops/filehelper.go:807.2,809.17 2 1
MikeAustin71/pathfileopsgo/pathfileops/filehelper.go:818.2,820.12 2 1
MikeAustin71/pathfileopsgo/pathfileops/filehelper.go:676.19,680.3 2 0
MikeAustin71/pathfileopsgo/pathfileops/filehelper.go:682.19,686.3 2 0
MikeAustin71/pathfileopsgo/pathfileops/filehelper.go:688.28,692.3 2 0
MikeAustin71/pathfileopsgo/pathfileops/filehelper.go:696.17,697.26 1 0
MikeAustin71/pathfileopsgo/pathfileops/filehelper.go:705.3,707.13 2 0
MikeAustin71/pathfileopsgo/pathfileops/filehelper.go:697.26,703.4 2 0
MikeAustin71/pathfileopsgo/pathfileops/filehelper.go:710.29,715.3 2 0
MikeAustin71/pathfileopsgo/pathfileops/filehelper.go:719.17,721.27 1 1
MikeAustin71/pathfileopsgo/pathfileops/filehelper.go:721.27,725.4 2 0
MikeAustin71/pathfileopsgo/pathfileops/filehelper.go:729.8,731.30 1 0
MikeAustin71/pathfileopsgo/pathfileops/filehelper.go:736.3,736.28 1 0
MikeAustin71/pathfileopsgo/pathfileops/filehelper.go:731.30,734.4 2 0
MikeAustin71/pathfileopsgo/pathfileops/filehelper.go:736.28,741.4 2 0
MikeAustin71/pathfileopsgo/pathfileops/filehelper.go:753.17,758.3 2 0
MikeAustin71/pathfileopsgo/pathfileops/filehelper.go:762.17,771.3 3 0
MikeAustin71/pathfileopsgo/pathfileops/filehelper.go:773.45,781.3 4 0
MikeAustin71/pathfileopsgo/pathfileops/filehelper.go:786.17,793.3 4 0
MikeAustin71/pathfileopsgo/pathfileops/filehelper.go:797.17,805.3 3 0
MikeAustin71/pathfileopsgo/pathfileops/filehelper.go:809.17,816.3 2 0
MikeAustin71/pathfileopsgo/pathfileops/filehelper.go:825.72,827.2 1 1
MikeAustin71/pathfileopsgo/pathfileops/filehelper.go:1016.143,1023.34 4 0
MikeAustin71/pathfileopsgo/pathfileops/filehelper.go:1027.2,1032.16 4 0
MikeAustin71/pathfileopsgo/pathfileops/filehelper.go:1036.2,1036.29 1 0
MikeAustin71/pathfileopsgo/pathfileops/filehelper.go:1023.34,1025.3 1 0
MikeAustin71/pathfileopsgo/pathfileops/filehelper.go:1032.16,1034.3 1 0
MikeAustin71/pathfileopsgo/pathfileops/filehelper.go:1042.59,1045.24 2 1
MikeAustin71/pathfileopsgo/pathfileops/filehelper.go:1049.2,1049.33 1 1
MikeAustin71/pathfileopsgo/pathfileops/filehelper.go:1054.2,1056.16 2 1
MikeAustin71/pathfileopsgo/pathfileops/filehelper.go:1060.2,1060.12 1 1
MikeAustin71/pathfileopsgo/pathfileops/filehelper.go:1045.24,1047.3 1 0
MikeAustin71/pathfileopsgo/pathfileops/filehelper.go:1049.33,1052.3 1 0
MikeAustin71/pathfileopsgo/pathfileops/filehelper.go:1056.16,1058.3 1 0
MikeAustin71/pathfileopsgo/pathfileops/filehelper.go:1068.61,1071.23 2 1
MikeAustin71/pathfileopsgo/pathfileops/filehelper.go:1077.2,1079.16 2 1
MikeAustin71/pathfileopsgo/pathfileops/filehelper.go:1083.2,1083.12 1 1
MikeAustin71/pathfileopsgo/pathfileops/filehelper.go:1071.23,1073.3 1 0
MikeAustin71/pathfileopsgo/pathfileops/filehelper.go:1079.16,1081.3 1 0
MikeAustin71/pathfileopsgo/pathfileops/filehelper.go:1089.62,1094.2 2 1
MikeAustin71/pathfileopsgo/pathfileops/filehelper.go:1100.113,1104.60 2 1
MikeAustin71/pathfileopsgo/pathfileops/filehelper.go:1108.2,1110.35 2 1
MikeAustin71/pathfileopsgo/pathfileops/filehelper.go:1104.60,1106.3 1 1
MikeAustin71/pathfileopsgo/pathfileops/filehelper.go:1114.74,1118.16 2 0
MikeAustin71/pathfileopsgo/pathfileops/filehelper.go:1122.2,1122.100 1 0
MikeAustin71/pathfileopsgo/pathfileops/filehelper.go:1126.2,1126.14 1 0
MikeAustin71/pathfileopsgo/pathfileops/filehelper.go:1118.16,1120.3 1 0
MikeAustin71/pathfileopsgo/pathfileops/filehelper.go:1122.100,1124.3 1 0
MikeAustin71/pathfileopsgo/pathfileops/filehelper.go:1148.92,1154.38 3 1
MikeAustin71/pathfileopsgo/pathfileops/filehelper.go:1159.2,1159.16 1 1
MikeAustin71/pathfileopsgo/pathfileops/filehelper.go:1166.2,1166.20 1 1
MikeAustin71/pathfileopsgo/pathfileops/filehelper.go:1174.2,1178.16 3 1
MikeAustin71/pathfileopsgo/pathfileops/filehelper.go:1185.2,1185.21 1 1
MikeAustin71/pathfileopsgo/pathfileops/filehelper.go:1154.38,1157.3 1 0
MikeAustin71/pathfileopsgo/pathfileops/filehelper.go:1159.16,1164.3 1 0
MikeAustin71/pathfileopsgo/pathfileops/filehelper.go:1166.20,1170.3 1 0
MikeAustin71/pathfileopsgo/pathfileops/filehelper.go:1178.16,1183.3 1 0
MikeAustin71/pathfileopsgo/pathfileops/filehelper.go:1215.133,1223.17 5 1
MikeAustin71/pathfileopsgo/pathfileops/filehelper.go:1229.2,1231.17 2 1
MikeAustin71/pathfileopsgo/pathfileops/filehelper.go:1237.2,1239.17 2 1
MikeAustin71/pathfileopsgo/pathfileops/filehelper.go:1245.2,1247.17 2 1
MikeAustin71/pathfileopsgo/pathfileops/filehelper.go:1254.2,1254.89 1 1
MikeAustin71/pathfileopsgo/pathfileops/filehelper.go:1262.2,1262.77 1 1
MikeAustin71/pathfileopsgo/pathfileops/filehelper.go:1298.2,1298.36 1 1
MikeAustin71/pathfileopsgo/pathfileops/filehelper.go:1304.2,1304.48 1 1
MikeAustin71/pathfileopsgo/pathfileops/filehelper.go:1310.2,1310.48 1 1
MikeAustin71/pathfileopsgo/pathfileops/filehelper.go:1316.2,1316.50 1 1
MikeAustin71/pathfileopsgo/pathfileops/filehelper.go:1322.2,1324.8 3 1
MikeAustin71/pathfileopsgo/pathfileops/filehelper.go:1223.17,1227.3 3 0
MikeAustin71/pathfileopsgo/pathfileops/filehelper.go:1231.17,1235.3 3 0
MikeAustin71/pathfileopsgo/pathfileops/filehelper.go:1239.17,1243.3 3 0
MikeAustin71/pathfileopsgo/pathfileops/filehelper.go:1247.17,1251.3 3 0
MikeAustin71/pathfileopsgo/pathfileops/filehelper.go:1254.89,1258.3 3 1
MikeAustin71/pathfileopsgo/pathfileops/filehelper.go:1262.77,1264.38 1 1
MikeAustin71/pathfileopsgo/pathfileops/filehelper.go:1270.3,1270.50 1 1
MikeAustin71/pathfileopsgo/pathfileops/filehelper.go:1276.3,1276.50 1 1
MikeAustin71/pathfileopsgo/pathfileops/filehelper.go:1282.3,1282.52 1 1
MikeAustin71/pathfileopsgo/pathfileops/filehelper.go:1288.3,1290.9 3 1
MikeAustin71/pathfileopsgo/pathfileops/filehelper.go:1264.38,1268.4 3 1
MikeAustin71/pathfileopsgo/pathfileops/filehelper.go:1270.50,1274.4 3 1
MikeAustin71/pathfileopsgo/pathfileops/filehelper.go:1276.50,1280.4 3 1
MikeAustin71/pathfileopsgo/pathfileops/filehelper.go:1282.52,1286.4 3 0
MikeAustin71/pathfileopsgo/pathfileops/filehelper.go:1298.36,1302.3 3 1
MikeAustin71/pathfileopsgo/pathfileops/filehelper.go:1304.48,1308.3 3 0
MikeAustin71/pathfileopsgo/pathfileops/filehelper.go:1310.48,1314.3 3 1
MikeAustin71/pathfileopsgo/pathfileops/filehelper.go:1316.50,1320.3 3 0
MikeAustin71/pathfileopsgo/pathfileops/filehelper.go:1498.132,1506.34 4 0
MikeAustin71/pathfileopsgo/pathfileops/filehelper.go:1510.2,1517.16 4 0
MikeAustin71/pathfileopsgo/pathfileops/filehelper.go:1522.2,1522.27 1 0
MikeAustin71/pathfileopsgo/pathfileops/filehelper.go:1506.34,1508.3 1 0
MikeAustin71/pathfileopsgo/pathfileops/filehelper.go:1517.16,1520.3 1 0
MikeAustin71/pathfileopsgo/pathfileops/filehelper.go:1528.78,1531.24 2 1
MikeAustin71/pathfileopsgo/pathfileops/filehelper.go:1535.2,1537.28 2 1
MikeAustin71/pathfileopsgo/pathfileops/filehelper.go:1541.2,1543.16 2 1
MikeAustin71/pathfileopsgo/pathfileops/filehelper.go:1547.2,1547.21 1 1
MikeAustin71/pathfileopsgo/pathfileops/filehelper.go:1531.24,1533.3 1 0
MikeAustin71/pathfileopsgo/pathfileops/filehelper.go:1537.28,1539.3 1 0
MikeAustin71/pathfileopsgo/pathfileops/filehelper.go:1543.16,1545.3 1 0
MikeAustin71/pathfileopsgo/pathfileops/filehelper.go:1553.54,1558.16 3 1
MikeAustin71/pathfileopsgo/pathfileops/filehelper.go:1562.2,1562.33 1 1
MikeAustin71/pathfileopsgo/pathfileops/filehelper.go:1558.16,1560.3 1 0
MikeAustin71/pathfileopsgo/pathfileops/filehelper.go:1571.54,1573.2 1 1
MikeAustin71/pathfileopsgo/pathfileops/filehelper.go:1577.85,1582.19 3 1
MikeAustin71/pathfileopsgo/pathfileops/filehelper.go:1586.2,1588.32 2 1
MikeAustin71/pathfileopsgo/pathfileops/filehelper.go:1599.2,1599.21 1 1
MikeAustin71/pathfileopsgo/pathfileops/filehelper.go:1582.19,1584.3 1 0
MikeAustin71/pathfileopsgo/pathfileops/filehelper.go:1588.32,1592.19 2 1
MikeAustin71/pathfileopsgo/pathfileops/filehelper.go:1592.19,1595.4 1 1
MikeAustin71/pathfileopsgo/pathfileops/filehelper.go:1606.66,1611.2 2 0
MikeAustin71/pathfileopsgo/pathfileops/filehelper.go:1621.101,1630.31 6 1
MikeAustin71/pathfileopsgo/pathfileops/filehelper.go:1635.2,1639.33 3 1
MikeAustin71/pathfileopsgo/pathfileops/filehelper.go:1644.2,1646.17 2 1
MikeAustin71/pathfileopsgo/pathfileops/filehelper.go:1653.2,1657.21 2 1
MikeAustin71/pathfileopsgo/pathfileops/filehelper.go:1665.2,1667.17 2 1
MikeAustin71/pathfileopsgo/pathfileops/filehelper.go:1676.2,1676.53 1 1
MikeAustin71/pathfileopsgo/pathfileops/filehelper.go:1683.2,1685.17 2 1
MikeAustin71/pathfileopsgo/pathfileops/filehelper.go:1692.2,1694.23 2 1
MikeAustin71/pathfileopsgo/pathfileops/filehelper.go:1702.2,1703.43 1 1
MikeAustin71/pathfileopsgo/pathfileops/filehelper.go:1712.2,1715.8 4 1
MikeAustin71/pathfileopsgo/pathfileops/filehelper.go:1630.31,1633.3 2 1
MikeAustin71/pathfileopsgo/pathfileops/filehelper.go:1639.33,1642.3 2 0
MikeAustin71/pathfileopsgo/pathfileops/filehelper.go:1646.17,1651.3 4 0
MikeAustin71/pathfileopsgo/pathfileops/filehelper.go:1657.21,1663.3 4 1
MikeAustin71/pathfileopsgo/pathfileops/filehelper.go:1667.17,1672.3 4 0
MikeAustin71/pathfileopsgo/pathfileops/filehelper.go:1676.53,1681.3 4 0
MikeAustin71/pathfileopsgo/pathfileops/filehelper.go:1685.17,1690.3 4 0
MikeAustin71/pathfileopsgo/pathfileops/filehelper.go:1694.23,1699.3 4 1
MikeAustin71/pathfileopsgo/pathfileops/filehelper.go:1703.43,1710.3 4 1
MikeAustin71/pathfileopsgo/pathfileops/filehelper.go:1732.84,1736.2 1 1
MikeAustin71/pathfileopsgo/pathfileops/filehelper.go:1745.51,1751.24 4 1
MikeAustin71/pathfileopsgo/pathfileops/filehelper.go:1756.2,1758.22 2 1
MikeAustin71/pathfileopsgo/pathfileops/filehelper.go:1762.2,1764.16 2 1
MikeAustin71/pathfileopsgo/pathfileops/filehelper.go:1771.2,1771.61 1 1
MikeAustin71/pathfileopsgo/pathfileops/filehelper.go:1751.24,1754.3 1 0
MikeAustin71/pathfileopsgo/pathfileops/filehelper.go:1758.22,1760.3 1 0
MikeAustin71/pathfileopsgo/pathfileops/filehelper.go:1764.16,1769.3 1 0
MikeAustin71/pathfileopsgo/pathfileops/filehelper.go:1812.108,1819.31 5 1
MikeAustin71/pathfileopsgo/pathfileops/filehelper.go:1825.2,1827.27 2 1
MikeAustin71/pathfileopsgo/pathfileops/filehelper.go:1833.2,1837.19 3 1
MikeAustin71/pathfileopsgo/pathfileops/filehelper.go:1841.2,1843.31 2 1
MikeAustin71/pathfileopsgo/pathfileops/filehelper.go:1849.2,1851.17 2 1
MikeAustin71/pathfileopsgo/pathfileops/filehelper.go:1860.2,1860.45 1 1
MikeAustin71/pathfileopsgo/pathfileops/filehelper.go:1866.2,1868.17 2 1
MikeAustin71/pathfileopsgo/pathfileops/filehelper.go:1875.2,1877.17 2 1
MikeAustin71/pathfileopsgo/pathfileops/filehelper.go:1885.2,1888.20 3 1
MikeAustin71/pathfileopsgo/pathfileops/filehelper.go:1915.2,1915.18 1 1
MikeAustin71/pathfileopsgo/pathfileops/filehelper.go:1944.2,1946.24 2 1
MikeAustin71/pathfileopsgo/pathfileops/filehelper.go:1952.2,1954.8 2 1
MikeAustin71/pathfileopsgo/pathfileops/filehelper.go:1819.31,1823.3 2 1
MikeAustin71/pathfileopsgo/pathfileops/filehelper.go:1827.27,1831.3 2 0
MikeAustin71/pathfileopsgo/pathfileops/filehelper.go:1837.19,1839.3 1 1
MikeAustin71/pathfileopsgo/pathfileops/filehelper.go:1843.31,1847.3 2 0
MikeAustin71/pathfileopsgo/pathfileops/filehelper.go:1851.17,1856.3 2 0
MikeAustin71/pathfileopsgo/pathfileops/filehelper.go:1860.45,1864.3 3 0
MikeAustin71/pathfileopsgo/pathfileops/filehelper.go:1868.17,1873.3 2 0
MikeAustin71/pathfileopsgo/pathfileops/filehelper.go:1877.17,1883.3 2 0
MikeAustin71/pathfileopsgo/pathfileops/filehelper.go:1888.20,1893.56 1 1
MikeAustin71/pathfileopsgo/pathfileops/filehelper.go:1903.3,1903.25 1 1
MikeAustin71/pathfileopsgo/pathfileops/filehelper.go:1909.3,1910.9 2 1
MikeAustin71/pathfileopsgo/pathfileops/filehelper.go:1893.56,1895.4 1 1
MikeAustin71/pathfileopsgo/pathfileops/filehelper.go:1895.9,1895.51 1 1
MikeAustin71/pathfileopsgo/pathfileops/filehelper.go:1895.51,1899.4 1 1
MikeAustin71/pathfileopsgo/pathfileops/filehelper.go:1899.9,1901.4 1 0
MikeAustin71/pathfileopsgo/pathfileops/filehelper.go:1903.25,1905.4 1 1
MikeAustin71/pathfileopsgo/pathfileops/filehelper.go:1905.9,1907.4 1 1
MikeAustin71/pathfileopsgo/pathfileops/filehelper.go:1915.18,1920.41 2 1
MikeAustin71/pathfileopsgo/pathfileops/filehelper.go:1930.3,1930.25 1 1
MikeAustin71/pathfileopsgo/pathfileops/filehelper.go:1936.3,1937.9 2 1
MikeAustin71/pathfileopsgo/pathfileops/filehelper.go:1920.41,1926.4 3 1
MikeAustin71/pathfileopsgo/pathfileops/filehelper.go:1926.9,1926.48 1 1
MikeAustin71/pathfileopsgo/pathfileops/filehelper.go:1926.48,1928.4 1 1
MikeAustin71/pathfileopsgo/pathfileops/filehelper.go:1930.25,1932.4 1 0
MikeAustin71/pathfileopsgo/pathfileops/filehelper.go:1932.9,1934.4 1 1
MikeAustin71/pathfileopsgo/pathfileops/filehelper.go:1946.24,1948.3 1 0
MikeAustin71/pathfileopsgo/pathfileops/filehelper.go:1948.8,1950.3 1 1
MikeAustin71/pathfileopsgo/pathfileops/filehelper.go:1966.66,1974.31 5 1
MikeAustin71/pathfileopsgo/pathfileops/filehelper.go:1979.2,1981.27 2 1
MikeAustin71/pathfileopsgo/pathfileops/filehelper.go:1987.2,1989.35 2 1
MikeAustin71/pathfileopsgo/pathfileops/filehelper.go:1995.2,1997.17 2 1
MikeAustin71/pathfileopsgo/pathfileops/filehelper.go:2004.2,2004.24 1 1
MikeAustin71/pathfileopsgo/pathfileops/filehelper.go:2011.2,2013.17 2 1
MikeAustin71/pathfileopsgo/pathfileops/filehelper.go:2020.2,2023.18 2 1
MikeAustin71/pathfileopsgo/pathfileops/filehelper.go:2036.2,2038.17 2 1
MikeAustin71/pathfileopsgo/pathfileops/filehelper.go:2044.2,2045.8 2 1
MikeAustin71/pathfileopsgo/pathfileops/filehelper.go:1974.31,1977.3 2 0
MikeAustin71/pathfileopsgo/pathfileops/filehelper.go:1981.27,1985.3 2 0
MikeAustin71/pathfileopsgo/pathfileops/filehelper.go:1989.35,1993.3 2 0
MikeAustin71/pathfileopsgo/pathfileops/filehelper.go:1997.17,2002.3 2 0
MikeAustin71/pathfileopsgo/pathfileops/filehelper.go:2004.24,2009.3 4 1
MikeAustin71/pathfileopsgo/pathfileops/filehelper.go:2013.17,2018.3 2 0
MikeAustin71/pathfileopsgo/pathfileops/filehelper.go:2023.18,2026.18 2 1
MikeAustin71/pathfileopsgo/pathfileops/filehelper.go:2031.3,2032.9 2 1
MikeAustin71/pathfileopsgo/pathfileops/filehelper.go:2026.18,2028.4 1 0
MikeAustin71/pathfileopsgo/pathfileops/filehelper.go:2028.9,2030.4 1 1
MikeAustin71/pathfileopsgo/pathfileops/filehelper.go:2038.17,2040.3 1 0
MikeAustin71/pathfileopsgo/pathfileops/filehelper.go:2040.8,2042.3 1 1
MikeAustin71/pathfileopsgo/pathfileops/filehelper.go:2062.116,2069.19 5 1
MikeAustin71/pathfileopsgo/pathfileops/filehelper.go:2074.2,2078.19 3 1
MikeAustin71/pathfileopsgo/pathfileops/filehelper.go:2085.2,2090.18 4 1
MikeAustin71/pathfileopsgo/pathfileops/filehelper.go:2094.2,2135.39 4 1
MikeAustin71/pathfileopsgo/pathfileops/filehelper.go:2157.2,2159.8 2 1
MikeAustin71/pathfileopsgo/pathfileops/filehelper.go:2069.19,2072.3 2 0
MikeAustin71/pathfileopsgo/pathfileops/filehelper.go:2078.19,2081.3 2 0
MikeAustin71/pathfileopsgo/pathfileops/filehelper.go:2090.18,2092.3 1 1
MikeAustin71/pathfileopsgo/pathfileops/filehelper.go:2135.39,2139.44 3 1
MikeAustin71/pathfileopsgo/pathfileops/filehelper.go:2146.3,2146.27 1 1
MikeAustin71/pathfileopsgo/pathfileops/filehelper.go:2139.44,2140.38 1 1
MikeAustin71/pathfileopsgo/pathfileops/filehelper.go:2140.38,2142.5 1 1
MikeAustin71/pathfileopsgo/pathfileops/filehelper.go:2146.27,2148.22 1 1
MikeAustin71/pathfileopsgo/pathfileops/filehelper.go:2152.4,2152.15 1 1
MikeAustin71/pathfileopsgo/pathfileops/filehelper.go:2148.22,2150.5 1 1
MikeAustin71/pathfileopsgo/pathfileops/filehelper.go:2172.74,2175.24 2 0
MikeAustin71/pathfileopsgo/pathfileops/filehelper.go:2179.2,2185.21 4 0
MikeAustin71/pathfileopsgo/pathfileops/filehelper.go:2189.2,2189.37 1 0
MikeAustin71/pathfileopsgo/pathfileops/filehelper.go:2175.24,2177.3 1 0
MikeAustin71/pathfileopsgo/pathfileops/filehelper.go:2185.21,2187.3 1 0
MikeAustin71/pathfileopsgo/pathfileops/filehelper.go:2195.128,2203.27 6 1
MikeAustin71/pathfileopsgo/pathfileops/filehelper.go:2208.2,2210.34 2 1
MikeAustin71/pathfileopsgo/pathfileops/filehelper.go:2215.2,2217.17 2 1
MikeAustin71/pathfileopsgo/pathfileops/filehelper.go:2222.2,2222.13 1 1
MikeAustin71/pathfileopsgo/pathfileops/filehelper.go:2228.2,2230.32 2 1
MikeAustin71/pathfileopsgo/pathfileops/filehelper.go:2245.2,2247.17 2 1
MikeAustin71/pathfileopsgo/pathfileops/filehelper.go:2252.2,2252.13 1 1
MikeAustin71/pathfileopsgo/pathfileops/filehelper.go:2258.2,2258.40 1 1
MikeAustin71/pathfileopsgo/pathfileops/filehelper.go:2264.2,2266.8 2 1
MikeAustin71/pathfileopsgo/pathfileops/filehelper.go:2203.27,2206.3 2 0
MikeAustin71/pathfileopsgo/pathfileops/filehelper.go:2210.34,2213.3 2 0
MikeAustin71/pathfileopsgo/pathfileops/filehelper.go:2217.17,2220.3 2 0
MikeAustin71/pathfileopsgo/pathfileops/filehelper.go:2222.13,2224.3 1 1
MikeAustin71/pathfileopsgo/pathfileops/filehelper.go:2224.8,2226.3 1 1
MikeAustin71/pathfileopsgo/pathfileops/filehelper.go:2230.32,2233.41 2 1
MikeAustin71/pathfileopsgo/pathfileops/filehelper.go:2239.3,2241.9 2 1
MikeAustin71/pathfileopsgo/pathfileops/filehelper.go:2233.41,2235.4 1 0
MikeAustin71/pathfileopsgo/pathfileops/filehelper.go:2235.9,2237.4 1 1
MikeAustin71/pathfileopsgo/pathfileops/filehelper.go:2247.17,2250.3 2 0
MikeAustin71/pathfileopsgo/pathfileops/filehelper.go:2252.13,2254.3 1 0
MikeAustin71/pathfileopsgo/pathfileops/filehelper.go:2254.8,2256.3 1 1
MikeAustin71/pathfileopsgo/pathfileops/filehelper.go:2258.40,2260.3 1 0
MikeAustin71/pathfileopsgo/pathfileops/filehelper.go:2260.8,2262.3 1 1
MikeAustin71/pathfileopsgo/pathfileops/filehelper.go:2316.112,2322.31 5 1
MikeAustin71/pathfileopsgo/pathfileops/filehelper.go:2327.2,2329.17 2 1
MikeAustin71/pathfileopsgo/pathfileops/filehelper.go:2334.2,2334.16 1 1
MikeAustin71/pathfileopsgo/pathfileops/filehelper.go:2341.2,2343.23 2 1
MikeAustin71/pathfileopsgo/pathfileops/filehelper.go:2348.2,2350.17 2 1
MikeAustin71/pathfileopsgo/pathfileops/filehelper.go:2355.2,2359.17 3 1
MikeAustin71/pathfileopsgo/pathfileops/filehelper.go:2363.2,2365.17 2 1
MikeAustin71/pathfileopsgo/pathfileops/filehelper.go:2370.2,2376.28 4 1
MikeAustin71/pathfileopsgo/pathfileops/filehelper.go:2431.2,2431.28 1 1
MikeAustin71/pathfileopsgo/pathfileops/filehelper.go:2438.2,2440.23 2 1
MikeAustin71/pathfileopsgo/pathfileops/filehelper.go:2446.2,2448.8 2 1
MikeAustin71/pathfileopsgo/pathfileops/filehelper.go:2322.31,2325.3 2 1
MikeAustin71/pathfileopsgo/pathfileops/filehelper.go:2329.17,2332.3 2 0
MikeAustin71/pathfileopsgo/pathfileops/filehelper.go:2334.16,2339.3 4 1
MikeAustin71/pathfileopsgo/pathfileops/filehelper.go:2343.23,2346.3 2 0
MikeAustin71/pathfileopsgo/pathfileops/filehelper.go:2350.17,2353.3 2 0
MikeAustin71/pathfileopsgo/pathfileops/filehelper.go:2359.17,2361.3 1 0
MikeAustin71/pathfileopsgo/pathfileops/filehelper.go:2365.17,2368.3 2 0
MikeAustin71/pathfileopsgo/pathfileops/filehelper.go:2376.28,2380.3 1 1
MikeAustin71/pathfileopsgo/pathfileops/filehelper.go:2380.8,2380.49 1 1
MikeAustin71/pathfileopsgo/pathfileops/filehelper.go:2380.49,2385.3 2 0
MikeAustin71/pathfileopsgo/pathfileops/filehelper.go:2385.8,2385.54 1 1
MikeAustin71/pathfileopsgo/pathfileops/filehelper.go:2385.54,2389.18 2 1
MikeAustin71/pathfileopsgo/pathfileops/filehelper.go:2394.3,2394.20 1 1
MikeAustin71/pathfileopsgo/pathfileops/filehelper.go:2399.3,2399.29 1 1
MikeAustin71/pathfileopsgo/pathfileops/filehelper.go:2389.18,2392.4 2 0
MikeAustin71/pathfileopsgo/pathfileops/filehelper.go:2394.20,2397.4 2 0
MikeAustin71/pathfileopsgo/pathfileops/filehelper.go:2401.8,2401.28 1 1
MikeAustin71/pathfileopsgo/pathfileops/filehelper.go:2401.28,2408.3 4 0
MikeAustin71/pathfileopsgo/pathfileops/filehelper.go:2408.8,2408.26 1 1
MikeAustin71/pathfileopsgo/pathfileops/filehelper.go:2408.26,2411.48 1 1
MikeAustin71/pathfileopsgo/pathfileops/filehelper.go:2411.48,2414.4 1 0
MikeAustin71/pathfileopsgo/pathfileops/filehelper.go:2414.9,2416.4 1 1
MikeAustin71/pathfileopsgo/pathfileops/filehelper.go:2418.8,2418.58 1 1
MikeAustin71/pathfileopsgo/pathfileops/filehelper.go:2418.58,2422.3 1 1
MikeAustin71/pathfileopsgo/pathfileops/filehelper.go:2422.8,2422.58 1 1
MikeAustin71/pathfileopsgo/pathfileops/filehelper.go:2422.58,2426.3 1 1
MikeAustin71/pathfileopsgo/pathfileops/filehelper.go:2426.8,2429.3 2 0
MikeAustin71/pathfileopsgo/pathfileops/filehelper.go:2431.28,2434.3 2 0
MikeAustin71/pathfileopsgo/pathfileops/filehelper.go:2440.23,2442.3 1 0
MikeAustin71/pathfileopsgo/pathfileops/filehelper.go:2442.8,2444.3 1 1
MikeAustin71/pathfileopsgo/pathfileops/filehelper.go:2455.86,2460.19 3 1
MikeAustin71/pathfileopsgo/pathfileops/filehelper.go:2464.2,2466.32 2 1
MikeAustin71/pathfileopsgo/pathfileops/filehelper.go:2479.2,2479.23 1 1
MikeAustin71/pathfileopsgo/pathfileops/filehelper.go:2460.19,2462.3 1 0
MikeAustin71/pathfileopsgo/pathfileops/filehelper.go:2466.32,2472.17 2 1
MikeAustin71/pathfileopsgo/pathfileops/filehelper.go:2472.17,2475.4 1 1
MikeAustin71/pathfileopsgo/pathfileops/filehelper.go:2484.59,2487.2 1 1
MikeAustin71/pathfileopsgo/pathfileops/filehelper.go:2491.93,2500.19 5 0
MikeAustin71/pathfileopsgo/pathfileops/filehelper.go:2505.2,2505.32 1 0
MikeAustin71/pathfileopsgo/pathfileops/filehelper.go:2515.2,2517.8 3 0
MikeAustin71/pathfileopsgo/pathfileops/filehelper.go:2500.19,2503.3 2 0
MikeAustin71/pathfileopsgo/pathfileops/filehelper.go:2505.32,2507.30 1 0
MikeAustin71/pathfileopsgo/pathfileops/filehelper.go:2507.30,2511.4 3 0
MikeAustin71/pathfileopsgo/pathfileops/filehelper.go:2524.58,2526.2 1 1
MikeAustin71/pathfileopsgo/pathfileops/filehelper.go:2566.137,2570.27 2 0
MikeAustin71/pathfileopsgo/pathfileops/filehelper.go:2578.2,2581.23 3 0
MikeAustin71/pathfileopsgo/pathfileops/filehelper.go:2591.2,2593.17 2 0
MikeAustin71/pathfileopsgo/pathfileops/filehelper.go:2612.2,2612.46 1 0
MikeAustin71/pathfileopsgo/pathfileops/filehelper.go:2620.2,2622.17 2 0
MikeAustin71/pathfileopsgo/pathfileops/filehelper.go:2629.2,2629.45 1 0
MikeAustin71/pathfileopsgo/pathfileops/filehelper.go:2638.2,2640.32 2 0
MikeAustin71/pathfileopsgo/pathfileops/filehelper.go:2648.2,2650.17 2 0
MikeAustin71/pathfileopsgo/pathfileops/filehelper.go:2657.2,2659.17 2 0
MikeAustin71/pathfileopsgo/pathfileops/filehelper.go:2666.2,2670.22 3 0
MikeAustin71/pathfileopsgo/pathfileops/filehelper.go:2681.2,2681.20 1 0
MikeAustin71/pathfileopsgo/pathfileops/filehelper.go:2703.2,2704.42 1 0
MikeAustin71/pathfileopsgo/pathfileops/filehelper.go:2712.2,2712.48 1 0
MikeAustin71/pathfileopsgo/pathfileops/filehelper.go:2722.2,2725.8 4 0
MikeAustin71/pathfileopsgo/pathfileops/filehelper.go:2570.27,2576.3 5 0
MikeAustin71/pathfileopsgo/pathfileops/filehelper.go:2581.23,2587.3 5 0
MikeAustin71/pathfileopsgo/pathfileops/filehelper.go:2593.17,2595.21 1 0
MikeAustin71/pathfileopsgo/pathfileops/filehelper.go:2595.21,2601.4 4 0
MikeAustin71/pathfileopsgo/pathfileops/filehelper.go:2601.9,2606.4 4 0
MikeAustin71/pathfileopsgo/pathfileops/filehelper.go:2612.46,2618.3 4 0
MikeAustin71/pathfileopsgo/pathfileops/filehelper.go:2622.17,2627.3 4 0
MikeAustin71/pathfileopsgo/pathfileops/filehelper.go:2629.45,2636.3 4 0
MikeAustin71/pathfileopsgo/pathfileops/filehelper.go:2640.32,2646.3 4 0
MikeAustin71/pathfileopsgo/pathfileops/filehelper.go:2650.17,2655.3 4 0
MikeAustin71/pathfileopsgo/pathfileops/filehelper.go:2659.17,2664.3 4 0
MikeAustin71/pathfileopsgo/pathfileops/filehelper.go:2670.22,2677.3 4 0
MikeAustin71/pathfileopsgo/pathfileops/filehelper.go:2681.20,2683.45 1 0
MikeAustin71/pathfileopsgo/pathfileops/filehelper.go:2693.3,2696.9 4 0
MikeAustin71/pathfileopsgo/pathfileops/filehelper.go:2683.45,2691.4 4 0
MikeAustin71/pathfileopsgo/pathfileops/filehelper.go:2704.42,2709.3 4 0
MikeAustin71/pathfileopsgo/pathfileops/filehelper.go:2712.48,2718.3 4 0
MikeAustin71/pathfileopsgo/pathfileops/filehelper.go:2775.88,2783.19 4 0
MikeAustin71/pathfileopsgo/pathfileops/filehelper.go:2791.2,2794.23 3 0
MikeAustin71/pathfileopsgo/pathfileops/filehelper.go:2804.2,2806.16 2 0
MikeAustin71/pathfileopsgo/pathfileops/filehelper.go:2825.2,2825.42 1 0
MikeAustin71/pathfileopsgo/pathfileops/filehelper.go:2833.2,2835.28 2 0
MikeAustin71/pathfileopsgo/pathfileops/filehelper.go:2842.2,2844.17 2 0
MikeAustin71/pathfileopsgo/pathfileops/filehelper.go:2851.2,2851.22 1 0
MikeAustin71/pathfileopsgo/pathfileops/filehelper.go:2858.2,2860.17 2 0
MikeAustin71/pathfileopsgo/pathfileops/filehelper.go:2867.2,2869.17 2 0
MikeAustin71/pathfileopsgo/pathfileops/filehelper.go:2876.2,2878.17 2 0
MikeAustin71/pathfileopsgo/pathfileops/filehelper.go:2885.2,2885.57 1 0
MikeAustin71/pathfileopsgo/pathfileops/filehelper.go:2899.2,2903.42 3 0
MikeAustin71/pathfileopsgo/pathfileops/filehelper.go:2914.2,2914.41 1 0
MikeAustin71/pathfileopsgo/pathfileops/filehelper.go:2925.2,2925.40 1 0
MikeAustin71/pathfileopsgo/pathfileops/filehelper.go:2935.2,2935.39 1 0
MikeAustin71/pathfileopsgo/pathfileops/filehelper.go:2956.2,2956.39 1 0
MikeAustin71/pathfileopsgo/pathfileops/filehelper.go:2973.2,2973.48 1 0
MikeAustin71/pathfileopsgo/pathfileops/filehelper.go:2985.2,2986.51 1 0
MikeAustin71/pathfileopsgo/pathfileops/filehelper.go:2998.2,2998.53 1 0
MikeAustin71/pathfileopsgo/pathfileops/filehelper.go:3007.2,3009.49 1 0
MikeAustin71/pathfileopsgo/pathfileops/filehelper.go:3021.2,3022.46 1 0
MikeAustin71/pathfileopsgo/pathfileops/filehelper.go:3037.2,3040.8 4 0
MikeAustin71/pathfileopsgo/pathfileops/filehelper.go:2783.19,2789.3 5 0
MikeAustin71/pathfileopsgo/pathfileops/filehelper.go:2794.23,2800.3 5 0
MikeAustin71/pathfileopsgo/pathfileops/filehelper.go:2806.16,2808.20 1 0
MikeAustin71/pathfileopsgo/pathfileops/filehelper.go:2808.20,2814.4 4 0
MikeAustin71/pathfileopsgo/pathfileops/filehelper.go:2814.9,2819.4 4 0
MikeAustin71/pathfileopsgo/pathfileops/filehelper.go:2825.42,2831.3 4 0
MikeAustin71/pathfileopsgo/pathfileops/filehelper.go:2835.28,2840.3 4 0
MikeAustin71/pathfileopsgo/pathfileops/filehelper.go:2844.17,2849.3 4 0
MikeAustin71/pathfileopsgo/pathfileops/filehelper.go:2851.22,2856.3 4 0
MikeAustin71/pathfileopsgo/pathfileops/filehelper.go:2860.17,2865.3 4 0
MikeAustin71/pathfileopsgo/pathfileops/filehelper.go:2869.17,2874.3 4 0
MikeAustin71/pathfileopsgo/pathfileops/filehelper.go:2878.17,2883.3 4 0
MikeAustin71/pathfileopsgo/pathfileops/filehelper.go:2885.57,2891.3 4 0
MikeAustin71/pathfileopsgo/pathfileops/filehelper.go:2903.42,2905.21 1 0
MikeAustin71/pathfileopsgo/pathfileops/filehelper.go:2905.21,2910.4 4 0
MikeAustin71/pathfileopsgo/pathfileops/filehelper.go:2914.41,2916.21 1 0
MikeAustin71/pathfileopsgo/pathfileops/filehelper.go:2916.21,2921.4 4 0
MikeAustin71/pathfileopsgo/pathfileops/filehelper.go:2925.40,2932.3 4 0
MikeAustin71/pathfileopsgo/pathfileops/filehelper.go:2935.39,2938.48 1 0
MikeAustin71/pathfileopsgo/pathfileops/filehelper.go:2946.3,2946.48 1 0
MikeAustin71/pathfileopsgo/pathfileops/filehelper.go:2938.48,2943.4 4 0
MikeAustin71/pathfileopsgo/pathfileops/filehelper.go:2946.48,2951.4 4 0
MikeAustin71/pathfileopsgo/pathfileops/filehelper.go:2956.39,2963.3 4 0
MikeAustin71/pathfileopsgo/pathfileops/filehelper.go:2973.48,2982.3 4 0
MikeAustin71/pathfileopsgo/pathfileops/filehelper.go:2986.51,2994.3 4 0
MikeAustin71/pathfileopsgo/pathfileops/filehelper.go:2998.53,3004.3 4 0
MikeAustin71/pathfileopsgo/pathfileops/filehelper.go:3009.49,3015.3 4 0
MikeAustin71/pathfileopsgo/pathfileops/filehelper.go:3022.46,3029.3 4 0
MikeAustin71/pathfileopsgo/pathfileops/filehelper.go:3047.77,3052.2 3 1
MikeAustin71/pathfileopsgo/pathfileops/filehelper.go:3055.61,3059.2 1 1
MikeAustin71/pathfileopsgo/pathfileops/filehelper.go:3064.71,3068.23 2 1
MikeAustin71/pathfileopsgo/pathfileops/filehelper.go:3072.2,3074.27 2 1
MikeAustin71/pathfileopsgo/pathfileops/filehelper.go:3079.2,3081.16 2 1
MikeAustin71/pathfileopsgo/pathfileops/filehelper.go:3085.2,3085.15 1 1
MikeAustin71/pathfileopsgo/pathfileops/filehelper.go:3068.23,3070.3 1 0
MikeAustin71/pathfileopsgo/pathfileops/filehelper.go:3074.27,3077.3 1 0
MikeAustin71/pathfileopsgo/pathfileops/filehelper.go:3081.16,3083.3 1 0
MikeAustin71/pathfileopsgo/pathfileops/filehelper.go:3094.55,3097.2 2 1
MikeAustin71/pathfileopsgo/pathfileops/filehelper.go:3103.60,3107.16 3 0
MikeAustin71/pathfileopsgo/pathfileops/filehelper.go:3111.2,3111.18 1 0
MikeAustin71/pathfileopsgo/pathfileops/filehelper.go:3107.16,3109.3 1 0
MikeAustin71/pathfileopsgo/pathfileops/filehelper.go:3131.77,3135.19 3 1
MikeAustin71/pathfileopsgo/pathfileops/filehelper.go:3140.2,3140.19 1 1
MikeAustin71/pathfileopsgo/pathfileops/filehelper.go:3145.2,3145.28 1 1
MikeAustin71/pathfileopsgo/pathfileops/filehelper.go:3150.2,3152.17 2 1
MikeAustin71/pathfileopsgo/pathfileops/filehelper.go:3169.2,3173.17 3 1
MikeAustin71/pathfileopsgo/pathfileops/filehelper.go:3180.2,3182.24 2 1
MikeAustin71/pathfileopsgo/pathfileops/filehelper.go:3135.19,3138.3 2 0
MikeAustin71/pathfileopsgo/pathfileops/filehelper.go:3140.19,3143.3 2 0
MikeAustin71/pathfileopsgo/pathfileops/filehelper.go:3145.28,3148.3 2 0
MikeAustin71/pathfileopsgo/pathfileops/filehelper.go:3152.17,3156.18 2 0
MikeAustin71/pathfileopsgo/pathfileops/filehelper.go:3162.3,3166.25 3 0
MikeAustin71/pathfileopsgo/pathfileops/filehelper.go:3156.18,3160.4 1 0
MikeAustin71/pathfileopsgo/pathfileops/filehelper.go:3173.17,3178.3 2 0
MikeAustin71/pathfileopsgo/pathfileops/filehelper.go:3190.76,3192.2 1 1
MikeAustin71/pathfileopsgo/pathfileops/filehelper.go:3196.84,3199.19 2 1
MikeAustin71/pathfileopsgo/pathfileops/filehelper.go:3203.2,3207.19 2 1
MikeAustin71/pathfileopsgo/pathfileops/filehelper.go:3216.2,3216.16 1 1
MikeAustin71/pathfileopsgo/pathfileops/filehelper.go:3199.19,3201.3 1 1
MikeAustin71/pathfileopsgo/pathfileops/filehelper.go:3207.19,3209.19 1 1
MikeAustin71/pathfileopsgo/pathfileops/filehelper.go:3213.3,3213.33 1 1
MikeAustin71/pathfileopsgo/pathfileops/filehelper.go:3209.19,3211.4 1 0
MikeAustin71/pathfileopsgo/pathfileops/filehelper.go:3220.82,3222.2 1 0
MikeAustin71/pathfileopsgo/pathfileops/filehelper.go:3235.152,3237.46 1 1
MikeAustin71/pathfileopsgo/pathfileops/filehelper.go:3244.2,3244.56 1 1
MikeAustin71/pathfileopsgo/pathfileops/filehelper.go:3252.2,3255.8 4 0
MikeAustin71/pathfileopsgo/pathfileops/filehelper.go:3237.46,3242.3 4 1
MikeAustin71/pathfileopsgo/pathfileops/filehelper.go:3244.56,3250.3 4 1
MikeAustin71/pathfileopsgo/pathfileops/filehelper.go:3269.162,3275.48 4 1
MikeAustin71/pathfileopsgo/pathfileops/filehelper.go:3282.2,3282.62 1 1
MikeAustin71/pathfileopsgo/pathfileops/filehelper.go:3290.2,3294.8 4 1
MikeAustin71/pathfileopsgo/pathfileops/filehelper.go:3275.48,3280.3 4 1
MikeAustin71/pathfileopsgo/pathfileops/filehelper.go:3282.62,3288.3 4 1
MikeAustin71/pathfileopsgo/pathfileops/filehelper.go:3308.162,3310.48 1 1
MikeAustin71/pathfileopsgo/pathfileops/filehelper.go:3317.2,3317.61 1 1
MikeAustin71/pathfileopsgo/pathfileops/filehelper.go:3324.2,3327.8 4 1
MikeAustin71/pathfileopsgo/pathfileops/filehelper.go:3310.48,3315.3 4 1
MikeAustin71/pathfileopsgo/pathfileops/filehelper.go:3317.61,3322.3 4 1
MikeAustin71/pathfileopsgo/pathfileops/filehelper.go:3344.153,3354.19 6 1
MikeAustin71/pathfileopsgo/pathfileops/filehelper.go:3361.2,3363.29 2 1
MikeAustin71/pathfileopsgo/pathfileops/filehelper.go:3382.2,3385.8 4 1
MikeAustin71/pathfileopsgo/pathfileops/filehelper.go:3354.19,3359.3 4 1
MikeAustin71/pathfileopsgo/pathfileops/filehelper.go:3363.29,3367.18 2 1
MikeAustin71/pathfileopsgo/pathfileops/filehelper.go:3374.3,3374.14 1 1
MikeAustin71/pathfileopsgo/pathfileops/filehelper.go:3367.18,3372.4 4 0
MikeAustin71/pathfileopsgo/pathfileops/filehelper.go:3374.14,3379.4 4 1
MikeAustin71/pathfileopsgo/pathfileops/filehelper.go:3392.64,3396.16 2 0
MikeAustin71/pathfileopsgo/pathfileops/filehelper.go:3403.2,3403.12 1 0
MikeAustin71/pathfileopsgo/pathfileops/filehelper.go:3396.16,3401.3 2 0
MikeAustin71/pathfileopsgo/pathfileops/filehelper.go:3419.37,3429.13 4 1
MikeAustin71/pathfileopsgo/pathfileops/filehelper.go:3437.2,3437.14 1 1
MikeAustin71/pathfileopsgo/pathfileops/filehelper.go:3445.2,3445.51 1 1
MikeAustin71/pathfileopsgo/pathfileops/filehelper.go:3429.13,3435.3 1 1
MikeAustin71/pathfileopsgo/pathfileops/filehelper.go:3437.14,3443.3 1 0
MikeAustin71/pathfileopsgo/pathfileops/filehelper.go:3450.71,3454.2 1 0
MikeAustin71/pathfileopsgo/pathfileops/filehelper.go:3458.75,3462.2 1 0
MikeAustin71/pathfileopsgo/pathfileops/filehelper.go:3548.131,3549.67 1 1
MikeAustin71/pathfileopsgo/pathfileops/filehelper.go:3549.67,3553.18 2 1
MikeAustin71/pathfileopsgo/pathfileops/filehelper.go:3558.3,3558.19 1 1
MikeAustin71/pathfileopsgo/pathfileops/filehelper.go:3581.3,3585.17 3 1
MikeAustin71/pathfileopsgo/pathfileops/filehelper.go:3592.3,3592.18 1 1
MikeAustin71/pathfileopsgo/pathfileops/filehelper.go:3619.3,3619.13 1 1
MikeAustin71/pathfileopsgo/pathfileops/filehelper.go:3553.18,3556.4 2 0
MikeAustin71/pathfileopsgo/pathfileops/filehelper.go:3558.19,3562.18 2 1
MikeAustin71/pathfileopsgo/pathfileops/filehelper.go:3575.4,3578.14 3 1
MikeAustin71/pathfileopsgo/pathfileops/filehelper.go:3562.18,3567.29 3 0
MikeAustin71/pathfileopsgo/pathfileops/filehelper.go:3572.5,3572.15 1 0
MikeAustin71/pathfileopsgo/pathfileops/filehelper.go:3567.29,3570.6 2 0
MikeAustin71/pathfileopsgo/pathfileops/filehelper.go:3585.17,3590.4 3 0
MikeAustin71/pathfileopsgo/pathfileops/filehelper.go:3592.18,3596.18 2 1
MikeAustin71/pathfileopsgo/pathfileops/filehelper.go:3605.4,3607.18 2 1
MikeAustin71/pathfileopsgo/pathfileops/filehelper.go:3596.18,3603.5 3 0
MikeAustin71/pathfileopsgo/pathfileops/filehelper.go:3607.18,3615.5 3 0
MikeAustin71/pathfileopsgo/pathfileops/filehelper.go:3626.123,3627.67 1 1
MikeAustin71/pathfileopsgo/pathfileops/filehelper.go:3627.67,3631.18 2 1
MikeAustin71/pathfileopsgo/pathfileops/filehelper.go:3638.3,3638.19 1 1
MikeAustin71/pathfileopsgo/pathfileops/filehelper.go:3656.3,3662.17 3 1
MikeAustin71/pathfileopsgo/pathfileops/filehelper.go:3669.3,3669.18 1 1
MikeAustin71/pathfileopsgo/pathfileops/filehelper.go:3696.3,3696.13 1 1
MikeAustin71/pathfileopsgo/pathfileops/filehelper.go:3631.18,3636.4 3 0
MikeAustin71/pathfileopsgo/pathfileops/filehelper.go:3638.19,3640.18 2 1
MikeAustin71/pathfileopsgo/pathfileops/filehelper.go:3652.4,3653.14 2 1
MikeAustin71/pathfileopsgo/pathfileops/filehelper.go:3640.18,3642.29 1 0
MikeAustin71/pathfileopsgo/pathfileops/filehelper.go:3646.5,3649.15 3 0
MikeAustin71/pathfileopsgo/pathfileops/filehelper.go:3642.29,3644.6 1 0
MikeAustin71/pathfileopsgo/pathfileops/filehelper.go:3662.17,3667.4 3 0
MikeAustin71/pathfileopsgo/pathfileops/filehelper.go:3669.18,3673.19 2 1
MikeAustin71/pathfileopsgo/pathfileops/filehelper.go:3683.4,3685.18 2 1
MikeAustin71/pathfileopsgo/pathfileops/filehelper.go:3673.19,3681.5 3 0
MikeAustin71/pathfileopsgo/pathfileops/filehelper.go:3685.18,3693.5 3 0
MikeAustin71/pathfileopsgo/pathfileops/fileselectcriterionmodeenum.go:25.68,25.105 1 1
MikeAustin71/pathfileopsgo/pathfileops/fileselectcriterionmodeenum.go:31.73,33.2 1 1
MikeAustin71/pathfileopsgo/pathfileops/fileselectcriterionmodeenum.go:39.72,41.2 1 1
MikeAustin71/pathfileopsgo/pathfileops/fileselectcriterionmodeenum.go:50.53,56.9 3 0
MikeAustin71/pathfileopsgo/pathfileops/fileselectcriterionmodeenum.go:61.2,61.12 1 0
MikeAustin71/pathfileopsgo/pathfileops/fileselectcriterionmodeenum.go:56.9,59.3 2 0
MikeAustin71/pathfileopsgo/pathfileops/fileselectcriterionmodeenum.go:76.53,82.9 3 1
MikeAustin71/pathfileopsgo/pathfileops/fileselectcriterionmodeenum.go:86.2,86.12 1 1
MikeAustin71/pathfileopsgo/pathfileops/fileselectcriterionmodeenum.go:82.9,84.3 1 0
MikeAustin71/pathfileopsgo/pathfileops/fileselectcriterionmodeenum.go:136.55,143.26 4 1
MikeAustin71/pathfileopsgo/pathfileops/fileselectcriterionmodeenum.go:149.2,152.19 3 1
MikeAustin71/pathfileopsgo/pathfileops/fileselectcriterionmodeenum.go:178.2,178.20 1 1
MikeAustin71/pathfileopsgo/pathfileops/fileselectcriterionmodeenum.go:143.26,147.3 1 0
MikeAustin71/pathfileopsgo/pathfileops/fileselectcriterionmodeenum.go:152.19,156.10 2 1
MikeAustin71/pathfileopsgo/pathfileops/fileselectcriterionmodeenum.go:162.3,162.40 1 1
MikeAustin71/pathfileopsgo/pathfileops/fileselectcriterionmodeenum.go:156.10,160.4 1 1
MikeAustin71/pathfileopsgo/pathfileops/fileselectcriterionmodeenum.go:164.8,168.10 2 1
MikeAustin71/pathfileopsgo/pathfileops/fileselectcriterionmodeenum.go:174.3,175.32 1 1
MikeAustin71/pathfileopsgo/pathfileops/fileselectcriterionmodeenum.go:168.10,172.4 1 1
MikeAustin71/pathfileopsgo/pathfileops/fileselectcriterionmodeenum.go:186.49,188.2 1 1
MikeAustin71/pathfileopsgo/pathfileops/fileselectcriterionmodeenum.go:209.76,217.55 1 1
MikeAustin71/pathfileopsgo/pathfileops/fileselectcriterionmodeenum.go:221.2,232.37 8 1
MikeAustin71/pathfileopsgo/pathfileops/fileselectcriterionmodeenum.go:217.55,219.3 1 1
MikeAustin71/pathfileopsgo/pathfileops/fileselectcriterionmodeenum.go:232.37,240.19 2 1
MikeAustin71/pathfileopsgo/pathfileops/fileselectcriterionmodeenum.go:244.3,248.69 5 1
MikeAustin71/pathfileopsgo/pathfileops/fileselectcriterionmodeenum.go:240.19,241.12 1 1
MikeAustin71/pathfileopsgo/pathfileops/dirmanagers.go:42.42,46.2 3 1
MikeAustin71/pathfileopsgo/pathfileops/dirmanagers.go:62.55,64.27 1 1
MikeAustin71/pathfileopsgo/pathfileops/dirmanagers.go:68.3,68.56 1 1
MikeAustin71/pathfileopsgo/pathfileops/dirmanagers.go:64.27,66.4 1 1
MikeAustin71/pathfileopsgo/pathfileops/dirmanagers.go:74.78,77.27 2 1
MikeAustin71/pathfileopsgo/pathfileops/dirmanagers.go:81.3,83.17 2 1
MikeAustin71/pathfileopsgo/pathfileops/dirmanagers.go:89.3,91.13 2 1
MikeAustin71/pathfileopsgo/pathfileops/dirmanagers.go:77.27,79.4 1 1
MikeAustin71/pathfileopsgo/pathfileops/dirmanagers.go:83.17,87.4 2 0
MikeAustin71/pathfileopsgo/pathfileops/dirmanagers.go:98.85,102.27 2 0
MikeAustin71/pathfileopsgo/pathfileops/dirmanagers.go:106.3,108.17 2 0
MikeAustin71/pathfileopsgo/pathfileops/dirmanagers.go:114.3,116.13 2 0
MikeAustin71/pathfileopsgo/pathfileops/dirmanagers.go:102.27,104.4 1 0
MikeAustin71/pathfileopsgo/pathfileops/dirmanagers.go:108.17,112.4 1 0
MikeAustin71/pathfileopsgo/pathfileops/dirmanagers.go:121.78,123.27 1 1
MikeAustin71/pathfileopsgo/pathfileops/dirmanagers.go:127.3,127.28 1 1
MikeAustin71/pathfileopsgo/pathfileops/dirmanagers.go:131.3,133.17 2 1
MikeAustin71/pathfileopsgo/pathfileops/dirmanagers.go:137.3,137.30 1 1
MikeAustin71/pathfileopsgo/pathfileops/dirmanagers.go:141.3,141.9 1 1
MikeAustin71/pathfileopsgo/pathfileops/dirmanagers.go:123.27,125.4 1 0
MikeAustin71/pathfileopsgo/pathfileops/dirmanagers.go:127.28,129.4 1 0
MikeAustin71/pathfileopsgo/pathfileops/dirmanagers.go:133.17,135.4 1 0
MikeAustin71/pathfileopsgo/pathfileops/dirmanagers.go:137.30,139.4 1 1
MikeAustin71/pathfileopsgo/pathfileops/dirmanagers.go:146.68,150.27 2 0
MikeAustin71/pathfileopsgo/pathfileops/dirmanagers.go:154.3,158.16 3 0
MikeAustin71/pathfileopsgo/pathfileops/dirmanagers.go:163.3,163.29 1 0
MikeAustin71/pathfileopsgo/pathfileops/dirmanagers.go:167.3,167.21 1 0
MikeAustin71/pathfileopsgo/pathfileops/dirmanagers.go:150.27,152.4 1 0
MikeAustin71/pathfileopsgo/pathfileops/dirmanagers.go:158.16,161.4 1 0
MikeAustin71/pathfileopsgo/pathfileops/dirmanagers.go:163.29,165.4 1 0
MikeAustin71/pathfileopsgo/pathfileops/dirmanagers.go:177.61,181.27 2 1
MikeAustin71/pathfileopsgo/pathfileops/dirmanagers.go:185.3,185.14 1 1
MikeAustin71/pathfileopsgo/pathfileops/dirmanagers.go:191.3,193.20 2 1
MikeAustin71/pathfileopsgo/pathfileops/dirmanagers.go:198.3,198.22 1 1
MikeAustin71/pathfileopsgo/pathfileops/dirmanagers.go:205.3,205.20 1 1
MikeAustin71/pathfileopsgo/pathfileops/dirmanagers.go:220.3,220.13 1 1
MikeAustin71/pathfileopsgo/pathfileops/dirmanagers.go:181.27,183.4 1 0
MikeAustin71/pathfileopsgo/pathfileops/dirmanagers.go:185.14,189.4 1 0
MikeAustin71/pathfileopsgo/pathfileops/dirmanagers.go:193.20,196.4 1 0
MikeAustin71/pathfileopsgo/pathfileops/dirmanagers.go:198.22,203.4 1 0
MikeAustin71/pathfileopsgo/pathfileops/dirmanagers.go:205.20,207.4 1 1
MikeAustin71/pathfileopsgo/pathfileops/dirmanagers.go:207.9,207.22 1 1
MikeAustin71/pathfileopsgo/pathfileops/dirmanagers.go:207.22,210.4 1 1
MikeAustin71/pathfileopsgo/pathfileops/dirmanagers.go:210.9,210.31 1 1
MikeAustin71/pathfileopsgo/pathfileops/dirmanagers.go:210.31,213.4 1 1
MikeAustin71/pathfileopsgo/pathfileops/dirmanagers.go:213.9,218.4 1 1
MikeAustin71/pathfileopsgo/pathfileops/dirmanagers.go:226.74,230.27 2 1
MikeAustin71/pathfileopsgo/pathfileops/dirmanagers.go:234.3,236.19 2 1
MikeAustin71/pathfileopsgo/pathfileops/dirmanagers.go:240.3,247.32 5 1
MikeAustin71/pathfileopsgo/pathfileops/dirmanagers.go:283.3,283.21 1 1
MikeAustin71/pathfileopsgo/pathfileops/dirmanagers.go:230.27,232.4 1 0
MikeAustin71/pathfileopsgo/pathfileops/dirmanagers.go:236.19,238.4 1 0
MikeAustin71/pathfileopsgo/pathfileops/dirmanagers.go:247.32,250.50 2 1
MikeAustin71/pathfileopsgo/pathfileops/dirmanagers.go:277.5,277.36 1 1
MikeAustin71/pathfileopsgo/pathfileops/dirmanagers.go:250.50,254.21 2 1
MikeAustin71/pathfileopsgo/pathfileops/dirmanagers.go:254.21,258.8 1 0
MikeAustin71/pathfileopsgo/pathfileops/dirmanagers.go:260.11,268.21 4 0
MikeAustin71/pathfileopsgo/pathfileops/dirmanagers.go:268.21,273.8 2 0
MikeAustin71/pathfileopsgo/pathfileops/dirmanagers.go:277.36,279.6 1 1
MikeAustin71/pathfileopsgo/pathfileops/dirmanagers.go:302.58,304.27 1 1
MikeAustin71/pathfileopsgo/pathfileops/dirmanagers.go:308.3,308.23 1 1
MikeAustin71/pathfileopsgo/pathfileops/dirmanagers.go:304.27,306.4 1 0
MikeAustin71/pathfileopsgo/pathfileops/dirmanagers.go:316.75,322.27 3 1
MikeAustin71/pathfileopsgo/pathfileops/dirmanagers.go:326.3,328.20 2 1
MikeAustin71/pathfileopsgo/pathfileops/dirmanagers.go:334.3,334.33 1 1
MikeAustin71/pathfileopsgo/pathfileops/dirmanagers.go:344.3,344.34 1 1
MikeAustin71/pathfileopsgo/pathfileops/dirmanagers.go:322.27,324.4 1 0
MikeAustin71/pathfileopsgo/pathfileops/dirmanagers.go:328.20,332.4 1 0
MikeAustin71/pathfileopsgo/pathfileops/dirmanagers.go:334.33,342.4 1 0
MikeAustin71/pathfileopsgo/pathfileops/dirmanagers.go:350.51,352.27 1 1
MikeAustin71/pathfileopsgo/pathfileops/dirmanagers.go:356.3,356.28 1 1
MikeAustin71/pathfileopsgo/pathfileops/dirmanagers.go:352.27,354.4 1 0
MikeAustin71/pathfileopsgo/pathfileops/dirmanagers.go:366.82,370.27 2 1
MikeAustin71/pathfileopsgo/pathfileops/dirmanagers.go:374.3,374.16 1 1
MikeAustin71/pathfileopsgo/pathfileops/dirmanagers.go:380.3,382.23 2 1
MikeAustin71/pathfileopsgo/pathfileops/dirmanagers.go:387.3,389.17 2 1
MikeAustin71/pathfileopsgo/pathfileops/dirmanagers.go:395.3,401.13 5 1
MikeAustin71/pathfileopsgo/pathfileops/dirmanagers.go:370.27,372.4 1 0
MikeAustin71/pathfileopsgo/pathfileops/dirmanagers.go:374.16,378.4 1 1
MikeAustin71/pathfileopsgo/pathfileops/dirmanagers.go:382.23,385.4 2 1
MikeAustin71/pathfileopsgo/pathfileops/dirmanagers.go:389.17,393.4 3 1
MikeAustin71/pathfileopsgo/pathfileops/dirmanagers.go:407.54,409.27 1 1
MikeAustin71/pathfileopsgo/pathfileops/dirmanagers.go:413.3,416.22 3 1
MikeAustin71/pathfileopsgo/pathfileops/dirmanagers.go:409.27,411.4 1 1
MikeAustin71/pathfileopsgo/pathfileops/dirmanagers.go:431.74,435.27 2 1
MikeAustin71/pathfileopsgo/pathfileops/dirmanagers.go:439.3,439.14 1 1
MikeAustin71/pathfileopsgo/pathfileops/dirmanagers.go:446.3,448.20 2 1
MikeAustin71/pathfileopsgo/pathfileops/dirmanagers.go:454.3,454.22 1 1
MikeAustin71/pathfileopsgo/pathfileops/dirmanagers.go:461.3,461.15 1 1
MikeAustin71/pathfileopsgo/pathfileops/dirmanagers.go:465.3,465.24 1 1
MikeAustin71/pathfileopsgo/pathfileops/dirmanagers.go:469.3,474.19 3 1
MikeAustin71/pathfileopsgo/pathfileops/dirmanagers.go:435.27,437.4 1 0
MikeAustin71/pathfileopsgo/pathfileops/dirmanagers.go:439.14,444.4 1 0
MikeAustin71/pathfileopsgo/pathfileops/dirmanagers.go:448.20,452.4 1 0
MikeAustin71/pathfileopsgo/pathfileops/dirmanagers.go:454.22,459.4 1 0
MikeAustin71/pathfileopsgo/pathfileops/dirmanagers.go:461.15,463.4 1 0
MikeAustin71/pathfileopsgo/pathfileops/dirmanagers.go:465.24,467.4 1 0
MikeAustin71/pathfileopsgo/pathfileops/dirmanagers.go:487.65,491.27 2 1
MikeAustin71/pathfileopsgo/pathfileops/dirmanagers.go:495.3,497.20 2 1
MikeAustin71/pathfileopsgo/pathfileops/dirmanagers.go:503.3,505.20 2 1
MikeAustin71/pathfileopsgo/pathfileops/dirmanagers.go:513.3,513.19 1 1
MikeAustin71/pathfileopsgo/pathfileops/dirmanagers.go:491.27,493.4 1 0
MikeAustin71/pathfileopsgo/pathfileops/dirmanagers.go:497.20,501.4 1 0
MikeAustin71/pathfileopsgo/pathfileops/dirmanagers.go:505.20,508.4 1 0
MikeAustin71/pathfileopsgo/pathfileops/dirmanagers.go:508.9,511.4 1 1
MikeAustin71/pathfileopsgo/pathfileops/dirmanagers.go:526.64,530.27 2 1
MikeAustin71/pathfileopsgo/pathfileops/dirmanagers.go:534.3,536.20 2 1
MikeAustin71/pathfileopsgo/pathfileops/dirmanagers.go:542.3,544.20 2 1
MikeAustin71/pathfileopsgo/pathfileops/dirmanagers.go:552.3,552.19 1 1
MikeAustin71/pathfileopsgo/pathfileops/dirmanagers.go:530.27,532.4 1 0
MikeAustin71/pathfileopsgo/pathfileops/dirmanagers.go:536.20,540.4 1 0
MikeAustin71/pathfileopsgo/pathfileops/dirmanagers.go:544.20,547.4 1 0
MikeAustin71/pathfileopsgo/pathfileops/dirmanagers.go:547.9,550.4 1 1
MikeAustin71/pathfileopsgo/pathfileops/dirmanagers.go:566.75,570.27 2 1
MikeAustin71/pathfileopsgo/pathfileops/dirmanagers.go:574.3,576.20 2 1
MikeAustin71/pathfileopsgo/pathfileops/dirmanagers.go:582.3,582.14 1 1
MikeAustin71/pathfileopsgo/pathfileops/dirmanagers.go:588.3,588.22 1 1
MikeAustin71/pathfileopsgo/pathfileops/dirmanagers.go:598.3,598.43 1 1
MikeAustin71/pathfileopsgo/pathfileops/dirmanagers.go:570.27,572.4 1 0
MikeAustin71/pathfileopsgo/pathfileops/dirmanagers.go:576.20,580.4 1 0
MikeAustin71/pathfileopsgo/pathfileops/dirmanagers.go:582.14,586.4 1 0
MikeAustin71/pathfileopsgo/pathfileops/dirmanagers.go:588.22,596.4 1 0
MikeAustin71/pathfileopsgo/pathfileops/dirmanagers.go:612.66,616.27 2 0
MikeAustin71/pathfileopsgo/pathfileops/dirmanagers.go:620.3,620.30 1 0
MikeAustin71/pathfileopsgo/pathfileops/dirmanagers.go:626.3,626.41 1 0
MikeAustin71/pathfileopsgo/pathfileops/dirmanagers.go:616.27,618.4 1 0
MikeAustin71/pathfileopsgo/pathfileops/dirmanagers.go:620.30,624.4 1 0
MikeAustin71/pathfileopsgo/pathfileops/dirmanagers.go:641.65,645.27 2 1
MikeAustin71/pathfileopsgo/pathfileops/dirmanagers.go:649.3,651.20 2 1
MikeAustin71/pathfileopsgo/pathfileops/dirmanagers.go:657.3,657.50 1 1
MikeAustin71/pathfileopsgo/pathfileops/dirmanagers.go:645.27,647.4 1 0
MikeAustin71/pathfileopsgo/pathfileops/dirmanagers.go:651.20,655.4 1 0
MikeAustin71/pathfileopsgo/pathfileops/dirmanagers.go:694.44,713.2 17 1
MikeAustin71/pathfileopsgo/pathfileops/dirmanagers.go:717.38,740.2 19 1
MikeAustin71/pathfileopsgo/pathfileops/dirmanagers.go:751.39,757.17 4 1
MikeAustin71/pathfileopsgo/pathfileops/dirmanagers.go:761.3,761.33 1 1
MikeAustin71/pathfileopsgo/pathfileops/dirmanagers.go:757.17,759.4 1 0
MikeAustin71/pathfileopsgo/pathfileops/dirmanagers.go:761.33,765.19 2 1
MikeAustin71/pathfileopsgo/pathfileops/dirmanagers.go:770.5,773.15 3 1
MikeAustin71/pathfileopsgo/pathfileops/dirmanagers.go:765.19,768.6 1 0
MikeAustin71/pathfileopsgo/pathfileops/dirmanagers.go:775.9,775.32 1 0
MikeAustin71/pathfileopsgo/pathfileops/dirmanagers.go:775.32,781.19 3 0
MikeAustin71/pathfileopsgo/pathfileops/dirmanagers.go:787.5,790.15 3 0
MikeAustin71/pathfileopsgo/pathfileops/dirmanagers.go:781.19,785.6 1 0
MikeAustin71/pathfileopsgo/pathfileops/dirmanagers.go:792.9,796.4 3 0
MikeAustin71/pathfileopsgo/pathfileops/dirmanagers.go:824.78,830.17 3 0
MikeAustin71/pathfileopsgo/pathfileops/dirmanagers.go:834.3,836.17 2 0
MikeAustin71/pathfileopsgo/pathfileops/dirmanagers.go:843.3,845.17 2 0
MikeAustin71/pathfileopsgo/pathfileops/dirmanagers.go:853.3,855.43 2 0
MikeAustin71/pathfileopsgo/pathfileops/dirmanagers.go:895.3,897.17 2 0
MikeAustin71/pathfileopsgo/pathfileops/dirmanagers.go:904.3,904.13 1 0
MikeAustin71/pathfileopsgo/pathfileops/dirmanagers.go:830.17,832.4 1 0
MikeAustin71/pathfileopsgo/pathfileops/dirmanagers.go:836.17,841.4 1 0
MikeAustin71/pathfileopsgo/pathfileops/dirmanagers.go:845.17,851.4 2 0
MikeAustin71/pathfileopsgo/pathfileops/dirmanagers.go:855.43,857.26 1 0
MikeAustin71/pathfileopsgo/pathfileops/dirmanagers.go:857.26,858.15 1 0
MikeAustin71/pathfileopsgo/pathfileops/dirmanagers.go:860.11,866.21 3 0
MikeAustin71/pathfileopsgo/pathfileops/dirmanagers.go:876.7,876.19 1 0
MikeAustin71/pathfileopsgo/pathfileops/dirmanagers.go:866.21,874.8 2 0
MikeAustin71/pathfileopsgo/pathfileops/dirmanagers.go:876.19,877.17 1 0
MikeAustin71/pathfileopsgo/pathfileops/dirmanagers.go:878.13,884.23 3 0
MikeAustin71/pathfileopsgo/pathfileops/dirmanagers.go:884.23,890.10 2 0
MikeAustin71/pathfileopsgo/pathfileops/dirmanagers.go:897.17,902.4 1 0
MikeAustin71/pathfileopsgo/pathfileops/dirmanagers.go:915.49,921.17 3 0
MikeAustin71/pathfileopsgo/pathfileops/dirmanagers.go:925.3,927.17 2 0
MikeAustin71/pathfileopsgo/pathfileops/dirmanagers.go:934.3,938.17 3 0
MikeAustin71/pathfileopsgo/pathfileops/dirmanagers.go:946.3,946.43 1 0
MikeAustin71/pathfileopsgo/pathfileops/dirmanagers.go:967.3,969.13 2 0
MikeAustin71/pathfileopsgo/pathfileops/dirmanagers.go:921.17,923.4 1 0
MikeAustin71/pathfileopsgo/pathfileops/dirmanagers.go:927.17,932.4 1 0
MikeAustin71/pathfileopsgo/pathfileops/dirmanagers.go:938.17,944.4 2 0
MikeAustin71/pathfileopsgo/pathfileops/dirmanagers.go:946.43,948.26 1 0
MikeAustin71/pathfileopsgo/pathfileops/dirmanagers.go:948.26,949.15 1 0
MikeAustin71/pathfileopsgo/pathfileops/dirmanagers.go:951.11,956.21 3 0
MikeAustin71/pathfileopsgo/pathfileops/dirmanagers.go:956.21,962.8 2 0
MikeAustin71/pathfileopsgo/pathfileops/dirmanagers.go:1134.87,1141.17 4 1
MikeAustin71/pathfileopsgo/pathfileops/dirmanagers.go:1145.3,1145.33 1 1
MikeAustin71/pathfileopsgo/pathfileops/dirmanagers.go:1160.3,1166.17 4 1
MikeAustin71/pathfileopsgo/pathfileops/dirmanagers.go:1173.3,1173.30 1 1
MikeAustin71/pathfileopsgo/pathfileops/dirmanagers.go:1141.17,1143.4 1 0
MikeAustin71/pathfileopsgo/pathfileops/dirmanagers.go:1145.33,1149.4 1 1
MikeAustin71/pathfileopsgo/pathfileops/dirmanagers.go:1149.9,1149.40 1 0
MikeAustin71/pathfileopsgo/pathfileops/dirmanagers.go:1149.40,1153.4 1 0
MikeAustin71/pathfileopsgo/pathfileops/dirmanagers.go:1153.9,1158.4 1 0
MikeAustin71/pathfileopsgo/pathfileops/dirmanagers.go:1166.17,1171.4 1 0
MikeAustin71/pathfileopsgo/pathfileops/dirmanagers.go:1180.86,1187.2 3 1
MikeAustin71/pathfileopsgo/pathfileops/dirmanagers.go:1197.56,1199.30 1 1
MikeAustin71/pathfileopsgo/pathfileops/dirmanagers.go:1204.3,1206.17 2 1
MikeAustin71/pathfileopsgo/pathfileops/dirmanagers.go:1213.3,1213.36 1 1
MikeAustin71/pathfileopsgo/pathfileops/dirmanagers.go:1199.30,1202.4 2 0
MikeAustin71/pathfileopsgo/pathfileops/dirmanagers.go:1206.17,1208.4 1 1
MikeAustin71/pathfileopsgo/pathfileops/dirmanagers.go:1208.9,1211.4 2 1
MikeAustin71/pathfileopsgo/pathfileops/dirmanagers.go:1224.48,1226.22 1 1
MikeAustin71/pathfileopsgo/pathfileops/dirmanagers.go:1231.3,1233.17 2 1
MikeAustin71/pathfileopsgo/pathfileops/dirmanagers.go:1240.3,1240.28 1 1
MikeAustin71/pathfileopsgo/pathfileops/dirmanagers.go:1226.22,1229.4 2 0
MikeAustin71/pathfileopsgo/pathfileops/dirmanagers.go:1233.17,1235.4 1 1
MikeAustin71/pathfileopsgo/pathfileops/dirmanagers.go:1235.9,1238.4 2 1
MikeAustin71/pathfileopsgo/pathfileops/dirmanagers.go:1246.29,1266.2 17 1
MikeAustin71/pathfileopsgo/pathfileops/dirmanagers.go:1270.47,1287.55 1 1
MikeAustin71/pathfileopsgo/pathfileops/dirmanagers.go:1292.3,1292.62 1 1
MikeAustin71/pathfileopsgo/pathfileops/dirmanagers.go:1296.3,1296.14 1 1
MikeAustin71/pathfileopsgo/pathfileops/dirmanagers.go:1287.55,1290.4 1 1
MikeAustin71/pathfileopsgo/pathfileops/dirmanagers.go:1292.62,1294.4 1 0
MikeAustin71/pathfileopsgo/pathfileops/dirmanagers.go:1305.55,1307.48 1 1
MikeAustin71/pathfileopsgo/pathfileops/dirmanagers.go:1311.3,1314.32 3 1
MikeAustin71/pathfileopsgo/pathfileops/dirmanagers.go:1318.3,1318.14 1 1
MikeAustin71/pathfileopsgo/pathfileops/dirmanagers.go:1307.48,1309.4 1 0
MikeAustin71/pathfileopsgo/pathfileops/dirmanagers.go:1314.32,1316.4 1 1
MikeAustin71/pathfileopsgo/pathfileops/dirmanagers.go:1329.52,1331.48 1 1
MikeAustin71/pathfileopsgo/pathfileops/dirmanagers.go:1335.3,1338.32 3 1
MikeAustin71/pathfileopsgo/pathfileops/dirmanagers.go:1342.3,1345.32 3 1
MikeAustin71/pathfileopsgo/pathfileops/dirmanagers.go:1349.3,1349.14 1 1
MikeAustin71/pathfileopsgo/pathfileops/dirmanagers.go:1331.48,1333.4 1 0
MikeAustin71/pathfileopsgo/pathfileops/dirmanagers.go:1338.32,1340.4 1 1
MikeAustin71/pathfileopsgo/pathfileops/dirmanagers.go:1345.32,1347.4 1 0
MikeAustin71/pathfileopsgo/pathfileops/dirmanagers.go:1614.34,1622.17 5 1
MikeAustin71/pathfileopsgo/pathfileops/dirmanagers.go:1628.3,1630.17 2 1
MikeAustin71/pathfileopsgo/pathfileops/dirmanagers.go:1641.3,1641.24 1 1
MikeAustin71/pathfileopsgo/pathfileops/dirmanagers.go:1651.3,1658.17 6 1
MikeAustin71/pathfileopsgo/pathfileops/dirmanagers.go:1664.3,1664.26 1 1
MikeAustin71/pathfileopsgo/pathfileops/dirmanagers.go:1622.17,1626.4 3 0
MikeAustin71/pathfileopsgo/pathfileops/dirmanagers.go:1630.17,1639.4 3 0
MikeAustin71/pathfileopsgo/pathfileops/dirmanagers.go:1641.24,1649.4 3 0
MikeAustin71/pathfileopsgo/pathfileops/dirmanagers.go:1658.17,1662.4 2 0
MikeAustin71/pathfileopsgo/pathfileops/dirmanagers.go:1923.34,1931.17 5 1
MikeAustin71/pathfileopsgo/pathfileops/dirmanagers.go:1937.3,1939.17 2 1
MikeAustin71/pathfileopsgo/pathfileops/dirmanagers.go:1950.3,1950.24 1 1
MikeAustin71/pathfileopsgo/pathfileops/dirmanagers.go:1960.3,1962.17 2 1
MikeAustin71/pathfileopsgo/pathfileops/dirmanagers.go:1972.3,1974.17 2 1
MikeAustin71/pathfileopsgo/pathfileops/dirmanagers.go:1986.3,1988.43 2 1
MikeAustin71/pathfileopsgo/pathfileops/dirmanagers.go:2064.3,2066.17 2 1
MikeAustin71/pathfileopsgo/pathfileops/dirmanagers.go:1931.17,1935.4 3 0
MikeAustin71/pathfileopsgo/pathfileops/dirmanagers.go:1939.17,1948.4 3 0
MikeAustin71/pathfileopsgo/pathfileops/dirmanagers.go:1950.24,1958.4 3 0
MikeAustin71/pathfileopsgo/pathfileops/dirmanagers.go:1962.17,1970.4 3 0
MikeAustin71/pathfileopsgo/pathfileops/dirmanagers.go:1974.17,1984.4 4 0
MikeAustin71/pathfileopsgo/pathfileops/dirmanagers.go:1988.43,1990.26 1 1
MikeAustin71/pathfileopsgo/pathfileops/dirmanagers.go:1998.5,2000.19 2 1
MikeAustin71/pathfileopsgo/pathfileops/dirmanagers.go:2013.5,2013.17 1 1
MikeAustin71/pathfileopsgo/pathfileops/dirmanagers.go:2021.5,2029.19 3 1
MikeAustin71/pathfileopsgo/pathfileops/dirmanagers.go:2042.5,2044.33 2 1
MikeAustin71/pathfileopsgo/pathfileops/dirmanagers.go:1990.26,1991.15 1 1
MikeAustin71/pathfileopsgo/pathfileops/dirmanagers.go:2000.19,2011.6 4 0
MikeAustin71/pathfileopsgo/pathfileops/dirmanagers.go:2013.17,2015.15 1 0
MikeAustin71/pathfileopsgo/pathfileops/dirmanagers.go:2029.19,2040.6 4 0
MikeAustin71/pathfileopsgo/pathfileops/dirmanagers.go:2044.33,2048.21 2 1
MikeAustin71/pathfileopsgo/pathfileops/dirmanagers.go:2048.21,2057.8 2 0
MikeAustin71/pathfileopsgo/pathfileops/dirmanagers.go:2094.97,2100.17 3 0
MikeAustin71/pathfileopsgo/pathfileops/dirmanagers.go:2104.3,2106.17 2 0
MikeAustin71/pathfileopsgo/pathfileops/dirmanagers.go:2114.3,2116.17 2 0
MikeAustin71/pathfileopsgo/pathfileops/dirmanagers.go:2125.3,2127.43 2 0
MikeAustin71/pathfileopsgo/pathfileops/dirmanagers.go:2167.3,2169.17 2 0
MikeAustin71/pathfileopsgo/pathfileops/dirmanagers.go:2177.3,2177.22 1 0
MikeAustin71/pathfileopsgo/pathfileops/dirmanagers.go:2100.17,2102.4 1 0
MikeAustin71/pathfileopsgo/pathfileops/dirmanagers.go:2106.17,2112.4 1 0
MikeAustin71/pathfileopsgo/pathfileops/dirmanagers.go:2116.17,2123.4 2 0
MikeAustin71/pathfileopsgo/pathfileops/dirmanagers.go:2127.43,2129.26 1 0
MikeAustin71/pathfileopsgo/pathfileops/dirmanagers.go:2129.26,2130.15 1 0
MikeAustin71/pathfileopsgo/pathfileops/dirmanagers.go:2132.11,2138.21 3 0
MikeAustin71/pathfileopsgo/pathfileops/dirmanagers.go:2149.7,2149.19 1 0
MikeAustin71/pathfileopsgo/pathfileops/dirmanagers.go:2138.21,2147.8 2 0
MikeAustin71/pathfileopsgo/pathfileops/dirmanagers.go:2149.19,2150.17 1 0
MikeAustin71/pathfileopsgo/pathfileops/dirmanagers.go:2151.13,2155.23 2 0
MikeAustin71/pathfileopsgo/pathfileops/dirmanagers.go:2155.23,2162.10 2 0
MikeAustin71/pathfileopsgo/pathfileops/dirmanagers.go:2169.17,2175.4 1 0
MikeAustin71/pathfileopsgo/pathfileops/dirmanagers.go:2314.72,2320.17 3 0
MikeAustin71/pathfileopsgo/pathfileops/dirmanagers.go:2324.3,2326.17 2 0
MikeAustin71/pathfileopsgo/pathfileops/dirmanagers.go:2334.3,2336.17 2 0
MikeAustin71/pathfileopsgo/pathfileops/dirmanagers.go:2345.3,2348.43 3 0
MikeAustin71/pathfileopsgo/pathfileops/dirmanagers.go:2390.3,2392.17 2 0
MikeAustin71/pathfileopsgo/pathfileops/dirmanagers.go:2400.3,2400.22 1 0
MikeAustin71/pathfileopsgo/pathfileops/dirmanagers.go:2320.17,2322.4 1 0
MikeAustin71/pathfileopsgo/pathfileops/dirmanagers.go:2326.17,2332.4 1 0
MikeAustin71/pathfileopsgo/pathfileops/dirmanagers.go:2336.17,2343.4 2 0
MikeAustin71/pathfileopsgo/pathfileops/dirmanagers.go:2348.43,2350.26 1 0
MikeAustin71/pathfileopsgo/pathfileops/dirmanagers.go:2350.26,2351.15 1 0
MikeAustin71/pathfileopsgo/pathfileops/dirmanagers.go:2353.11,2359.21 2 0
MikeAustin71/pathfileopsgo/pathfileops/dirmanagers.go:2370.7,2370.19 1 0
MikeAustin71/pathfileopsgo/pathfileops/dirmanagers.go:2359.21,2368.8 2 0
MikeAustin71/pathfileopsgo/pathfileops/dirmanagers.go:2370.19,2372.17 1 0
MikeAustin71/pathfileopsgo/pathfileops/dirmanagers.go:2374.13,2378.23 2 0
MikeAustin71/pathfileopsgo/pathfileops/dirmanagers.go:2378.23,2385.10 2 0
MikeAustin71/pathfileopsgo/pathfileops/dirmanagers.go:2392.17,2398.4 1 0
MikeAustin71/pathfileopsgo/pathfileops/dirmanagers.go:2563.72,2570.17 4 1
MikeAustin71/pathfileopsgo/pathfileops/dirmanagers.go:2574.3,2574.33 1 1
MikeAustin71/pathfileopsgo/pathfileops/dirmanagers.go:2590.3,2596.17 4 1
MikeAustin71/pathfileopsgo/pathfileops/dirmanagers.go:2602.3,2602.28 1 1
MikeAustin71/pathfileopsgo/pathfileops/dirmanagers.go:2570.17,2572.4 1 0
MikeAustin71/pathfileopsgo/pathfileops/dirmanagers.go:2574.33,2578.4 1 1
MikeAustin71/pathfileopsgo/pathfileops/dirmanagers.go:2578.9,2578.40 1 0
MikeAustin71/pathfileopsgo/pathfileops/dirmanagers.go:2578.40,2582.4 1 0
MikeAustin71/pathfileopsgo/pathfileops/dirmanagers.go:2582.9,2588.4 1 0
MikeAustin71/pathfileopsgo/pathfileops/dirmanagers.go:2596.17,2600.4 1 0
MikeAustin71/pathfileopsgo/pathfileops/dirmanagers.go:2610.46,2613.2 1 1
MikeAustin71/pathfileopsgo/pathfileops/dirmanagers.go:2630.71,2636.24 3 1
MikeAustin71/pathfileopsgo/pathfileops/dirmanagers.go:2640.3,2644.22 3 1
MikeAustin71/pathfileopsgo/pathfileops/dirmanagers.go:2636.24,2638.4 1 0
MikeAustin71/pathfileopsgo/pathfileops/dirmanagers.go:2650.59,2653.17 2 1
MikeAustin71/pathfileopsgo/pathfileops/dirmanagers.go:2657.3,2657.53 1 1
MikeAustin71/pathfileopsgo/pathfileops/dirmanagers.go:2661.3,2661.27 1 0
MikeAustin71/pathfileopsgo/pathfileops/dirmanagers.go:2653.17,2655.4 1 0
MikeAustin71/pathfileopsgo/pathfileops/dirmanagers.go:2657.53,2659.4 1 1
MikeAustin71/pathfileopsgo/pathfileops/dirmanagers.go:2667.47,2669.2 1 0
MikeAustin71/pathfileopsgo/pathfileops/dirmanagers.go:2675.61,2681.17 3 0
MikeAustin71/pathfileopsgo/pathfileops/dirmanagers.go:2685.3,2685.30 1 0
MikeAustin71/pathfileopsgo/pathfileops/dirmanagers.go:2693.3,2695.17 2 0
MikeAustin71/pathfileopsgo/pathfileops/dirmanagers.go:2703.3,2706.47 3 0
MikeAustin71/pathfileopsgo/pathfileops/dirmanagers.go:2681.17,2683.4 1 0
MikeAustin71/pathfileopsgo/pathfileops/dirmanagers.go:2685.30,2691.4 2 0
MikeAustin71/pathfileopsgo/pathfileops/dirmanagers.go:2695.17,2701.4 1 0
MikeAustin71/pathfileopsgo/pathfileops/dirmanagers.go:2715.65,2719.34 2 0
MikeAustin71/pathfileopsgo/pathfileops/dirmanagers.go:2726.3,2726.49 1 0
MikeAustin71/pathfileopsgo/pathfileops/dirmanagers.go:2732.3,2734.17 2 0
MikeAustin71/pathfileopsgo/pathfileops/dirmanagers.go:2740.3,2742.17 2 0
MikeAustin71/pathfileopsgo/pathfileops/dirmanagers.go:2748.3,2748.29 1 0
MikeAustin71/pathfileopsgo/pathfileops/dirmanagers.go:2719.34,2724.4 1 0
MikeAustin71/pathfileopsgo/pathfileops/dirmanagers.go:2726.49,2730.4 1 0
MikeAustin71/pathfileopsgo/pathfileops/dirmanagers.go:2734.17,2738.4 1 0
MikeAustin71/pathfileopsgo/pathfileops/dirmanagers.go:2742.17,2746.4 1 0
MikeAustin71/pathfileopsgo/pathfileops/dirmanagers.go:2754.54,2759.2 2 1
MikeAustin71/pathfileopsgo/pathfileops/dirmanagers.go:2764.46,2766.2 1 0
MikeAustin71/pathfileopsgo/pathfileops/dirmanagers.go:2790.82,2797.32 5 1
MikeAustin71/pathfileopsgo/pathfileops/dirmanagers.go:2803.3,2807.18 3 1
MikeAustin71/pathfileopsgo/pathfileops/dirmanagers.go:2815.3,2817.32 2 1
MikeAustin71/pathfileopsgo/pathfileops/dirmanagers.go:2797.32,2801.4 1 1
MikeAustin71/pathfileopsgo/pathfileops/dirmanagers.go:2807.18,2813.4 4 0
MikeAustin71/pathfileopsgo/pathfileops/dirmanagers.go:2825.44,2827.2 1 0
MikeAustin71/pathfileopsgo/pathfileops/dirmanagers.go:2834.38,2836.2 1 0
MikeAustin71/pathfileopsgo/pathfileops/dirmanagers.go:2841.51,2844.17 2 1
MikeAustin71/pathfileopsgo/pathfileops/dirmanagers.go:2848.3,2848.45 1 1
MikeAustin71/pathfileopsgo/pathfileops/dirmanagers.go:2852.3,2852.19 1 0
MikeAustin71/pathfileopsgo/pathfileops/dirmanagers.go:2844.17,2846.4 1 0
MikeAustin71/pathfileopsgo/pathfileops/dirmanagers.go:2848.45,2850.4 1 1
MikeAustin71/pathfileopsgo/pathfileops/dirmanagers.go:2861.46,2863.2 1 0
MikeAustin71/pathfileopsgo/pathfileops/dirmanagers.go:2874.70,2882.17 4 0
MikeAustin71/pathfileopsgo/pathfileops/dirmanagers.go:2886.3,2892.31 4 0
MikeAustin71/pathfileopsgo/pathfileops/dirmanagers.go:2954.3,2954.20 1 0
MikeAustin71/pathfileopsgo/pathfileops/dirmanagers.go:2882.17,2884.4 1 0
MikeAustin71/pathfileopsgo/pathfileops/dirmanagers.go:2892.31,2896.19 2 0
MikeAustin71/pathfileopsgo/pathfileops/dirmanagers.go:2904.5,2906.19 2 0
MikeAustin71/pathfileopsgo/pathfileops/dirmanagers.go:2915.5,2915.45 1 0
MikeAustin71/pathfileopsgo/pathfileops/dirmanagers.go:2942.5,2944.19 2 0
MikeAustin71/pathfileopsgo/pathfileops/dirmanagers.go:2896.19,2902.6 1 0
MikeAustin71/pathfileopsgo/pathfileops/dirmanagers.go:2906.19,2913.6 2 0
MikeAustin71/pathfileopsgo/pathfileops/dirmanagers.go:2915.45,2917.28 1 0
MikeAustin71/pathfileopsgo/pathfileops/dirmanagers.go:2917.28,2927.23 4 0
MikeAustin71/pathfileopsgo/pathfileops/dirmanagers.go:2935.9,2937.17 2 0
MikeAustin71/pathfileopsgo/pathfileops/dirmanagers.go:2927.23,2933.10 1 0
MikeAustin71/pathfileopsgo/pathfileops/dirmanagers.go:2944.19,2950.6 1 0
MikeAustin71/pathfileopsgo/pathfileops/dirmanagers.go:2961.44,2963.2 1 0
MikeAustin71/pathfileopsgo/pathfileops/dirmanagers.go:2969.60,2971.37 1 0
MikeAustin71/pathfileopsgo/pathfileops/dirmanagers.go:2977.3,2977.46 1 0
MikeAustin71/pathfileopsgo/pathfileops/dirmanagers.go:2971.37,2973.4 1 0
MikeAustin71/pathfileopsgo/pathfileops/dirmanagers.go:2973.9,2975.4 1 0
MikeAustin71/pathfileopsgo/pathfileops/dirmanagers.go:2984.52,2986.34 1 0
MikeAustin71/pathfileopsgo/pathfileops/dirmanagers.go:2992.3,2992.38 1 0
MikeAustin71/pathfileopsgo/pathfileops/dirmanagers.go:2986.34,2988.4 1 0
MikeAustin71/pathfileopsgo/pathfileops/dirmanagers.go:2988.9,2990.4 1 0
MikeAustin71/pathfileopsgo/pathfileops/dirmanagers.go:3002.62,3006.26 2 1
MikeAustin71/pathfileopsgo/pathfileops/dirmanagers.go:3010.3,3010.30 1 1
MikeAustin71/pathfileopsgo/pathfileops/dirmanagers.go:3014.3,3016.22 2 1
MikeAustin71/pathfileopsgo/pathfileops/dirmanagers.go:3020.3,3025.13 4 1
MikeAustin71/pathfileopsgo/pathfileops/dirmanagers.go:3006.26,3008.4 1 0
MikeAustin71/pathfileopsgo/pathfileops/dirmanagers.go:3010.30,3012.4 1 0
MikeAustin71/pathfileopsgo/pathfileops/dirmanagers.go:3016.22,3018.4 1 0
MikeAustin71/pathfileopsgo/pathfileops/dirmanagers.go:3031.42,3035.2 1 0
MikeAustin71/pathfileopsgo/pathfileops/dirmanagers.go:3041.50,3043.32 1 0
MikeAustin71/pathfileopsgo/pathfileops/dirmanagers.go:3049.3,3049.30 1 0
MikeAustin71/pathfileopsgo/pathfileops/dirmanagers.go:3043.32,3045.4 1 0
MikeAustin71/pathfileopsgo/pathfileops/dirmanagers.go:3045.9,3047.4 1 0
MikeAustin71/pathfileopsgo/pathfileops/dirmanagers.go:3056.44,3058.26 1 0
MikeAustin71/pathfileopsgo/pathfileops/dirmanagers.go:3064.3,3064.30 1 0
MikeAustin71/pathfileopsgo/pathfileops/dirmanagers.go:3058.26,3060.4 1 0
MikeAustin71/pathfileopsgo/pathfileops/dirmanagers.go:3060.9,3062.4 1 0
MikeAustin71/pathfileopsgo/pathfileops/dirmanagers.go:3071.52,3073.34 1 0
MikeAustin71/pathfileopsgo/pathfileops/dirmanagers.go:3079.3,3079.38 1 0
MikeAustin71/pathfileopsgo/pathfileops/dirmanagers.go:3073.34,3075.4 1 0
MikeAustin71/pathfileopsgo/pathfileops/dirmanagers.go:3075.9,3077.4 1 0
MikeAustin71/pathfileopsgo/pathfileops/dirmanagers.go:3086.50,3088.32 1 0
MikeAustin71/pathfileopsgo/pathfileops/dirmanagers.go:3094.3,3094.32 1 0
MikeAustin71/pathfileopsgo/pathfileops/dirmanagers.go:3088.32,3090.4 1 0
MikeAustin71/pathfileopsgo/pathfileops/dirmanagers.go:3090.9,3092.4 1 0
MikeAustin71/pathfileopsgo/pathfileops/dirmanagers.go:3100.37,3107.17 4 1
MikeAustin71/pathfileopsgo/pathfileops/dirmanagers.go:3111.3,3113.35 2 1
MikeAustin71/pathfileopsgo/pathfileops/dirmanagers.go:3139.3,3139.25 1 0
MikeAustin71/pathfileopsgo/pathfileops/dirmanagers.go:3145.3,3147.17 2 0
MikeAustin71/pathfileopsgo/pathfileops/dirmanagers.go:3154.3,3158.13 3 0
MikeAustin71/pathfileopsgo/pathfileops/dirmanagers.go:3107.17,3109.4 1 0
MikeAustin71/pathfileopsgo/pathfileops/dirmanagers.go:3113.35,3115.35 1 1
MikeAustin71/pathfileopsgo/pathfileops/dirmanagers.go:3121.5,3123.19 2 1
MikeAustin71/pathfileopsgo/pathfileops/dirmanagers.go:3130.5,3134.15 3 1
MikeAustin71/pathfileopsgo/pathfileops/dirmanagers.go:3115.35,3119.6 1 1
MikeAustin71/pathfileopsgo/pathfileops/dirmanagers.go:3123.19,3128.6 1 0
MikeAustin71/pathfileopsgo/pathfileops/dirmanagers.go:3139.25,3143.4 1 0
MikeAustin71/pathfileopsgo/pathfileops/dirmanagers.go:3147.17,3152.4 1 0
MikeAustin71/pathfileopsgo/pathfileops/dirmanagers.go:3205.56,3209.24 2 1
MikeAustin71/pathfileopsgo/pathfileops/dirmanagers.go:3214.3,3218.17 3 1
MikeAustin71/pathfileopsgo/pathfileops/dirmanagers.go:3224.3,3224.24 1 1
MikeAustin71/pathfileopsgo/pathfileops/dirmanagers.go:3209.24,3212.4 1 0
MikeAustin71/pathfileopsgo/pathfileops/dirmanagers.go:3218.17,3222.4 1 0
MikeAustin71/pathfileopsgo/pathfileops/dirmanagers.go:3230.86,3234.24 2 1
MikeAustin71/pathfileopsgo/pathfileops/dirmanagers.go:3240.3,3244.17 3 1
MikeAustin71/pathfileopsgo/pathfileops/dirmanagers.go:3249.3,3249.24 1 1
MikeAustin71/pathfileopsgo/pathfileops/dirmanagers.go:3234.24,3238.4 1 0
MikeAustin71/pathfileopsgo/pathfileops/dirmanagers.go:3244.17,3247.4 1 0
MikeAustin71/pathfileopsgo/pathfileops/dirmanagers.go:3295.73,3305.24 6 1
MikeAustin71/pathfileopsgo/pathfileops/dirmanagers.go:3312.3,3314.31 2 1
MikeAustin71/pathfileopsgo/pathfileops/dirmanagers.go:3321.3,3325.18 3 1
MikeAustin71/pathfileopsgo/pathfileops/dirmanagers.go:3333.3,3333.18 1 1
MikeAustin71/pathfileopsgo/pathfileops/dirmanagers.go:3341.3,3341.29 1 1
MikeAustin71/pathfileopsgo/pathfileops/dirmanagers.go:3349.3,3356.44 5 1
MikeAustin71/pathfileopsgo/pathfileops/dirmanagers.go:3375.3,3389.65 10 1
MikeAustin71/pathfileopsgo/pathfileops/dirmanagers.go:3404.3,3404.19 1 1
MikeAustin71/pathfileopsgo/pathfileops/dirmanagers.go:3410.3,3410.37 1 1
MikeAustin71/pathfileopsgo/pathfileops/dirmanagers.go:3414.3,3415.35 2 1
MikeAustin71/pathfileopsgo/pathfileops/dirmanagers.go:3421.3,3421.15 1 1
MikeAustin71/pathfileopsgo/pathfileops/dirmanagers.go:3426.3,3426.59 1 1
MikeAustin71/pathfileopsgo/pathfileops/dirmanagers.go:3433.3,3435.9 2 1
MikeAustin71/pathfileopsgo/pathfileops/dirmanagers.go:3305.24,3310.4 3 0
MikeAustin71/pathfileopsgo/pathfileops/dirmanagers.go:3314.31,3319.4 3 0
MikeAustin71/pathfileopsgo/pathfileops/dirmanagers.go:3325.18,3331.4 3 0
MikeAustin71/pathfileopsgo/pathfileops/dirmanagers.go:3333.18,3339.4 3 0
MikeAustin71/pathfileopsgo/pathfileops/dirmanagers.go:3341.29,3347.4 3 0
MikeAustin71/pathfileopsgo/pathfileops/dirmanagers.go:3356.44,3360.4 1 1
MikeAustin71/pathfileopsgo/pathfileops/dirmanagers.go:3360.9,3364.20 2 1
MikeAustin71/pathfileopsgo/pathfileops/dirmanagers.go:3364.20,3371.6 4 0
MikeAustin71/pathfileopsgo/pathfileops/dirmanagers.go:3389.65,3393.20 2 1
MikeAustin71/pathfileopsgo/pathfileops/dirmanagers.go:3393.20,3396.6 2 1
MikeAustin71/pathfileopsgo/pathfileops/dirmanagers.go:3396.11,3400.6 2 1
MikeAustin71/pathfileopsgo/pathfileops/dirmanagers.go:3404.19,3406.4 1 1
MikeAustin71/pathfileopsgo/pathfileops/dirmanagers.go:3406.9,3408.4 1 0
MikeAustin71/pathfileopsgo/pathfileops/dirmanagers.go:3410.37,3412.4 1 1
MikeAustin71/pathfileopsgo/pathfileops/dirmanagers.go:3415.35,3417.4 1 1
MikeAustin71/pathfileopsgo/pathfileops/dirmanagers.go:3417.9,3417.34 1 0
MikeAustin71/pathfileopsgo/pathfileops/dirmanagers.go:3417.34,3419.4 1 0
MikeAustin71/pathfileopsgo/pathfileops/dirmanagers.go:3421.15,3424.4 2 1
MikeAustin71/pathfileopsgo/pathfileops/dirmanagers.go:3426.59,3429.4 2 1
MikeAustin71/pathfileopsgo/pathfileops/dirmanagers.go:3429.9,3431.4 1 0
MikeAustin71/pathfileopsgo/pathfileops/dirmanagers.go:3442.83,3445.24 2 1
MikeAustin71/pathfileopsgo/pathfileops/dirmanagers.go:3449.3,3451.17 2 1
MikeAustin71/pathfileopsgo/pathfileops/dirmanagers.go:3457.3,3460.13 3 1
MikeAustin71/pathfileopsgo/pathfileops/dirmanagers.go:3445.24,3447.4 1 0
MikeAustin71/pathfileopsgo/pathfileops/dirmanagers.go:3451.17,3455.4 1 0
MikeAustin71/pathfileopsgo/pathfileops/dirmanagers.go:3468.57,3475.29 4 1
MikeAustin71/pathfileopsgo/pathfileops/dirmanagers.go:3480.3,3480.39 1 1
MikeAustin71/pathfileopsgo/pathfileops/dirmanagers.go:3485.3,3487.18 2 1
MikeAustin71/pathfileopsgo/pathfileops/dirmanagers.go:3492.3,3494.18 2 1
MikeAustin71/pathfileopsgo/pathfileops/dirmanagers.go:3499.3,3502.49 3 1
MikeAustin71/pathfileopsgo/pathfileops/dirmanagers.go:3534.3,3536.18 2 1
MikeAustin71/pathfileopsgo/pathfileops/dirmanagers.go:3544.3,3545.9 2 1
MikeAustin71/pathfileopsgo/pathfileops/dirmanagers.go:3475.29,3478.4 2 0
MikeAustin71/pathfileopsgo/pathfileops/dirmanagers.go:3480.39,3483.4 2 0
MikeAustin71/pathfileopsgo/pathfileops/dirmanagers.go:3487.18,3490.4 2 0
MikeAustin71/pathfileopsgo/pathfileops/dirmanagers.go:3494.18,3497.4 2 0
MikeAustin71/pathfileopsgo/pathfileops/dirmanagers.go:3502.49,3508.65 3 1
MikeAustin71/pathfileopsgo/pathfileops/dirmanagers.go:3512.5,3512.78 1 1
MikeAustin71/pathfileopsgo/pathfileops/dirmanagers.go:3508.65,3510.6 1 1
MikeAustin71/pathfileopsgo/pathfileops/dirmanagers.go:3514.9,3514.72 1 1
MikeAustin71/pathfileopsgo/pathfileops/dirmanagers.go:3514.72,3520.65 3 1
MikeAustin71/pathfileopsgo/pathfileops/dirmanagers.go:3524.5,3524.86 1 1
MikeAustin71/pathfileopsgo/pathfileops/dirmanagers.go:3520.65,3522.6 1 1
MikeAustin71/pathfileopsgo/pathfileops/dirmanagers.go:3526.9,3532.4 2 0
MikeAustin71/pathfileopsgo/pathfileops/dirmanagers.go:3536.18,3542.4 3 0
MikeAustin71/pathfileopsgo/pathfileops/dirmanagers.go:3556.105,3557.68 1 1
MikeAustin71/pathfileopsgo/pathfileops/dirmanagers.go:3557.68,3562.20 3 1
MikeAustin71/pathfileopsgo/pathfileops/dirmanagers.go:3570.5,3570.21 1 1
MikeAustin71/pathfileopsgo/pathfileops/dirmanagers.go:3574.5,3580.19 3 1
MikeAustin71/pathfileopsgo/pathfileops/dirmanagers.go:3591.5,3591.21 1 1
MikeAustin71/pathfileopsgo/pathfileops/dirmanagers.go:3595.5,3602.19 3 1
MikeAustin71/pathfileopsgo/pathfileops/dirmanagers.go:3617.5,3620.19 2 1
[...]
MikeAustin71/pathfileopsgo/pathfileops/filemanagers.go:4354.25,4356.3 1 0
MikeAustin71/pathfileopsgo/pathfileops/filemanagers.go:4375.49,4377.39 1 1
MikeAustin71/pathfileopsgo/pathfileops/filemanagers.go:4381.2,4381.49 1 1
MikeAustin71/pathfileopsgo/pathfileops/filemanagers.go:4385.2,4385.43 1 1
MikeAustin71/pathfileopsgo/pathfileops/filemanagers.go:4389.2,4389.13 1 1
MikeAustin71/pathfileopsgo/pathfileops/filemanagers.go:4377.39,4379.3 1 0
MikeAustin71/pathfileopsgo/pathfileops/filemanagers.go:4381.49,4383.3 1 0
MikeAustin71/pathfileopsgo/pathfileops/filemanagers.go:4385.43,4387.3 1 0
MikeAustin71/pathfileopsgo/pathfileops/filemanagers.go:4403.64,4405.54 1 0
MikeAustin71/pathfileopsgo/pathfileops/filemanagers.go:4409.2,4409.64 1 0
MikeAustin71/pathfileopsgo/pathfileops/filemanagers.go:4413.2,4413.13 1 0
MikeAustin71/pathfileopsgo/pathfileops/filemanagers.go:4405.54,4407.3 1 0
MikeAustin71/pathfileopsgo/pathfileops/filemanagers.go:4409.64,4411.3 1 0
MikeAustin71/pathfileopsgo/pathfileops/filemanagers.go:4419.43,4421.2 1 0
MikeAustin71/pathfileopsgo/pathfileops/filemanagers.go:4425.42,4427.2 1 1
MikeAustin71/pathfileopsgo/pathfileops/filemanagers.go:4431.47,4433.2 1 1
MikeAustin71/pathfileopsgo/pathfileops/filemanagers.go:4441.40,4447.16 3 1
MikeAustin71/pathfileopsgo/pathfileops/filemanagers.go:4452.2,4454.16 2 1
MikeAustin71/pathfileopsgo/pathfileops/filemanagers.go:4459.2,4465.21 5 1
MikeAustin71/pathfileopsgo/pathfileops/filemanagers.go:4447.16,4450.3 1 0
MikeAustin71/pathfileopsgo/pathfileops/filemanagers.go:4454.16,4457.3 1 0
MikeAustin71/pathfileopsgo/pathfileops/filemanagers.go:4479.50,4489.16 5 1
MikeAustin71/pathfileopsgo/pathfileops/filemanagers.go:4494.2,4496.16 2 1
MikeAustin71/pathfileopsgo/pathfileops/filemanagers.go:4501.2,4501.38 1 1
MikeAustin71/pathfileopsgo/pathfileops/filemanagers.go:4505.2,4507.16 2 1
MikeAustin71/pathfileopsgo/pathfileops/filemanagers.go:4511.2,4513.16 2 1
MikeAustin71/pathfileopsgo/pathfileops/filemanagers.go:4518.2,4520.21 2 1
MikeAustin71/pathfileopsgo/pathfileops/filemanagers.go:4489.16,4492.3 1 0
MikeAustin71/pathfileopsgo/pathfileops/filemanagers.go:4496.16,4499.3 1 0
MikeAustin71/pathfileopsgo/pathfileops/filemanagers.go:4501.38,4503.3 1 0
MikeAustin71/pathfileopsgo/pathfileops/filemanagers.go:4507.16,4509.3 1 0
MikeAustin71/pathfileopsgo/pathfileops/filemanagers.go:4513.16,4516.3 1 0
MikeAustin71/pathfileopsgo/pathfileops/filemanagers.go:4530.54,4540.16 5 1
MikeAustin71/pathfileopsgo/pathfileops/filemanagers.go:4545.2,4547.16 2 1
MikeAustin71/pathfileopsgo/pathfileops/filemanagers.go:4552.2,4554.21 2 1
MikeAustin71/pathfileopsgo/pathfileops/filemanagers.go:4540.16,4543.3 1 0
MikeAustin71/pathfileopsgo/pathfileops/filemanagers.go:4547.16,4550.3 1 0
MikeAustin71/pathfileopsgo/pathfileops/filemanagers.go:4568.53,4576.28 4 1
MikeAustin71/pathfileopsgo/pathfileops/filemanagers.go:4580.2,4580.36 1 1
MikeAustin71/pathfileopsgo/pathfileops/filemanagers.go:4584.2,4584.41 1 1
MikeAustin71/pathfileopsgo/pathfileops/filemanagers.go:4588.2,4590.16 2 1
MikeAustin71/pathfileopsgo/pathfileops/filemanagers.go:4595.2,4597.16 2 1
MikeAustin71/pathfileopsgo/pathfileops/filemanagers.go:4602.2,4604.21 2 1
MikeAustin71/pathfileopsgo/pathfileops/filemanagers.go:4576.28,4578.3 1 0
MikeAustin71/pathfileopsgo/pathfileops/filemanagers.go:4580.36,4582.3 1 0
MikeAustin71/pathfileopsgo/pathfileops/filemanagers.go:4584.41,4586.3 1 0
MikeAustin71/pathfileopsgo/pathfileops/filemanagers.go:4590.16,4593.3 1 0
MikeAustin71/pathfileopsgo/pathfileops/filemanagers.go:4597.16,4600.3 1 0
MikeAustin71/pathfileopsgo/pathfileops/filemanagers.go:4692.75,4701.26 5 1
MikeAustin71/pathfileopsgo/pathfileops/filemanagers.go:4752.2,4752.16 1 1
MikeAustin71/pathfileopsgo/pathfileops/filemanagers.go:4756.2,4756.12 1 1
MikeAustin71/pathfileopsgo/pathfileops/filemanagers.go:4703.25,4704.81 1 0
MikeAustin71/pathfileopsgo/pathfileops/filemanagers.go:4706.48,4707.43 1 0
MikeAustin71/pathfileopsgo/pathfileops/filemanagers.go:4709.42,4710.37 1 0
MikeAustin71/pathfileopsgo/pathfileops/filemanagers.go:4712.37,4713.32 1 0
MikeAustin71/pathfileopsgo/pathfileops/filemanagers.go:4715.52,4716.47 1 0
MikeAustin71/pathfileopsgo/pathfileops/filemanagers.go:4718.58,4719.43 1 0
MikeAustin71/pathfileopsgo/pathfileops/filemanagers.go:4721.58,4722.43 1 0
MikeAustin71/pathfileopsgo/pathfileops/filemanagers.go:4724.54,4725.39 1 0
MikeAustin71/pathfileopsgo/pathfileops/filemanagers.go:4727.48,4728.33 1 1
MikeAustin71/pathfileopsgo/pathfileops/filemanagers.go:4730.36,4731.34 1 0
MikeAustin71/pathfileopsgo/pathfileops/filemanagers.go:4733.43,4734.41 1 0
MikeAustin71/pathfileopsgo/pathfileops/filemanagers.go:4736.37,4737.29 1 0
MikeAustin71/pathfileopsgo/pathfileops/filemanagers.go:4739.41,4740.35 1 0
MikeAustin71/pathfileopsgo/pathfileops/filemanagers.go:4742.48,4743.42 1 0
MikeAustin71/pathfileopsgo/pathfileops/filemanagers.go:4745.42,4746.30 1 0
MikeAustin71/pathfileopsgo/pathfileops/filemanagers.go:4748.10,4749.70 1 0
MikeAustin71/pathfileopsgo/pathfileops/filemanagers.go:4752.16,4754.3 1 0
MikeAustin71/pathfileopsgo/pathfileops/filemanagers.go:4761.52,4767.16 3 0
MikeAustin71/pathfileopsgo/pathfileops/filemanagers.go:4771.2,4771.12 1 0
MikeAustin71/pathfileopsgo/pathfileops/filemanagers.go:4767.16,4769.3 1 0
MikeAustin71/pathfileopsgo/pathfileops/filemanagers.go:4776.47,4782.16 3 0
MikeAustin71/pathfileopsgo/pathfileops/filemanagers.go:4786.2,4786.12 1 0
MikeAustin71/pathfileopsgo/pathfileops/filemanagers.go:4782.16,4784.3 1 0
MikeAustin71/pathfileopsgo/pathfileops/filemanagers.go:4792.62,4800.16 4 0
MikeAustin71/pathfileopsgo/pathfileops/filemanagers.go:4804.2,4806.16 2 0
MikeAustin71/pathfileopsgo/pathfileops/filemanagers.go:4810.2,4810.33 1 0
MikeAustin71/pathfileopsgo/pathfileops/filemanagers.go:4814.2,4814.12 1 0
MikeAustin71/pathfileopsgo/pathfileops/filemanagers.go:4800.16,4802.3 1 0
MikeAustin71/pathfileopsgo/pathfileops/filemanagers.go:4806.16,4808.3 1 0
MikeAustin71/pathfileopsgo/pathfileops/filemanagers.go:4810.33,4812.3 1 0
MikeAustin71/pathfileopsgo/pathfileops/filemanagers.go:4817.58,4823.16 3 0
MikeAustin71/pathfileopsgo/pathfileops/filemanagers.go:4827.2,4827.12 1 0
MikeAustin71/pathfileopsgo/pathfileops/filemanagers.go:4823.16,4825.3 1 0
MikeAustin71/pathfileopsgo/pathfileops/filemanagers.go:4830.58,4836.16 3 0
MikeAustin71/pathfileopsgo/pathfileops/filemanagers.go:4840.2,4840.12 1 0
MikeAustin71/pathfileopsgo/pathfileops/filemanagers.go:4836.16,4838.3 1 0
MikeAustin71/pathfileopsgo/pathfileops/filemanagers.go:4843.48,4849.16 3 1
MikeAustin71/pathfileopsgo/pathfileops/filemanagers.go:4853.2,4853.12 1 1
MikeAustin71/pathfileopsgo/pathfileops/filemanagers.go:4849.16,4851.3 1 0
MikeAustin71/pathfileopsgo/pathfileops/filemanagers.go:4856.54,4862.16 3 0
MikeAustin71/pathfileopsgo/pathfileops/filemanagers.go:4866.2,4866.12 1 0
MikeAustin71/pathfileopsgo/pathfileops/filemanagers.go:4862.16,4864.3 1 0
MikeAustin71/pathfileopsgo/pathfileops/filemanagers.go:4872.49,4878.16 3 0
MikeAustin71/pathfileopsgo/pathfileops/filemanagers.go:4882.2,4882.12 1 0
MikeAustin71/pathfileopsgo/pathfileops/filemanagers.go:4878.16,4880.3 1 0
MikeAustin71/pathfileopsgo/pathfileops/filemanagers.go:4889.56,4895.16 3 0
MikeAustin71/pathfileopsgo/pathfileops/filemanagers.go:4899.2,4899.12 1 0
MikeAustin71/pathfileopsgo/pathfileops/filemanagers.go:4895.16,4897.3 1 0
MikeAustin71/pathfileopsgo/pathfileops/filemanagers.go:4905.44,4911.16 3 0
MikeAustin71/pathfileopsgo/pathfileops/filemanagers.go:4915.2,4915.12 1 0
MikeAustin71/pathfileopsgo/pathfileops/filemanagers.go:4911.16,4913.3 1 0
MikeAustin71/pathfileopsgo/pathfileops/filemanagers.go:4922.50,4928.16 3 0
MikeAustin71/pathfileopsgo/pathfileops/filemanagers.go:4932.2,4932.12 1 0
MikeAustin71/pathfileopsgo/pathfileops/filemanagers.go:4928.16,4930.3 1 0
MikeAustin71/pathfileopsgo/pathfileops/filemanagers.go:4939.57,4945.16 3 0
MikeAustin71/pathfileopsgo/pathfileops/filemanagers.go:4949.2,4949.12 1 0
MikeAustin71/pathfileopsgo/pathfileops/filemanagers.go:4945.16,4947.3 1 0
MikeAustin71/pathfileopsgo/pathfileops/filemanagers.go:4955.45,4961.16 3 0
MikeAustin71/pathfileopsgo/pathfileops/filemanagers.go:4965.2,4965.12 1 0
MikeAustin71/pathfileopsgo/pathfileops/filemanagers.go:4961.16,4963.3 1 0
MikeAustin71/pathfileopsgo/pathfileops/filemanagers.go:4972.58,4978.16 3 0
MikeAustin71/pathfileopsgo/pathfileops/filemanagers.go:4982.2,4982.12 1 0
MikeAustin71/pathfileopsgo/pathfileops/filemanagers.go:4978.16,4980.3 1 0
MikeAustin71/pathfileopsgo/pathfileops/fileopenenumcode.go:25.66,27.36 1 0
MikeAustin71/pathfileopsgo/pathfileops/fileopenenumcode.go:31.2,31.35 1 0
MikeAustin71/pathfileopsgo/pathfileops/fileopenenumcode.go:35.2,40.32 4 0
MikeAustin71/pathfileopsgo/pathfileops/fileopenenumcode.go:46.2,48.45 2 0
MikeAustin71/pathfileopsgo/pathfileops/fileopenenumcode.go:27.36,29.3 1 0
MikeAustin71/pathfileopsgo/pathfileops/fileopenenumcode.go:31.35,33.3 1 0
MikeAustin71/pathfileopsgo/pathfileops/fileopenenumcode.go:40.32,44.3 3 0
MikeAustin71/pathfileopsgo/pathfileops/fileopenenumcode.go:48.45,50.3 1 0
MikeAustin71/pathfileopsgo/pathfileops/fileopenenumcode.go:56.59,58.36 1 1
MikeAustin71/pathfileopsgo/pathfileops/fileopenenumcode.go:62.2,67.24 5 1
MikeAustin71/pathfileopsgo/pathfileops/fileopenenumcode.go:72.2,74.37 2 1
MikeAustin71/pathfileopsgo/pathfileops/fileopenenumcode.go:78.2,78.17 1 1
MikeAustin71/pathfileopsgo/pathfileops/fileopenenumcode.go:58.36,60.3 1 0
MikeAustin71/pathfileopsgo/pathfileops/fileopenenumcode.go:67.24,70.3 2 0
MikeAustin71/pathfileopsgo/pathfileops/fileopenenumcode.go:74.37,76.3 1 1
MikeAustin71/pathfileopsgo/pathfileops/fileopenenumcode.go:84.42,94.2 4 1
MikeAustin71/pathfileopsgo/pathfileops/fileopenenumcode.go:99.70,101.36 1 1
MikeAustin71/pathfileopsgo/pathfileops/fileopenenumcode.go:105.2,105.35 1 1
MikeAustin71/pathfileopsgo/pathfileops/fileopenenumcode.go:109.2,109.55 1 1
MikeAustin71/pathfileopsgo/pathfileops/fileopenenumcode.go:113.2,115.53 2 1
MikeAustin71/pathfileopsgo/pathfileops/fileopenenumcode.go:119.2,119.53 1 1
MikeAustin71/pathfileopsgo/pathfileops/fileopenenumcode.go:123.2,123.40 1 1
MikeAustin71/pathfileopsgo/pathfileops/fileopenenumcode.go:137.2,137.13 1 1
MikeAustin71/pathfileopsgo/pathfileops/fileopenenumcode.go:101.36,103.3 1 0
MikeAustin71/pathfileopsgo/pathfileops/fileopenenumcode.go:105.35,107.3 1 0
MikeAustin71/pathfileopsgo/pathfileops/fileopenenumcode.go:109.55,111.3 1 0
MikeAustin71/pathfileopsgo/pathfileops/fileopenenumcode.go:115.53,117.3 1 0
MikeAustin71/pathfileopsgo/pathfileops/fileopenenumcode.go:119.53,121.3 1 0
MikeAustin71/pathfileopsgo/pathfileops/fileopenenumcode.go:123.40,126.41 2 1
MikeAustin71/pathfileopsgo/pathfileops/fileopenenumcode.go:132.3,132.15 1 1
MikeAustin71/pathfileopsgo/pathfileops/fileopenenumcode.go:126.41,127.63 1 1
MikeAustin71/pathfileopsgo/pathfileops/fileopenenumcode.go:127.63,129.5 1 1
MikeAustin71/pathfileopsgo/pathfileops/fileopenenumcode.go:132.15,134.4 1 0
MikeAustin71/pathfileopsgo/pathfileops/fileopenenumcode.go:169.113,175.16 3 1
MikeAustin71/pathfileopsgo/pathfileops/fileopenenumcode.go:179.2,185.26 4 1
MikeAustin71/pathfileopsgo/pathfileops/fileopenenumcode.go:194.2,194.36 1 1
MikeAustin71/pathfileopsgo/pathfileops/fileopenenumcode.go:208.2,210.31 2 1
MikeAustin71/pathfileopsgo/pathfileops/fileopenenumcode.go:175.16,178.3 1 0
MikeAustin71/pathfileopsgo/pathfileops/fileopenenumcode.go:185.26,192.3 3 0
MikeAustin71/pathfileopsgo/pathfileops/fileopenenumcode.go:194.36,198.17 2 1
MikeAustin71/pathfileopsgo/pathfileops/fileopenenumcode.go:204.3,204.82 1 1
MikeAustin71/pathfileopsgo/pathfileops/fileopenenumcode.go:198.17,202.4 1 0
MikeAustin71/pathfileopsgo/pathfileops/fileopenenumcode.go:217.74,221.30 2 1
MikeAustin71/pathfileopsgo/pathfileops/fileopenenumcode.go:226.2,226.54 1 1
MikeAustin71/pathfileopsgo/pathfileops/fileopenenumcode.go:231.2,233.16 2 1
MikeAustin71/pathfileopsgo/pathfileops/fileopenenumcode.go:240.2,240.36 1 1
MikeAustin71/pathfileopsgo/pathfileops/fileopenenumcode.go:244.2,246.27 2 1
MikeAustin71/pathfileopsgo/pathfileops/fileopenenumcode.go:250.2,251.56 1 1
MikeAustin71/pathfileopsgo/pathfileops/fileopenenumcode.go:257.2,259.40 2 1
MikeAustin71/pathfileopsgo/pathfileops/fileopenenumcode.go:263.2,263.25 1 1
MikeAustin71/pathfileopsgo/pathfileops/fileopenenumcode.go:221.30,224.3 1 0
MikeAustin71/pathfileopsgo/pathfileops/fileopenenumcode.go:226.54,229.3 1 0
MikeAustin71/pathfileopsgo/pathfileops/fileopenenumcode.go:233.16,238.3 1 0
MikeAustin71/pathfileopsgo/pathfileops/fileopenenumcode.go:240.36,242.3 1 0
MikeAustin71/pathfileopsgo/pathfileops/fileopenenumcode.go:246.27,248.3 1 0
MikeAustin71/pathfileopsgo/pathfileops/fileopenenumcode.go:251.56,255.3 1 1
MikeAustin71/pathfileopsgo/pathfileops/fileopenenumcode.go:259.40,261.3 1 1
MikeAustin71/pathfileopsgo/pathfileops/fileopenenumcode.go:267.68,269.36 1 0
MikeAustin71/pathfileopsgo/pathfileops/fileopenenumcode.go:273.2,273.39 1 0
MikeAustin71/pathfileopsgo/pathfileops/fileopenenumcode.go:277.2,281.18 3 0
MikeAustin71/pathfileopsgo/pathfileops/fileopenenumcode.go:269.36,271.3 1 0
MikeAustin71/pathfileopsgo/pathfileops/fileopenenumcode.go:273.39,275.3 1 0
MikeAustin71/pathfileopsgo/pathfileops/fileopenenumcode.go:285.65,287.36 1 0
MikeAustin71/pathfileopsgo/pathfileops/fileopenenumcode.go:291.2,291.31 1 0
MikeAustin71/pathfileopsgo/pathfileops/fileopenenumcode.go:287.36,289.3 1 0
MikeAustin71/pathfileopsgo/pathfileops/fileopenenumcode.go:297.50,301.36 2 0
MikeAustin71/pathfileopsgo/pathfileops/fileopenenumcode.go:305.2,305.30 1 0
MikeAustin71/pathfileopsgo/pathfileops/fileopenenumcode.go:311.2,313.16 2 0
MikeAustin71/pathfileopsgo/pathfileops/fileopenenumcode.go:318.2,321.24 2 0
MikeAustin71/pathfileopsgo/pathfileops/fileopenenumcode.go:327.2,329.56 1 0
MikeAustin71/pathfileopsgo/pathfileops/fileopenenumcode.go:335.2,335.48 1 0
MikeAustin71/pathfileopsgo/pathfileops/fileopenenumcode.go:346.2,346.40 1 0
MikeAustin71/pathfileopsgo/pathfileops/fileopenenumcode.go:358.2,358.12 1 0
MikeAustin71/pathfileopsgo/pathfileops/fileopenenumcode.go:301.36,303.3 1 0
MikeAustin71/pathfileopsgo/pathfileops/fileopenenumcode.go:305.30,309.3 1 0
MikeAustin71/pathfileopsgo/pathfileops/fileopenenumcode.go:313.16,316.3 1 0
MikeAustin71/pathfileopsgo/pathfileops/fileopenenumcode.go:321.24,325.3 1 0
MikeAustin71/pathfileopsgo/pathfileops/fileopenenumcode.go:329.56,333.3 1 0
MikeAustin71/pathfileopsgo/pathfileops/fileopenenumcode.go:335.48,337.41 1 0
MikeAustin71/pathfileopsgo/pathfileops/fileopenenumcode.go:337.41,338.60 1 0
MikeAustin71/pathfileopsgo/pathfileops/fileopenenumcode.go:338.60,341.5 1 0
MikeAustin71/pathfileopsgo/pathfileops/fileopenenumcode.go:346.40,350.17 2 0
MikeAustin71/pathfileopsgo/pathfileops/fileopenenumcode.go:350.17,354.4 1 0
MikeAustin71/pathfileopsgo/pathfileops/fileopenenumcode.go:364.80,370.36 3 1
MikeAustin71/pathfileopsgo/pathfileops/fileopenenumcode.go:374.2,374.16 1 1
MikeAustin71/pathfileopsgo/pathfileops/fileopenenumcode.go:379.2,379.41 1 1
MikeAustin71/pathfileopsgo/pathfileops/fileopenenumcode.go:383.2,387.12 3 1
MikeAustin71/pathfileopsgo/pathfileops/fileopenenumcode.go:370.36,372.3 1 0
MikeAustin71/pathfileopsgo/pathfileops/fileopenenumcode.go:374.16,377.3 1 0
MikeAustin71/pathfileopsgo/pathfileops/fileopenenumcode.go:379.41,381.3 1 0
MikeAustin71/pathfileopsgo/pathfileops/fileopenenumcode.go:396.79,398.36 1 1
MikeAustin71/pathfileopsgo/pathfileops/fileopenenumcode.go:402.2,402.26 1 1
MikeAustin71/pathfileopsgo/pathfileops/fileopenenumcode.go:407.2,413.8 4 1
MikeAustin71/pathfileopsgo/pathfileops/fileopenenumcode.go:398.36,400.3 1 0
MikeAustin71/pathfileopsgo/pathfileops/fileopenenumcode.go:402.26,405.3 2 0
MikeAustin71/pathfileopsgo/pathfileops/fileopenenumcode.go:453.51,453.64 1 1
MikeAustin71/pathfileopsgo/pathfileops/fileopenenumcode.go:456.55,456.91 1 1
MikeAustin71/pathfileopsgo/pathfileops/fileopenenumcode.go:459.56,459.92 1 1
MikeAustin71/pathfileopsgo/pathfileops/fileopenenumcode.go:462.56,462.90 1 1
MikeAustin71/pathfileopsgo/pathfileops/fileopenenumcode.go:471.47,477.9 3 1
MikeAustin71/pathfileopsgo/pathfileops/fileopenenumcode.go:484.2,484.12 1 1
MikeAustin71/pathfileopsgo/pathfileops/fileopenenumcode.go:477.9,482.3 2 1
MikeAustin71/pathfileopsgo/pathfileops/fileopenenumcode.go:537.44,544.26 4 1
MikeAustin71/pathfileopsgo/pathfileops/fileopenenumcode.go:550.2,553.19 3 1
MikeAustin71/pathfileopsgo/pathfileops/fileopenenumcode.go:579.2,579.20 1 1
MikeAustin71/pathfileopsgo/pathfileops/fileopenenumcode.go:544.26,548.3 1 0
MikeAustin71/pathfileopsgo/pathfileops/fileopenenumcode.go:553.19,557.10 2 1
MikeAustin71/pathfileopsgo/pathfileops/fileopenenumcode.go:563.3,563.29 1 1
MikeAustin71/pathfileopsgo/pathfileops/fileopenenumcode.go:557.10,561.4 1 0
MikeAustin71/pathfileopsgo/pathfileops/fileopenenumcode.go:565.8,569.10 2 0
MikeAustin71/pathfileopsgo/pathfileops/fileopenenumcode.go:575.3,576.21 1 0
MikeAustin71/pathfileopsgo/pathfileops/fileopenenumcode.go:569.10,573.4 1 0
MikeAustin71/pathfileopsgo/pathfileops/fileopenenumcode.go:597.47,603.9 3 1
MikeAustin71/pathfileopsgo/pathfileops/fileopenenumcode.go:607.2,607.12 1 1
MikeAustin71/pathfileopsgo/pathfileops/fileopenenumcode.go:603.9,605.3 1 1
MikeAustin71/pathfileopsgo/pathfileops/fileopenenumcode.go:618.43,620.2 1 1
MikeAustin71/pathfileopsgo/pathfileops/fileopenenumcode.go:643.70,651.44 1 1
MikeAustin71/pathfileopsgo/pathfileops/fileopenenumcode.go:655.2,666.37 8 1
MikeAustin71/pathfileopsgo/pathfileops/fileopenenumcode.go:651.44,653.3 1 1
MikeAustin71/pathfileopsgo/pathfileops/fileopenenumcode.go:666.37,674.31 2 1
MikeAustin71/pathfileopsgo/pathfileops/fileopenenumcode.go:678.3,682.58 5 1
MikeAustin71/pathfileopsgo/pathfileops/fileopenenumcode.go:674.31,675.12 1 1
MikeAustin71/pathfileopsgo/pathfileops/fileopenenumcode.go:730.51,730.78 1 1
MikeAustin71/pathfileopsgo/pathfileops/fileopenenumcode.go:733.53,733.89 1 1
MikeAustin71/pathfileopsgo/pathfileops/fileopenenumcode.go:736.53,736.89 1 1
MikeAustin71/pathfileopsgo/pathfileops/fileopenenumcode.go:739.56,739.90 1 1
MikeAustin71/pathfileopsgo/pathfileops/fileopenenumcode.go:742.51,742.85 1 1
MikeAustin71/pathfileopsgo/pathfileops/fileopenenumcode.go:745.55,745.90 1 1
MikeAustin71/pathfileopsgo/pathfileops/fileopenenumcode.go:754.47,760.9 3 1
MikeAustin71/pathfileopsgo/pathfileops/fileopenenumcode.go:767.2,767.12 1 1
MikeAustin71/pathfileopsgo/pathfileops/fileopenenumcode.go:760.9,765.3 2 0
MikeAustin71/pathfileopsgo/pathfileops/fileopenenumcode.go:820.44,827.26 4 0
MikeAustin71/pathfileopsgo/pathfileops/fileopenenumcode.go:833.2,836.19 3 0
MikeAustin71/pathfileopsgo/pathfileops/fileopenenumcode.go:862.2,862.20 1 0
MikeAustin71/pathfileopsgo/pathfileops/fileopenenumcode.go:827.26,831.3 1 0
MikeAustin71/pathfileopsgo/pathfileops/fileopenenumcode.go:836.19,840.10 2 0
MikeAustin71/pathfileopsgo/pathfileops/fileopenenumcode.go:846.3,846.29 1 0
MikeAustin71/pathfileopsgo/pathfileops/fileopenenumcode.go:840.10,844.4 1 0
MikeAustin71/pathfileopsgo/pathfileops/fileopenenumcode.go:848.8,852.10 2 0
MikeAustin71/pathfileopsgo/pathfileops/fileopenenumcode.go:858.3,859.21 1 0
MikeAustin71/pathfileopsgo/pathfileops/fileopenenumcode.go:852.10,856.4 1 0
MikeAustin71/pathfileopsgo/pathfileops/fileopenenumcode.go:879.47,885.9 3 0
MikeAustin71/pathfileopsgo/pathfileops/fileopenenumcode.go:889.2,889.12 1 0
MikeAustin71/pathfileopsgo/pathfileops/fileopenenumcode.go:885.9,887.3 1 0
MikeAustin71/pathfileopsgo/pathfileops/fileopenenumcode.go:900.43,902.2 1 1
MikeAustin71/pathfileopsgo/pathfileops/fileopenenumcode.go:925.70,933.44 1 1
MikeAustin71/pathfileopsgo/pathfileops/fileopenenumcode.go:937.2,948.37 8 1
MikeAustin71/pathfileopsgo/pathfileops/fileopenenumcode.go:933.44,935.3 1 1
MikeAustin71/pathfileopsgo/pathfileops/fileopenenumcode.go:948.37,956.31 2 1
MikeAustin71/pathfileopsgo/pathfileops/fileopenenumcode.go:960.3,964.58 5 1
MikeAustin71/pathfileopsgo/pathfileops/fileopenenumcode.go:956.31,957.12 1 1
